[0.160s] DEBUG:colcon:Command line arguments: ['/usr/bin/colcon', 'build', '--symlink-install']
[0.160s] DEBUG:colcon:Parsed command line arguments: Namespace(allow_overriding=[], ament_cmake_args=None, base_paths=['.'], build_base='build', catkin_cmake_args=None, catkin_skip_building_tests=False, cmake_args=None, cmake_clean_cache=False, cmake_clean_first=False, cmake_force_configure=False, cmake_target=None, cmake_target_skip_unavailable=False, continue_on_error=False, event_handlers=None, executor='parallel', ignore_user_meta=False, install_base='install', log_base=None, log_level=None, main=<bound method BuildVerb.main of <colcon_core.verb.build.BuildVerb object at 0x7f79ed0b54f0>>, merge_install=False, metas=['./colcon.meta'], packages_above=None, packages_above_and_dependencies=None, packages_above_depth=None, packages_end=None, packages_ignore=None, packages_ignore_regex=None, packages_select=None, packages_select_build_failed=False, packages_select_by_dep=None, packages_select_regex=None, packages_select_test_failures=False, packages_skip=None, packages_skip_build_finished=False, packages_skip_by_dep=None, packages_skip_regex=None, packages_skip_test_passed=False, packages_skip_up_to=None, packages_start=None, packages_up_to=None, packages_up_to_regex=None, parallel_workers=4, paths=None, symlink_install=True, test_result_base=None, verb_extension=<colcon_core.verb.build.BuildVerb object at 0x7f79ed0b54f0>, verb_name='build', verb_parser=<colcon_defaults.argument_parser.defaults.DefaultArgumentsDecorator object at 0x7f79ed0b5a30>)
[0.178s] Level 1:colcon.colcon_core.package_discovery:discover_packages(colcon_meta) check parameters
[0.178s] Level 1:colcon.colcon_core.package_discovery:discover_packages(recursive) check parameters
[0.178s] Level 1:colcon.colcon_core.package_discovery:discover_packages(ignore) check parameters
[0.178s] Level 1:colcon.colcon_core.package_discovery:discover_packages(path) check parameters
[0.178s] Level 1:colcon.colcon_core.package_discovery:discover_packages(colcon_meta) discover
[0.178s] Level 1:colcon.colcon_core.package_discovery:discover_packages(recursive) discover
[0.178s] INFO:colcon.colcon_core.package_discovery:Crawling recursively for packages in '/home/ros_user/ros2_ws'
[0.178s] Level 1:colcon.colcon_core.package_identification:_identify(.) by extensions ['ignore', 'ignore_ament_install']
[0.178s] Level 1:colcon.colcon_core.package_identification:_identify(.) by extension 'ignore'
[0.178s] Level 1:colcon.colcon_core.package_identification:_identify(.) by extension 'ignore_ament_install'
[0.178s] Level 1:colcon.colcon_core.package_identification:_identify(.) by extensions ['colcon_pkg']
[0.178s] Level 1:colcon.colcon_core.package_identification:_identify(.) by extension 'colcon_pkg'
[0.178s] Level 1:colcon.colcon_core.package_identification:_identify(.) by extensions ['colcon_meta']
[0.178s] Level 1:colcon.colcon_core.package_identification:_identify(.) by extension 'colcon_meta'
[0.178s] Level 1:colcon.colcon_core.package_identification:_identify(.) by extensions ['ros']
[0.178s] Level 1:colcon.colcon_core.package_identification:_identify(.) by extension 'ros'
[0.188s] Level 1:colcon.colcon_core.package_identification:_identify(.) by extensions ['cmake', 'python']
[0.188s] Level 1:colcon.colcon_core.package_identification:_identify(.) by extension 'cmake'
[0.188s] Level 1:colcon.colcon_core.package_identification:_identify(.) by extension 'python'
[0.188s] Level 1:colcon.colcon_core.package_identification:_identify(.) by extensions ['python_setup_py']
[0.188s] Level 1:colcon.colcon_core.package_identification:_identify(.) by extension 'python_setup_py'
[0.188s] Level 1:colcon.colcon_core.package_identification:_identify(build) by extensions ['ignore', 'ignore_ament_install']
[0.188s] Level 1:colcon.colcon_core.package_identification:_identify(build) by extension 'ignore'
[0.188s] Level 1:colcon.colcon_core.package_identification:_identify(build) ignored
[0.189s] Level 1:colcon.colcon_core.package_identification:_identify(devel) by extensions ['ignore', 'ignore_ament_install']
[0.189s] Level 1:colcon.colcon_core.package_identification:_identify(devel) by extension 'ignore'
[0.189s] Level 1:colcon.colcon_core.package_identification:_identify(devel) by extension 'ignore_ament_install'
[0.189s] Level 1:colcon.colcon_core.package_identification:_identify(devel) by extensions ['colcon_pkg']
[0.189s] Level 1:colcon.colcon_core.package_identification:_identify(devel) by extension 'colcon_pkg'
[0.189s] Level 1:colcon.colcon_core.package_identification:_identify(devel) by extensions ['colcon_meta']
[0.189s] Level 1:colcon.colcon_core.package_identification:_identify(devel) by extension 'colcon_meta'
[0.189s] Level 1:colcon.colcon_core.package_identification:_identify(devel) by extensions ['ros']
[0.189s] Level 1:colcon.colcon_core.package_identification:_identify(devel) by extension 'ros'
[0.189s] Level 1:colcon.colcon_core.package_identification:_identify(devel) by extensions ['cmake', 'python']
[0.189s] Level 1:colcon.colcon_core.package_identification:_identify(devel) by extension 'cmake'
[0.189s] Level 1:colcon.colcon_core.package_identification:_identify(devel) by extension 'python'
[0.189s] Level 1:colcon.colcon_core.package_identification:_identify(devel) by extensions ['python_setup_py']
[0.189s] Level 1:colcon.colcon_core.package_identification:_identify(devel) by extension 'python_setup_py'
[0.189s] Level 1:colcon.colcon_core.package_identification:_identify(install) by extensions ['ignore', 'ignore_ament_install']
[0.189s] Level 1:colcon.colcon_core.package_identification:_identify(install) by extension 'ignore'
[0.189s] Level 1:colcon.colcon_core.package_identification:_identify(install) ignored
[0.189s] Level 1:colcon.colcon_core.package_identification:_identify(log) by extensions ['ignore', 'ignore_ament_install']
[0.189s] Level 1:colcon.colcon_core.package_identification:_identify(log) by extension 'ignore'
[0.189s] Level 1:colcon.colcon_core.package_identification:_identify(log) ignored
[0.189s] Level 1:colcon.colcon_core.package_identification:_identify(logs) by extensions ['ignore', 'ignore_ament_install']
[0.189s] Level 1:colcon.colcon_core.package_identification:_identify(logs) by extension 'ignore'
[0.189s] Level 1:colcon.colcon_core.package_identification:_identify(logs) by extension 'ignore_ament_install'
[0.189s] Level 1:colcon.colcon_core.package_identification:_identify(logs) by extensions ['colcon_pkg']
[0.189s] Level 1:colcon.colcon_core.package_identification:_identify(logs) by extension 'colcon_pkg'
[0.189s] Level 1:colcon.colcon_core.package_identification:_identify(logs) by extensions ['colcon_meta']
[0.189s] Level 1:colcon.colcon_core.package_identification:_identify(logs) by extension 'colcon_meta'
[0.189s] Level 1:colcon.colcon_core.package_identification:_identify(logs) by extensions ['ros']
[0.189s] Level 1:colcon.colcon_core.package_identification:_identify(logs) by extension 'ros'
[0.190s] Level 1:colcon.colcon_core.package_identification:_identify(logs) by extensions ['cmake', 'python']
[0.190s] Level 1:colcon.colcon_core.package_identification:_identify(logs) by extension 'cmake'
[0.190s] Level 1:colcon.colcon_core.package_identification:_identify(logs) by extension 'python'
[0.190s] Level 1:colcon.colcon_core.package_identification:_identify(logs) by extensions ['python_setup_py']
[0.190s] Level 1:colcon.colcon_core.package_identification:_identify(logs) by extension 'python_setup_py'
[0.190s] Level 1:colcon.colcon_core.package_identification:_identify(src) by extensions ['ignore', 'ignore_ament_install']
[0.190s] Level 1:colcon.colcon_core.package_identification:_identify(src) by extension 'ignore'
[0.190s] Level 1:colcon.colcon_core.package_identification:_identify(src) by extension 'ignore_ament_install'
[0.190s] Level 1:colcon.colcon_core.package_identification:_identify(src) by extensions ['colcon_pkg']
[0.190s] Level 1:colcon.colcon_core.package_identification:_identify(src) by extension 'colcon_pkg'
[0.190s] Level 1:colcon.colcon_core.package_identification:_identify(src) by extensions ['colcon_meta']
[0.190s] Level 1:colcon.colcon_core.package_identification:_identify(src) by extension 'colcon_meta'
[0.190s] Level 1:colcon.colcon_core.package_identification:_identify(src) by extensions ['ros']
[0.190s] Level 1:colcon.colcon_core.package_identification:_identify(src) by extension 'ros'
[0.190s] Level 1:colcon.colcon_core.package_identification:_identify(src) by extensions ['cmake', 'python']
[0.190s] Level 1:colcon.colcon_core.package_identification:_identify(src) by extension 'cmake'
[0.190s] Level 1:colcon.colcon_core.package_identification:_identify(src) by extension 'python'
[0.190s] Level 1:colcon.colcon_core.package_identification:_identify(src) by extensions ['python_setup_py']
[0.190s] Level 1:colcon.colcon_core.package_identification:_identify(src) by extension 'python_setup_py'
[0.190s] Level 1:colcon.colcon_core.package_identification:_identify(src/build) by extensions ['ignore', 'ignore_ament_install']
[0.190s] Level 1:colcon.colcon_core.package_identification:_identify(src/build) by extension 'ignore'
[0.190s] Level 1:colcon.colcon_core.package_identification:_identify(src/build) ignored
[0.190s] Level 1:colcon.colcon_core.package_identification:_identify(src/install) by extensions ['ignore', 'ignore_ament_install']
[0.190s] Level 1:colcon.colcon_core.package_identification:_identify(src/install) by extension 'ignore'
[0.190s] Level 1:colcon.colcon_core.package_identification:_identify(src/install) ignored
[0.191s] Level 1:colcon.colcon_core.package_identification:_identify(src/log) by extensions ['ignore', 'ignore_ament_install']
[0.191s] Level 1:colcon.colcon_core.package_identification:_identify(src/log) by extension 'ignore'
[0.191s] Level 1:colcon.colcon_core.package_identification:_identify(src/log) ignored
[0.191s] Level 1:colcon.colcon_core.package_identification:_identify(src/my_teleop) by extensions ['ignore', 'ignore_ament_install']
[0.191s] Level 1:colcon.colcon_core.package_identification:_identify(src/my_teleop) by extension 'ignore'
[0.191s] Level 1:colcon.colcon_core.package_identification:_identify(src/my_teleop) by extension 'ignore_ament_install'
[0.191s] Level 1:colcon.colcon_core.package_identification:_identify(src/my_teleop) by extensions ['colcon_pkg']
[0.191s] Level 1:colcon.colcon_core.package_identification:_identify(src/my_teleop) by extension 'colcon_pkg'
[0.191s] Level 1:colcon.colcon_core.package_identification:_identify(src/my_teleop) by extensions ['colcon_meta']
[0.191s] Level 1:colcon.colcon_core.package_identification:_identify(src/my_teleop) by extension 'colcon_meta'
[0.191s] Level 1:colcon.colcon_core.package_identification:_identify(src/my_teleop) by extensions ['ros']
[0.191s] Level 1:colcon.colcon_core.package_identification:_identify(src/my_teleop) by extension 'ros'
[0.192s] DEBUG:colcon.colcon_core.package_identification:Package 'src/my_teleop' with type 'ros.ament_python' and name 'my_teleop'
[0.192s] Level 1:colcon.colcon_core.package_identification:_identify(src/mylaunch) by extensions ['ignore', 'ignore_ament_install']
[0.192s] Level 1:colcon.colcon_core.package_identification:_identify(src/mylaunch) by extension 'ignore'
[0.192s] Level 1:colcon.colcon_core.package_identification:_identify(src/mylaunch) by extension 'ignore_ament_install'
[0.192s] Level 1:colcon.colcon_core.package_identification:_identify(src/mylaunch) by extensions ['colcon_pkg']
[0.192s] Level 1:colcon.colcon_core.package_identification:_identify(src/mylaunch) by extension 'colcon_pkg'
[0.192s] Level 1:colcon.colcon_core.package_identification:_identify(src/mylaunch) by extensions ['colcon_meta']
[0.192s] Level 1:colcon.colcon_core.package_identification:_identify(src/mylaunch) by extension 'colcon_meta'
[0.192s] Level 1:colcon.colcon_core.package_identification:_identify(src/mylaunch) by extensions ['ros']
[0.192s] Level 1:colcon.colcon_core.package_identification:_identify(src/mylaunch) by extension 'ros'
[0.193s] DEBUG:colcon.colcon_core.package_identification:Package 'src/mylaunch' with type 'ros.ament_python' and name 'mylaunch'
[0.193s] Level 1:colcon.colcon_core.package_identification:_identify(src/ros2_course) by extensions ['ignore', 'ignore_ament_install']
[0.193s] Level 1:colcon.colcon_core.package_identification:_identify(src/ros2_course) by extension 'ignore'
[0.193s] Level 1:colcon.colcon_core.package_identification:_identify(src/ros2_course) by extension 'ignore_ament_install'
[0.193s] Level 1:colcon.colcon_core.package_identification:_identify(src/ros2_course) by extensions ['colcon_pkg']
[0.193s] Level 1:colcon.colcon_core.package_identification:_identify(src/ros2_course) by extension 'colcon_pkg'
[0.193s] Level 1:colcon.colcon_core.package_identification:_identify(src/ros2_course) by extensions ['colcon_meta']
[0.193s] Level 1:colcon.colcon_core.package_identification:_identify(src/ros2_course) by extension 'colcon_meta'
[0.193s] Level 1:colcon.colcon_core.package_identification:_identify(src/ros2_course) by extensions ['ros']
[0.193s] Level 1:colcon.colcon_core.package_identification:_identify(src/ros2_course) by extension 'ros'
[0.193s] DEBUG:colcon.colcon_core.package_identification:Package 'src/ros2_course' with type 'ros.ament_python' and name 'ros2_course'
[0.193s] Level 1:colcon.colcon_core.package_identification:_identify(src/sensordatareader) by extensions ['ignore', 'ignore_ament_install']
[0.193s] Level 1:colcon.colcon_core.package_identification:_identify(src/sensordatareader) by extension 'ignore'
[0.193s] Level 1:colcon.colcon_core.package_identification:_identify(src/sensordatareader) by extension 'ignore_ament_install'
[0.193s] Level 1:colcon.colcon_core.package_identification:_identify(src/sensordatareader) by extensions ['colcon_pkg']
[0.193s] Level 1:colcon.colcon_core.package_identification:_identify(src/sensordatareader) by extension 'colcon_pkg'
[0.194s] Level 1:colcon.colcon_core.package_identification:_identify(src/sensordatareader) by extensions ['colcon_meta']
[0.194s] Level 1:colcon.colcon_core.package_identification:_identify(src/sensordatareader) by extension 'colcon_meta'
[0.194s] Level 1:colcon.colcon_core.package_identification:_identify(src/sensordatareader) by extensions ['ros']
[0.194s] Level 1:colcon.colcon_core.package_identification:_identify(src/sensordatareader) by extension 'ros'
[0.194s] DEBUG:colcon.colcon_core.package_identification:Package 'src/sensordatareader' with type 'ros.ament_python' and name 'sensordatareader'
[0.194s] Level 1:colcon.colcon_core.package_discovery:discover_packages(recursive) using defaults
[0.194s] Level 1:colcon.colcon_core.package_discovery:discover_packages(ignore) discover
[0.194s] Level 1:colcon.colcon_core.package_discovery:discover_packages(ignore) using defaults
[0.194s] Level 1:colcon.colcon_core.package_discovery:discover_packages(path) discover
[0.194s] Level 1:colcon.colcon_core.package_discovery:discover_packages(path) using defaults
[0.209s] Level 1:colcon.colcon_core.package_discovery:discover_packages(prefix_path) check parameters
[0.209s] Level 1:colcon.colcon_core.package_discovery:discover_packages(prefix_path) discover
[0.216s] DEBUG:colcon.colcon_installed_package_information.package_discovery:Found 5 installed packages in /home/ros_user/ros2_ws/install
[0.217s] DEBUG:colcon.colcon_installed_package_information.package_discovery:Found 26 installed packages in /home/ros_user/doosan2_ws/install
[0.218s] DEBUG:colcon.colcon_installed_package_information.package_discovery:Found 366 installed packages in /opt/ros/foxy
[0.219s] Level 1:colcon.colcon_core.package_discovery:discover_packages(prefix_path) using defaults
[0.254s] Level 5:colcon.colcon_core.verb:set package 'my_teleop' build argument 'cmake_args' from command line to 'None'
[0.254s] Level 5:colcon.colcon_core.verb:set package 'my_teleop' build argument 'cmake_target' from command line to 'None'
[0.254s] Level 5:colcon.colcon_core.verb:set package 'my_teleop' build argument 'cmake_target_skip_unavailable' from command line to 'False'
[0.254s] Level 5:colcon.colcon_core.verb:set package 'my_teleop' build argument 'cmake_clean_cache' from command line to 'False'
[0.254s] Level 5:colcon.colcon_core.verb:set package 'my_teleop' build argument 'cmake_clean_first' from command line to 'False'
[0.254s] Level 5:colcon.colcon_core.verb:set package 'my_teleop' build argument 'cmake_force_configure' from command line to 'False'
[0.254s] Level 5:colcon.colcon_core.verb:set package 'my_teleop' build argument 'ament_cmake_args' from command line to 'None'
[0.254s] Level 5:colcon.colcon_core.verb:set package 'my_teleop' build argument 'catkin_cmake_args' from command line to 'None'
[0.254s] Level 5:colcon.colcon_core.verb:set package 'my_teleop' build argument 'catkin_skip_building_tests' from command line to 'False'
[0.254s] DEBUG:colcon.colcon_core.verb:Building package 'my_teleop' with the following arguments: {'ament_cmake_args': None, 'build_base': '/home/ros_user/ros2_ws/build/my_teleop', 'catkin_cmake_args': None, 'catkin_skip_building_tests': False, 'cmake_args': None, 'cmake_clean_cache': False, 'cmake_clean_first': False, 'cmake_force_configure': False, 'cmake_target': None, 'cmake_target_skip_unavailable': False, 'install_base': '/home/ros_user/ros2_ws/install/my_teleop', 'merge_install': False, 'path': '/home/ros_user/ros2_ws/src/my_teleop', 'symlink_install': True, 'test_result_base': None}
[0.254s] Level 5:colcon.colcon_core.verb:set package 'mylaunch' build argument 'cmake_args' from command line to 'None'
[0.254s] Level 5:colcon.colcon_core.verb:set package 'mylaunch' build argument 'cmake_target' from command line to 'None'
[0.254s] Level 5:colcon.colcon_core.verb:set package 'mylaunch' build argument 'cmake_target_skip_unavailable' from command line to 'False'
[0.254s] Level 5:colcon.colcon_core.verb:set package 'mylaunch' build argument 'cmake_clean_cache' from command line to 'False'
[0.254s] Level 5:colcon.colcon_core.verb:set package 'mylaunch' build argument 'cmake_clean_first' from command line to 'False'
[0.254s] Level 5:colcon.colcon_core.verb:set package 'mylaunch' build argument 'cmake_force_configure' from command line to 'False'
[0.254s] Level 5:colcon.colcon_core.verb:set package 'mylaunch' build argument 'ament_cmake_args' from command line to 'None'
[0.254s] Level 5:colcon.colcon_core.verb:set package 'mylaunch' build argument 'catkin_cmake_args' from command line to 'None'
[0.254s] Level 5:colcon.colcon_core.verb:set package 'mylaunch' build argument 'catkin_skip_building_tests' from command line to 'False'
[0.254s] DEBUG:colcon.colcon_core.verb:Building package 'mylaunch' with the following arguments: {'ament_cmake_args': None, 'build_base': '/home/ros_user/ros2_ws/build/mylaunch', 'catkin_cmake_args': None, 'catkin_skip_building_tests': False, 'cmake_args': None, 'cmake_clean_cache': False, 'cmake_clean_first': False, 'cmake_force_configure': False, 'cmake_target': None, 'cmake_target_skip_unavailable': False, 'install_base': '/home/ros_user/ros2_ws/install/mylaunch', 'merge_install': False, 'path': '/home/ros_user/ros2_ws/src/mylaunch', 'symlink_install': True, 'test_result_base': None}
[0.255s] Level 5:colcon.colcon_core.verb:set package 'ros2_course' build argument 'cmake_args' from command line to 'None'
[0.255s] Level 5:colcon.colcon_core.verb:set package 'ros2_course' build argument 'cmake_target' from command line to 'None'
[0.255s] Level 5:colcon.colcon_core.verb:set package 'ros2_course' build argument 'cmake_target_skip_unavailable' from command line to 'False'
[0.255s] Level 5:colcon.colcon_core.verb:set package 'ros2_course' build argument 'cmake_clean_cache' from command line to 'False'
[0.255s] Level 5:colcon.colcon_core.verb:set package 'ros2_course' build argument 'cmake_clean_first' from command line to 'False'
[0.255s] Level 5:colcon.colcon_core.verb:set package 'ros2_course' build argument 'cmake_force_configure' from command line to 'False'
[0.255s] Level 5:colcon.colcon_core.verb:set package 'ros2_course' build argument 'ament_cmake_args' from command line to 'None'
[0.255s] Level 5:colcon.colcon_core.verb:set package 'ros2_course' build argument 'catkin_cmake_args' from command line to 'None'
[0.255s] Level 5:colcon.colcon_core.verb:set package 'ros2_course' build argument 'catkin_skip_building_tests' from command line to 'False'
[0.255s] DEBUG:colcon.colcon_core.verb:Building package 'ros2_course' with the following arguments: {'ament_cmake_args': None, 'build_base': '/home/ros_user/ros2_ws/build/ros2_course', 'catkin_cmake_args': None, 'catkin_skip_building_tests': False, 'cmake_args': None, 'cmake_clean_cache': False, 'cmake_clean_first': False, 'cmake_force_configure': False, 'cmake_target': None, 'cmake_target_skip_unavailable': False, 'install_base': '/home/ros_user/ros2_ws/install/ros2_course', 'merge_install': False, 'path': '/home/ros_user/ros2_ws/src/ros2_course', 'symlink_install': True, 'test_result_base': None}
[0.255s] Level 5:colcon.colcon_core.verb:set package 'sensordatareader' build argument 'cmake_args' from command line to 'None'
[0.255s] Level 5:colcon.colcon_core.verb:set package 'sensordatareader' build argument 'cmake_target' from command line to 'None'
[0.255s] Level 5:colcon.colcon_core.verb:set package 'sensordatareader' build argument 'cmake_target_skip_unavailable' from command line to 'False'
[0.255s] Level 5:colcon.colcon_core.verb:set package 'sensordatareader' build argument 'cmake_clean_cache' from command line to 'False'
[0.255s] Level 5:colcon.colcon_core.verb:set package 'sensordatareader' build argument 'cmake_clean_first' from command line to 'False'
[0.255s] Level 5:colcon.colcon_core.verb:set package 'sensordatareader' build argument 'cmake_force_configure' from command line to 'False'
[0.255s] Level 5:colcon.colcon_core.verb:set package 'sensordatareader' build argument 'ament_cmake_args' from command line to 'None'
[0.255s] Level 5:colcon.colcon_core.verb:set package 'sensordatareader' build argument 'catkin_cmake_args' from command line to 'None'
[0.255s] Level 5:colcon.colcon_core.verb:set package 'sensordatareader' build argument 'catkin_skip_building_tests' from command line to 'False'
[0.255s] DEBUG:colcon.colcon_core.verb:Building package 'sensordatareader' with the following arguments: {'ament_cmake_args': None, 'build_base': '/home/ros_user/ros2_ws/build/sensordatareader', 'catkin_cmake_args': None, 'catkin_skip_building_tests': False, 'cmake_args': None, 'cmake_clean_cache': False, 'cmake_clean_first': False, 'cmake_force_configure': False, 'cmake_target': None, 'cmake_target_skip_unavailable': False, 'install_base': '/home/ros_user/ros2_ws/install/sensordatareader', 'merge_install': False, 'path': '/home/ros_user/ros2_ws/src/sensordatareader', 'symlink_install': True, 'test_result_base': None}
[0.255s] INFO:colcon.colcon_core.executor:Executing jobs using 'parallel' executor
[0.257s] DEBUG:colcon.colcon_parallel_executor.executor.parallel:run_until_complete
[0.257s] INFO:colcon.colcon_ros.task.ament_python.build:Building ROS package in '/home/ros_user/ros2_ws/src/my_teleop' with build type 'ament_python'
[0.257s] Level 1:colcon.colcon_core.shell:create_environment_hook('my_teleop', 'ament_prefix_path')
[0.259s] INFO:colcon.colcon_core.plugin_system:Skipping extension 'colcon_core.shell.bat': Not used on non-Windows systems
[0.260s] INFO:colcon.colcon_core.shell:Creating environment hook '/home/ros_user/ros2_ws/install/my_teleop/share/my_teleop/hook/ament_prefix_path.ps1'
[0.260s] INFO:colcon.colcon_core.shell:Creating environment descriptor '/home/ros_user/ros2_ws/install/my_teleop/share/my_teleop/hook/ament_prefix_path.dsv'
[0.260s] INFO:colcon.colcon_core.shell:Creating environment hook '/home/ros_user/ros2_ws/install/my_teleop/share/my_teleop/hook/ament_prefix_path.sh'
[0.261s] INFO:colcon.colcon_core.shell:Skip shell extension 'powershell' for command environment: Not usable outside of PowerShell
[0.261s] DEBUG:colcon.colcon_core.shell:Skip shell extension 'dsv' for command environment
[0.264s] INFO:colcon.colcon_ros.task.ament_python.build:Building ROS package in '/home/ros_user/ros2_ws/src/mylaunch' with build type 'ament_python'
[0.265s] Level 1:colcon.colcon_core.shell:create_environment_hook('mylaunch', 'ament_prefix_path')
[0.265s] INFO:colcon.colcon_core.shell:Creating environment hook '/home/ros_user/ros2_ws/install/mylaunch/share/mylaunch/hook/ament_prefix_path.ps1'
[0.266s] INFO:colcon.colcon_core.shell:Creating environment descriptor '/home/ros_user/ros2_ws/install/mylaunch/share/mylaunch/hook/ament_prefix_path.dsv'
[0.266s] INFO:colcon.colcon_core.shell:Creating environment hook '/home/ros_user/ros2_ws/install/mylaunch/share/mylaunch/hook/ament_prefix_path.sh'
[0.267s] INFO:colcon.colcon_core.shell:Skip shell extension 'powershell' for command environment: Not usable outside of PowerShell
[0.267s] DEBUG:colcon.colcon_core.shell:Skip shell extension 'dsv' for command environment
[0.270s] INFO:colcon.colcon_ros.task.ament_python.build:Building ROS package in '/home/ros_user/ros2_ws/src/ros2_course' with build type 'ament_python'
[0.270s] Level 1:colcon.colcon_core.shell:create_environment_hook('ros2_course', 'ament_prefix_path')
[0.271s] INFO:colcon.colcon_core.shell:Creating environment hook '/home/ros_user/ros2_ws/install/ros2_course/share/ros2_course/hook/ament_prefix_path.ps1'
[0.273s] INFO:colcon.colcon_core.shell:Creating environment descriptor '/home/ros_user/ros2_ws/install/ros2_course/share/ros2_course/hook/ament_prefix_path.dsv'
[0.273s] INFO:colcon.colcon_core.shell:Creating environment hook '/home/ros_user/ros2_ws/install/ros2_course/share/ros2_course/hook/ament_prefix_path.sh'
[0.274s] INFO:colcon.colcon_core.shell:Skip shell extension 'powershell' for command environment: Not usable outside of PowerShell
[0.274s] DEBUG:colcon.colcon_core.shell:Skip shell extension 'dsv' for command environment
[0.277s] INFO:colcon.colcon_ros.task.ament_python.build:Building ROS package in '/home/ros_user/ros2_ws/src/sensordatareader' with build type 'ament_python'
[0.277s] Level 1:colcon.colcon_core.shell:create_environment_hook('sensordatareader', 'ament_prefix_path')
[0.278s] INFO:colcon.colcon_core.shell:Creating environment hook '/home/ros_user/ros2_ws/install/sensordatareader/share/sensordatareader/hook/ament_prefix_path.ps1'
[0.279s] INFO:colcon.colcon_core.shell:Creating environment descriptor '/home/ros_user/ros2_ws/install/sensordatareader/share/sensordatareader/hook/ament_prefix_path.dsv'
[0.280s] INFO:colcon.colcon_core.shell:Creating environment hook '/home/ros_user/ros2_ws/install/sensordatareader/share/sensordatareader/hook/ament_prefix_path.sh'
[0.280s] INFO:colcon.colcon_core.shell:Skip shell extension 'powershell' for command environment: Not usable outside of PowerShell
[0.280s] DEBUG:colcon.colcon_core.shell:Skip shell extension 'dsv' for command environment
[0.375s] INFO:colcon.colcon_core.task.python.build:Building Python package in '/home/ros_user/ros2_ws/src/my_teleop'
[0.376s] INFO:colcon.colcon_core.shell:Skip shell extension 'powershell' for command environment: Not usable outside of PowerShell
[0.376s] DEBUG:colcon.colcon_core.shell:Skip shell extension 'dsv' for command environment
[0.476s] INFO:colcon.colcon_core.task.python.build:Building Python package in '/home/ros_user/ros2_ws/src/mylaunch'
[0.477s] INFO:colcon.colcon_core.shell:Skip shell extension 'powershell' for command environment: Not usable outside of PowerShell
[0.477s] DEBUG:colcon.colcon_core.shell:Skip shell extension 'dsv' for command environment
[0.572s] INFO:colcon.colcon_core.task.python.build:Building Python package in '/home/ros_user/ros2_ws/src/ros2_course'
[0.573s] INFO:colcon.colcon_core.shell:Skip shell extension 'powershell' for command environment: Not usable outside of PowerShell
[0.573s] DEBUG:colcon.colcon_core.shell:Skip shell extension 'dsv' for command environment
[0.674s] INFO:colcon.colcon_core.task.python.build:Building Python package in '/home/ros_user/ros2_ws/src/sensordatareader'
[0.675s] INFO:colcon.colcon_core.shell:Skip shell extension 'powershell' for command environment: Not usable outside of PowerShell
[0.675s] DEBUG:colcon.colcon_core.shell:Skip shell extension 'dsv' for command environment
[0.914s] DEBUG:colcon.colcon_core.event_handler.log_command:Invoking command in '/home/ros_user/ros2_ws/build/mylaunch': PYTHONPATH=/home/ros_user/ros2_ws/build/mylaunch/prefix_override:/home/ros_user/ros2_ws/install/mylaunch/lib/python3.8/site-packages:${PYTHONPATH} /usr/bin/python3 setup.py develop --editable --build-directory /home/ros_user/ros2_ws/build/mylaunch/build --no-deps install_data
[0.931s] DEBUG:colcon.colcon_core.event_handler.log_command:Invoking command in '/home/ros_user/ros2_ws/build/ros2_course': PYTHONPATH=/home/ros_user/ros2_ws/build/ros2_course/prefix_override:/home/ros_user/ros2_ws/install/ros2_course/lib/python3.8/site-packages:${PYTHONPATH} /usr/bin/python3 setup.py develop --editable --build-directory /home/ros_user/ros2_ws/build/ros2_course/build --no-deps install_data
[0.940s] DEBUG:colcon.colcon_core.event_handler.log_command:Invoking command in '/home/ros_user/ros2_ws/build/my_teleop': PYTHONPATH=/home/ros_user/ros2_ws/build/my_teleop/prefix_override:/home/ros_user/ros2_ws/install/my_teleop/lib/python3.8/site-packages:${PYTHONPATH} /usr/bin/python3 setup.py develop --editable --build-directory /home/ros_user/ros2_ws/build/my_teleop/build --no-deps install_data
[0.985s] DEBUG:colcon.colcon_core.event_handler.log_command:Invoking command in '/home/ros_user/ros2_ws/build/sensordatareader': PYTHONPATH=/home/ros_user/ros2_ws/build/sensordatareader/prefix_override:/home/ros_user/ros2_ws/install/sensordatareader/lib/python3.8/site-packages:${PYTHONPATH} /usr/bin/python3 setup.py develop --editable --build-directory /home/ros_user/ros2_ws/build/sensordatareader/build --no-deps install_data
[1.116s] Level 1:colcon.colcon_core.shell:create_environment_hook('mylaunch', 'pythonpath_develop')
[1.117s] INFO:colcon.colcon_core.shell:Creating environment hook '/home/ros_user/ros2_ws/build/mylaunch/share/mylaunch/hook/pythonpath_develop.ps1'
[1.117s] DEBUG:colcon.colcon_core.event_handler.log_command:Invoked command in '/home/ros_user/ros2_ws/build/mylaunch' returned '0': PYTHONPATH=/home/ros_user/ros2_ws/build/mylaunch/prefix_override:/home/ros_user/ros2_ws/install/mylaunch/lib/python3.8/site-packages:${PYTHONPATH} /usr/bin/python3 setup.py develop --editable --build-directory /home/ros_user/ros2_ws/build/mylaunch/build --no-deps install_data
[1.118s] INFO:colcon.colcon_core.shell:Creating environment descriptor '/home/ros_user/ros2_ws/build/mylaunch/share/mylaunch/hook/pythonpath_develop.dsv'
[1.118s] INFO:colcon.colcon_core.shell:Creating environment hook '/home/ros_user/ros2_ws/build/mylaunch/share/mylaunch/hook/pythonpath_develop.sh'
[1.127s] Level 1:colcon.colcon_core.environment:checking '/home/ros_user/ros2_ws/install/mylaunch' for CMake module files
[1.129s] Level 1:colcon.colcon_core.environment:checking '/home/ros_user/ros2_ws/install/mylaunch' for CMake config files
[1.131s] Level 1:colcon.colcon_core.environment:checking '/home/ros_user/ros2_ws/install/mylaunch/lib'
[1.131s] Level 1:colcon.colcon_core.environment:checking '/home/ros_user/ros2_ws/install/mylaunch/bin'
[1.131s] Level 1:colcon.colcon_core.environment:checking '/home/ros_user/ros2_ws/install/mylaunch/lib/pkgconfig/mylaunch.pc'
[1.132s] Level 1:colcon.colcon_core.environment:checking '/home/ros_user/ros2_ws/install/mylaunch/lib/python3.8/site-packages'
[1.132s] Level 1:colcon.colcon_core.shell:create_environment_hook('mylaunch', 'pythonpath')
[1.133s] INFO:colcon.colcon_core.shell:Creating environment hook '/home/ros_user/ros2_ws/install/mylaunch/share/mylaunch/hook/pythonpath.ps1'
[1.133s] INFO:colcon.colcon_core.shell:Creating environment descriptor '/home/ros_user/ros2_ws/install/mylaunch/share/mylaunch/hook/pythonpath.dsv'
[1.133s] INFO:colcon.colcon_core.shell:Creating environment hook '/home/ros_user/ros2_ws/install/mylaunch/share/mylaunch/hook/pythonpath.sh'
[1.134s] Level 1:colcon.colcon_core.environment:checking '/home/ros_user/ros2_ws/install/mylaunch/bin'
[1.134s] Level 1:colcon.colcon_core.environment:create_environment_scripts_only(mylaunch)
[1.134s] INFO:colcon.colcon_core.shell:Creating package script '/home/ros_user/ros2_ws/install/mylaunch/share/mylaunch/package.ps1'
[1.135s] INFO:colcon.colcon_core.shell:Creating package descriptor '/home/ros_user/ros2_ws/install/mylaunch/share/mylaunch/package.dsv'
[1.135s] INFO:colcon.colcon_core.shell:Creating package script '/home/ros_user/ros2_ws/install/mylaunch/share/mylaunch/package.sh'
[1.135s] INFO:colcon.colcon_core.shell:Creating package script '/home/ros_user/ros2_ws/install/mylaunch/share/mylaunch/package.bash'
[1.135s] INFO:colcon.colcon_core.shell:Creating package script '/home/ros_user/ros2_ws/install/mylaunch/share/mylaunch/package.zsh'
[1.136s] Level 1:colcon.colcon_core.environment:create_file_with_runtime_dependencies(/home/ros_user/ros2_ws/install/mylaunch/share/colcon-core/packages/mylaunch)
[1.136s] Level 1:colcon.colcon_core.shell:create_environment_hook('my_teleop', 'pythonpath_develop')
[1.137s] INFO:colcon.colcon_core.shell:Creating environment hook '/home/ros_user/ros2_ws/build/my_teleop/share/my_teleop/hook/pythonpath_develop.ps1'
[1.137s] DEBUG:colcon.colcon_core.event_handler.log_command:Invoked command in '/home/ros_user/ros2_ws/build/my_teleop' returned '0': PYTHONPATH=/home/ros_user/ros2_ws/build/my_teleop/prefix_override:/home/ros_user/ros2_ws/install/my_teleop/lib/python3.8/site-packages:${PYTHONPATH} /usr/bin/python3 setup.py develop --editable --build-directory /home/ros_user/ros2_ws/build/my_teleop/build --no-deps install_data
[1.138s] INFO:colcon.colcon_core.shell:Creating environment descriptor '/home/ros_user/ros2_ws/build/my_teleop/share/my_teleop/hook/pythonpath_develop.dsv'
[1.138s] INFO:colcon.colcon_core.shell:Creating environment hook '/home/ros_user/ros2_ws/build/my_teleop/share/my_teleop/hook/pythonpath_develop.sh'
[1.139s] Level 1:colcon.colcon_core.environment:checking '/home/ros_user/ros2_ws/install/my_teleop' for CMake module files
[1.139s] Level 1:colcon.colcon_core.environment:checking '/home/ros_user/ros2_ws/install/my_teleop' for CMake config files
[1.140s] Level 1:colcon.colcon_core.environment:checking '/home/ros_user/ros2_ws/install/my_teleop/lib'
[1.140s] Level 1:colcon.colcon_core.environment:checking '/home/ros_user/ros2_ws/install/my_teleop/bin'
[1.140s] Level 1:colcon.colcon_core.environment:checking '/home/ros_user/ros2_ws/install/my_teleop/lib/pkgconfig/my_teleop.pc'
[1.141s] Level 1:colcon.colcon_core.environment:checking '/home/ros_user/ros2_ws/install/my_teleop/lib/python3.8/site-packages'
[1.141s] Level 1:colcon.colcon_core.shell:create_environment_hook('my_teleop', 'pythonpath')
[1.141s] INFO:colcon.colcon_core.shell:Creating environment hook '/home/ros_user/ros2_ws/install/my_teleop/share/my_teleop/hook/pythonpath.ps1'
[1.141s] INFO:colcon.colcon_core.shell:Creating environment descriptor '/home/ros_user/ros2_ws/install/my_teleop/share/my_teleop/hook/pythonpath.dsv'
[1.141s] INFO:colcon.colcon_core.shell:Creating environment hook '/home/ros_user/ros2_ws/install/my_teleop/share/my_teleop/hook/pythonpath.sh'
[1.142s] Level 1:colcon.colcon_core.environment:checking '/home/ros_user/ros2_ws/install/my_teleop/bin'
[1.142s] Level 1:colcon.colcon_core.environment:create_environment_scripts_only(my_teleop)
[1.142s] INFO:colcon.colcon_core.shell:Creating package script '/home/ros_user/ros2_ws/install/my_teleop/share/my_teleop/package.ps1'
[1.142s] INFO:colcon.colcon_core.shell:Creating package descriptor '/home/ros_user/ros2_ws/install/my_teleop/share/my_teleop/package.dsv'
[1.143s] INFO:colcon.colcon_core.shell:Creating package script '/home/ros_user/ros2_ws/install/my_teleop/share/my_teleop/package.sh'
[1.143s] INFO:colcon.colcon_core.shell:Creating package script '/home/ros_user/ros2_ws/install/my_teleop/share/my_teleop/package.bash'
[1.143s] INFO:colcon.colcon_core.shell:Creating package script '/home/ros_user/ros2_ws/install/my_teleop/share/my_teleop/package.zsh'
[1.143s] Level 1:colcon.colcon_core.environment:create_file_with_runtime_dependencies(/home/ros_user/ros2_ws/install/my_teleop/share/colcon-core/packages/my_teleop)
[1.177s] Level 1:colcon.colcon_core.shell:create_environment_hook('ros2_course', 'pythonpath_develop')
[1.177s] DEBUG:colcon.colcon_core.event_handler.log_command:Invoked command in '/home/ros_user/ros2_ws/build/ros2_course' returned '0': PYTHONPATH=/home/ros_user/ros2_ws/build/ros2_course/prefix_override:/home/ros_user/ros2_ws/install/ros2_course/lib/python3.8/site-packages:${PYTHONPATH} /usr/bin/python3 setup.py develop --editable --build-directory /home/ros_user/ros2_ws/build/ros2_course/build --no-deps install_data
[1.178s] INFO:colcon.colcon_core.shell:Creating environment hook '/home/ros_user/ros2_ws/build/ros2_course/share/ros2_course/hook/pythonpath_develop.ps1'
[1.178s] INFO:colcon.colcon_core.shell:Creating environment descriptor '/home/ros_user/ros2_ws/build/ros2_course/share/ros2_course/hook/pythonpath_develop.dsv'
[1.179s] INFO:colcon.colcon_core.shell:Creating environment hook '/home/ros_user/ros2_ws/build/ros2_course/share/ros2_course/hook/pythonpath_develop.sh'
[1.179s] Level 1:colcon.colcon_core.environment:checking '/home/ros_user/ros2_ws/install/ros2_course' for CMake module files
[1.180s] Level 1:colcon.colcon_core.environment:checking '/home/ros_user/ros2_ws/install/ros2_course' for CMake config files
[1.187s] Level 1:colcon.colcon_core.environment:checking '/home/ros_user/ros2_ws/install/ros2_course/lib'
[1.187s] Level 1:colcon.colcon_core.environment:checking '/home/ros_user/ros2_ws/install/ros2_course/bin'
[1.187s] Level 1:colcon.colcon_core.environment:checking '/home/ros_user/ros2_ws/install/ros2_course/lib/pkgconfig/ros2_course.pc'
[1.187s] Level 1:colcon.colcon_core.environment:checking '/home/ros_user/ros2_ws/install/ros2_course/lib/python3.8/site-packages'
[1.187s] Level 1:colcon.colcon_core.shell:create_environment_hook('ros2_course', 'pythonpath')
[1.188s] INFO:colcon.colcon_core.shell:Creating environment hook '/home/ros_user/ros2_ws/install/ros2_course/share/ros2_course/hook/pythonpath.ps1'
[1.188s] INFO:colcon.colcon_core.shell:Creating environment descriptor '/home/ros_user/ros2_ws/install/ros2_course/share/ros2_course/hook/pythonpath.dsv'
[1.188s] INFO:colcon.colcon_core.shell:Creating environment hook '/home/ros_user/ros2_ws/install/ros2_course/share/ros2_course/hook/pythonpath.sh'
[1.188s] Level 1:colcon.colcon_core.environment:checking '/home/ros_user/ros2_ws/install/ros2_course/bin'
[1.188s] Level 1:colcon.colcon_core.environment:create_environment_scripts_only(ros2_course)
[1.189s] INFO:colcon.colcon_core.shell:Creating package script '/home/ros_user/ros2_ws/install/ros2_course/share/ros2_course/package.ps1'
[1.189s] INFO:colcon.colcon_core.shell:Creating package descriptor '/home/ros_user/ros2_ws/install/ros2_course/share/ros2_course/package.dsv'
[1.189s] INFO:colcon.colcon_core.shell:Creating package script '/home/ros_user/ros2_ws/install/ros2_course/share/ros2_course/package.sh'
[1.190s] INFO:colcon.colcon_core.shell:Creating package script '/home/ros_user/ros2_ws/install/ros2_course/share/ros2_course/package.bash'
[1.190s] INFO:colcon.colcon_core.shell:Creating package script '/home/ros_user/ros2_ws/install/ros2_course/share/ros2_course/package.zsh'
[1.190s] Level 1:colcon.colcon_core.environment:create_file_with_runtime_dependencies(/home/ros_user/ros2_ws/install/ros2_course/share/colcon-core/packages/ros2_course)
[1.246s] Level 1:colcon.colcon_core.shell:create_environment_hook('sensordatareader', 'pythonpath_develop')
[1.247s] INFO:colcon.colcon_core.shell:Creating environment hook '/home/ros_user/ros2_ws/build/sensordatareader/share/sensordatareader/hook/pythonpath_develop.ps1'
[1.247s] DEBUG:colcon.colcon_core.event_handler.log_command:Invoked command in '/home/ros_user/ros2_ws/build/sensordatareader' returned '0': PYTHONPATH=/home/ros_user/ros2_ws/build/sensordatareader/prefix_override:/home/ros_user/ros2_ws/install/sensordatareader/lib/python3.8/site-packages:${PYTHONPATH} /usr/bin/python3 setup.py develop --editable --build-directory /home/ros_user/ros2_ws/build/sensordatareader/build --no-deps install_data
[1.247s] INFO:colcon.colcon_core.shell:Creating environment descriptor '/home/ros_user/ros2_ws/build/sensordatareader/share/sensordatareader/hook/pythonpath_develop.dsv'
[1.248s] INFO:colcon.colcon_core.shell:Creating environment hook '/home/ros_user/ros2_ws/build/sensordatareader/share/sensordatareader/hook/pythonpath_develop.sh'
[1.249s] Level 1:colcon.colcon_core.environment:checking '/home/ros_user/ros2_ws/install/sensordatareader' for CMake module files
[1.249s] Level 1:colcon.colcon_core.environment:checking '/home/ros_user/ros2_ws/install/sensordatareader' for CMake config files
[1.250s] Level 1:colcon.colcon_core.environment:checking '/home/ros_user/ros2_ws/install/sensordatareader/lib'
[1.250s] Level 1:colcon.colcon_core.environment:checking '/home/ros_user/ros2_ws/install/sensordatareader/bin'
[1.250s] Level 1:colcon.colcon_core.environment:checking '/home/ros_user/ros2_ws/install/sensordatareader/lib/pkgconfig/sensordatareader.pc'
[1.250s] Level 1:colcon.colcon_core.environment:checking '/home/ros_user/ros2_ws/install/sensordatareader/lib/python3.8/site-packages'
[1.250s] Level 1:colcon.colcon_core.shell:create_environment_hook('sensordatareader', 'pythonpath')
[1.251s] INFO:colcon.colcon_core.shell:Creating environment hook '/home/ros_user/ros2_ws/install/sensordatareader/share/sensordatareader/hook/pythonpath.ps1'
[1.251s] INFO:colcon.colcon_core.shell:Creating environment descriptor '/home/ros_user/ros2_ws/install/sensordatareader/share/sensordatareader/hook/pythonpath.dsv'
[1.251s] INFO:colcon.colcon_core.shell:Creating environment hook '/home/ros_user/ros2_ws/install/sensordatareader/share/sensordatareader/hook/pythonpath.sh'
[1.251s] Level 1:colcon.colcon_core.environment:checking '/home/ros_user/ros2_ws/install/sensordatareader/bin'
[1.251s] Level 1:colcon.colcon_core.environment:create_environment_scripts_only(sensordatareader)
[1.252s] INFO:colcon.colcon_core.shell:Creating package script '/home/ros_user/ros2_ws/install/sensordatareader/share/sensordatareader/package.ps1'
[1.252s] INFO:colcon.colcon_core.shell:Creating package descriptor '/home/ros_user/ros2_ws/install/sensordatareader/share/sensordatareader/package.dsv'
[1.252s] INFO:colcon.colcon_core.shell:Creating package script '/home/ros_user/ros2_ws/install/sensordatareader/share/sensordatareader/package.sh'
[1.253s] INFO:colcon.colcon_core.shell:Creating package script '/home/ros_user/ros2_ws/install/sensordatareader/share/sensordatareader/package.bash'
[1.253s] INFO:colcon.colcon_core.shell:Creating package script '/home/ros_user/ros2_ws/install/sensordatareader/share/sensordatareader/package.zsh'
[1.253s] Level 1:colcon.colcon_core.environment:create_file_with_runtime_dependencies(/home/ros_user/ros2_ws/install/sensordatareader/share/colcon-core/packages/sensordatareader)
[1.253s] DEBUG:colcon.colcon_parallel_executor.executor.parallel:closing loop
[1.253s] DEBUG:colcon.colcon_parallel_executor.executor.parallel:loop closed
[1.253s] DEBUG:colcon.colcon_parallel_executor.executor.parallel:run_until_complete finished with '0'
[1.253s] DEBUG:colcon.colcon_core.event_reactor:joining thread
[1.256s] INFO:colcon.colcon_core.plugin_system:Skipping extension 'colcon_notification.desktop_notification.terminal_notifier': Not used on non-Darwin systems
[1.256s] INFO:colcon.colcon_core.plugin_system:Skipping extension 'colcon_notification.desktop_notification.win32': Not used on non-Windows systems
[1.256s] INFO:colcon.colcon_notification.desktop_notification:Sending desktop notification using 'notify2'
[1.263s] DEBUG:colcon.colcon_core.event_reactor:joined thread
[1.263s] INFO:colcon.colcon_core.shell:Creating prefix script '/home/ros_user/ros2_ws/install/local_setup.ps1'
[1.264s] INFO:colcon.colcon_core.shell:Creating prefix util module '/home/ros_user/ros2_ws/install/_local_setup_util_ps1.py'
[1.264s] INFO:colcon.colcon_core.shell:Creating prefix chain script '/home/ros_user/ros2_ws/install/setup.ps1'
[1.265s] INFO:colcon.colcon_core.shell:Creating prefix script '/home/ros_user/ros2_ws/install/local_setup.sh'
[1.265s] INFO:colcon.colcon_core.shell:Creating prefix util module '/home/ros_user/ros2_ws/install/_local_setup_util_sh.py'
[1.266s] INFO:colcon.colcon_core.shell:Creating prefix chain script '/home/ros_user/ros2_ws/install/setup.sh'
[1.266s] INFO:colcon.colcon_core.shell:Creating prefix script '/home/ros_user/ros2_ws/install/local_setup.bash'
[1.267s] INFO:colcon.colcon_core.shell:Creating prefix chain script '/home/ros_user/ros2_ws/install/setup.bash'
[1.268s] INFO:colcon.colcon_core.shell:Creating prefix script '/home/ros_user/ros2_ws/install/local_setup.zsh'
[1.268s] INFO:colcon.colcon_core.shell:Creating prefix chain script '/home/ros_user/ros2_ws/install/setup.zsh'
