[0.034s] Invoking command in '/home/ros_user/ros2_ws/build/ros2_controllers': AMENT_PREFIX_PATH=/home/ros_user/ros2_ws/install/joint_trajectory_controller:/home/ros_user/ros2_ws/install/joint_state_controller:/home/ros_user/ros2_ws/install/diff_drive_controller:/home/ros_user/ros2_ws/install/controller_interface:/home/ros_user/ros2_ws/install/hardware_interface:${AMENT_PREFIX_PATH} CMAKE_PREFIX_PATH=/home/ros_user/ros2_ws/install/joint_trajectory_controller:/home/ros_user/ros2_ws/install/joint_state_controller:/home/ros_user/ros2_ws/install/diff_drive_controller:/home/ros_user/ros2_ws/install/controller_interface:/home/ros_user/ros2_ws/install/hardware_interface:/home/ros_user/ros2_ws/install/ros2_course:/opt/ros/foxy LD_LIBRARY_PATH=/home/ros_user/ros2_ws/install/joint_trajectory_controller/lib:/home/ros_user/ros2_ws/install/joint_state_controller/lib:/home/ros_user/ros2_ws/install/diff_drive_controller/lib:/home/ros_user/ros2_ws/install/controller_interface/lib:/home/ros_user/ros2_ws/install/hardware_interface/lib:${LD_LIBRARY_PATH} /usr/bin/cmake /home/ros_user/ros2_ws/src/ros2_controllers/ros2_controllers -DCMAKE_EXPORT_COMPILE_COMMANDS=ON -DAMENT_CMAKE_SYMLINK_INSTALL=1 -DCMAKE_INSTALL_PREFIX=/home/ros_user/ros2_ws/install/ros2_controllers
[0.070s] -- The C compiler identification is GNU 9.4.0
[0.105s] -- The CXX compiler identification is GNU 9.4.0
[0.108s] -- Check for working C compiler: /usr/bin/cc
[0.153s] -- Check for working C compiler: /usr/bin/cc -- works
[0.153s] -- Detecting C compiler ABI info
[0.216s] -- Detecting C compiler ABI info - done
[0.233s] -- Detecting C compile features
[0.234s] -- Detecting C compile features - done
[0.237s] -- Check for working CXX compiler: /usr/bin/c++
[0.311s] -- Check for working CXX compiler: /usr/bin/c++ -- works
[0.314s] -- Detecting CXX compiler ABI info
[0.376s] -- Detecting CXX compiler ABI info - done
[0.384s] -- Detecting CXX compile features
[0.385s] -- Detecting CXX compile features - done
[0.386s] -- Found ament_cmake: 0.9.11 (/opt/ros/foxy/share/ament_cmake/cmake)
[0.407s] -- Found PythonInterp: /usr/bin/python3 (found suitable version "3.8.10", minimum required is "3") 
[0.407s] -- Using PYTHON_EXECUTABLE: /usr/bin/python3
[0.537s] -- Override CMake install command with custom implementation using symlinks instead of copying resources
[0.591s] -- Configuring done
[0.592s] -- Generating done
[0.593s] -- Build files have been written to: /home/ros_user/ros2_ws/build/ros2_controllers
[0.595s] Invoked command in '/home/ros_user/ros2_ws/build/ros2_controllers' returned '0': AMENT_PREFIX_PATH=/home/ros_user/ros2_ws/install/joint_trajectory_controller:/home/ros_user/ros2_ws/install/joint_state_controller:/home/ros_user/ros2_ws/install/diff_drive_controller:/home/ros_user/ros2_ws/install/controller_interface:/home/ros_user/ros2_ws/install/hardware_interface:${AMENT_PREFIX_PATH} CMAKE_PREFIX_PATH=/home/ros_user/ros2_ws/install/joint_trajectory_controller:/home/ros_user/ros2_ws/install/joint_state_controller:/home/ros_user/ros2_ws/install/diff_drive_controller:/home/ros_user/ros2_ws/install/controller_interface:/home/ros_user/ros2_ws/install/hardware_interface:/home/ros_user/ros2_ws/install/ros2_course:/opt/ros/foxy LD_LIBRARY_PATH=/home/ros_user/ros2_ws/install/joint_trajectory_controller/lib:/home/ros_user/ros2_ws/install/joint_state_controller/lib:/home/ros_user/ros2_ws/install/diff_drive_controller/lib:/home/ros_user/ros2_ws/install/controller_interface/lib:/home/ros_user/ros2_ws/install/hardware_interface/lib:${LD_LIBRARY_PATH} /usr/bin/cmake /home/ros_user/ros2_ws/src/ros2_controllers/ros2_controllers -DCMAKE_EXPORT_COMPILE_COMMANDS=ON -DAMENT_CMAKE_SYMLINK_INSTALL=1 -DCMAKE_INSTALL_PREFIX=/home/ros_user/ros2_ws/install/ros2_controllers
[0.597s] Invoking command in '/home/ros_user/ros2_ws/build/ros2_controllers': AMENT_PREFIX_PATH=/home/ros_user/ros2_ws/install/joint_trajectory_controller:/home/ros_user/ros2_ws/install/joint_state_controller:/home/ros_user/ros2_ws/install/diff_drive_controller:/home/ros_user/ros2_ws/install/controller_interface:/home/ros_user/ros2_ws/install/hardware_interface:${AMENT_PREFIX_PATH} CMAKE_PREFIX_PATH=/home/ros_user/ros2_ws/install/joint_trajectory_controller:/home/ros_user/ros2_ws/install/joint_state_controller:/home/ros_user/ros2_ws/install/diff_drive_controller:/home/ros_user/ros2_ws/install/controller_interface:/home/ros_user/ros2_ws/install/hardware_interface:/home/ros_user/ros2_ws/install/ros2_course:/opt/ros/foxy LD_LIBRARY_PATH=/home/ros_user/ros2_ws/install/joint_trajectory_controller/lib:/home/ros_user/ros2_ws/install/joint_state_controller/lib:/home/ros_user/ros2_ws/install/diff_drive_controller/lib:/home/ros_user/ros2_ws/install/controller_interface/lib:/home/ros_user/ros2_ws/install/hardware_interface/lib:${LD_LIBRARY_PATH} /usr/bin/cmake --build /home/ros_user/ros2_ws/build/ros2_controllers -- -j4 -l4
[0.629s] Invoked command in '/home/ros_user/ros2_ws/build/ros2_controllers' returned '0': AMENT_PREFIX_PATH=/home/ros_user/ros2_ws/install/joint_trajectory_controller:/home/ros_user/ros2_ws/install/joint_state_controller:/home/ros_user/ros2_ws/install/diff_drive_controller:/home/ros_user/ros2_ws/install/controller_interface:/home/ros_user/ros2_ws/install/hardware_interface:${AMENT_PREFIX_PATH} CMAKE_PREFIX_PATH=/home/ros_user/ros2_ws/install/joint_trajectory_controller:/home/ros_user/ros2_ws/install/joint_state_controller:/home/ros_user/ros2_ws/install/diff_drive_controller:/home/ros_user/ros2_ws/install/controller_interface:/home/ros_user/ros2_ws/install/hardware_interface:/home/ros_user/ros2_ws/install/ros2_course:/opt/ros/foxy LD_LIBRARY_PATH=/home/ros_user/ros2_ws/install/joint_trajectory_controller/lib:/home/ros_user/ros2_ws/install/joint_state_controller/lib:/home/ros_user/ros2_ws/install/diff_drive_controller/lib:/home/ros_user/ros2_ws/install/controller_interface/lib:/home/ros_user/ros2_ws/install/hardware_interface/lib:${LD_LIBRARY_PATH} /usr/bin/cmake --build /home/ros_user/ros2_ws/build/ros2_controllers -- -j4 -l4
[0.648s] Invoking command in '/home/ros_user/ros2_ws/build/ros2_controllers': AMENT_PREFIX_PATH=/home/ros_user/ros2_ws/install/joint_trajectory_controller:/home/ros_user/ros2_ws/install/joint_state_controller:/home/ros_user/ros2_ws/install/diff_drive_controller:/home/ros_user/ros2_ws/install/controller_interface:/home/ros_user/ros2_ws/install/hardware_interface:${AMENT_PREFIX_PATH} CMAKE_PREFIX_PATH=/home/ros_user/ros2_ws/install/joint_trajectory_controller:/home/ros_user/ros2_ws/install/joint_state_controller:/home/ros_user/ros2_ws/install/diff_drive_controller:/home/ros_user/ros2_ws/install/controller_interface:/home/ros_user/ros2_ws/install/hardware_interface:/home/ros_user/ros2_ws/install/ros2_course:/opt/ros/foxy LD_LIBRARY_PATH=/home/ros_user/ros2_ws/install/joint_trajectory_controller/lib:/home/ros_user/ros2_ws/install/joint_state_controller/lib:/home/ros_user/ros2_ws/install/diff_drive_controller/lib:/home/ros_user/ros2_ws/install/controller_interface/lib:/home/ros_user/ros2_ws/install/hardware_interface/lib:${LD_LIBRARY_PATH} /usr/bin/cmake --install /home/ros_user/ros2_ws/build/ros2_controllers
[0.654s] -- Install configuration: ""
[0.654s] -- Execute custom install script
[0.654s] -- Symlinking: /home/ros_user/ros2_ws/install/ros2_controllers/share/ament_index/resource_index/package_run_dependencies/ros2_controllers
[0.659s] -- Symlinking: /home/ros_user/ros2_ws/install/ros2_controllers/share/ament_index/resource_index/parent_prefix_path/ros2_controllers
[0.664s] -- Symlinking: /home/ros_user/ros2_ws/install/ros2_controllers/share/ros2_controllers/environment/ament_prefix_path.sh
[0.669s] -- Symlinking: /home/ros_user/ros2_ws/install/ros2_controllers/share/ros2_controllers/environment/ament_prefix_path.dsv
[0.674s] -- Symlinking: /home/ros_user/ros2_ws/install/ros2_controllers/share/ros2_controllers/environment/path.sh
[0.679s] -- Symlinking: /home/ros_user/ros2_ws/install/ros2_controllers/share/ros2_controllers/environment/path.dsv
[0.685s] -- Symlinking: /home/ros_user/ros2_ws/install/ros2_controllers/share/ros2_controllers/local_setup.bash
[0.690s] -- Symlinking: /home/ros_user/ros2_ws/install/ros2_controllers/share/ros2_controllers/local_setup.sh
[0.695s] -- Symlinking: /home/ros_user/ros2_ws/install/ros2_controllers/share/ros2_controllers/local_setup.zsh
[0.700s] -- Symlinking: /home/ros_user/ros2_ws/install/ros2_controllers/share/ros2_controllers/local_setup.dsv
[0.706s] -- Symlinking: /home/ros_user/ros2_ws/install/ros2_controllers/share/ros2_controllers/package.dsv
[0.711s] -- Symlinking: /home/ros_user/ros2_ws/install/ros2_controllers/share/ament_index/resource_index/packages/ros2_controllers
[0.716s] -- Symlinking: /home/ros_user/ros2_ws/install/ros2_controllers/share/ros2_controllers/cmake/ros2_controllersConfig.cmake
[0.722s] -- Symlinking: /home/ros_user/ros2_ws/install/ros2_controllers/share/ros2_controllers/cmake/ros2_controllersConfig-version.cmake
[0.728s] -- Symlinking: /home/ros_user/ros2_ws/install/ros2_controllers/share/ros2_controllers/package.xml
[0.738s] Invoked command in '/home/ros_user/ros2_ws/build/ros2_controllers' returned '0': AMENT_PREFIX_PATH=/home/ros_user/ros2_ws/install/joint_trajectory_controller:/home/ros_user/ros2_ws/install/joint_state_controller:/home/ros_user/ros2_ws/install/diff_drive_controller:/home/ros_user/ros2_ws/install/controller_interface:/home/ros_user/ros2_ws/install/hardware_interface:${AMENT_PREFIX_PATH} CMAKE_PREFIX_PATH=/home/ros_user/ros2_ws/install/joint_trajectory_controller:/home/ros_user/ros2_ws/install/joint_state_controller:/home/ros_user/ros2_ws/install/diff_drive_controller:/home/ros_user/ros2_ws/install/controller_interface:/home/ros_user/ros2_ws/install/hardware_interface:/home/ros_user/ros2_ws/install/ros2_course:/opt/ros/foxy LD_LIBRARY_PATH=/home/ros_user/ros2_ws/install/joint_trajectory_controller/lib:/home/ros_user/ros2_ws/install/joint_state_controller/lib:/home/ros_user/ros2_ws/install/diff_drive_controller/lib:/home/ros_user/ros2_ws/install/controller_interface/lib:/home/ros_user/ros2_ws/install/hardware_interface/lib:${LD_LIBRARY_PATH} /usr/bin/cmake --install /home/ros_user/ros2_ws/build/ros2_controllers
