[0.034s] Invoking command in '/home/ros_user/ros2_ws/build/effort_controllers': AMENT_PREFIX_PATH=/home/ros_user/ros2_ws/install/forward_command_controller:/home/ros_user/ros2_ws/install/controller_manager:/home/ros_user/ros2_ws/install/test_robot_hardware:/home/ros_user/ros2_ws/install/controller_interface:/home/ros_user/ros2_ws/install/hardware_interface:/home/ros_user/ros2_ws/install/controller_manager_msgs:${AMENT_PREFIX_PATH} CMAKE_PREFIX_PATH=/home/ros_user/ros2_ws/install/forward_command_controller:/home/ros_user/ros2_ws/install/controller_manager:/home/ros_user/ros2_ws/install/test_robot_hardware:/home/ros_user/ros2_ws/install/controller_interface:/home/ros_user/ros2_ws/install/hardware_interface:/home/ros_user/ros2_ws/install/controller_manager_msgs:/home/ros_user/ros2_ws/install/ros2_course:/opt/ros/foxy LD_LIBRARY_PATH=/home/ros_user/ros2_ws/install/forward_command_controller/lib:/home/ros_user/ros2_ws/install/controller_manager/lib:/home/ros_user/ros2_ws/install/test_robot_hardware/lib:/home/ros_user/ros2_ws/install/controller_interface/lib:/home/ros_user/ros2_ws/install/hardware_interface/lib:/home/ros_user/ros2_ws/install/controller_manager_msgs/lib:${LD_LIBRARY_PATH} PYTHONPATH=/home/ros_user/ros2_ws/install/controller_manager_msgs/lib/python3.8/site-packages:${PYTHONPATH} /usr/bin/cmake /home/ros_user/ros2_ws/src/ros2_controllers/effort_controllers -DCMAKE_EXPORT_COMPILE_COMMANDS=ON -DAMENT_CMAKE_SYMLINK_INSTALL=1 -DCMAKE_INSTALL_PREFIX=/home/ros_user/ros2_ws/install/effort_controllers
[0.072s] -- The C compiler identification is GNU 9.4.0
[0.110s] -- The CXX compiler identification is GNU 9.4.0
[0.114s] -- Check for working C compiler: /usr/bin/cc
[0.156s] -- Check for working C compiler: /usr/bin/cc -- works
[0.157s] -- Detecting C compiler ABI info
[0.205s] -- Detecting C compiler ABI info - done
[0.213s] -- Detecting C compile features
[0.213s] -- Detecting C compile features - done
[0.215s] -- Check for working CXX compiler: /usr/bin/c++
[0.276s] -- Check for working CXX compiler: /usr/bin/c++ -- works
[0.277s] -- Detecting CXX compiler ABI info
[0.329s] -- Detecting CXX compiler ABI info - done
[0.338s] -- Detecting CXX compile features
[0.338s] -- Detecting CXX compile features - done
[0.340s] -- Found ament_cmake: 0.9.11 (/opt/ros/foxy/share/ament_cmake/cmake)
[0.361s] -- Found PythonInterp: /usr/bin/python3 (found suitable version "3.8.10", minimum required is "3") 
[0.362s] -- Using PYTHON_EXECUTABLE: /usr/bin/python3
[0.494s] -- Override CMake install command with custom implementation using symlinks instead of copying resources
[0.512s] -- Found forward_command_controller: 0.0.0 (/home/ros_user/ros2_ws/install/forward_command_controller/share/forward_command_controller/cmake)
[0.540s] -- Using all available rosidl_typesupport_c: rosidl_typesupport_fastrtps_c;rosidl_typesupport_introspection_c
[0.545s] -- Found rosidl_adapter: 1.3.0 (/opt/ros/foxy/share/rosidl_adapter/cmake)
[0.618s] -- Found OpenSSL: /usr/lib/x86_64-linux-gnu/libcrypto.so (found version "1.1.1f")  
[0.640s] -- Found FastRTPS: /opt/ros/foxy/include  
[0.703s] -- Using all available rosidl_typesupport_cpp: rosidl_typesupport_fastrtps_cpp;rosidl_typesupport_introspection_cpp
[1.169s] -- Found rmw_implementation_cmake: 1.0.3 (/opt/ros/foxy/share/rmw_implementation_cmake/cmake)
[1.170s] -- Using RMW implementation 'rmw_fastrtps_cpp' as default
[1.170s] -- Looking for pthread.h
[1.225s] -- Looking for pthread.h - found
[1.226s] -- Performing Test CMAKE_HAVE_LIBC_PTHREAD
[1.275s] -- Performing Test CMAKE_HAVE_LIBC_PTHREAD - Failed
[1.275s] -- Looking for pthread_create in pthreads
[1.315s] -- Looking for pthread_create in pthreads - not found
[1.315s] -- Looking for pthread_create in pthread
[1.367s] -- Looking for pthread_create in pthread - found
[1.368s] -- Found Threads: TRUE  
[1.616s] -- Found pluginlib: 2.5.4 (/opt/ros/foxy/share/pluginlib/cmake)
[1.717s] -- Found ament_cmake_gtest: 0.9.11 (/opt/ros/foxy/share/ament_cmake_gtest/cmake)
[1.719s] -- Found ament_lint_auto: 0.9.7 (/opt/ros/foxy/share/ament_lint_auto/cmake)
[1.719s] -- Found controller_manager: 0.0.0 (/home/ros_user/ros2_ws/install/controller_manager/share/controller_manager/cmake)
[1.745s] -- Found test_robot_hardware: 0.0.0 (/home/ros_user/ros2_ws/install/test_robot_hardware/share/test_robot_hardware/cmake)
[1.841s] -- Found gtest sources under '/opt/ros/foxy/src/gtest_vendor': C++ tests using 'Google Test' will be built
[1.843s] -- Check if compiler accepts -pthread
[1.899s] -- Check if compiler accepts -pthread - yes
[1.959s] -- Added test 'copyright' to check source files copyright and LICENSE
[1.960s] -- Added test 'cppcheck' to perform static code analysis on C / C++ code
[1.961s] -- Configured cppcheck include dirs: /home/ros_user/ros2_ws/src/ros2_controllers/effort_controllers/include
[1.961s] -- Configured cppcheck exclude dirs and/or files: 
[1.962s] -- Added test 'cpplint' to check C / C++ code against the Google style
[1.962s] -- Configured cpplint exclude dirs and/or files: 
[1.963s] -- Added test 'lint_cmake' to check CMake code style
[1.964s] -- Added test 'uncrustify' to check C / C++ code style
[1.964s] -- Configured uncrustify additional arguments: 
[1.964s] -- Added test 'xmllint' to check XML markup files
[1.969s] -- Configuring done
[2.013s] -- Generating done
[2.014s] -- Build files have been written to: /home/ros_user/ros2_ws/build/effort_controllers
[2.024s] Invoked command in '/home/ros_user/ros2_ws/build/effort_controllers' returned '0': AMENT_PREFIX_PATH=/home/ros_user/ros2_ws/install/forward_command_controller:/home/ros_user/ros2_ws/install/controller_manager:/home/ros_user/ros2_ws/install/test_robot_hardware:/home/ros_user/ros2_ws/install/controller_interface:/home/ros_user/ros2_ws/install/hardware_interface:/home/ros_user/ros2_ws/install/controller_manager_msgs:${AMENT_PREFIX_PATH} CMAKE_PREFIX_PATH=/home/ros_user/ros2_ws/install/forward_command_controller:/home/ros_user/ros2_ws/install/controller_manager:/home/ros_user/ros2_ws/install/test_robot_hardware:/home/ros_user/ros2_ws/install/controller_interface:/home/ros_user/ros2_ws/install/hardware_interface:/home/ros_user/ros2_ws/install/controller_manager_msgs:/home/ros_user/ros2_ws/install/ros2_course:/opt/ros/foxy LD_LIBRARY_PATH=/home/ros_user/ros2_ws/install/forward_command_controller/lib:/home/ros_user/ros2_ws/install/controller_manager/lib:/home/ros_user/ros2_ws/install/test_robot_hardware/lib:/home/ros_user/ros2_ws/install/controller_interface/lib:/home/ros_user/ros2_ws/install/hardware_interface/lib:/home/ros_user/ros2_ws/install/controller_manager_msgs/lib:${LD_LIBRARY_PATH} PYTHONPATH=/home/ros_user/ros2_ws/install/controller_manager_msgs/lib/python3.8/site-packages:${PYTHONPATH} /usr/bin/cmake /home/ros_user/ros2_ws/src/ros2_controllers/effort_controllers -DCMAKE_EXPORT_COMPILE_COMMANDS=ON -DAMENT_CMAKE_SYMLINK_INSTALL=1 -DCMAKE_INSTALL_PREFIX=/home/ros_user/ros2_ws/install/effort_controllers
[2.025s] Invoking command in '/home/ros_user/ros2_ws/build/effort_controllers': AMENT_PREFIX_PATH=/home/ros_user/ros2_ws/install/forward_command_controller:/home/ros_user/ros2_ws/install/controller_manager:/home/ros_user/ros2_ws/install/test_robot_hardware:/home/ros_user/ros2_ws/install/controller_interface:/home/ros_user/ros2_ws/install/hardware_interface:/home/ros_user/ros2_ws/install/controller_manager_msgs:${AMENT_PREFIX_PATH} CMAKE_PREFIX_PATH=/home/ros_user/ros2_ws/install/forward_command_controller:/home/ros_user/ros2_ws/install/controller_manager:/home/ros_user/ros2_ws/install/test_robot_hardware:/home/ros_user/ros2_ws/install/controller_interface:/home/ros_user/ros2_ws/install/hardware_interface:/home/ros_user/ros2_ws/install/controller_manager_msgs:/home/ros_user/ros2_ws/install/ros2_course:/opt/ros/foxy LD_LIBRARY_PATH=/home/ros_user/ros2_ws/install/forward_command_controller/lib:/home/ros_user/ros2_ws/install/controller_manager/lib:/home/ros_user/ros2_ws/install/test_robot_hardware/lib:/home/ros_user/ros2_ws/install/controller_interface/lib:/home/ros_user/ros2_ws/install/hardware_interface/lib:/home/ros_user/ros2_ws/install/controller_manager_msgs/lib:${LD_LIBRARY_PATH} PYTHONPATH=/home/ros_user/ros2_ws/install/controller_manager_msgs/lib/python3.8/site-packages:${PYTHONPATH} /usr/bin/cmake --build /home/ros_user/ros2_ws/build/effort_controllers -- -j4 -l4
[2.053s] [35m[1mScanning dependencies of target gtest[0m
[2.063s] [ 10%] [32mBuilding CXX object gtest/CMakeFiles/gtest.dir/src/gtest-all.cc.o[0m
[4.459s] [ 20%] [32m[1mLinking CXX static library libgtest.a[0m
[4.492s] [ 20%] Built target gtest
[4.499s] [35m[1mScanning dependencies of target effort_controllers[0m
[4.530s] [ 30%] [32mBuilding CXX object CMakeFiles/effort_controllers.dir/src/joint_group_effort_controller.cpp.o[0m
[5.959s] [ 40%] [32m[1mLinking CXX shared library libeffort_controllers.so[0m
[6.086s] [ 40%] Built target effort_controllers
[6.095s] [35m[1mScanning dependencies of target gtest_main[0m
[6.107s] [ 50%] [32mBuilding CXX object gtest/CMakeFiles/gtest_main.dir/src/gtest_main.cc.o[0m
[6.614s] [ 60%] [32m[1mLinking CXX static library libgtest_main.a[0m
[6.632s] [ 60%] Built target gtest_main
[6.637s] [35m[1mScanning dependencies of target test_load_joint_group_effort_controller[0m
[6.671s] [ 70%] [32mBuilding CXX object CMakeFiles/test_load_joint_group_effort_controller.dir/test/test_load_joint_group_effort_controller.cpp.o[0m
[8.978s] [ 80%] [32m[1mLinking CXX executable test_load_joint_group_effort_controller[0m
[9.179s] [ 80%] Built target test_load_joint_group_effort_controller
[9.186s] [35m[1mScanning dependencies of target test_joint_group_effort_controller[0m
[9.216s] [ 90%] [32mBuilding CXX object CMakeFiles/test_joint_group_effort_controller.dir/test/test_joint_group_effort_controller.cpp.o[0m
[11.194s] [100%] [32m[1mLinking CXX executable test_joint_group_effort_controller[0m
[11.374s] [100%] Built target test_joint_group_effort_controller
[11.381s] Invoked command in '/home/ros_user/ros2_ws/build/effort_controllers' returned '0': AMENT_PREFIX_PATH=/home/ros_user/ros2_ws/install/forward_command_controller:/home/ros_user/ros2_ws/install/controller_manager:/home/ros_user/ros2_ws/install/test_robot_hardware:/home/ros_user/ros2_ws/install/controller_interface:/home/ros_user/ros2_ws/install/hardware_interface:/home/ros_user/ros2_ws/install/controller_manager_msgs:${AMENT_PREFIX_PATH} CMAKE_PREFIX_PATH=/home/ros_user/ros2_ws/install/forward_command_controller:/home/ros_user/ros2_ws/install/controller_manager:/home/ros_user/ros2_ws/install/test_robot_hardware:/home/ros_user/ros2_ws/install/controller_interface:/home/ros_user/ros2_ws/install/hardware_interface:/home/ros_user/ros2_ws/install/controller_manager_msgs:/home/ros_user/ros2_ws/install/ros2_course:/opt/ros/foxy LD_LIBRARY_PATH=/home/ros_user/ros2_ws/install/forward_command_controller/lib:/home/ros_user/ros2_ws/install/controller_manager/lib:/home/ros_user/ros2_ws/install/test_robot_hardware/lib:/home/ros_user/ros2_ws/install/controller_interface/lib:/home/ros_user/ros2_ws/install/hardware_interface/lib:/home/ros_user/ros2_ws/install/controller_manager_msgs/lib:${LD_LIBRARY_PATH} PYTHONPATH=/home/ros_user/ros2_ws/install/controller_manager_msgs/lib/python3.8/site-packages:${PYTHONPATH} /usr/bin/cmake --build /home/ros_user/ros2_ws/build/effort_controllers -- -j4 -l4
[11.399s] Invoking command in '/home/ros_user/ros2_ws/build/effort_controllers': AMENT_PREFIX_PATH=/home/ros_user/ros2_ws/install/forward_command_controller:/home/ros_user/ros2_ws/install/controller_manager:/home/ros_user/ros2_ws/install/test_robot_hardware:/home/ros_user/ros2_ws/install/controller_interface:/home/ros_user/ros2_ws/install/hardware_interface:/home/ros_user/ros2_ws/install/controller_manager_msgs:${AMENT_PREFIX_PATH} CMAKE_PREFIX_PATH=/home/ros_user/ros2_ws/install/forward_command_controller:/home/ros_user/ros2_ws/install/controller_manager:/home/ros_user/ros2_ws/install/test_robot_hardware:/home/ros_user/ros2_ws/install/controller_interface:/home/ros_user/ros2_ws/install/hardware_interface:/home/ros_user/ros2_ws/install/controller_manager_msgs:/home/ros_user/ros2_ws/install/ros2_course:/opt/ros/foxy LD_LIBRARY_PATH=/home/ros_user/ros2_ws/install/forward_command_controller/lib:/home/ros_user/ros2_ws/install/controller_manager/lib:/home/ros_user/ros2_ws/install/test_robot_hardware/lib:/home/ros_user/ros2_ws/install/controller_interface/lib:/home/ros_user/ros2_ws/install/hardware_interface/lib:/home/ros_user/ros2_ws/install/controller_manager_msgs/lib:${LD_LIBRARY_PATH} PYTHONPATH=/home/ros_user/ros2_ws/install/controller_manager_msgs/lib/python3.8/site-packages:${PYTHONPATH} /usr/bin/cmake --install /home/ros_user/ros2_ws/build/effort_controllers
[11.404s] -- Install configuration: ""
[11.404s] -- Execute custom install script
[11.405s] -- Symlinking: /home/ros_user/ros2_ws/install/effort_controllers/share/effort_controllers//effort_controllers_plugins.xml
[11.411s] -- Symlinking: /home/ros_user/ros2_ws/install/effort_controllers/include/effort_controllers/joint_group_effort_controller.hpp
[11.417s] -- Symlinking: /home/ros_user/ros2_ws/install/effort_controllers/include/effort_controllers/visibility_control.h
[11.422s] -- Symlinking: /home/ros_user/ros2_ws/install/effort_controllers/lib/libeffort_controllers.so
[11.428s] -- Symlinking: /home/ros_user/ros2_ws/install/effort_controllers/share/effort_controllers/environment/library_path.sh
[11.433s] -- Symlinking: /home/ros_user/ros2_ws/install/effort_controllers/share/effort_controllers/environment/library_path.dsv
[11.438s] -- Symlinking: /home/ros_user/ros2_ws/install/effort_controllers/share/ament_index/resource_index/package_run_dependencies/effort_controllers
[11.443s] -- Symlinking: /home/ros_user/ros2_ws/install/effort_controllers/share/ament_index/resource_index/parent_prefix_path/effort_controllers
[11.448s] -- Symlinking: /home/ros_user/ros2_ws/install/effort_controllers/share/effort_controllers/environment/ament_prefix_path.sh
[11.453s] -- Symlinking: /home/ros_user/ros2_ws/install/effort_controllers/share/effort_controllers/environment/ament_prefix_path.dsv
[11.458s] -- Symlinking: /home/ros_user/ros2_ws/install/effort_controllers/share/effort_controllers/environment/path.sh
[11.463s] -- Symlinking: /home/ros_user/ros2_ws/install/effort_controllers/share/effort_controllers/environment/path.dsv
[11.468s] -- Symlinking: /home/ros_user/ros2_ws/install/effort_controllers/share/effort_controllers/local_setup.bash
[11.473s] -- Symlinking: /home/ros_user/ros2_ws/install/effort_controllers/share/effort_controllers/local_setup.sh
[11.479s] -- Symlinking: /home/ros_user/ros2_ws/install/effort_controllers/share/effort_controllers/local_setup.zsh
[11.484s] -- Symlinking: /home/ros_user/ros2_ws/install/effort_controllers/share/effort_controllers/local_setup.dsv
[11.489s] -- Symlinking: /home/ros_user/ros2_ws/install/effort_controllers/share/effort_controllers/package.dsv
[11.494s] -- Symlinking: /home/ros_user/ros2_ws/install/effort_controllers/share/ament_index/resource_index/packages/effort_controllers
[11.499s] -- Symlinking: /home/ros_user/ros2_ws/install/effort_controllers/share/ament_index/resource_index/controller_interface__pluginlib__plugin/effort_controllers
[11.504s] -- Symlinking: /home/ros_user/ros2_ws/install/effort_controllers/share/effort_controllers/cmake/ament_cmake_export_dependencies-extras.cmake
[11.509s] -- Symlinking: /home/ros_user/ros2_ws/install/effort_controllers/share/effort_controllers/cmake/ament_cmake_export_include_directories-extras.cmake
[11.515s] -- Symlinking: /home/ros_user/ros2_ws/install/effort_controllers/share/effort_controllers/cmake/ament_cmake_export_libraries-extras.cmake
[11.520s] -- Symlinking: /home/ros_user/ros2_ws/install/effort_controllers/share/effort_controllers/cmake/effort_controllersConfig.cmake
[11.525s] -- Symlinking: /home/ros_user/ros2_ws/install/effort_controllers/share/effort_controllers/cmake/effort_controllersConfig-version.cmake
[11.533s] -- Symlinking: /home/ros_user/ros2_ws/install/effort_controllers/share/effort_controllers/package.xml
[11.537s] Invoked command in '/home/ros_user/ros2_ws/build/effort_controllers' returned '-2': AMENT_PREFIX_PATH=/home/ros_user/ros2_ws/install/forward_command_controller:/home/ros_user/ros2_ws/install/controller_manager:/home/ros_user/ros2_ws/install/test_robot_hardware:/home/ros_user/ros2_ws/install/controller_interface:/home/ros_user/ros2_ws/install/hardware_interface:/home/ros_user/ros2_ws/install/controller_manager_msgs:${AMENT_PREFIX_PATH} CMAKE_PREFIX_PATH=/home/ros_user/ros2_ws/install/forward_command_controller:/home/ros_user/ros2_ws/install/controller_manager:/home/ros_user/ros2_ws/install/test_robot_hardware:/home/ros_user/ros2_ws/install/controller_interface:/home/ros_user/ros2_ws/install/hardware_interface:/home/ros_user/ros2_ws/install/controller_manager_msgs:/home/ros_user/ros2_ws/install/ros2_course:/opt/ros/foxy LD_LIBRARY_PATH=/home/ros_user/ros2_ws/install/forward_command_controller/lib:/home/ros_user/ros2_ws/install/controller_manager/lib:/home/ros_user/ros2_ws/install/test_robot_hardware/lib:/home/ros_user/ros2_ws/install/controller_interface/lib:/home/ros_user/ros2_ws/install/hardware_interface/lib:/home/ros_user/ros2_ws/install/controller_manager_msgs/lib:${LD_LIBRARY_PATH} PYTHONPATH=/home/ros_user/ros2_ws/install/controller_manager_msgs/lib/python3.8/site-packages:${PYTHONPATH} /usr/bin/cmake --install /home/ros_user/ros2_ws/build/effort_controllers
