-- The C compiler identification is GNU 9.4.0
-- The CXX compiler identification is GNU 9.4.0
-- Check for working C compiler: /usr/bin/cc
-- Check for working C compiler: /usr/bin/cc -- works
-- Detecting C compiler ABI info
-- Detecting C compiler ABI info - done
-- Detecting C compile features
-- Detecting C compile features - done
-- Check for working CXX compiler: /usr/bin/c++
-- Check for working CXX compiler: /usr/bin/c++ -- works
-- Detecting CXX compiler ABI info
-- Detecting CXX compiler ABI info - done
-- Detecting CXX compile features
-- Detecting CXX compile features - done
-- Found ament_cmake: 0.9.11 (/opt/ros/foxy/share/ament_cmake/cmake)
-- Found PythonInterp: /usr/bin/python3 (found suitable version "3.8.10", minimum required is "3") 
-- Using PYTHON_EXECUTABLE: /usr/bin/python3
-- Override CMake install command with custom implementation using symlinks instead of copying resources
-- Found controller_interface: 0.0.0 (/home/ros_user/ros2_ws/install/controller_interface/share/controller_interface/cmake)
-- Using all available rosidl_typesupport_c: rosidl_typesupport_fastrtps_c;rosidl_typesupport_introspection_c
-- Found rosidl_adapter: 1.3.0 (/opt/ros/foxy/share/rosidl_adapter/cmake)
-- Found OpenSSL: /usr/lib/x86_64-linux-gnu/libcrypto.so (found version "1.1.1f")  
-- Found FastRTPS: /opt/ros/foxy/include  
-- Using all available rosidl_typesupport_cpp: rosidl_typesupport_fastrtps_cpp;rosidl_typesupport_introspection_cpp
-- Found rmw_implementation_cmake: 1.0.3 (/opt/ros/foxy/share/rmw_implementation_cmake/cmake)
-- Using RMW implementation 'rmw_fastrtps_cpp' as default
-- Looking for pthread.h
-- Looking for pthread.h - found
-- Performing Test CMAKE_HAVE_LIBC_PTHREAD
-- Performing Test CMAKE_HAVE_LIBC_PTHREAD - Failed
-- Looking for pthread_create in pthreads
-- Looking for pthread_create in pthreads - not found
-- Looking for pthread_create in pthread
-- Looking for pthread_create in pthread - found
-- Found Threads: TRUE  
-- Found pluginlib: 2.5.4 (/opt/ros/foxy/share/pluginlib/cmake)
-- Found realtime_tools: 2.2.0 (/opt/ros/foxy/share/realtime_tools/cmake)
-- Found ament_cmake_gtest: 0.9.11 (/opt/ros/foxy/share/ament_cmake_gtest/cmake)
-- Found ament_lint_auto: 0.9.7 (/opt/ros/foxy/share/ament_lint_auto/cmake)
-- Found controller_manager: 0.0.0 (/home/ros_user/ros2_ws/install/controller_manager/share/controller_manager/cmake)
-- Found test_robot_hardware: 0.0.0 (/home/ros_user/ros2_ws/install/test_robot_hardware/share/test_robot_hardware/cmake)
-- Found gtest sources under '/opt/ros/foxy/src/gtest_vendor': C++ tests using 'Google Test' will be built
-- Check if compiler accepts -pthread
-- Check if compiler accepts -pthread - yes
-- Added test 'copyright' to check source files copyright and LICENSE
-- Added test 'cppcheck' to perform static code analysis on C / C++ code
-- Configured cppcheck include dirs: /home/ros_user/ros2_ws/src/ros2_controllers/forward_command_controller/include
-- Configured cppcheck exclude dirs and/or files: 
-- Added test 'cpplint' to check C / C++ code against the Google style
-- Configured cpplint exclude dirs and/or files: 
-- Added test 'lint_cmake' to check CMake code style
-- Added test 'uncrustify' to check C / C++ code style
-- Configured uncrustify additional arguments: 
-- Added test 'xmllint' to check XML markup files
-- Configuring done
-- Generating done
-- Build files have been written to: /home/ros_user/ros2_ws/build/forward_command_controller
[35m[1mScanning dependencies of target gtest[0m
[ 10%] [32mBuilding CXX object gtest/CMakeFiles/gtest.dir/src/gtest-all.cc.o[0m
[ 20%] [32m[1mLinking CXX static library libgtest.a[0m
[ 20%] Built target gtest
[35m[1mScanning dependencies of target forward_command_controller[0m
[ 30%] [32mBuilding CXX object CMakeFiles/forward_command_controller.dir/src/forward_command_controller.cpp.o[0m
[ 40%] [32m[1mLinking CXX shared library libforward_command_controller.so[0m
[ 40%] Built target forward_command_controller
[35m[1mScanning dependencies of target gtest_main[0m
[ 50%] [32mBuilding CXX object gtest/CMakeFiles/gtest_main.dir/src/gtest_main.cc.o[0m
[ 60%] [32m[1mLinking CXX static library libgtest_main.a[0m
[ 60%] Built target gtest_main
[35m[1mScanning dependencies of target test_load_forward_command_controller[0m
[ 70%] [32mBuilding CXX object CMakeFiles/test_load_forward_command_controller.dir/test/test_load_forward_command_controller.cpp.o[0m
[ 80%] [32m[1mLinking CXX executable test_load_forward_command_controller[0m
[ 80%] Built target test_load_forward_command_controller
[35m[1mScanning dependencies of target test_forward_command_controller[0m
[ 90%] [32mBuilding CXX object CMakeFiles/test_forward_command_controller.dir/test/test_forward_command_controller.cpp.o[0m
[100%] [32m[1mLinking CXX executable test_forward_command_controller[0m
[100%] Built target test_forward_command_controller
-- Install configuration: ""
-- Execute custom install script
-- Symlinking: /home/ros_user/ros2_ws/install/forward_command_controller/share/forward_command_controller//forward_command_plugin.xml
-- Symlinking: /home/ros_user/ros2_ws/install/forward_command_controller/include/forward_command_controller/forward_command_controller.hpp
-- Symlinking: /home/ros_user/ros2_ws/install/forward_command_controller/include/forward_command_controller/visibility_control.h
-- Symlinking: /home/ros_user/ros2_ws/install/forward_command_controller/lib/libforward_command_controller.so
-- Symlinking: /home/ros_user/ros2_ws/install/forward_command_controller/share/forward_command_controller/environment/library_path.sh
-- Symlinking: /home/ros_user/ros2_ws/install/forward_command_controller/share/forward_command_controller/environment/library_path.dsv
-- Symlinking: /home/ros_user/ros2_ws/install/forward_command_controller/share/ament_index/resource_index/package_run_dependencies/forward_command_controller
-- Symlinking: /home/ros_user/ros2_ws/install/forward_command_controller/share/ament_index/resource_index/parent_prefix_path/forward_command_controller
-- Symlinking: /home/ros_user/ros2_ws/install/forward_command_controller/share/forward_command_controller/environment/ament_prefix_path.sh
-- Symlinking: /home/ros_user/ros2_ws/install/forward_command_controller/share/forward_command_controller/environment/ament_prefix_path.dsv
-- Symlinking: /home/ros_user/ros2_ws/install/forward_command_controller/share/forward_command_controller/environment/path.sh
-- Symlinking: /home/ros_user/ros2_ws/install/forward_command_controller/share/forward_command_controller/environment/path.dsv
-- Symlinking: /home/ros_user/ros2_ws/install/forward_command_controller/share/forward_command_controller/local_setup.bash
-- Symlinking: /home/ros_user/ros2_ws/install/forward_command_controller/share/forward_command_controller/local_setup.sh
-- Symlinking: /home/ros_user/ros2_ws/install/forward_command_controller/share/forward_command_controller/local_setup.zsh
-- Symlinking: /home/ros_user/ros2_ws/install/forward_command_controller/share/forward_command_controller/local_setup.dsv
-- Symlinking: /home/ros_user/ros2_ws/install/forward_command_controller/share/forward_command_controller/package.dsv
-- Symlinking: /home/ros_user/ros2_ws/install/forward_command_controller/share/ament_index/resource_index/packages/forward_command_controller
-- Symlinking: /home/ros_user/ros2_ws/install/forward_command_controller/share/ament_index/resource_index/controller_interface__pluginlib__plugin/forward_command_controller
-- Symlinking: /home/ros_user/ros2_ws/install/forward_command_controller/share/forward_command_controller/cmake/ament_cmake_export_dependencies-extras.cmake
-- Symlinking: /home/ros_user/ros2_ws/install/forward_command_controller/share/forward_command_controller/cmake/ament_cmake_export_include_directories-extras.cmake
-- Symlinking: /home/ros_user/ros2_ws/install/forward_command_controller/share/forward_command_controller/cmake/ament_cmake_export_libraries-extras.cmake
-- Symlinking: /home/ros_user/ros2_ws/install/forward_command_controller/share/forward_command_controller/cmake/forward_command_controllerConfig.cmake
-- Symlinking: /home/ros_user/ros2_ws/install/forward_command_controller/share/forward_command_controller/cmake/forward_command_controllerConfig-version.cmake
-- Symlinking: /home/ros_user/ros2_ws/install/forward_command_controller/share/forward_command_controller/package.xml
