-- The C compiler identification is GNU 9.4.0
-- The CXX compiler identification is GNU 9.4.0
-- Check for working C compiler: /usr/bin/cc
-- Check for working C compiler: /usr/bin/cc -- works
-- Detecting C compiler ABI info
-- Detecting C compiler ABI info - done
-- Detecting C compile features
-- Detecting C compile features - done
-- Check for working CXX compiler: /usr/bin/c++
-- Check for working CXX compiler: /usr/bin/c++ -- works
-- Detecting CXX compiler ABI info
-- Detecting CXX compiler ABI info - done
-- Detecting CXX compile features
-- Detecting CXX compile features - done
-- Found ament_cmake: 0.9.11 (/opt/ros/foxy/share/ament_cmake/cmake)
-- Found PythonInterp: /usr/bin/python3 (found suitable version "3.8.10", minimum required is "3") 
-- Using PYTHON_EXECUTABLE: /usr/bin/python3
-- Override CMake install command with custom implementation using symlinks instead of copying resources
-- Found hardware_interface: 0.0.0 (/home/ros_user/ros2_ws/install/hardware_interface/share/hardware_interface/cmake)
-- Using all available rosidl_typesupport_c: rosidl_typesupport_fastrtps_c;rosidl_typesupport_introspection_c
-- Found rosidl_adapter: 1.3.0 (/opt/ros/foxy/share/rosidl_adapter/cmake)
-- Found OpenSSL: /usr/lib/x86_64-linux-gnu/libcrypto.so (found version "1.1.1f")  
-- Found FastRTPS: /opt/ros/foxy/include  
-- Using all available rosidl_typesupport_cpp: rosidl_typesupport_fastrtps_cpp;rosidl_typesupport_introspection_cpp
-- Found rclcpp: 2.4.2 (/opt/ros/foxy/share/rclcpp/cmake)
-- Found rmw_implementation_cmake: 1.0.3 (/opt/ros/foxy/share/rmw_implementation_cmake/cmake)
-- Using RMW implementation 'rmw_fastrtps_cpp' as default
-- Looking for pthread.h
-- Looking for pthread.h - found
-- Performing Test CMAKE_HAVE_LIBC_PTHREAD
-- Performing Test CMAKE_HAVE_LIBC_PTHREAD - Failed
-- Looking for pthread_create in pthreads
-- Looking for pthread_create in pthreads - not found
-- Looking for pthread_create in pthread
-- Looking for pthread_create in pthread - found
-- Found Threads: TRUE  
-- Found urdf: 2.4.0 (/opt/ros/foxy/share/urdf/cmake)
-- Found ament_cmake_gtest: 0.9.11 (/opt/ros/foxy/share/ament_cmake_gtest/cmake)
-- Found ament_lint_auto: 0.9.7 (/opt/ros/foxy/share/ament_lint_auto/cmake)
-- Found launch_testing_ament_cmake: 0.10.10 (/opt/ros/foxy/share/launch_testing_ament_cmake/cmake)
-- Found python_cmake_module: 0.8.1 (/opt/ros/foxy/share/python_cmake_module/cmake)
-- Found PythonInterp: /usr/bin/python3 (found suitable version "3.8.10", minimum required is "3.5") 
-- Found PythonLibs: /usr/lib/x86_64-linux-gnu/libpython3.8.so (found suitable version "3.8.10", minimum required is "3.5") 
-- Using PYTHON_EXECUTABLE: /usr/bin/python3
-- Using PYTHON_INCLUDE_DIRS: /usr/include/python3.8
-- Using PYTHON_LIBRARIES: /usr/lib/x86_64-linux-gnu/libpython3.8.so
-- Found PythonExtra: .so  
-- Found gtest sources under '/opt/ros/foxy/src/gtest_vendor': C++ tests using 'Google Test' will be built
-- Check if compiler accepts -pthread
-- Check if compiler accepts -pthread - yes
-- Added test 'copyright' to check source files copyright and LICENSE
-- Added test 'cppcheck' to perform static code analysis on C / C++ code
-- Configured cppcheck include dirs: /home/ros_user/ros2_ws/src/ros2_control/joint_limits_interface/include
-- Configured cppcheck exclude dirs and/or files: 
-- Added test 'cpplint' to check C / C++ code against the Google style
-- Configured cpplint exclude dirs and/or files: 
-- Added test 'flake8' to check Python code syntax and style conventions
-- Added test 'lint_cmake' to check CMake code style
-- Added test 'pep257' to check Python code against some of the style conventions in PEP 257
-- Added test 'uncrustify' to check C / C++ code style
-- Configured uncrustify additional arguments: 
-- Added test 'xmllint' to check XML markup files
-- Configuring done
-- Generating done
-- Build files have been written to: /home/ros_user/ros2_ws/build/joint_limits_interface
[35m[1mScanning dependencies of target gtest_main[0m
[35m[1mScanning dependencies of target gtest[0m
[ 10%] [32mBuilding CXX object gtest/CMakeFiles/gtest_main.dir/src/gtest_main.cc.o[0m
[ 20%] [32mBuilding CXX object gtest/CMakeFiles/gtest.dir/src/gtest-all.cc.o[0m
[ 30%] [32m[1mLinking CXX static library libgtest_main.a[0m
[ 30%] Built target gtest_main
[ 40%] [32m[1mLinking CXX static library libgtest.a[0m
[ 40%] Built target gtest
[35m[1mScanning dependencies of target joint_limits_rosparam_test[0m
[ 50%] [32mBuilding CXX object CMakeFiles/joint_limits_rosparam_test.dir/test/joint_limits_rosparam_test.cpp.o[0m
[ 60%] [32m[1mLinking CXX executable joint_limits_rosparam_test[0m
[ 60%] Built target joint_limits_rosparam_test
[35m[1mScanning dependencies of target joint_limits_urdf_test[0m
[ 70%] [32mBuilding CXX object CMakeFiles/joint_limits_urdf_test.dir/test/joint_limits_urdf_test.cpp.o[0m
[ 80%] [32m[1mLinking CXX executable joint_limits_urdf_test[0m
[ 80%] Built target joint_limits_urdf_test
[35m[1mScanning dependencies of target joint_limits_interface_test[0m
[ 90%] [32mBuilding CXX object CMakeFiles/joint_limits_interface_test.dir/test/joint_limits_interface_test.cpp.o[0m
[100%] [32m[1mLinking CXX executable joint_limits_interface_test[0m
[100%] Built target joint_limits_interface_test
-- Install configuration: ""
-- Execute custom install script
-- Symlinking: /home/ros_user/ros2_ws/install/joint_limits_interface/lib/joint_limits_interface/joint_limits_rosparam_test
-- Symlinking: /home/ros_user/ros2_ws/install/joint_limits_interface/share/joint_limits_interface/test/joint_limits_rosparam.yaml
-- Symlinking: /home/ros_user/ros2_ws/install/joint_limits_interface/include/joint_limits_interface/joint_limits.hpp
-- Symlinking: /home/ros_user/ros2_ws/install/joint_limits_interface/include/joint_limits_interface/joint_limits_interface.hpp
-- Symlinking: /home/ros_user/ros2_ws/install/joint_limits_interface/include/joint_limits_interface/joint_limits_interface_exception.hpp
-- Symlinking: /home/ros_user/ros2_ws/install/joint_limits_interface/include/joint_limits_interface/joint_limits_rosparam.hpp
-- Symlinking: /home/ros_user/ros2_ws/install/joint_limits_interface/include/joint_limits_interface/joint_limits_urdf.hpp
-- Symlinking: /home/ros_user/ros2_ws/install/joint_limits_interface/share/ament_index/resource_index/package_run_dependencies/joint_limits_interface
-- Symlinking: /home/ros_user/ros2_ws/install/joint_limits_interface/share/ament_index/resource_index/parent_prefix_path/joint_limits_interface
-- Symlinking: /home/ros_user/ros2_ws/install/joint_limits_interface/share/joint_limits_interface/environment/ament_prefix_path.sh
-- Symlinking: /home/ros_user/ros2_ws/install/joint_limits_interface/share/joint_limits_interface/environment/ament_prefix_path.dsv
-- Symlinking: /home/ros_user/ros2_ws/install/joint_limits_interface/share/joint_limits_interface/environment/path.sh
-- Symlinking: /home/ros_user/ros2_ws/install/joint_limits_interface/share/joint_limits_interface/environment/path.dsv
-- Symlinking: /home/ros_user/ros2_ws/install/joint_limits_interface/share/joint_limits_interface/local_setup.bash
-- Symlinking: /home/ros_user/ros2_ws/install/joint_limits_interface/share/joint_limits_interface/local_setup.sh
-- Symlinking: /home/ros_user/ros2_ws/install/joint_limits_interface/share/joint_limits_interface/local_setup.zsh
-- Symlinking: /home/ros_user/ros2_ws/install/joint_limits_interface/share/joint_limits_interface/local_setup.dsv
-- Symlinking: /home/ros_user/ros2_ws/install/joint_limits_interface/share/joint_limits_interface/package.dsv
-- Symlinking: /home/ros_user/ros2_ws/install/joint_limits_interface/share/ament_index/resource_index/packages/joint_limits_interface
-- Symlinking: /home/ros_user/ros2_ws/install/joint_limits_interface/share/joint_limits_interface/cmake/ament_cmake_export_include_directories-extras.cmake
-- Symlinking: /home/ros_user/ros2_ws/install/joint_limits_interface/share/joint_limits_interface/cmake/ament_cmake_export_dependencies-extras.cmake
-- Symlinking: /home/ros_user/ros2_ws/install/joint_limits_interface/share/joint_limits_interface/cmake/joint_limits_interfaceConfig.cmake
-- Symlinking: /home/ros_user/ros2_ws/install/joint_limits_interface/share/joint_limits_interface/cmake/joint_limits_interfaceConfig-version.cmake
-- Symlinking: /home/ros_user/ros2_ws/install/joint_limits_interface/share/joint_limits_interface/package.xml
