[0.068s] Invoking command in '/home/ros_user/ros2_ws/build/joint_limits_interface': AMENT_PREFIX_PATH=/home/ros_user/ros2_ws/install/hardware_interface:${AMENT_PREFIX_PATH} CMAKE_PREFIX_PATH=/home/ros_user/ros2_ws/install/hardware_interface:/home/ros_user/ros2_ws/install/ros2_course:/opt/ros/foxy LD_LIBRARY_PATH=/home/ros_user/ros2_ws/install/hardware_interface/lib:${LD_LIBRARY_PATH} /usr/bin/cmake /home/ros_user/ros2_ws/src/ros2_control/joint_limits_interface -DCMAKE_EXPORT_COMPILE_COMMANDS=ON -DAMENT_CMAKE_SYMLINK_INSTALL=1 -DCMAKE_INSTALL_PREFIX=/home/ros_user/ros2_ws/install/joint_limits_interface
[0.238s] -- The C compiler identification is GNU 9.4.0
[0.352s] -- The CXX compiler identification is GNU 9.4.0
[0.356s] -- Check for working C compiler: /usr/bin/cc
[0.589s] -- Check for working C compiler: /usr/bin/cc -- works
[0.589s] -- Detecting C compiler ABI info
[0.814s] -- Detecting C compiler ABI info - done
[0.839s] -- Detecting C compile features
[0.839s] -- Detecting C compile features - done
[0.843s] -- Check for working CXX compiler: /usr/bin/c++
[1.149s] -- Check for working CXX compiler: /usr/bin/c++ -- works
[1.150s] -- Detecting CXX compiler ABI info
[1.436s] -- Detecting CXX compiler ABI info - done
[1.468s] -- Detecting CXX compile features
[1.468s] -- Detecting CXX compile features - done
[1.471s] -- Found ament_cmake: 0.9.11 (/opt/ros/foxy/share/ament_cmake/cmake)
[1.544s] -- Found PythonInterp: /usr/bin/python3 (found suitable version "3.8.10", minimum required is "3") 
[1.544s] -- Using PYTHON_EXECUTABLE: /usr/bin/python3
[2.002s] -- Override CMake install command with custom implementation using symlinks instead of copying resources
[2.056s] -- Found hardware_interface: 0.0.0 (/home/ros_user/ros2_ws/install/hardware_interface/share/hardware_interface/cmake)
[2.160s] -- Using all available rosidl_typesupport_c: rosidl_typesupport_fastrtps_c;rosidl_typesupport_introspection_c
[2.176s] -- Found rosidl_adapter: 1.3.0 (/opt/ros/foxy/share/rosidl_adapter/cmake)
[2.432s] -- Found OpenSSL: /usr/lib/x86_64-linux-gnu/libcrypto.so (found version "1.1.1f")  
[2.500s] -- Found FastRTPS: /opt/ros/foxy/include  
[2.780s] -- Using all available rosidl_typesupport_cpp: rosidl_typesupport_fastrtps_cpp;rosidl_typesupport_introspection_cpp
[4.060s] -- Found rclcpp: 2.4.2 (/opt/ros/foxy/share/rclcpp/cmake)
[4.123s] -- Found rmw_implementation_cmake: 1.0.3 (/opt/ros/foxy/share/rmw_implementation_cmake/cmake)
[4.127s] -- Using RMW implementation 'rmw_fastrtps_cpp' as default
[4.140s] -- Looking for pthread.h
[4.337s] -- Looking for pthread.h - found
[4.337s] -- Performing Test CMAKE_HAVE_LIBC_PTHREAD
[4.660s] -- Performing Test CMAKE_HAVE_LIBC_PTHREAD - Failed
[4.660s] -- Looking for pthread_create in pthreads
[4.849s] -- Looking for pthread_create in pthreads - not found
[4.849s] -- Looking for pthread_create in pthread
[5.096s] -- Looking for pthread_create in pthread - found
[5.097s] -- Found Threads: TRUE  
[5.395s] -- Found urdf: 2.4.0 (/opt/ros/foxy/share/urdf/cmake)
[5.435s] -- Found ament_cmake_gtest: 0.9.11 (/opt/ros/foxy/share/ament_cmake_gtest/cmake)
[5.436s] -- Found ament_lint_auto: 0.9.7 (/opt/ros/foxy/share/ament_lint_auto/cmake)
[5.443s] -- Found launch_testing_ament_cmake: 0.10.10 (/opt/ros/foxy/share/launch_testing_ament_cmake/cmake)
[5.445s] -- Found python_cmake_module: 0.8.1 (/opt/ros/foxy/share/python_cmake_module/cmake)
[5.480s] -- Found PythonInterp: /usr/bin/python3 (found suitable version "3.8.10", minimum required is "3.5") 
[5.485s] -- Found PythonLibs: /usr/lib/x86_64-linux-gnu/libpython3.8.so (found suitable version "3.8.10", minimum required is "3.5") 
[5.485s] -- Using PYTHON_EXECUTABLE: /usr/bin/python3
[5.485s] -- Using PYTHON_INCLUDE_DIRS: /usr/include/python3.8
[5.485s] -- Using PYTHON_LIBRARIES: /usr/lib/x86_64-linux-gnu/libpython3.8.so
[5.520s] -- Found PythonExtra: .so  
[5.638s] -- Found gtest sources under '/opt/ros/foxy/src/gtest_vendor': C++ tests using 'Google Test' will be built
[5.640s] -- Check if compiler accepts -pthread
[5.783s] -- Check if compiler accepts -pthread - yes
[5.853s] -- Added test 'copyright' to check source files copyright and LICENSE
[5.854s] -- Added test 'cppcheck' to perform static code analysis on C / C++ code
[5.854s] -- Configured cppcheck include dirs: /home/ros_user/ros2_ws/src/ros2_control/joint_limits_interface/include
[5.854s] -- Configured cppcheck exclude dirs and/or files: 
[5.855s] -- Added test 'cpplint' to check C / C++ code against the Google style
[5.855s] -- Configured cpplint exclude dirs and/or files: 
[5.856s] -- Added test 'flake8' to check Python code syntax and style conventions
[5.856s] -- Added test 'lint_cmake' to check CMake code style
[5.857s] -- Added test 'pep257' to check Python code against some of the style conventions in PEP 257
[5.857s] -- Added test 'uncrustify' to check C / C++ code style
[5.857s] -- Configured uncrustify additional arguments: 
[5.858s] -- Added test 'xmllint' to check XML markup files
[5.865s] -- Configuring done
[5.900s] -- Generating done
[5.901s] -- Build files have been written to: /home/ros_user/ros2_ws/build/joint_limits_interface
[5.916s] Invoked command in '/home/ros_user/ros2_ws/build/joint_limits_interface' returned '0': AMENT_PREFIX_PATH=/home/ros_user/ros2_ws/install/hardware_interface:${AMENT_PREFIX_PATH} CMAKE_PREFIX_PATH=/home/ros_user/ros2_ws/install/hardware_interface:/home/ros_user/ros2_ws/install/ros2_course:/opt/ros/foxy LD_LIBRARY_PATH=/home/ros_user/ros2_ws/install/hardware_interface/lib:${LD_LIBRARY_PATH} /usr/bin/cmake /home/ros_user/ros2_ws/src/ros2_control/joint_limits_interface -DCMAKE_EXPORT_COMPILE_COMMANDS=ON -DAMENT_CMAKE_SYMLINK_INSTALL=1 -DCMAKE_INSTALL_PREFIX=/home/ros_user/ros2_ws/install/joint_limits_interface
[5.917s] Invoking command in '/home/ros_user/ros2_ws/build/joint_limits_interface': AMENT_PREFIX_PATH=/home/ros_user/ros2_ws/install/hardware_interface:${AMENT_PREFIX_PATH} CMAKE_PREFIX_PATH=/home/ros_user/ros2_ws/install/hardware_interface:/home/ros_user/ros2_ws/install/ros2_course:/opt/ros/foxy LD_LIBRARY_PATH=/home/ros_user/ros2_ws/install/hardware_interface/lib:${LD_LIBRARY_PATH} /usr/bin/cmake --build /home/ros_user/ros2_ws/build/joint_limits_interface -- -j4 -l4
[6.017s] [35m[1mScanning dependencies of target gtest_main[0m
[6.044s] [35m[1mScanning dependencies of target gtest[0m
[6.073s] [ 10%] [32mBuilding CXX object gtest/CMakeFiles/gtest_main.dir/src/gtest_main.cc.o[0m
[6.095s] [ 20%] [32mBuilding CXX object gtest/CMakeFiles/gtest.dir/src/gtest-all.cc.o[0m
[8.058s] [ 30%] [32m[1mLinking CXX static library libgtest_main.a[0m
[8.166s] [ 30%] Built target gtest_main
[12.130s] [ 40%] [32m[1mLinking CXX static library libgtest.a[0m
[12.273s] [ 40%] Built target gtest
[12.313s] [35m[1mScanning dependencies of target joint_limits_rosparam_test[0m
[12.405s] [ 50%] [32mBuilding CXX object CMakeFiles/joint_limits_rosparam_test.dir/test/joint_limits_rosparam_test.cpp.o[0m
[16.663s] [ 60%] [32m[1mLinking CXX executable joint_limits_rosparam_test[0m
[17.119s] [ 60%] Built target joint_limits_rosparam_test
[17.177s] [35m[1mScanning dependencies of target joint_limits_urdf_test[0m
[17.248s] [ 70%] [32mBuilding CXX object CMakeFiles/joint_limits_urdf_test.dir/test/joint_limits_urdf_test.cpp.o[0m
[21.100s] [ 80%] [32m[1mLinking CXX executable joint_limits_urdf_test[0m
[21.284s] [ 80%] Built target joint_limits_urdf_test
[21.341s] [35m[1mScanning dependencies of target joint_limits_interface_test[0m
[21.432s] [ 90%] [32mBuilding CXX object CMakeFiles/joint_limits_interface_test.dir/test/joint_limits_interface_test.cpp.o[0m
[25.102s] [100%] [32m[1mLinking CXX executable joint_limits_interface_test[0m
[25.452s] [100%] Built target joint_limits_interface_test
[25.467s] Invoked command in '/home/ros_user/ros2_ws/build/joint_limits_interface' returned '0': AMENT_PREFIX_PATH=/home/ros_user/ros2_ws/install/hardware_interface:${AMENT_PREFIX_PATH} CMAKE_PREFIX_PATH=/home/ros_user/ros2_ws/install/hardware_interface:/home/ros_user/ros2_ws/install/ros2_course:/opt/ros/foxy LD_LIBRARY_PATH=/home/ros_user/ros2_ws/install/hardware_interface/lib:${LD_LIBRARY_PATH} /usr/bin/cmake --build /home/ros_user/ros2_ws/build/joint_limits_interface -- -j4 -l4
[25.669s] Invoking command in '/home/ros_user/ros2_ws/build/joint_limits_interface': AMENT_PREFIX_PATH=/home/ros_user/ros2_ws/install/hardware_interface:${AMENT_PREFIX_PATH} CMAKE_PREFIX_PATH=/home/ros_user/ros2_ws/install/hardware_interface:/home/ros_user/ros2_ws/install/ros2_course:/opt/ros/foxy LD_LIBRARY_PATH=/home/ros_user/ros2_ws/install/hardware_interface/lib:${LD_LIBRARY_PATH} /usr/bin/cmake --install /home/ros_user/ros2_ws/build/joint_limits_interface
[25.703s] -- Install configuration: ""
[25.705s] -- Execute custom install script
[25.706s] -- Symlinking: /home/ros_user/ros2_ws/install/joint_limits_interface/lib/joint_limits_interface/joint_limits_rosparam_test
[25.732s] -- Symlinking: /home/ros_user/ros2_ws/install/joint_limits_interface/share/joint_limits_interface/test/joint_limits_rosparam.yaml
[25.749s] -- Symlinking: /home/ros_user/ros2_ws/install/joint_limits_interface/include/joint_limits_interface/joint_limits.hpp
[25.774s] -- Symlinking: /home/ros_user/ros2_ws/install/joint_limits_interface/include/joint_limits_interface/joint_limits_interface.hpp
[25.795s] -- Symlinking: /home/ros_user/ros2_ws/install/joint_limits_interface/include/joint_limits_interface/joint_limits_interface_exception.hpp
[25.808s] -- Symlinking: /home/ros_user/ros2_ws/install/joint_limits_interface/include/joint_limits_interface/joint_limits_rosparam.hpp
[25.846s] -- Symlinking: /home/ros_user/ros2_ws/install/joint_limits_interface/include/joint_limits_interface/joint_limits_urdf.hpp
[25.878s] -- Symlinking: /home/ros_user/ros2_ws/install/joint_limits_interface/share/ament_index/resource_index/package_run_dependencies/joint_limits_interface
[25.911s] -- Symlinking: /home/ros_user/ros2_ws/install/joint_limits_interface/share/ament_index/resource_index/parent_prefix_path/joint_limits_interface
[25.941s] -- Symlinking: /home/ros_user/ros2_ws/install/joint_limits_interface/share/joint_limits_interface/environment/ament_prefix_path.sh
[25.967s] -- Symlinking: /home/ros_user/ros2_ws/install/joint_limits_interface/share/joint_limits_interface/environment/ament_prefix_path.dsv
[25.988s] -- Symlinking: /home/ros_user/ros2_ws/install/joint_limits_interface/share/joint_limits_interface/environment/path.sh
[26.026s] -- Symlinking: /home/ros_user/ros2_ws/install/joint_limits_interface/share/joint_limits_interface/environment/path.dsv
[26.052s] -- Symlinking: /home/ros_user/ros2_ws/install/joint_limits_interface/share/joint_limits_interface/local_setup.bash
[26.084s] -- Symlinking: /home/ros_user/ros2_ws/install/joint_limits_interface/share/joint_limits_interface/local_setup.sh
[26.107s] -- Symlinking: /home/ros_user/ros2_ws/install/joint_limits_interface/share/joint_limits_interface/local_setup.zsh
[26.130s] -- Symlinking: /home/ros_user/ros2_ws/install/joint_limits_interface/share/joint_limits_interface/local_setup.dsv
[26.160s] -- Symlinking: /home/ros_user/ros2_ws/install/joint_limits_interface/share/joint_limits_interface/package.dsv
[26.196s] -- Symlinking: /home/ros_user/ros2_ws/install/joint_limits_interface/share/ament_index/resource_index/packages/joint_limits_interface
[26.207s] -- Symlinking: /home/ros_user/ros2_ws/install/joint_limits_interface/share/joint_limits_interface/cmake/ament_cmake_export_include_directories-extras.cmake
[26.237s] -- Symlinking: /home/ros_user/ros2_ws/install/joint_limits_interface/share/joint_limits_interface/cmake/ament_cmake_export_dependencies-extras.cmake
[26.263s] -- Symlinking: /home/ros_user/ros2_ws/install/joint_limits_interface/share/joint_limits_interface/cmake/joint_limits_interfaceConfig.cmake
[26.308s] -- Symlinking: /home/ros_user/ros2_ws/install/joint_limits_interface/share/joint_limits_interface/cmake/joint_limits_interfaceConfig-version.cmake
[26.323s] -- Symlinking: /home/ros_user/ros2_ws/install/joint_limits_interface/share/joint_limits_interface/package.xml
[26.349s] Invoked command in '/home/ros_user/ros2_ws/build/joint_limits_interface' returned '0': AMENT_PREFIX_PATH=/home/ros_user/ros2_ws/install/hardware_interface:${AMENT_PREFIX_PATH} CMAKE_PREFIX_PATH=/home/ros_user/ros2_ws/install/hardware_interface:/home/ros_user/ros2_ws/install/ros2_course:/opt/ros/foxy LD_LIBRARY_PATH=/home/ros_user/ros2_ws/install/hardware_interface/lib:${LD_LIBRARY_PATH} /usr/bin/cmake --install /home/ros_user/ros2_ws/build/joint_limits_interface
