[0.036s] Invoking command in '/home/ros_user/ros2_ws/build/dsr_description2': CMAKE_PREFIX_PATH=/home/ros_user/ros2_ws/install/ros2_course:/opt/ros/foxy /usr/bin/cmake /home/ros_user/ros2_ws/src/doosan-robot2/dsr_description2 -DCMAKE_EXPORT_COMPILE_COMMANDS=ON -DAMENT_CMAKE_SYMLINK_INSTALL=1 -DCMAKE_INSTALL_PREFIX=/home/ros_user/ros2_ws/install/dsr_description2
[0.098s] -- The C compiler identification is GNU 9.4.0
[0.131s] -- The CXX compiler identification is GNU 9.4.0
[0.135s] -- Check for working C compiler: /usr/bin/cc
[0.369s] -- Check for working C compiler: /usr/bin/cc -- works
[0.370s] -- Detecting C compiler ABI info
[0.582s] -- Detecting C compiler ABI info - done
[0.590s] -- Detecting C compile features
[0.590s] -- Detecting C compile features - done
[0.595s] -- Check for working CXX compiler: /usr/bin/c++
[0.851s] -- Check for working CXX compiler: /usr/bin/c++ -- works
[0.852s] -- Detecting CXX compiler ABI info
[1.107s] -- Detecting CXX compiler ABI info - done
[1.113s] -- Detecting CXX compile features
[1.114s] -- Detecting CXX compile features - done
[1.120s] -- Found ament_cmake: 0.9.11 (/opt/ros/foxy/share/ament_cmake/cmake)
[1.158s] -- Found PythonInterp: /usr/bin/python3 (found suitable version "3.8.10", minimum required is "3") 
[1.158s] -- Using PYTHON_EXECUTABLE: /usr/bin/python3
[1.428s] -- Override CMake install command with custom implementation using symlinks instead of copying resources
[1.535s] -- Configuring done
[1.537s] -- Generating done
[1.537s] -- Build files have been written to: /home/ros_user/ros2_ws/build/dsr_description2
[1.542s] Invoked command in '/home/ros_user/ros2_ws/build/dsr_description2' returned '0': CMAKE_PREFIX_PATH=/home/ros_user/ros2_ws/install/ros2_course:/opt/ros/foxy /usr/bin/cmake /home/ros_user/ros2_ws/src/doosan-robot2/dsr_description2 -DCMAKE_EXPORT_COMPILE_COMMANDS=ON -DAMENT_CMAKE_SYMLINK_INSTALL=1 -DCMAKE_INSTALL_PREFIX=/home/ros_user/ros2_ws/install/dsr_description2
[1.542s] Invoking command in '/home/ros_user/ros2_ws/build/dsr_description2': CMAKE_PREFIX_PATH=/home/ros_user/ros2_ws/install/ros2_course:/opt/ros/foxy /usr/bin/cmake --build /home/ros_user/ros2_ws/build/dsr_description2 -- -j4 -l4
[1.647s] Invoked command in '/home/ros_user/ros2_ws/build/dsr_description2' returned '0': CMAKE_PREFIX_PATH=/home/ros_user/ros2_ws/install/ros2_course:/opt/ros/foxy /usr/bin/cmake --build /home/ros_user/ros2_ws/build/dsr_description2 -- -j4 -l4
[1.771s] Invoking command in '/home/ros_user/ros2_ws/build/dsr_description2': CMAKE_PREFIX_PATH=/home/ros_user/ros2_ws/install/ros2_course:/opt/ros/foxy /usr/bin/cmake --install /home/ros_user/ros2_ws/build/dsr_description2
[1.789s] -- Install configuration: ""
[1.789s] -- Execute custom install script
[1.789s] -- Symlinking: /home/ros_user/ros2_ws/install/dsr_description2/share/ament_index/resource_index/package_run_dependencies/dsr_description2
[1.809s] -- Symlinking: /home/ros_user/ros2_ws/install/dsr_description2/share/ament_index/resource_index/parent_prefix_path/dsr_description2
[1.821s] -- Symlinking: /home/ros_user/ros2_ws/install/dsr_description2/share/dsr_description2/environment/ament_prefix_path.sh
[1.833s] -- Symlinking: /home/ros_user/ros2_ws/install/dsr_description2/share/dsr_description2/environment/ament_prefix_path.dsv
[1.854s] -- Symlinking: /home/ros_user/ros2_ws/install/dsr_description2/share/dsr_description2/environment/path.sh
[1.885s] -- Symlinking: /home/ros_user/ros2_ws/install/dsr_description2/share/dsr_description2/environment/path.dsv
[1.897s] -- Symlinking: /home/ros_user/ros2_ws/install/dsr_description2/share/dsr_description2/local_setup.bash
[1.914s] -- Symlinking: /home/ros_user/ros2_ws/install/dsr_description2/share/dsr_description2/local_setup.sh
[1.934s] -- Symlinking: /home/ros_user/ros2_ws/install/dsr_description2/share/dsr_description2/local_setup.zsh
[1.960s] -- Symlinking: /home/ros_user/ros2_ws/install/dsr_description2/share/dsr_description2/local_setup.dsv
[1.988s] -- Symlinking: /home/ros_user/ros2_ws/install/dsr_description2/share/dsr_description2/package.dsv
[2.003s] -- Symlinking: /home/ros_user/ros2_ws/install/dsr_description2/share/ament_index/resource_index/packages/dsr_description2
[2.021s] -- Symlinking: /home/ros_user/ros2_ws/install/dsr_description2/share/dsr_description2/cmake/dsr_description2Config.cmake
[2.037s] -- Symlinking: /home/ros_user/ros2_ws/install/dsr_description2/share/dsr_description2/cmake/dsr_description2Config-version.cmake
[2.057s] -- Symlinking: /home/ros_user/ros2_ws/install/dsr_description2/share/dsr_description2/package.xml
[2.083s] -- Symlinking: /home/ros_user/ros2_ws/install/dsr_description2/share/dsr_description2/meshes/a0509_blue/A0509_0_0.dae
[2.101s] -- Symlinking: /home/ros_user/ros2_ws/install/dsr_description2/share/dsr_description2/meshes/a0509_blue/A0509_1_0.dae
[2.130s] -- Symlinking: /home/ros_user/ros2_ws/install/dsr_description2/share/dsr_description2/meshes/a0509_blue/A0509_1_1.dae
[2.152s] -- Symlinking: /home/ros_user/ros2_ws/install/dsr_description2/share/dsr_description2/meshes/a0509_blue/A0509_1_2.dae
[2.169s] -- Symlinking: /home/ros_user/ros2_ws/install/dsr_description2/share/dsr_description2/meshes/a0509_blue/A0509_2_0.dae
[2.185s] -- Symlinking: /home/ros_user/ros2_ws/install/dsr_description2/share/dsr_description2/meshes/a0509_blue/A0509_2_1.dae
[2.208s] -- Symlinking: /home/ros_user/ros2_ws/install/dsr_description2/share/dsr_description2/meshes/a0509_blue/A0509_2_2.dae
[2.232s] -- Symlinking: /home/ros_user/ros2_ws/install/dsr_description2/share/dsr_description2/meshes/a0509_blue/A0509_3_0.dae
[2.250s] -- Symlinking: /home/ros_user/ros2_ws/install/dsr_description2/share/dsr_description2/meshes/a0509_blue/A0509_3_1.dae
[2.255s] -- Symlinking: /home/ros_user/ros2_ws/install/dsr_description2/share/dsr_description2/meshes/a0509_blue/A0509_4_0.dae
[2.263s] -- Symlinking: /home/ros_user/ros2_ws/install/dsr_description2/share/dsr_description2/meshes/a0509_blue/A0509_4_1.dae
[2.274s] -- Symlinking: /home/ros_user/ros2_ws/install/dsr_description2/share/dsr_description2/meshes/a0509_blue/A0509_5_0.dae
[2.284s] -- Symlinking: /home/ros_user/ros2_ws/install/dsr_description2/share/dsr_description2/meshes/a0509_blue/A0509_5_1.dae
[2.300s] -- Symlinking: /home/ros_user/ros2_ws/install/dsr_description2/share/dsr_description2/meshes/a0509_blue/A0509_6_0.dae
[2.320s] -- Symlinking: /home/ros_user/ros2_ws/install/dsr_description2/share/dsr_description2/meshes/a0509_white/A0509_0_0.dae
[2.340s] -- Symlinking: /home/ros_user/ros2_ws/install/dsr_description2/share/dsr_description2/meshes/a0509_white/A0509_1_0.dae
[2.357s] -- Symlinking: /home/ros_user/ros2_ws/install/dsr_description2/share/dsr_description2/meshes/a0509_white/A0509_1_1.dae
[2.373s] -- Symlinking: /home/ros_user/ros2_ws/install/dsr_description2/share/dsr_description2/meshes/a0509_white/A0509_1_2.dae
[2.392s] -- Symlinking: /home/ros_user/ros2_ws/install/dsr_description2/share/dsr_description2/meshes/a0509_white/A0509_2_0.dae
[2.416s] -- Symlinking: /home/ros_user/ros2_ws/install/dsr_description2/share/dsr_description2/meshes/a0509_white/A0509_2_1.dae
[2.440s] -- Symlinking: /home/ros_user/ros2_ws/install/dsr_description2/share/dsr_description2/meshes/a0509_white/A0509_2_2.dae
[2.464s] -- Symlinking: /home/ros_user/ros2_ws/install/dsr_description2/share/dsr_description2/meshes/a0509_white/A0509_3_0.dae
[2.480s] -- Symlinking: /home/ros_user/ros2_ws/install/dsr_description2/share/dsr_description2/meshes/a0509_white/A0509_3_1.dae
[2.492s] -- Symlinking: /home/ros_user/ros2_ws/install/dsr_description2/share/dsr_description2/meshes/a0509_white/A0509_4_0.dae
[2.520s] -- Symlinking: /home/ros_user/ros2_ws/install/dsr_description2/share/dsr_description2/meshes/a0509_white/A0509_4_1.dae
[2.535s] -- Symlinking: /home/ros_user/ros2_ws/install/dsr_description2/share/dsr_description2/meshes/a0509_white/A0509_5_0.dae
[2.540s] -- Symlinking: /home/ros_user/ros2_ws/install/dsr_description2/share/dsr_description2/meshes/a0509_white/A0509_5_1.dae
[2.549s] -- Symlinking: /home/ros_user/ros2_ws/install/dsr_description2/share/dsr_description2/meshes/a0509_white/A0509_6_0.dae
[2.559s] -- Symlinking: /home/ros_user/ros2_ws/install/dsr_description2/share/dsr_description2/meshes/a0912_blue/A0912_0_0.dae
[2.576s] -- Symlinking: /home/ros_user/ros2_ws/install/dsr_description2/share/dsr_description2/meshes/a0912_blue/A0912_1_0.dae
[2.598s] -- Symlinking: /home/ros_user/ros2_ws/install/dsr_description2/share/dsr_description2/meshes/a0912_blue/A0912_1_1.dae
[2.625s] -- Symlinking: /home/ros_user/ros2_ws/install/dsr_description2/share/dsr_description2/meshes/a0912_blue/A0912_1_2.dae
[2.633s] -- Symlinking: /home/ros_user/ros2_ws/install/dsr_description2/share/dsr_description2/meshes/a0912_blue/A0912_2_0.dae
[2.642s] -- Symlinking: /home/ros_user/ros2_ws/install/dsr_description2/share/dsr_description2/meshes/a0912_blue/A0912_2_1.dae
[2.664s] -- Symlinking: /home/ros_user/ros2_ws/install/dsr_description2/share/dsr_description2/meshes/a0912_blue/A0912_2_2.dae
[2.690s] -- Symlinking: /home/ros_user/ros2_ws/install/dsr_description2/share/dsr_description2/meshes/a0912_blue/A0912_3_0.dae
[2.705s] -- Symlinking: /home/ros_user/ros2_ws/install/dsr_description2/share/dsr_description2/meshes/a0912_blue/A0912_3_1.dae
[2.724s] -- Symlinking: /home/ros_user/ros2_ws/install/dsr_description2/share/dsr_description2/meshes/a0912_blue/A0912_4_0.dae
[2.737s] -- Symlinking: /home/ros_user/ros2_ws/install/dsr_description2/share/dsr_description2/meshes/a0912_blue/A0912_4_1.dae
[2.764s] -- Symlinking: /home/ros_user/ros2_ws/install/dsr_description2/share/dsr_description2/meshes/a0912_blue/A0912_5_0.dae
[2.777s] -- Symlinking: /home/ros_user/ros2_ws/install/dsr_description2/share/dsr_description2/meshes/a0912_blue/A0912_5_1.dae
[2.793s] -- Symlinking: /home/ros_user/ros2_ws/install/dsr_description2/share/dsr_description2/meshes/a0912_blue/A0912_6_0.dae
[2.810s] -- Symlinking: /home/ros_user/ros2_ws/install/dsr_description2/share/dsr_description2/meshes/a0912_white/A0912_0_0.dae
[2.826s] -- Symlinking: /home/ros_user/ros2_ws/install/dsr_description2/share/dsr_description2/meshes/a0912_white/A0912_1_0.dae
[2.841s] -- Symlinking: /home/ros_user/ros2_ws/install/dsr_description2/share/dsr_description2/meshes/a0912_white/A0912_1_1.dae
[2.858s] -- Symlinking: /home/ros_user/ros2_ws/install/dsr_description2/share/dsr_description2/meshes/a0912_white/A0912_1_2.dae
[2.881s] -- Symlinking: /home/ros_user/ros2_ws/install/dsr_description2/share/dsr_description2/meshes/a0912_white/A0912_2_0.dae
[2.900s] -- Symlinking: /home/ros_user/ros2_ws/install/dsr_description2/share/dsr_description2/meshes/a0912_white/A0912_2_1.dae
[2.908s] -- Symlinking: /home/ros_user/ros2_ws/install/dsr_description2/share/dsr_description2/meshes/a0912_white/A0912_2_2.dae
[2.919s] -- Symlinking: /home/ros_user/ros2_ws/install/dsr_description2/share/dsr_description2/meshes/a0912_white/A0912_3_0.dae
[2.933s] -- Symlinking: /home/ros_user/ros2_ws/install/dsr_description2/share/dsr_description2/meshes/a0912_white/A0912_3_1.dae
[2.958s] -- Symlinking: /home/ros_user/ros2_ws/install/dsr_description2/share/dsr_description2/meshes/a0912_white/A0912_4_0.dae
[2.981s] -- Symlinking: /home/ros_user/ros2_ws/install/dsr_description2/share/dsr_description2/meshes/a0912_white/A0912_4_1.dae
[2.992s] -- Symlinking: /home/ros_user/ros2_ws/install/dsr_description2/share/dsr_description2/meshes/a0912_white/A0912_5_0.dae
[3.008s] -- Symlinking: /home/ros_user/ros2_ws/install/dsr_description2/share/dsr_description2/meshes/a0912_white/A0912_5_1.dae
[3.019s] -- Symlinking: /home/ros_user/ros2_ws/install/dsr_description2/share/dsr_description2/meshes/a0912_white/A0912_6_0.dae
[3.028s] -- Symlinking: /home/ros_user/ros2_ws/install/dsr_description2/share/dsr_description2/meshes/gripper/robotiq/85_2f/collision/robotiq_85_base_link.stl
[3.038s] -- Symlinking: /home/ros_user/ros2_ws/install/dsr_description2/share/dsr_description2/meshes/gripper/robotiq/85_2f/collision/robotiq_85_finger_link.stl
[3.043s] -- Symlinking: /home/ros_user/ros2_ws/install/dsr_description2/share/dsr_description2/meshes/gripper/robotiq/85_2f/collision/robotiq_85_finger_tip_link.stl
[3.064s] -- Symlinking: /home/ros_user/ros2_ws/install/dsr_description2/share/dsr_description2/meshes/gripper/robotiq/85_2f/collision/robotiq_85_inner_knuckle_link.stl
[3.076s] -- Symlinking: /home/ros_user/ros2_ws/install/dsr_description2/share/dsr_description2/meshes/gripper/robotiq/85_2f/collision/robotiq_85_knuckle_link.stl
[3.093s] -- Symlinking: /home/ros_user/ros2_ws/install/dsr_description2/share/dsr_description2/meshes/gripper/robotiq/85_2f/robotiq_85_coupler.stl
[3.114s] -- Symlinking: /home/ros_user/ros2_ws/install/dsr_description2/share/dsr_description2/meshes/gripper/robotiq/85_2f/visual/robotiq_85_base_link.dae
[3.132s] -- Symlinking: /home/ros_user/ros2_ws/install/dsr_description2/share/dsr_description2/meshes/gripper/robotiq/85_2f/visual/robotiq_85_finger_link.dae
[3.156s] -- Symlinking: /home/ros_user/ros2_ws/install/dsr_description2/share/dsr_description2/meshes/gripper/robotiq/85_2f/visual/robotiq_85_finger_tip_link.dae
[3.180s] -- Symlinking: /home/ros_user/ros2_ws/install/dsr_description2/share/dsr_description2/meshes/gripper/robotiq/85_2f/visual/robotiq_85_inner_knuckle_link.dae
[3.211s] -- Symlinking: /home/ros_user/ros2_ws/install/dsr_description2/share/dsr_description2/meshes/gripper/robotiq/85_2f/visual/robotiq_85_knuckle_link.dae
[3.226s] -- Symlinking: /home/ros_user/ros2_ws/install/dsr_description2/share/dsr_description2/meshes/h2017_blue/H2017_0_0.dae
[3.258s] -- Symlinking: /home/ros_user/ros2_ws/install/dsr_description2/share/dsr_description2/meshes/h2017_blue/H2017_1_0.dae
[3.277s] -- Symlinking: /home/ros_user/ros2_ws/install/dsr_description2/share/dsr_description2/meshes/h2017_blue/H2017_2_0.dae
[3.294s] -- Symlinking: /home/ros_user/ros2_ws/install/dsr_description2/share/dsr_description2/meshes/h2017_blue/H2017_2_1.dae
[3.311s] -- Symlinking: /home/ros_user/ros2_ws/install/dsr_description2/share/dsr_description2/meshes/h2017_blue/H2017_2_2.dae
[3.336s] -- Symlinking: /home/ros_user/ros2_ws/install/dsr_description2/share/dsr_description2/meshes/h2017_blue/H2017_3_0.dae
[3.368s] -- Symlinking: /home/ros_user/ros2_ws/install/dsr_description2/share/dsr_description2/meshes/h2017_blue/H2017_4_0.dae
[3.381s] -- Symlinking: /home/ros_user/ros2_ws/install/dsr_description2/share/dsr_description2/meshes/h2017_blue/H2017_4_1.dae
[3.402s] -- Symlinking: /home/ros_user/ros2_ws/install/dsr_description2/share/dsr_description2/meshes/h2017_blue/H2017_5_0.dae
[3.411s] -- Symlinking: /home/ros_user/ros2_ws/install/dsr_description2/share/dsr_description2/meshes/h2017_blue/H2017_6_0.dae
[3.420s] -- Symlinking: /home/ros_user/ros2_ws/install/dsr_description2/share/dsr_description2/meshes/h2017_white/H2017_0_0.dae
[3.430s] -- Symlinking: /home/ros_user/ros2_ws/install/dsr_description2/share/dsr_description2/meshes/h2017_white/H2017_1_0.dae
[3.444s] -- Symlinking: /home/ros_user/ros2_ws/install/dsr_description2/share/dsr_description2/meshes/h2017_white/H2017_2_0.dae
[3.464s] -- Symlinking: /home/ros_user/ros2_ws/install/dsr_description2/share/dsr_description2/meshes/h2017_white/H2017_2_1.dae
[3.484s] -- Symlinking: /home/ros_user/ros2_ws/install/dsr_description2/share/dsr_description2/meshes/h2017_white/H2017_2_2.dae
[3.504s] -- Symlinking: /home/ros_user/ros2_ws/install/dsr_description2/share/dsr_description2/meshes/h2017_white/H2017_3_0.dae
[3.532s] -- Symlinking: /home/ros_user/ros2_ws/install/dsr_description2/share/dsr_description2/meshes/h2017_white/H2017_4_0.dae
[3.552s] -- Symlinking: /home/ros_user/ros2_ws/install/dsr_description2/share/dsr_description2/meshes/h2017_white/H2017_4_1.dae
[3.571s] -- Symlinking: /home/ros_user/ros2_ws/install/dsr_description2/share/dsr_description2/meshes/h2017_white/H2017_5_0.dae
[3.590s] -- Symlinking: /home/ros_user/ros2_ws/install/dsr_description2/share/dsr_description2/meshes/h2017_white/H2017_6_0.dae
[3.609s] -- Symlinking: /home/ros_user/ros2_ws/install/dsr_description2/share/dsr_description2/meshes/h2515_blue/H2515_0_0.dae
[3.629s] -- Symlinking: /home/ros_user/ros2_ws/install/dsr_description2/share/dsr_description2/meshes/h2515_blue/H2515_1_0.dae
[3.650s] -- Symlinking: /home/ros_user/ros2_ws/install/dsr_description2/share/dsr_description2/meshes/h2515_blue/H2515_2_0.dae
[3.659s] -- Symlinking: /home/ros_user/ros2_ws/install/dsr_description2/share/dsr_description2/meshes/h2515_blue/H2515_2_1.dae
[3.676s] -- Symlinking: /home/ros_user/ros2_ws/install/dsr_description2/share/dsr_description2/meshes/h2515_blue/H2515_2_2.dae
[3.686s] -- Symlinking: /home/ros_user/ros2_ws/install/dsr_description2/share/dsr_description2/meshes/h2515_blue/H2515_3_0.dae
[3.691s] -- Symlinking: /home/ros_user/ros2_ws/install/dsr_description2/share/dsr_description2/meshes/h2515_blue/H2515_4_0.dae
[3.708s] -- Symlinking: /home/ros_user/ros2_ws/install/dsr_description2/share/dsr_description2/meshes/h2515_blue/H2515_4_1.dae
[3.715s] -- Symlinking: /home/ros_user/ros2_ws/install/dsr_description2/share/dsr_description2/meshes/h2515_blue/H2515_5_0.dae
[3.725s] -- Symlinking: /home/ros_user/ros2_ws/install/dsr_description2/share/dsr_description2/meshes/h2515_blue/H2515_6_0.dae
[3.740s] -- Symlinking: /home/ros_user/ros2_ws/install/dsr_description2/share/dsr_description2/meshes/h2515_white/H2515_0_0.dae
[3.760s] -- Symlinking: /home/ros_user/ros2_ws/install/dsr_description2/share/dsr_description2/meshes/h2515_white/H2515_1_0.dae
[3.785s] -- Symlinking: /home/ros_user/ros2_ws/install/dsr_description2/share/dsr_description2/meshes/h2515_white/H2515_2_0.dae
[3.812s] -- Symlinking: /home/ros_user/ros2_ws/install/dsr_description2/share/dsr_description2/meshes/h2515_white/H2515_2_1.dae
[3.836s] -- Symlinking: /home/ros_user/ros2_ws/install/dsr_description2/share/dsr_description2/meshes/h2515_white/H2515_2_2.dae
[3.856s] -- Symlinking: /home/ros_user/ros2_ws/install/dsr_description2/share/dsr_description2/meshes/h2515_white/H2515_3_0.dae
[3.884s] -- Symlinking: /home/ros_user/ros2_ws/install/dsr_description2/share/dsr_description2/meshes/h2515_white/H2515_4_0.dae
[3.911s] -- Symlinking: /home/ros_user/ros2_ws/install/dsr_description2/share/dsr_description2/meshes/h2515_white/H2515_4_1.dae
[3.929s] -- Symlinking: /home/ros_user/ros2_ws/install/dsr_description2/share/dsr_description2/meshes/h2515_white/H2515_5_0.dae
[3.950s] -- Symlinking: /home/ros_user/ros2_ws/install/dsr_description2/share/dsr_description2/meshes/h2515_white/H2515_6_0.dae
[3.976s] -- Symlinking: /home/ros_user/ros2_ws/install/dsr_description2/share/dsr_description2/meshes/m0609_blue/MF0609_0_0.dae
[4.000s] -- Symlinking: /home/ros_user/ros2_ws/install/dsr_description2/share/dsr_description2/meshes/m0609_blue/MF0609_1_0.dae
[4.014s] -- Symlinking: /home/ros_user/ros2_ws/install/dsr_description2/share/dsr_description2/meshes/m0609_blue/MF0609_2_0.dae
[4.032s] -- Symlinking: /home/ros_user/ros2_ws/install/dsr_description2/share/dsr_description2/meshes/m0609_blue/MF0609_2_1.dae
[4.047s] -- Symlinking: /home/ros_user/ros2_ws/install/dsr_description2/share/dsr_description2/meshes/m0609_blue/MF0609_2_2.dae
[4.068s] -- Symlinking: /home/ros_user/ros2_ws/install/dsr_description2/share/dsr_description2/meshes/m0609_blue/MF0609_3_0.dae
[4.081s] -- Symlinking: /home/ros_user/ros2_ws/install/dsr_description2/share/dsr_description2/meshes/m0609_blue/MF0609_4_0.dae
[4.100s] -- Symlinking: /home/ros_user/ros2_ws/install/dsr_description2/share/dsr_description2/meshes/m0609_blue/MF0609_4_1.dae
[4.126s] -- Symlinking: /home/ros_user/ros2_ws/install/dsr_description2/share/dsr_description2/meshes/m0609_blue/MF0609_5_0.dae
[4.152s] -- Symlinking: /home/ros_user/ros2_ws/install/dsr_description2/share/dsr_description2/meshes/m0609_blue/MF0609_6_0.dae
[4.177s] -- Symlinking: /home/ros_user/ros2_ws/install/dsr_description2/share/dsr_description2/meshes/m0609_white/MF0609_0_0.dae
[4.201s] -- Symlinking: /home/ros_user/ros2_ws/install/dsr_description2/share/dsr_description2/meshes/m0609_white/MF0609_1_0.dae
[4.234s] -- Symlinking: /home/ros_user/ros2_ws/install/dsr_description2/share/dsr_description2/meshes/m0609_white/MF0609_2_0.dae
[4.252s] -- Symlinking: /home/ros_user/ros2_ws/install/dsr_description2/share/dsr_description2/meshes/m0609_white/MF0609_2_1.dae
[4.273s] -- Symlinking: /home/ros_user/ros2_ws/install/dsr_description2/share/dsr_description2/meshes/m0609_white/MF0609_2_2.dae
[4.293s] -- Symlinking: /home/ros_user/ros2_ws/install/dsr_description2/share/dsr_description2/meshes/m0609_white/MF0609_3_0.dae
[4.312s] -- Symlinking: /home/ros_user/ros2_ws/install/dsr_description2/share/dsr_description2/meshes/m0609_white/MF0609_4_0.dae
[4.329s] -- Symlinking: /home/ros_user/ros2_ws/install/dsr_description2/share/dsr_description2/meshes/m0609_white/MF0609_4_1.dae
[4.345s] -- Symlinking: /home/ros_user/ros2_ws/install/dsr_description2/share/dsr_description2/meshes/m0609_white/MF0609_5_0.dae
[4.356s] -- Symlinking: /home/ros_user/ros2_ws/install/dsr_description2/share/dsr_description2/meshes/m0609_white/MF0609_6_0.dae
[4.377s] -- Symlinking: /home/ros_user/ros2_ws/install/dsr_description2/share/dsr_description2/meshes/m0617_blue/MF0617_0_0.dae
[4.393s] -- Symlinking: /home/ros_user/ros2_ws/install/dsr_description2/share/dsr_description2/meshes/m0617_blue/MF0617_1_0.dae
[4.409s] -- Symlinking: /home/ros_user/ros2_ws/install/dsr_description2/share/dsr_description2/meshes/m0617_blue/MF0617_2_0.dae
[4.429s] -- Symlinking: /home/ros_user/ros2_ws/install/dsr_description2/share/dsr_description2/meshes/m0617_blue/MF0617_2_1.dae
[4.445s] -- Symlinking: /home/ros_user/ros2_ws/install/dsr_description2/share/dsr_description2/meshes/m0617_blue/MF0617_2_2.dae
[4.461s] -- Symlinking: /home/ros_user/ros2_ws/install/dsr_description2/share/dsr_description2/meshes/m0617_blue/MF0617_3_0.dae
[4.477s] -- Symlinking: /home/ros_user/ros2_ws/install/dsr_description2/share/dsr_description2/meshes/m0617_blue/MF0617_4_0.dae
[4.489s] -- Symlinking: /home/ros_user/ros2_ws/install/dsr_description2/share/dsr_description2/meshes/m0617_blue/MF0617_4_1.dae
[4.506s] -- Symlinking: /home/ros_user/ros2_ws/install/dsr_description2/share/dsr_description2/meshes/m0617_blue/MF0617_5_0.dae
[4.522s] -- Symlinking: /home/ros_user/ros2_ws/install/dsr_description2/share/dsr_description2/meshes/m0617_blue/MF0617_6_0.dae
[4.541s] -- Symlinking: /home/ros_user/ros2_ws/install/dsr_description2/share/dsr_description2/meshes/m0617_white/MF0617_0_0.dae
[4.553s] -- Symlinking: /home/ros_user/ros2_ws/install/dsr_description2/share/dsr_description2/meshes/m0617_white/MF0617_1_0.dae
[4.571s] -- Symlinking: /home/ros_user/ros2_ws/install/dsr_description2/share/dsr_description2/meshes/m0617_white/MF0617_2_0.dae
[4.584s] -- Symlinking: /home/ros_user/ros2_ws/install/dsr_description2/share/dsr_description2/meshes/m0617_white/MF0617_2_1.dae
[4.589s] -- Symlinking: /home/ros_user/ros2_ws/install/dsr_description2/share/dsr_description2/meshes/m0617_white/MF0617_2_2.dae
[4.599s] -- Symlinking: /home/ros_user/ros2_ws/install/dsr_description2/share/dsr_description2/meshes/m0617_white/MF0617_3_0.dae
[4.605s] -- Symlinking: /home/ros_user/ros2_ws/install/dsr_description2/share/dsr_description2/meshes/m0617_white/MF0617_4_0.dae
[4.616s] -- Symlinking: /home/ros_user/ros2_ws/install/dsr_description2/share/dsr_description2/meshes/m0617_white/MF0617_4_1.dae
[4.637s] -- Symlinking: /home/ros_user/ros2_ws/install/dsr_description2/share/dsr_description2/meshes/m0617_white/MF0617_5_0.dae
[4.660s] -- Symlinking: /home/ros_user/ros2_ws/install/dsr_description2/share/dsr_description2/meshes/m0617_white/MF0617_6_0.dae
[4.688s] -- Symlinking: /home/ros_user/ros2_ws/install/dsr_description2/share/dsr_description2/meshes/m1013_blue/MF1013_0_0.dae
[4.707s] -- Symlinking: /home/ros_user/ros2_ws/install/dsr_description2/share/dsr_description2/meshes/m1013_blue/MF1013_1_0.dae
[4.740s] -- Symlinking: /home/ros_user/ros2_ws/install/dsr_description2/share/dsr_description2/meshes/m1013_blue/MF1013_2_0.dae
[4.767s] -- Symlinking: /home/ros_user/ros2_ws/install/dsr_description2/share/dsr_description2/meshes/m1013_blue/MF1013_2_1.dae
[4.785s] -- Symlinking: /home/ros_user/ros2_ws/install/dsr_description2/share/dsr_description2/meshes/m1013_blue/MF1013_2_2.dae
[4.805s] -- Symlinking: /home/ros_user/ros2_ws/install/dsr_description2/share/dsr_description2/meshes/m1013_blue/MF1013_3_0.dae
[4.824s] -- Symlinking: /home/ros_user/ros2_ws/install/dsr_description2/share/dsr_description2/meshes/m1013_blue/MF1013_4_0.dae
[4.843s] -- Symlinking: /home/ros_user/ros2_ws/install/dsr_description2/share/dsr_description2/meshes/m1013_blue/MF1013_4_1.dae
[4.870s] -- Symlinking: /home/ros_user/ros2_ws/install/dsr_description2/share/dsr_description2/meshes/m1013_blue/MF1013_5_0.dae
[4.888s] -- Symlinking: /home/ros_user/ros2_ws/install/dsr_description2/share/dsr_description2/meshes/m1013_blue/MF1013_6_0.dae
[4.908s] -- Symlinking: /home/ros_user/ros2_ws/install/dsr_description2/share/dsr_description2/meshes/m1013_white/MF1013_0_0.dae
[4.928s] -- Symlinking: /home/ros_user/ros2_ws/install/dsr_description2/share/dsr_description2/meshes/m1013_white/MF1013_1_0.dae
[4.938s] -- Symlinking: /home/ros_user/ros2_ws/install/dsr_description2/share/dsr_description2/meshes/m1013_white/MF1013_2_0.dae
[4.948s] -- Symlinking: /home/ros_user/ros2_ws/install/dsr_description2/share/dsr_description2/meshes/m1013_white/MF1013_2_1.dae
[4.960s] -- Symlinking: /home/ros_user/ros2_ws/install/dsr_description2/share/dsr_description2/meshes/m1013_white/MF1013_2_2.dae
[4.984s] -- Symlinking: /home/ros_user/ros2_ws/install/dsr_description2/share/dsr_description2/meshes/m1013_white/MF1013_3_0.dae
[5.006s] -- Symlinking: /home/ros_user/ros2_ws/install/dsr_description2/share/dsr_description2/meshes/m1013_white/MF1013_4_0.dae
[5.025s] -- Symlinking: /home/ros_user/ros2_ws/install/dsr_description2/share/dsr_description2/meshes/m1013_white/MF1013_4_1.dae
[5.037s] -- Symlinking: /home/ros_user/ros2_ws/install/dsr_description2/share/dsr_description2/meshes/m1013_white/MF1013_5_0.dae
[5.060s] -- Symlinking: /home/ros_user/ros2_ws/install/dsr_description2/share/dsr_description2/meshes/m1013_white/MF1013_6_0.dae
[5.089s] -- Symlinking: /home/ros_user/ros2_ws/install/dsr_description2/share/dsr_description2/meshes/m1509_blue/MF1509_0_0.dae
[5.105s] -- Symlinking: /home/ros_user/ros2_ws/install/dsr_description2/share/dsr_description2/meshes/m1509_blue/MF1509_1_0.dae
[5.124s] -- Symlinking: /home/ros_user/ros2_ws/install/dsr_description2/share/dsr_description2/meshes/m1509_blue/MF1509_2_0.dae
[5.149s] -- Symlinking: /home/ros_user/ros2_ws/install/dsr_description2/share/dsr_description2/meshes/m1509_blue/MF1509_2_1.dae
[5.169s] -- Symlinking: /home/ros_user/ros2_ws/install/dsr_description2/share/dsr_description2/meshes/m1509_blue/MF1509_2_2.dae
[5.188s] -- Symlinking: /home/ros_user/ros2_ws/install/dsr_description2/share/dsr_description2/meshes/m1509_blue/MF1509_3_0.dae
[5.213s] -- Symlinking: /home/ros_user/ros2_ws/install/dsr_description2/share/dsr_description2/meshes/m1509_blue/MF1509_4_0.dae
[5.244s] -- Symlinking: /home/ros_user/ros2_ws/install/dsr_description2/share/dsr_description2/meshes/m1509_blue/MF1509_4_1.dae
[5.272s] -- Symlinking: /home/ros_user/ros2_ws/install/dsr_description2/share/dsr_description2/meshes/m1509_blue/MF1509_5_0.dae
[5.291s] -- Symlinking: /home/ros_user/ros2_ws/install/dsr_description2/share/dsr_description2/meshes/m1509_blue/MF1509_6_0.dae
[5.311s] -- Symlinking: /home/ros_user/ros2_ws/install/dsr_description2/share/dsr_description2/meshes/m1509_white/MF1509_0_0.dae
[5.348s] -- Symlinking: /home/ros_user/ros2_ws/install/dsr_description2/share/dsr_description2/meshes/m1509_white/MF1509_1_0.dae
[5.370s] -- Symlinking: /home/ros_user/ros2_ws/install/dsr_description2/share/dsr_description2/meshes/m1509_white/MF1509_2_0.dae
[5.387s] -- Symlinking: /home/ros_user/ros2_ws/install/dsr_description2/share/dsr_description2/meshes/m1509_white/MF1509_2_1.dae
[5.396s] -- Symlinking: /home/ros_user/ros2_ws/install/dsr_description2/share/dsr_description2/meshes/m1509_white/MF1509_2_2.dae
[5.401s] -- Symlinking: /home/ros_user/ros2_ws/install/dsr_description2/share/dsr_description2/meshes/m1509_white/MF1509_3_0.dae
[5.412s] -- Symlinking: /home/ros_user/ros2_ws/install/dsr_description2/share/dsr_description2/meshes/m1509_white/MF1509_4_0.dae
[5.426s] -- Symlinking: /home/ros_user/ros2_ws/install/dsr_description2/share/dsr_description2/meshes/m1509_white/MF1509_4_1.dae
[5.449s] -- Symlinking: /home/ros_user/ros2_ws/install/dsr_description2/share/dsr_description2/meshes/m1509_white/MF1509_5_0.dae
[5.468s] -- Symlinking: /home/ros_user/ros2_ws/install/dsr_description2/share/dsr_description2/meshes/m1509_white/MF1509_6_0.dae
[5.490s] -- Symlinking: /home/ros_user/ros2_ws/install/dsr_description2/share/dsr_description2/meshes/mobile/base_link.dae
[5.511s] -- Symlinking: /home/ros_user/ros2_ws/install/dsr_description2/share/dsr_description2/meshes/mobile/base_link.stl
[5.531s] -- Symlinking: /home/ros_user/ros2_ws/install/dsr_description2/share/dsr_description2/meshes/mobile/bumper.dae
[5.553s] -- Symlinking: /home/ros_user/ros2_ws/install/dsr_description2/share/dsr_description2/meshes/mobile/bumper.stl
[5.573s] -- Symlinking: /home/ros_user/ros2_ws/install/dsr_description2/share/dsr_description2/meshes/mobile/large_top_plate.dae
[5.592s] -- Symlinking: /home/ros_user/ros2_ws/install/dsr_description2/share/dsr_description2/meshes/mobile/large_top_plate_collision.stl
[5.612s] -- Symlinking: /home/ros_user/ros2_ws/install/dsr_description2/share/dsr_description2/meshes/mobile/top_chassis.dae
[5.637s] -- Symlinking: /home/ros_user/ros2_ws/install/dsr_description2/share/dsr_description2/meshes/mobile/top_chassis.stl
[5.662s] -- Symlinking: /home/ros_user/ros2_ws/install/dsr_description2/share/dsr_description2/meshes/mobile/top_plate.dae
[5.684s] -- Symlinking: /home/ros_user/ros2_ws/install/dsr_description2/share/dsr_description2/meshes/mobile/top_plate.stl
[5.702s] -- Symlinking: /home/ros_user/ros2_ws/install/dsr_description2/share/dsr_description2/meshes/mobile/user_rail.dae
[5.727s] -- Symlinking: /home/ros_user/ros2_ws/install/dsr_description2/share/dsr_description2/meshes/mobile/user_rail.stl
[5.748s] -- Symlinking: /home/ros_user/ros2_ws/install/dsr_description2/share/dsr_description2/meshes/mobile/wheel.dae
[5.776s] -- Symlinking: /home/ros_user/ros2_ws/install/dsr_description2/share/dsr_description2/meshes/mobile/wheel.stl
[5.800s] -- Symlinking: /home/ros_user/ros2_ws/install/dsr_description2/share/dsr_description2/urdf/a0509.blue.urdf
[5.822s] -- Symlinking: /home/ros_user/ros2_ws/install/dsr_description2/share/dsr_description2/urdf/a0509.white.urdf
[5.845s] -- Symlinking: /home/ros_user/ros2_ws/install/dsr_description2/share/dsr_description2/urdf/a0912.blue.urdf
[5.866s] -- Symlinking: /home/ros_user/ros2_ws/install/dsr_description2/share/dsr_description2/urdf/a0912.white.urdf
[5.885s] -- Symlinking: /home/ros_user/ros2_ws/install/dsr_description2/share/dsr_description2/urdf/h2017.blue.urdf
[5.906s] -- Symlinking: /home/ros_user/ros2_ws/install/dsr_description2/share/dsr_description2/urdf/h2017.white.urdf
[5.924s] -- Symlinking: /home/ros_user/ros2_ws/install/dsr_description2/share/dsr_description2/urdf/h2515.blue.urdf
[5.951s] -- Symlinking: /home/ros_user/ros2_ws/install/dsr_description2/share/dsr_description2/urdf/h2515.white.urdf
[5.970s] -- Symlinking: /home/ros_user/ros2_ws/install/dsr_description2/share/dsr_description2/urdf/m0609.blue.urdf
[5.992s] -- Symlinking: /home/ros_user/ros2_ws/install/dsr_description2/share/dsr_description2/urdf/m0609.white.urdf
[6.018s] -- Symlinking: /home/ros_user/ros2_ws/install/dsr_description2/share/dsr_description2/urdf/m0617.blue.urdf
[6.040s] -- Symlinking: /home/ros_user/ros2_ws/install/dsr_description2/share/dsr_description2/urdf/m0617.white.urdf
[6.072s] -- Symlinking: /home/ros_user/ros2_ws/install/dsr_description2/share/dsr_description2/urdf/m1013.blue.urdf
[6.104s] -- Symlinking: /home/ros_user/ros2_ws/install/dsr_description2/share/dsr_description2/urdf/m1013.white.urdf
[6.117s] -- Symlinking: /home/ros_user/ros2_ws/install/dsr_description2/share/dsr_description2/urdf/m1509.blue.urdf
[6.123s] -- Symlinking: /home/ros_user/ros2_ws/install/dsr_description2/share/dsr_description2/urdf/m1509.white.urdf
[6.129s] -- Symlinking: /home/ros_user/ros2_ws/install/dsr_description2/share/dsr_description2/xacro/a0509.urdf.xacro
[6.134s] -- Symlinking: /home/ros_user/ros2_ws/install/dsr_description2/share/dsr_description2/xacro/a0912.urdf.xacro
[6.139s] -- Symlinking: /home/ros_user/ros2_ws/install/dsr_description2/share/dsr_description2/xacro/h2017.urdf.xacro
[6.144s] -- Symlinking: /home/ros_user/ros2_ws/install/dsr_description2/share/dsr_description2/xacro/h2515.urdf.xacro
[6.149s] -- Symlinking: /home/ros_user/ros2_ws/install/dsr_description2/share/dsr_description2/xacro/m0609.urdf.xacro
[6.154s] -- Symlinking: /home/ros_user/ros2_ws/install/dsr_description2/share/dsr_description2/xacro/m0617.urdf.xacro
[6.164s] -- Symlinking: /home/ros_user/ros2_ws/install/dsr_description2/share/dsr_description2/xacro/m1013.urdf.xacro
[6.178s] -- Symlinking: /home/ros_user/ros2_ws/install/dsr_description2/share/dsr_description2/xacro/m1509.urdf.xacro
[6.198s] -- Symlinking: /home/ros_user/ros2_ws/install/dsr_description2/share/dsr_description2/xacro/macro.a0509.blue.xacro
[6.216s] -- Symlinking: /home/ros_user/ros2_ws/install/dsr_description2/share/dsr_description2/xacro/macro.a0509.white.xacro
[6.240s] -- Symlinking: /home/ros_user/ros2_ws/install/dsr_description2/share/dsr_description2/xacro/macro.a0912.blue.xacro
[6.264s] -- Symlinking: /home/ros_user/ros2_ws/install/dsr_description2/share/dsr_description2/xacro/macro.a0912.white.xacro
[6.288s] -- Symlinking: /home/ros_user/ros2_ws/install/dsr_description2/share/dsr_description2/xacro/macro.h2017.blue.xacro
[6.306s] -- Symlinking: /home/ros_user/ros2_ws/install/dsr_description2/share/dsr_description2/xacro/macro.h2017.white.xacro
[6.325s] -- Symlinking: /home/ros_user/ros2_ws/install/dsr_description2/share/dsr_description2/xacro/macro.h2515.blue.xacro
[6.348s] -- Symlinking: /home/ros_user/ros2_ws/install/dsr_description2/share/dsr_description2/xacro/macro.h2515.white.xacro
[6.376s] -- Symlinking: /home/ros_user/ros2_ws/install/dsr_description2/share/dsr_description2/xacro/macro.m0609.blue.xacro
[6.398s] -- Symlinking: /home/ros_user/ros2_ws/install/dsr_description2/share/dsr_description2/xacro/macro.m0609.white.xacro
[6.416s] -- Symlinking: /home/ros_user/ros2_ws/install/dsr_description2/share/dsr_description2/xacro/macro.m0617.blue.xacro
[6.440s] -- Symlinking: /home/ros_user/ros2_ws/install/dsr_description2/share/dsr_description2/xacro/macro.m0617.white.xacro
[6.466s] -- Symlinking: /home/ros_user/ros2_ws/install/dsr_description2/share/dsr_description2/xacro/macro.m1013.blue.xacro
[6.490s] -- Symlinking: /home/ros_user/ros2_ws/install/dsr_description2/share/dsr_description2/xacro/macro.m1013.white.xacro
[6.514s] -- Symlinking: /home/ros_user/ros2_ws/install/dsr_description2/share/dsr_description2/xacro/macro.m1509.blue.xacro
[6.542s] -- Symlinking: /home/ros_user/ros2_ws/install/dsr_description2/share/dsr_description2/xacro/macro.m1509.white.xacro
[6.564s] -- Symlinking: /home/ros_user/ros2_ws/install/dsr_description2/share/dsr_description2/xacro/mobile/a0509mobile.urdf.xacro
[6.588s] -- Symlinking: /home/ros_user/ros2_ws/install/dsr_description2/share/dsr_description2/xacro/mobile/a0912mobile.urdf.xacro
[6.607s] -- Symlinking: /home/ros_user/ros2_ws/install/dsr_description2/share/dsr_description2/xacro/mobile/m0609mobile.urdf.xacro
[6.627s] -- Symlinking: /home/ros_user/ros2_ws/install/dsr_description2/share/dsr_description2/xacro/mobile/m0617mobile.urdf.xacro
[6.638s] -- Symlinking: /home/ros_user/ros2_ws/install/dsr_description2/share/dsr_description2/xacro/mobile/m1013mobile.urdf.xacro
[6.643s] -- Symlinking: /home/ros_user/ros2_ws/install/dsr_description2/share/dsr_description2/xacro/mobile/m1509mobile.urdf.xacro
[6.651s] -- Symlinking: /home/ros_user/ros2_ws/install/dsr_description2/share/dsr_description2/xacro/mobile/macro.a0509mobile.blue.xacro
[6.664s] -- Symlinking: /home/ros_user/ros2_ws/install/dsr_description2/share/dsr_description2/xacro/mobile/macro.a0509mobile.white.xacro
[6.676s] -- Symlinking: /home/ros_user/ros2_ws/install/dsr_description2/share/dsr_description2/xacro/mobile/macro.a0912mobile.blue.xacro
[6.697s] -- Symlinking: /home/ros_user/ros2_ws/install/dsr_description2/share/dsr_description2/xacro/mobile/macro.a0912mobile.white.xacro
[6.715s] -- Symlinking: /home/ros_user/ros2_ws/install/dsr_description2/share/dsr_description2/xacro/mobile/macro.m0609mobile.blue.xacro
[6.740s] -- Symlinking: /home/ros_user/ros2_ws/install/dsr_description2/share/dsr_description2/xacro/mobile/macro.m0609mobile.white.xacro
[6.758s] -- Symlinking: /home/ros_user/ros2_ws/install/dsr_description2/share/dsr_description2/xacro/mobile/macro.m0617mobile.blue.xacro
[6.763s] -- Symlinking: /home/ros_user/ros2_ws/install/dsr_description2/share/dsr_description2/xacro/mobile/macro.m0617mobile.white.xacro
[6.773s] -- Symlinking: /home/ros_user/ros2_ws/install/dsr_description2/share/dsr_description2/xacro/mobile/macro.m1013mobile.blue.xacro
[6.778s] -- Symlinking: /home/ros_user/ros2_ws/install/dsr_description2/share/dsr_description2/xacro/mobile/macro.m1013mobile.white.xacro
[6.792s] -- Symlinking: /home/ros_user/ros2_ws/install/dsr_description2/share/dsr_description2/xacro/mobile/macro.m1509mobile.blue.xacro
[6.816s] -- Symlinking: /home/ros_user/ros2_ws/install/dsr_description2/share/dsr_description2/xacro/mobile/macro.m1509mobile.white.xacro
[6.838s] -- Symlinking: /home/ros_user/ros2_ws/install/dsr_description2/share/dsr_description2/xacro/mobile/macro.mobile.xacro
[6.851s] -- Symlinking: /home/ros_user/ros2_ws/install/dsr_description2/share/dsr_description2/xacro/mobile/mobile.urdf.xacro
[6.861s] -- Symlinking: /home/ros_user/ros2_ws/install/dsr_description2/share/dsr_description2/xacro/robotiq_2f_85_gripper/robotiq_2f.urdf.xacro
[6.872s] -- Symlinking: /home/ros_user/ros2_ws/install/dsr_description2/share/dsr_description2/xacro/robotiq_2f_85_gripper/robotiq_85_gripper.transmission.xacro
[6.893s] -- Symlinking: /home/ros_user/ros2_ws/install/dsr_description2/share/dsr_description2/xacro/robotiq_2f_85_gripper/robotiq_85_gripper.urdf.xacro
[6.920s] -- Symlinking: /home/ros_user/ros2_ws/install/dsr_description2/share/dsr_description2/xacro/robotiq_2f_85_gripper/robotiq_85_gripper.xacro
[6.949s] -- Symlinking: /home/ros_user/ros2_ws/install/dsr_description2/share/dsr_description2/xacro/robotiq_2f_85_gripper/robotiq_85_gripper_sim_base.urdf.xacro
[6.981s] -- Symlinking: /home/ros_user/ros2_ws/install/dsr_description2/share/dsr_description2/config/macro.decorations.xacro
[7.005s] -- Symlinking: /home/ros_user/ros2_ws/install/dsr_description2/share/dsr_description2/config/macro.gazebo.xacro
[7.029s] -- Symlinking: /home/ros_user/ros2_ws/install/dsr_description2/share/dsr_description2/config/macro.materials.xacro
[7.049s] -- Symlinking: /home/ros_user/ros2_ws/install/dsr_description2/share/dsr_description2/config/macro.transmission.xacro
[7.083s] -- Symlinking: /home/ros_user/ros2_ws/install/dsr_description2/share/dsr_description2/config/macro.wheel.xacro
[7.109s] -- Symlinking: /home/ros_user/ros2_ws/install/dsr_description2/share/dsr_description2/config/plugin/robotiq_gazebo/CMakeLists.txt
[7.114s] -- Symlinking: /home/ros_user/ros2_ws/install/dsr_description2/share/dsr_description2/config/plugin/robotiq_gazebo/include/robotiq_gazebo/disable_link_plugin.h
[7.133s] -- Symlinking: /home/ros_user/ros2_ws/install/dsr_description2/share/dsr_description2/config/plugin/robotiq_gazebo/include/robotiq_gazebo/mimic_joint_plugin.h
[7.152s] -- Symlinking: /home/ros_user/ros2_ws/install/dsr_description2/share/dsr_description2/config/plugin/robotiq_gazebo/package.xml
[7.172s] -- Symlinking: /home/ros_user/ros2_ws/install/dsr_description2/share/dsr_description2/config/plugin/robotiq_gazebo/src/disable_link_plugin.cpp
[7.189s] -- Symlinking: /home/ros_user/ros2_ws/install/dsr_description2/share/dsr_description2/config/plugin/robotiq_gazebo/src/mimic_joint_plugin.cpp
[7.210s] -- Symlinking: /home/ros_user/ros2_ws/install/dsr_description2/share/dsr_description2/launch/dsr_description.launch.py
[7.235s] -- Symlinking: /home/ros_user/ros2_ws/install/dsr_description2/share/dsr_description2/rviz/default.rviz
[7.253s] -- Symlinking: /home/ros_user/ros2_ws/install/dsr_description2/share/dsr_description2/rviz/moveit.rviz
[7.283s] Invoked command in '/home/ros_user/ros2_ws/build/dsr_description2' returned '0': CMAKE_PREFIX_PATH=/home/ros_user/ros2_ws/install/ros2_course:/opt/ros/foxy /usr/bin/cmake --install /home/ros_user/ros2_ws/build/dsr_description2
