[0.069s] Invoking command in '/home/ros_user/ros2_ws/build/transmission_interface': AMENT_PREFIX_PATH=/home/ros_user/ros2_ws/install/hardware_interface:${AMENT_PREFIX_PATH} CMAKE_PREFIX_PATH=/home/ros_user/ros2_ws/install/hardware_interface:/home/ros_user/ros2_ws/install/ros2_course:/opt/ros/foxy LD_LIBRARY_PATH=/home/ros_user/ros2_ws/install/hardware_interface/lib:${LD_LIBRARY_PATH} /usr/bin/cmake /home/ros_user/ros2_ws/src/ros2_control/transmission_interface -DCMAKE_EXPORT_COMPILE_COMMANDS=ON -DAMENT_CMAKE_SYMLINK_INSTALL=1 -DCMAKE_INSTALL_PREFIX=/home/ros_user/ros2_ws/install/transmission_interface
[0.292s] -- The C compiler identification is GNU 9.4.0
[0.391s] -- The CXX compiler identification is GNU 9.4.0
[0.395s] -- Check for working C compiler: /usr/bin/cc
[0.459s] -- Check for working C compiler: /usr/bin/cc -- works
[0.460s] -- Detecting C compiler ABI info
[0.539s] -- Detecting C compiler ABI info - done
[0.555s] -- Detecting C compile features
[0.555s] -- Detecting C compile features - done
[0.558s] -- Check for working CXX compiler: /usr/bin/c++
[0.807s] -- Check for working CXX compiler: /usr/bin/c++ -- works
[0.809s] -- Detecting CXX compiler ABI info
[1.105s] -- Detecting CXX compiler ABI info - done
[1.127s] -- Detecting CXX compile features
[1.127s] -- Detecting CXX compile features - done
[1.130s] -- Found ament_cmake: 0.9.11 (/opt/ros/foxy/share/ament_cmake/cmake)
[1.220s] -- Found PythonInterp: /usr/bin/python3 (found suitable version "3.8.10", minimum required is "3") 
[1.221s] -- Using PYTHON_EXECUTABLE: /usr/bin/python3
[1.548s] -- Override CMake install command with custom implementation using symlinks instead of copying resources
[1.586s] -- Found hardware_interface: 0.0.0 (/home/ros_user/ros2_ws/install/hardware_interface/share/hardware_interface/cmake)
[1.665s] -- Using all available rosidl_typesupport_c: rosidl_typesupport_fastrtps_c;rosidl_typesupport_introspection_c
[1.683s] -- Found rosidl_adapter: 1.3.0 (/opt/ros/foxy/share/rosidl_adapter/cmake)
[2.051s] -- Found OpenSSL: /usr/lib/x86_64-linux-gnu/libcrypto.so (found version "1.1.1f")  
[2.127s] -- Found FastRTPS: /opt/ros/foxy/include  
[2.301s] -- Using all available rosidl_typesupport_cpp: rosidl_typesupport_fastrtps_cpp;rosidl_typesupport_introspection_cpp
[3.404s] -- Found TinyXML2: /usr/lib/x86_64-linux-gnu/libtinyxml2.so  
[3.468s] -- Found ament_cmake_gmock: 0.9.11 (/opt/ros/foxy/share/ament_cmake_gmock/cmake)
[3.471s] -- Found ament_lint_auto: 0.9.7 (/opt/ros/foxy/share/ament_lint_auto/cmake)
[3.588s] -- Found gmock sources under '/opt/ros/foxy/src/gmock_vendor': C++ tests using 'Google Mock' will be built
[3.602s] -- Found ament_cmake_gtest: 0.9.11 (/opt/ros/foxy/share/ament_cmake_gtest/cmake)
[3.605s] -- Found gtest sources under '/opt/ros/foxy/src/gtest_vendor': C++ tests using 'Google Test' will be built
[3.631s] -- Added test 'copyright' to check source files copyright and LICENSE
[3.633s] -- Added test 'cppcheck' to perform static code analysis on C / C++ code
[3.633s] -- Configured cppcheck include dirs: /home/ros_user/ros2_ws/src/ros2_control/transmission_interface/include
[3.634s] -- Configured cppcheck exclude dirs and/or files: 
[3.635s] -- Added test 'cpplint' to check C / C++ code against the Google style
[3.635s] -- Configured cpplint exclude dirs and/or files: 
[3.636s] -- Added test 'lint_cmake' to check CMake code style
[3.637s] -- Added test 'uncrustify' to check C / C++ code style
[3.637s] -- Configured uncrustify additional arguments: 
[3.638s] -- Added test 'xmllint' to check XML markup files
[3.675s] -- Configuring done
[3.708s] -- Generating done
[3.711s] -- Build files have been written to: /home/ros_user/ros2_ws/build/transmission_interface
[3.726s] Invoked command in '/home/ros_user/ros2_ws/build/transmission_interface' returned '0': AMENT_PREFIX_PATH=/home/ros_user/ros2_ws/install/hardware_interface:${AMENT_PREFIX_PATH} CMAKE_PREFIX_PATH=/home/ros_user/ros2_ws/install/hardware_interface:/home/ros_user/ros2_ws/install/ros2_course:/opt/ros/foxy LD_LIBRARY_PATH=/home/ros_user/ros2_ws/install/hardware_interface/lib:${LD_LIBRARY_PATH} /usr/bin/cmake /home/ros_user/ros2_ws/src/ros2_control/transmission_interface -DCMAKE_EXPORT_COMPILE_COMMANDS=ON -DAMENT_CMAKE_SYMLINK_INSTALL=1 -DCMAKE_INSTALL_PREFIX=/home/ros_user/ros2_ws/install/transmission_interface
[3.727s] Invoking command in '/home/ros_user/ros2_ws/build/transmission_interface': AMENT_PREFIX_PATH=/home/ros_user/ros2_ws/install/hardware_interface:${AMENT_PREFIX_PATH} CMAKE_PREFIX_PATH=/home/ros_user/ros2_ws/install/hardware_interface:/home/ros_user/ros2_ws/install/ros2_course:/opt/ros/foxy LD_LIBRARY_PATH=/home/ros_user/ros2_ws/install/hardware_interface/lib:${LD_LIBRARY_PATH} /usr/bin/cmake --build /home/ros_user/ros2_ws/build/transmission_interface -- -j4 -l4
[3.849s] [35m[1mScanning dependencies of target gmock[0m
[3.870s] [ 11%] [32mBuilding CXX object gmock/CMakeFiles/gmock.dir/opt/ros/foxy/src/gtest_vendor/src/gtest-all.cc.o[0m
[8.129s] [ 22%] [32mBuilding CXX object gmock/CMakeFiles/gmock.dir/src/gmock-all.cc.o[0m
[10.822s] [ 33%] [32m[1mLinking CXX static library libgmock.a[0m
[10.942s] [ 33%] Built target gmock
[10.981s] [35m[1mScanning dependencies of target gmock_main[0m
[11.037s] [ 44%] [32mBuilding CXX object gmock/CMakeFiles/gmock_main.dir/src/gmock_main.cc.o[0m
[12.386s] [ 55%] [32m[1mLinking CXX static library libgmock_main.a[0m
[12.490s] [ 55%] Built target gmock_main
[12.550s] [35m[1mScanning dependencies of target transmission_parser[0m
[12.571s] [ 66%] [32mBuilding CXX object CMakeFiles/transmission_parser.dir/src/transmission_parser.cpp.o[0m
[13.306s] [ 77%] [32m[1mLinking CXX shared library libtransmission_parser.so[0m
[13.509s] [ 77%] Built target transmission_parser
[13.550s] [35m[1mScanning dependencies of target test_transmission_parser[0m
[13.604s] [ 88%] [32mBuilding CXX object CMakeFiles/test_transmission_parser.dir/test/test_transmission_parser.cpp.o[0m
[15.550s] [100%] [32m[1mLinking CXX executable test_transmission_parser[0m
[15.814s] [100%] Built target test_transmission_parser
[15.832s] Invoked command in '/home/ros_user/ros2_ws/build/transmission_interface' returned '0': AMENT_PREFIX_PATH=/home/ros_user/ros2_ws/install/hardware_interface:${AMENT_PREFIX_PATH} CMAKE_PREFIX_PATH=/home/ros_user/ros2_ws/install/hardware_interface:/home/ros_user/ros2_ws/install/ros2_course:/opt/ros/foxy LD_LIBRARY_PATH=/home/ros_user/ros2_ws/install/hardware_interface/lib:${LD_LIBRARY_PATH} /usr/bin/cmake --build /home/ros_user/ros2_ws/build/transmission_interface -- -j4 -l4
[16.168s] Invoking command in '/home/ros_user/ros2_ws/build/transmission_interface': AMENT_PREFIX_PATH=/home/ros_user/ros2_ws/install/hardware_interface:${AMENT_PREFIX_PATH} CMAKE_PREFIX_PATH=/home/ros_user/ros2_ws/install/hardware_interface:/home/ros_user/ros2_ws/install/ros2_course:/opt/ros/foxy LD_LIBRARY_PATH=/home/ros_user/ros2_ws/install/hardware_interface/lib:${LD_LIBRARY_PATH} /usr/bin/cmake --install /home/ros_user/ros2_ws/build/transmission_interface
[16.185s] -- Install configuration: ""
[16.187s] -- Execute custom install script
[16.187s] -- Symlinking: /home/ros_user/ros2_ws/install/transmission_interface/include/transmission_interface/transmission_info.hpp
[16.207s] -- Symlinking: /home/ros_user/ros2_ws/install/transmission_interface/include/transmission_interface/transmission_parser.hpp
[16.222s] -- Symlinking: /home/ros_user/ros2_ws/install/transmission_interface/include/transmission_interface/visibility_control.h
[16.234s] -- Symlinking: /home/ros_user/ros2_ws/install/transmission_interface/lib/libtransmission_parser.so
[16.244s] -- Symlinking: /home/ros_user/ros2_ws/install/transmission_interface/share/transmission_interface/environment/library_path.sh
[16.250s] -- Symlinking: /home/ros_user/ros2_ws/install/transmission_interface/share/transmission_interface/environment/library_path.dsv
[16.266s] -- Symlinking: /home/ros_user/ros2_ws/install/transmission_interface/share/ament_index/resource_index/package_run_dependencies/transmission_interface
[16.289s] -- Symlinking: /home/ros_user/ros2_ws/install/transmission_interface/share/ament_index/resource_index/parent_prefix_path/transmission_interface
[16.314s] -- Symlinking: /home/ros_user/ros2_ws/install/transmission_interface/share/transmission_interface/environment/ament_prefix_path.sh
[16.333s] -- Symlinking: /home/ros_user/ros2_ws/install/transmission_interface/share/transmission_interface/environment/ament_prefix_path.dsv
[16.361s] -- Symlinking: /home/ros_user/ros2_ws/install/transmission_interface/share/transmission_interface/environment/path.sh
[16.395s] -- Symlinking: /home/ros_user/ros2_ws/install/transmission_interface/share/transmission_interface/environment/path.dsv
[16.417s] -- Symlinking: /home/ros_user/ros2_ws/install/transmission_interface/share/transmission_interface/local_setup.bash
[16.427s] -- Symlinking: /home/ros_user/ros2_ws/install/transmission_interface/share/transmission_interface/local_setup.sh
[16.453s] -- Symlinking: /home/ros_user/ros2_ws/install/transmission_interface/share/transmission_interface/local_setup.zsh
[16.482s] -- Symlinking: /home/ros_user/ros2_ws/install/transmission_interface/share/transmission_interface/local_setup.dsv
[16.487s] -- Symlinking: /home/ros_user/ros2_ws/install/transmission_interface/share/transmission_interface/package.dsv
[16.492s] -- Symlinking: /home/ros_user/ros2_ws/install/transmission_interface/share/ament_index/resource_index/packages/transmission_interface
[16.500s] -- Symlinking: /home/ros_user/ros2_ws/install/transmission_interface/share/transmission_interface/cmake/ament_cmake_export_dependencies-extras.cmake
[16.510s] -- Symlinking: /home/ros_user/ros2_ws/install/transmission_interface/share/transmission_interface/cmake/ament_cmake_export_include_directories-extras.cmake
[16.526s] -- Symlinking: /home/ros_user/ros2_ws/install/transmission_interface/share/transmission_interface/cmake/ament_cmake_export_libraries-extras.cmake
[16.555s] -- Symlinking: /home/ros_user/ros2_ws/install/transmission_interface/share/transmission_interface/cmake/transmission_interfaceConfig.cmake
[16.579s] -- Symlinking: /home/ros_user/ros2_ws/install/transmission_interface/share/transmission_interface/cmake/transmission_interfaceConfig-version.cmake
[16.597s] -- Symlinking: /home/ros_user/ros2_ws/install/transmission_interface/share/transmission_interface/package.xml
[16.625s] Invoked command in '/home/ros_user/ros2_ws/build/transmission_interface' returned '0': AMENT_PREFIX_PATH=/home/ros_user/ros2_ws/install/hardware_interface:${AMENT_PREFIX_PATH} CMAKE_PREFIX_PATH=/home/ros_user/ros2_ws/install/hardware_interface:/home/ros_user/ros2_ws/install/ros2_course:/opt/ros/foxy LD_LIBRARY_PATH=/home/ros_user/ros2_ws/install/hardware_interface/lib:${LD_LIBRARY_PATH} /usr/bin/cmake --install /home/ros_user/ros2_ws/build/transmission_interface
