[0.009s] Invoking command in '/home/ros_user/ros2_ws/build/my_launch': CMAKE_PREFIX_PATH=${CMAKE_PREFIX_PATH}:/home/ros_user/ros2_ws/install/sensordatareader:/home/ros_user/ros2_ws/install/ros2_course:/home/ros_user/ros2_ws/install/my_teleop:/home/ros_user/doosan2_ws/install/dsr_example2_py:/opt/ros/foxy /usr/bin/cmake /home/ros_user/ros2_ws/src/my_launch -DCMAKE_INSTALL_PREFIX=/home/ros_user/ros2_ws/install/my_launch
[0.073s] -- The C compiler identification is GNU 9.4.0
[0.165s] -- The CXX compiler identification is GNU 9.4.0
[0.175s] -- Check for working C compiler: /usr/bin/cc
[0.228s] -- Check for working C compiler: /usr/bin/cc -- works
[0.229s] -- Detecting C compiler ABI info
[0.284s] -- Detecting C compiler ABI info - done
[0.291s] -- Detecting C compile features
[0.291s] -- Detecting C compile features - done
[0.293s] -- Check for working CXX compiler: /usr/bin/c++
[0.348s] -- Check for working CXX compiler: /usr/bin/c++ -- works
[0.349s] -- Detecting CXX compiler ABI info
[0.402s] -- Detecting CXX compiler ABI info - done
[0.407s] -- Detecting CXX compile features
[0.407s] -- Detecting CXX compile features - done
[0.413s] -- Found ament_cmake: 0.9.11 (/opt/ros/foxy/share/ament_cmake/cmake)
[0.439s] -- Found PythonInterp: /usr/bin/python3 (found suitable version "3.8.10", minimum required is "3") 
[0.439s] -- Using PYTHON_EXECUTABLE: /usr/bin/python3
[0.575s] -- Found ament_lint_auto: 0.9.7 (/opt/ros/foxy/share/ament_lint_auto/cmake)
[0.629s] -- Added test 'copyright' to check source files copyright and LICENSE
[0.630s] -- Added test 'flake8' to check Python code syntax and style conventions
[0.631s] -- Added test 'lint_cmake' to check CMake code style
[0.631s] -- Added test 'pep257' to check Python code against some of the style conventions in PEP 257
[0.632s] -- Added test 'xmllint' to check XML markup files
[0.635s] -- Configuring done
[0.636s] -- Generating done
[0.636s] -- Build files have been written to: /home/ros_user/ros2_ws/build/my_launch
[0.640s] Invoked command in '/home/ros_user/ros2_ws/build/my_launch' returned '0': CMAKE_PREFIX_PATH=${CMAKE_PREFIX_PATH}:/home/ros_user/ros2_ws/install/sensordatareader:/home/ros_user/ros2_ws/install/ros2_course:/home/ros_user/ros2_ws/install/my_teleop:/home/ros_user/doosan2_ws/install/dsr_example2_py:/opt/ros/foxy /usr/bin/cmake /home/ros_user/ros2_ws/src/my_launch -DCMAKE_INSTALL_PREFIX=/home/ros_user/ros2_ws/install/my_launch
[0.642s] Invoking command in '/home/ros_user/ros2_ws/build/my_launch': CMAKE_PREFIX_PATH=${CMAKE_PREFIX_PATH}:/home/ros_user/ros2_ws/install/sensordatareader:/home/ros_user/ros2_ws/install/ros2_course:/home/ros_user/ros2_ws/install/my_teleop:/home/ros_user/doosan2_ws/install/dsr_example2_py:/opt/ros/foxy /usr/bin/cmake --build /home/ros_user/ros2_ws/build/my_launch -- -j4 -l4
[0.662s] Invoked command in '/home/ros_user/ros2_ws/build/my_launch' returned '0': CMAKE_PREFIX_PATH=${CMAKE_PREFIX_PATH}:/home/ros_user/ros2_ws/install/sensordatareader:/home/ros_user/ros2_ws/install/ros2_course:/home/ros_user/ros2_ws/install/my_teleop:/home/ros_user/doosan2_ws/install/dsr_example2_py:/opt/ros/foxy /usr/bin/cmake --build /home/ros_user/ros2_ws/build/my_launch -- -j4 -l4
[0.694s] Invoking command in '/home/ros_user/ros2_ws/build/my_launch': CMAKE_PREFIX_PATH=${CMAKE_PREFIX_PATH}:/home/ros_user/ros2_ws/install/sensordatareader:/home/ros_user/ros2_ws/install/ros2_course:/home/ros_user/ros2_ws/install/my_teleop:/home/ros_user/doosan2_ws/install/dsr_example2_py:/opt/ros/foxy /usr/bin/cmake --install /home/ros_user/ros2_ws/build/my_launch
[0.701s] -- Install configuration: ""
[0.701s] -- Installing: /home/ros_user/ros2_ws/install/my_launch/share/ament_index/resource_index/package_run_dependencies/my_launch
[0.701s] -- Installing: /home/ros_user/ros2_ws/install/my_launch/share/ament_index/resource_index/parent_prefix_path/my_launch
[0.701s] -- Installing: /home/ros_user/ros2_ws/install/my_launch/share/my_launch/environment/ament_prefix_path.sh
[0.701s] -- Installing: /home/ros_user/ros2_ws/install/my_launch/share/my_launch/environment/ament_prefix_path.dsv
[0.701s] -- Installing: /home/ros_user/ros2_ws/install/my_launch/share/my_launch/environment/path.sh
[0.703s] -- Installing: /home/ros_user/ros2_ws/install/my_launch/share/my_launch/environment/path.dsv
[0.703s] -- Installing: /home/ros_user/ros2_ws/install/my_launch/share/my_launch/local_setup.bash
[0.703s] -- Installing: /home/ros_user/ros2_ws/install/my_launch/share/my_launch/local_setup.sh
[0.703s] -- Installing: /home/ros_user/ros2_ws/install/my_launch/share/my_launch/local_setup.zsh
[0.703s] -- Installing: /home/ros_user/ros2_ws/install/my_launch/share/my_launch/local_setup.dsv
[0.703s] -- Installing: /home/ros_user/ros2_ws/install/my_launch/share/my_launch/package.dsv
[0.704s] -- Installing: /home/ros_user/ros2_ws/install/my_launch/share/ament_index/resource_index/packages/my_launch
[0.704s] -- Installing: /home/ros_user/ros2_ws/install/my_launch/share/my_launch/cmake/my_launchConfig.cmake
[0.704s] -- Installing: /home/ros_user/ros2_ws/install/my_launch/share/my_launch/cmake/my_launchConfig-version.cmake
[0.704s] -- Installing: /home/ros_user/ros2_ws/install/my_launch/share/my_launch/package.xml
[0.705s] Invoked command in '/home/ros_user/ros2_ws/build/my_launch' returned '0': CMAKE_PREFIX_PATH=${CMAKE_PREFIX_PATH}:/home/ros_user/ros2_ws/install/sensordatareader:/home/ros_user/ros2_ws/install/ros2_course:/home/ros_user/ros2_ws/install/my_teleop:/home/ros_user/doosan2_ws/install/dsr_example2_py:/opt/ros/foxy /usr/bin/cmake --install /home/ros_user/ros2_ws/build/my_launch
