[0.017s] Invoking command in '/home/ros_user/ros2_ws/build/velocity_controllers': AMENT_PREFIX_PATH=/home/ros_user/ros2_ws/install/forward_command_controller:/home/ros_user/ros2_ws/install/controller_manager:/home/ros_user/ros2_ws/install/test_robot_hardware:/home/ros_user/ros2_ws/install/controller_interface:/home/ros_user/ros2_ws/install/hardware_interface:/home/ros_user/ros2_ws/install/controller_manager_msgs:${AMENT_PREFIX_PATH} CMAKE_PREFIX_PATH=/home/ros_user/ros2_ws/install/forward_command_controller:/home/ros_user/ros2_ws/install/controller_manager:/home/ros_user/ros2_ws/install/test_robot_hardware:/home/ros_user/ros2_ws/install/controller_interface:/home/ros_user/ros2_ws/install/hardware_interface:/home/ros_user/ros2_ws/install/controller_manager_msgs:/home/ros_user/ros2_ws/install/ros2_course:/opt/ros/foxy LD_LIBRARY_PATH=/home/ros_user/ros2_ws/install/forward_command_controller/lib:/home/ros_user/ros2_ws/install/controller_manager/lib:/home/ros_user/ros2_ws/install/test_robot_hardware/lib:/home/ros_user/ros2_ws/install/controller_interface/lib:/home/ros_user/ros2_ws/install/hardware_interface/lib:/home/ros_user/ros2_ws/install/controller_manager_msgs/lib:${LD_LIBRARY_PATH} PYTHONPATH=/home/ros_user/ros2_ws/install/controller_manager_msgs/lib/python3.8/site-packages:${PYTHONPATH} /usr/bin/cmake /home/ros_user/ros2_ws/src/ros2_controllers/velocity_controllers -DCMAKE_EXPORT_COMPILE_COMMANDS=ON -DAMENT_CMAKE_SYMLINK_INSTALL=1 -DCMAKE_INSTALL_PREFIX=/home/ros_user/ros2_ws/install/velocity_controllers
[0.058s] -- The C compiler identification is GNU 9.4.0
[0.095s] -- The CXX compiler identification is GNU 9.4.0
[0.099s] -- Check for working C compiler: /usr/bin/cc
[0.154s] -- Check for working C compiler: /usr/bin/cc -- works
[0.155s] -- Detecting C compiler ABI info
[0.204s] -- Detecting C compiler ABI info - done
[0.212s] -- Detecting C compile features
[0.213s] -- Detecting C compile features - done
[0.215s] -- Check for working CXX compiler: /usr/bin/c++
[0.264s] -- Check for working CXX compiler: /usr/bin/c++ -- works
[0.265s] -- Detecting CXX compiler ABI info
[0.316s] -- Detecting CXX compiler ABI info - done
[0.324s] -- Detecting CXX compile features
[0.325s] -- Detecting CXX compile features - done
[0.327s] -- Found ament_cmake: 0.9.11 (/opt/ros/foxy/share/ament_cmake/cmake)
[0.347s] -- Found PythonInterp: /usr/bin/python3 (found suitable version "3.8.10", minimum required is "3") 
[0.347s] -- Using PYTHON_EXECUTABLE: /usr/bin/python3
[0.485s] -- Override CMake install command with custom implementation using symlinks instead of copying resources
[0.499s] -- Found forward_command_controller: 0.0.0 (/home/ros_user/ros2_ws/install/forward_command_controller/share/forward_command_controller/cmake)
[0.527s] -- Using all available rosidl_typesupport_c: rosidl_typesupport_fastrtps_c;rosidl_typesupport_introspection_c
[0.533s] -- Found rosidl_adapter: 1.3.0 (/opt/ros/foxy/share/rosidl_adapter/cmake)
[0.584s] -- Found OpenSSL: /usr/lib/x86_64-linux-gnu/libcrypto.so (found version "1.1.1f")  
[0.607s] -- Found FastRTPS: /opt/ros/foxy/include  
[0.667s] -- Using all available rosidl_typesupport_cpp: rosidl_typesupport_fastrtps_cpp;rosidl_typesupport_introspection_cpp
[1.101s] -- Found rmw_implementation_cmake: 1.0.3 (/opt/ros/foxy/share/rmw_implementation_cmake/cmake)
[1.102s] -- Using RMW implementation 'rmw_fastrtps_cpp' as default
[1.102s] -- Looking for pthread.h
[1.161s] -- Looking for pthread.h - found
[1.161s] -- Performing Test CMAKE_HAVE_LIBC_PTHREAD
[1.208s] -- Performing Test CMAKE_HAVE_LIBC_PTHREAD - Failed
[1.208s] -- Looking for pthread_create in pthreads
[1.243s] -- Looking for pthread_create in pthreads - not found
[1.243s] -- Looking for pthread_create in pthread
[1.314s] -- Looking for pthread_create in pthread - found
[1.315s] -- Found Threads: TRUE  
[1.553s] -- Found pluginlib: 2.5.4 (/opt/ros/foxy/share/pluginlib/cmake)
[1.650s] -- Found ament_cmake_gtest: 0.9.11 (/opt/ros/foxy/share/ament_cmake_gtest/cmake)
[1.652s] -- Found ament_lint_auto: 0.9.7 (/opt/ros/foxy/share/ament_lint_auto/cmake)
[1.652s] -- Found controller_manager: 0.0.0 (/home/ros_user/ros2_ws/install/controller_manager/share/controller_manager/cmake)
[1.677s] -- Found test_robot_hardware: 0.0.0 (/home/ros_user/ros2_ws/install/test_robot_hardware/share/test_robot_hardware/cmake)
[1.763s] -- Found gtest sources under '/opt/ros/foxy/src/gtest_vendor': C++ tests using 'Google Test' will be built
[1.766s] -- Check if compiler accepts -pthread
[1.809s] -- Check if compiler accepts -pthread - yes
[1.865s] -- Added test 'copyright' to check source files copyright and LICENSE
[1.866s] -- Added test 'cppcheck' to perform static code analysis on C / C++ code
[1.867s] -- Configured cppcheck include dirs: /home/ros_user/ros2_ws/src/ros2_controllers/velocity_controllers/include
[1.867s] -- Configured cppcheck exclude dirs and/or files: 
[1.868s] -- Added test 'cpplint' to check C / C++ code against the Google style
[1.868s] -- Configured cpplint exclude dirs and/or files: 
[1.868s] -- Added test 'lint_cmake' to check CMake code style
[1.869s] -- Added test 'uncrustify' to check C / C++ code style
[1.869s] -- Configured uncrustify additional arguments: 
[1.870s] -- Added test 'xmllint' to check XML markup files
[1.875s] -- Configuring done
[1.915s] -- Generating done
[1.916s] -- Build files have been written to: /home/ros_user/ros2_ws/build/velocity_controllers
[1.924s] Invoked command in '/home/ros_user/ros2_ws/build/velocity_controllers' returned '0': AMENT_PREFIX_PATH=/home/ros_user/ros2_ws/install/forward_command_controller:/home/ros_user/ros2_ws/install/controller_manager:/home/ros_user/ros2_ws/install/test_robot_hardware:/home/ros_user/ros2_ws/install/controller_interface:/home/ros_user/ros2_ws/install/hardware_interface:/home/ros_user/ros2_ws/install/controller_manager_msgs:${AMENT_PREFIX_PATH} CMAKE_PREFIX_PATH=/home/ros_user/ros2_ws/install/forward_command_controller:/home/ros_user/ros2_ws/install/controller_manager:/home/ros_user/ros2_ws/install/test_robot_hardware:/home/ros_user/ros2_ws/install/controller_interface:/home/ros_user/ros2_ws/install/hardware_interface:/home/ros_user/ros2_ws/install/controller_manager_msgs:/home/ros_user/ros2_ws/install/ros2_course:/opt/ros/foxy LD_LIBRARY_PATH=/home/ros_user/ros2_ws/install/forward_command_controller/lib:/home/ros_user/ros2_ws/install/controller_manager/lib:/home/ros_user/ros2_ws/install/test_robot_hardware/lib:/home/ros_user/ros2_ws/install/controller_interface/lib:/home/ros_user/ros2_ws/install/hardware_interface/lib:/home/ros_user/ros2_ws/install/controller_manager_msgs/lib:${LD_LIBRARY_PATH} PYTHONPATH=/home/ros_user/ros2_ws/install/controller_manager_msgs/lib/python3.8/site-packages:${PYTHONPATH} /usr/bin/cmake /home/ros_user/ros2_ws/src/ros2_controllers/velocity_controllers -DCMAKE_EXPORT_COMPILE_COMMANDS=ON -DAMENT_CMAKE_SYMLINK_INSTALL=1 -DCMAKE_INSTALL_PREFIX=/home/ros_user/ros2_ws/install/velocity_controllers
[1.924s] Invoking command in '/home/ros_user/ros2_ws/build/velocity_controllers': AMENT_PREFIX_PATH=/home/ros_user/ros2_ws/install/forward_command_controller:/home/ros_user/ros2_ws/install/controller_manager:/home/ros_user/ros2_ws/install/test_robot_hardware:/home/ros_user/ros2_ws/install/controller_interface:/home/ros_user/ros2_ws/install/hardware_interface:/home/ros_user/ros2_ws/install/controller_manager_msgs:${AMENT_PREFIX_PATH} CMAKE_PREFIX_PATH=/home/ros_user/ros2_ws/install/forward_command_controller:/home/ros_user/ros2_ws/install/controller_manager:/home/ros_user/ros2_ws/install/test_robot_hardware:/home/ros_user/ros2_ws/install/controller_interface:/home/ros_user/ros2_ws/install/hardware_interface:/home/ros_user/ros2_ws/install/controller_manager_msgs:/home/ros_user/ros2_ws/install/ros2_course:/opt/ros/foxy LD_LIBRARY_PATH=/home/ros_user/ros2_ws/install/forward_command_controller/lib:/home/ros_user/ros2_ws/install/controller_manager/lib:/home/ros_user/ros2_ws/install/test_robot_hardware/lib:/home/ros_user/ros2_ws/install/controller_interface/lib:/home/ros_user/ros2_ws/install/hardware_interface/lib:/home/ros_user/ros2_ws/install/controller_manager_msgs/lib:${LD_LIBRARY_PATH} PYTHONPATH=/home/ros_user/ros2_ws/install/controller_manager_msgs/lib/python3.8/site-packages:${PYTHONPATH} /usr/bin/cmake --build /home/ros_user/ros2_ws/build/velocity_controllers -- -j4 -l4
[1.955s] [35m[1mScanning dependencies of target gtest[0m
[1.965s] [ 10%] [32mBuilding CXX object gtest/CMakeFiles/gtest.dir/src/gtest-all.cc.o[0m
[4.223s] [ 20%] [32m[1mLinking CXX static library libgtest.a[0m
[4.255s] [ 20%] Built target gtest
[4.261s] [35m[1mScanning dependencies of target gtest_main[0m
[4.269s] [ 30%] [32mBuilding CXX object gtest/CMakeFiles/gtest_main.dir/src/gtest_main.cc.o[0m
[4.791s] [ 40%] [32m[1mLinking CXX static library libgtest_main.a[0m
[4.809s] [ 40%] Built target gtest_main
[4.815s] [35m[1mScanning dependencies of target velocity_controllers[0m
[4.844s] [ 50%] [32mBuilding CXX object CMakeFiles/velocity_controllers.dir/src/joint_group_velocity_controller.cpp.o[0m
[6.227s] [ 60%] [32m[1mLinking CXX shared library libvelocity_controllers.so[0m
[6.324s] [ 60%] Built target velocity_controllers
[6.330s] [35m[1mScanning dependencies of target test_load_joint_group_velocity_controller[0m
[6.365s] [ 70%] [32mBuilding CXX object CMakeFiles/test_load_joint_group_velocity_controller.dir/test/test_load_joint_group_velocity_controller.cpp.o[0m
[8.669s] [ 80%] [32m[1mLinking CXX executable test_load_joint_group_velocity_controller[0m
[8.867s] [ 80%] Built target test_load_joint_group_velocity_controller
[8.873s] [35m[1mScanning dependencies of target test_joint_group_velocity_controller[0m
[8.904s] [ 90%] [32mBuilding CXX object CMakeFiles/test_joint_group_velocity_controller.dir/test/test_joint_group_velocity_controller.cpp.o[0m
[10.861s] [100%] [32m[1mLinking CXX executable test_joint_group_velocity_controller[0m
[11.039s] [100%] Built target test_joint_group_velocity_controller
[11.046s] Invoked command in '/home/ros_user/ros2_ws/build/velocity_controllers' returned '0': AMENT_PREFIX_PATH=/home/ros_user/ros2_ws/install/forward_command_controller:/home/ros_user/ros2_ws/install/controller_manager:/home/ros_user/ros2_ws/install/test_robot_hardware:/home/ros_user/ros2_ws/install/controller_interface:/home/ros_user/ros2_ws/install/hardware_interface:/home/ros_user/ros2_ws/install/controller_manager_msgs:${AMENT_PREFIX_PATH} CMAKE_PREFIX_PATH=/home/ros_user/ros2_ws/install/forward_command_controller:/home/ros_user/ros2_ws/install/controller_manager:/home/ros_user/ros2_ws/install/test_robot_hardware:/home/ros_user/ros2_ws/install/controller_interface:/home/ros_user/ros2_ws/install/hardware_interface:/home/ros_user/ros2_ws/install/controller_manager_msgs:/home/ros_user/ros2_ws/install/ros2_course:/opt/ros/foxy LD_LIBRARY_PATH=/home/ros_user/ros2_ws/install/forward_command_controller/lib:/home/ros_user/ros2_ws/install/controller_manager/lib:/home/ros_user/ros2_ws/install/test_robot_hardware/lib:/home/ros_user/ros2_ws/install/controller_interface/lib:/home/ros_user/ros2_ws/install/hardware_interface/lib:/home/ros_user/ros2_ws/install/controller_manager_msgs/lib:${LD_LIBRARY_PATH} PYTHONPATH=/home/ros_user/ros2_ws/install/controller_manager_msgs/lib/python3.8/site-packages:${PYTHONPATH} /usr/bin/cmake --build /home/ros_user/ros2_ws/build/velocity_controllers -- -j4 -l4
[11.065s] Invoking command in '/home/ros_user/ros2_ws/build/velocity_controllers': AMENT_PREFIX_PATH=/home/ros_user/ros2_ws/install/forward_command_controller:/home/ros_user/ros2_ws/install/controller_manager:/home/ros_user/ros2_ws/install/test_robot_hardware:/home/ros_user/ros2_ws/install/controller_interface:/home/ros_user/ros2_ws/install/hardware_interface:/home/ros_user/ros2_ws/install/controller_manager_msgs:${AMENT_PREFIX_PATH} CMAKE_PREFIX_PATH=/home/ros_user/ros2_ws/install/forward_command_controller:/home/ros_user/ros2_ws/install/controller_manager:/home/ros_user/ros2_ws/install/test_robot_hardware:/home/ros_user/ros2_ws/install/controller_interface:/home/ros_user/ros2_ws/install/hardware_interface:/home/ros_user/ros2_ws/install/controller_manager_msgs:/home/ros_user/ros2_ws/install/ros2_course:/opt/ros/foxy LD_LIBRARY_PATH=/home/ros_user/ros2_ws/install/forward_command_controller/lib:/home/ros_user/ros2_ws/install/controller_manager/lib:/home/ros_user/ros2_ws/install/test_robot_hardware/lib:/home/ros_user/ros2_ws/install/controller_interface/lib:/home/ros_user/ros2_ws/install/hardware_interface/lib:/home/ros_user/ros2_ws/install/controller_manager_msgs/lib:${LD_LIBRARY_PATH} PYTHONPATH=/home/ros_user/ros2_ws/install/controller_manager_msgs/lib/python3.8/site-packages:${PYTHONPATH} /usr/bin/cmake --install /home/ros_user/ros2_ws/build/velocity_controllers
[11.072s] -- Install configuration: ""
[11.072s] -- Execute custom install script
[11.072s] -- Symlinking: /home/ros_user/ros2_ws/install/velocity_controllers/share/velocity_controllers//velocity_controllers_plugins.xml
[11.078s] -- Symlinking: /home/ros_user/ros2_ws/install/velocity_controllers/include/velocity_controllers/joint_group_velocity_controller.hpp
[11.083s] -- Symlinking: /home/ros_user/ros2_ws/install/velocity_controllers/include/velocity_controllers/visibility_control.h
[11.088s] -- Symlinking: /home/ros_user/ros2_ws/install/velocity_controllers/lib/libvelocity_controllers.so
[11.093s] -- Symlinking: /home/ros_user/ros2_ws/install/velocity_controllers/share/velocity_controllers/environment/library_path.sh
[11.097s] -- Symlinking: /home/ros_user/ros2_ws/install/velocity_controllers/share/velocity_controllers/environment/library_path.dsv
[11.102s] -- Symlinking: /home/ros_user/ros2_ws/install/velocity_controllers/share/ament_index/resource_index/package_run_dependencies/velocity_controllers
[11.107s] -- Symlinking: /home/ros_user/ros2_ws/install/velocity_controllers/share/ament_index/resource_index/parent_prefix_path/velocity_controllers
[11.111s] -- Symlinking: /home/ros_user/ros2_ws/install/velocity_controllers/share/velocity_controllers/environment/ament_prefix_path.sh
[11.116s] -- Symlinking: /home/ros_user/ros2_ws/install/velocity_controllers/share/velocity_controllers/environment/ament_prefix_path.dsv
[11.121s] -- Symlinking: /home/ros_user/ros2_ws/install/velocity_controllers/share/velocity_controllers/environment/path.sh
[11.125s] -- Symlinking: /home/ros_user/ros2_ws/install/velocity_controllers/share/velocity_controllers/environment/path.dsv
[11.130s] -- Symlinking: /home/ros_user/ros2_ws/install/velocity_controllers/share/velocity_controllers/local_setup.bash
[11.135s] -- Symlinking: /home/ros_user/ros2_ws/install/velocity_controllers/share/velocity_controllers/local_setup.sh
[11.139s] -- Symlinking: /home/ros_user/ros2_ws/install/velocity_controllers/share/velocity_controllers/local_setup.zsh
[11.144s] -- Symlinking: /home/ros_user/ros2_ws/install/velocity_controllers/share/velocity_controllers/local_setup.dsv
[11.149s] -- Symlinking: /home/ros_user/ros2_ws/install/velocity_controllers/share/velocity_controllers/package.dsv
[11.154s] -- Symlinking: /home/ros_user/ros2_ws/install/velocity_controllers/share/ament_index/resource_index/packages/velocity_controllers
[11.159s] -- Symlinking: /home/ros_user/ros2_ws/install/velocity_controllers/share/ament_index/resource_index/controller_interface__pluginlib__plugin/velocity_controllers
[11.163s] -- Symlinking: /home/ros_user/ros2_ws/install/velocity_controllers/share/velocity_controllers/cmake/ament_cmake_export_dependencies-extras.cmake
[11.168s] -- Symlinking: /home/ros_user/ros2_ws/install/velocity_controllers/share/velocity_controllers/cmake/ament_cmake_export_include_directories-extras.cmake
[11.173s] -- Symlinking: /home/ros_user/ros2_ws/install/velocity_controllers/share/velocity_controllers/cmake/ament_cmake_export_libraries-extras.cmake
[11.178s] -- Symlinking: /home/ros_user/ros2_ws/install/velocity_controllers/share/velocity_controllers/cmake/velocity_controllersConfig.cmake
[11.182s] -- Symlinking: /home/ros_user/ros2_ws/install/velocity_controllers/share/velocity_controllers/cmake/velocity_controllersConfig-version.cmake
[11.187s] -- Symlinking: /home/ros_user/ros2_ws/install/velocity_controllers/share/velocity_controllers/package.xml
[11.197s] Invoked command in '/home/ros_user/ros2_ws/build/velocity_controllers' returned '0': AMENT_PREFIX_PATH=/home/ros_user/ros2_ws/install/forward_command_controller:/home/ros_user/ros2_ws/install/controller_manager:/home/ros_user/ros2_ws/install/test_robot_hardware:/home/ros_user/ros2_ws/install/controller_interface:/home/ros_user/ros2_ws/install/hardware_interface:/home/ros_user/ros2_ws/install/controller_manager_msgs:${AMENT_PREFIX_PATH} CMAKE_PREFIX_PATH=/home/ros_user/ros2_ws/install/forward_command_controller:/home/ros_user/ros2_ws/install/controller_manager:/home/ros_user/ros2_ws/install/test_robot_hardware:/home/ros_user/ros2_ws/install/controller_interface:/home/ros_user/ros2_ws/install/hardware_interface:/home/ros_user/ros2_ws/install/controller_manager_msgs:/home/ros_user/ros2_ws/install/ros2_course:/opt/ros/foxy LD_LIBRARY_PATH=/home/ros_user/ros2_ws/install/forward_command_controller/lib:/home/ros_user/ros2_ws/install/controller_manager/lib:/home/ros_user/ros2_ws/install/test_robot_hardware/lib:/home/ros_user/ros2_ws/install/controller_interface/lib:/home/ros_user/ros2_ws/install/hardware_interface/lib:/home/ros_user/ros2_ws/install/controller_manager_msgs/lib:${LD_LIBRARY_PATH} PYTHONPATH=/home/ros_user/ros2_ws/install/controller_manager_msgs/lib/python3.8/site-packages:${PYTHONPATH} /usr/bin/cmake --install /home/ros_user/ros2_ws/build/velocity_controllers
