-- The C compiler identification is GNU 9.4.0
-- The CXX compiler identification is GNU 9.4.0
-- Check for working C compiler: /usr/bin/cc
-- Check for working C compiler: /usr/bin/cc -- works
-- Detecting C compiler ABI info
-- Detecting C compiler ABI info - done
-- Detecting C compile features
-- Detecting C compile features - done
-- Check for working CXX compiler: /usr/bin/c++
-- Check for working CXX compiler: /usr/bin/c++ -- works
-- Detecting CXX compiler ABI info
-- Detecting CXX compiler ABI info - done
-- Detecting CXX compile features
-- Detecting CXX compile features - done
-- Found ament_cmake: 0.9.11 (/opt/ros/foxy/share/ament_cmake/cmake)
-- Found PythonInterp: /usr/bin/python3 (found suitable version "3.8.10", minimum required is "3") 
-- Using PYTHON_EXECUTABLE: /usr/bin/python3
-- Override CMake install command with custom implementation using symlinks instead of copying resources
-- Found ament_index_cpp: 1.1.0 (/opt/ros/foxy/share/ament_index_cpp/cmake)
-- Found controller_interface: 0.0.0 (/home/ros_user/ros2_ws/install/controller_interface/share/controller_interface/cmake)
-- Using all available rosidl_typesupport_c: rosidl_typesupport_fastrtps_c;rosidl_typesupport_introspection_c
-- Found rosidl_adapter: 1.3.0 (/opt/ros/foxy/share/rosidl_adapter/cmake)
-- Found OpenSSL: /usr/lib/x86_64-linux-gnu/libcrypto.so (found version "1.1.1f")  
-- Found FastRTPS: /opt/ros/foxy/include  
-- Using all available rosidl_typesupport_cpp: rosidl_typesupport_fastrtps_cpp;rosidl_typesupport_introspection_cpp
-- Found rmw_implementation_cmake: 1.0.3 (/opt/ros/foxy/share/rmw_implementation_cmake/cmake)
-- Using RMW implementation 'rmw_fastrtps_cpp' as default
-- Looking for pthread.h
-- Looking for pthread.h - found
-- Performing Test CMAKE_HAVE_LIBC_PTHREAD
-- Performing Test CMAKE_HAVE_LIBC_PTHREAD - Failed
-- Looking for pthread_create in pthreads
-- Looking for pthread_create in pthreads - not found
-- Looking for pthread_create in pthread
-- Looking for pthread_create in pthread - found
-- Found Threads: TRUE  
-- Found controller_manager_msgs: 0.0.0 (/home/ros_user/ros2_ws/install/controller_manager_msgs/share/controller_manager_msgs/cmake)
-- Found pluginlib: 2.5.4 (/opt/ros/foxy/share/pluginlib/cmake)
-- Found ament_cmake_gmock: 0.9.11 (/opt/ros/foxy/share/ament_cmake_gmock/cmake)
-- Found ament_cmake_gtest: 0.9.11 (/opt/ros/foxy/share/ament_cmake_gtest/cmake)
-- Found ament_lint_auto: 0.9.7 (/opt/ros/foxy/share/ament_lint_auto/cmake)
-- Found gmock sources under '/opt/ros/foxy/src/gmock_vendor': C++ tests using 'Google Mock' will be built
-- Found gtest sources under '/opt/ros/foxy/src/gtest_vendor': C++ tests using 'Google Test' will be built
-- Added test 'copyright' to check source files copyright and LICENSE
-- Added test 'cppcheck' to perform static code analysis on C / C++ code
-- Configured cppcheck include dirs: /home/ros_user/ros2_ws/src/ros2_control/controller_manager/include
-- Configured cppcheck exclude dirs and/or files: 
-- Added test 'cpplint' to check C / C++ code against the Google style
-- Configured cpplint exclude dirs and/or files: 
-- Added test 'lint_cmake' to check CMake code style
-- Added test 'uncrustify' to check C / C++ code style
-- Configured uncrustify additional arguments: 
-- Added test 'xmllint' to check XML markup files
-- Configuring done
-- Generating done
-- Build files have been written to: /home/ros_user/ros2_ws/build/controller_manager
[35m[1mScanning dependencies of target controller_manager[0m
[  6%] [32mBuilding CXX object CMakeFiles/controller_manager.dir/src/controller_manager.cpp.o[0m
[ 13%] [32m[1mLinking CXX shared library libcontroller_manager.so[0m
[ 13%] Built target controller_manager
[35m[1mScanning dependencies of target gmock_main[0m
[ 20%] [32mBuilding CXX object gmock/CMakeFiles/gmock_main.dir/src/gmock_main.cc.o[0m
[ 26%] [32m[1mLinking CXX static library libgmock_main.a[0m
[ 26%] Built target gmock_main
[35m[1mScanning dependencies of target test_controller[0m
[ 33%] [32mBuilding CXX object CMakeFiles/test_controller.dir/test/test_controller/test_controller.cpp.o[0m
[ 40%] [32m[1mLinking CXX shared library libtest_controller.so[0m
[ 40%] Built target test_controller
[35m[1mScanning dependencies of target gmock[0m
[ 46%] [32mBuilding CXX object gmock/CMakeFiles/gmock.dir/opt/ros/foxy/src/gtest_vendor/src/gtest-all.cc.o[0m
[ 53%] [32mBuilding CXX object gmock/CMakeFiles/gmock.dir/src/gmock-all.cc.o[0m
[ 60%] [32m[1mLinking CXX static library libgmock.a[0m
[ 60%] Built target gmock
[35m[1mScanning dependencies of target test_controller_manager[0m
[ 66%] [32mBuilding CXX object CMakeFiles/test_controller_manager.dir/test/test_controller_manager.cpp.o[0m
[ 73%] [32m[1mLinking CXX executable test_controller_manager[0m
[ 73%] Built target test_controller_manager
[35m[1mScanning dependencies of target test_controller_manager_srvs[0m
[ 80%] [32mBuilding CXX object CMakeFiles/test_controller_manager_srvs.dir/test/test_controller_manager_srvs.cpp.o[0m
[ 86%] [32m[1mLinking CXX executable test_controller_manager_srvs[0m
[ 86%] Built target test_controller_manager_srvs
[35m[1mScanning dependencies of target test_load_controller[0m
[ 93%] [32mBuilding CXX object CMakeFiles/test_load_controller.dir/test/test_load_controller.cpp.o[0m
[100%] [32m[1mLinking CXX executable test_load_controller[0m
[100%] Built target test_load_controller
-- Install configuration: ""
-- Execute custom install script
-- Symlinking: /home/ros_user/ros2_ws/install/controller_manager/lib/libcontroller_manager.so
-- Symlinking: /home/ros_user/ros2_ws/install/controller_manager/include/controller_manager/controller_manager.hpp
-- Symlinking: /home/ros_user/ros2_ws/install/controller_manager/include/controller_manager/controller_spec.hpp
-- Symlinking: /home/ros_user/ros2_ws/install/controller_manager/include/controller_manager/visibility_control.h
-- Symlinking: /home/ros_user/ros2_ws/install/controller_manager/share/controller_manager/test/test_controller.xml
-- Symlinking: /home/ros_user/ros2_ws/install/controller_manager/lib/libtest_controller.so
-- Symlinking: /home/ros_user/ros2_ws/install/controller_manager/share/controller_manager/environment/library_path.sh
-- Symlinking: /home/ros_user/ros2_ws/install/controller_manager/share/controller_manager/environment/library_path.dsv
-- Symlinking: /home/ros_user/ros2_ws/install/controller_manager/share/ament_index/resource_index/package_run_dependencies/controller_manager
-- Symlinking: /home/ros_user/ros2_ws/install/controller_manager/share/ament_index/resource_index/parent_prefix_path/controller_manager
-- Symlinking: /home/ros_user/ros2_ws/install/controller_manager/share/controller_manager/environment/ament_prefix_path.sh
-- Symlinking: /home/ros_user/ros2_ws/install/controller_manager/share/controller_manager/environment/ament_prefix_path.dsv
-- Symlinking: /home/ros_user/ros2_ws/install/controller_manager/share/controller_manager/environment/path.sh
-- Symlinking: /home/ros_user/ros2_ws/install/controller_manager/share/controller_manager/environment/path.dsv
-- Symlinking: /home/ros_user/ros2_ws/install/controller_manager/share/controller_manager/local_setup.bash
-- Symlinking: /home/ros_user/ros2_ws/install/controller_manager/share/controller_manager/local_setup.sh
-- Symlinking: /home/ros_user/ros2_ws/install/controller_manager/share/controller_manager/local_setup.zsh
-- Symlinking: /home/ros_user/ros2_ws/install/controller_manager/share/controller_manager/local_setup.dsv
-- Symlinking: /home/ros_user/ros2_ws/install/controller_manager/share/controller_manager/package.dsv
-- Symlinking: /home/ros_user/ros2_ws/install/controller_manager/share/ament_index/resource_index/packages/controller_manager
-- Symlinking: /home/ros_user/ros2_ws/install/controller_manager/share/ament_index/resource_index/controller_interface__pluginlib__plugin/controller_manager
-- Symlinking: /home/ros_user/ros2_ws/install/controller_manager/share/controller_manager/cmake/ament_cmake_export_libraries-extras.cmake
-- Symlinking: /home/ros_user/ros2_ws/install/controller_manager/share/controller_manager/cmake/ament_cmake_export_include_directories-extras.cmake
-- Symlinking: /home/ros_user/ros2_ws/install/controller_manager/share/controller_manager/cmake/ament_cmake_export_dependencies-extras.cmake
-- Symlinking: /home/ros_user/ros2_ws/install/controller_manager/share/controller_manager/cmake/controller_managerConfig.cmake
-- Symlinking: /home/ros_user/ros2_ws/install/controller_manager/share/controller_manager/cmake/controller_managerConfig-version.cmake
-- Symlinking: /home/ros_user/ros2_ws/install/controller_manager/share/controller_manager/package.xml
