[0.623s] Invoking command in '/home/ros_user/ros2_ws/build/ros2_course': PYTHONPATH=/home/ros_user/ros2_ws/build/ros2_course/prefix_override:/home/ros_user/ros2_ws/install/ros2_course/lib/python3.8/site-packages:${PYTHONPATH} /usr/bin/python3 setup.py develop --uninstall --editable --build-directory /home/ros_user/ros2_ws/build/ros2_course/build
[0.746s] running develop
[0.809s] Invoked command in '/home/ros_user/ros2_ws/build/ros2_course' returned '0': PYTHONPATH=/home/ros_user/ros2_ws/build/ros2_course/prefix_override:/home/ros_user/ros2_ws/install/ros2_course/lib/python3.8/site-packages:${PYTHONPATH} /usr/bin/python3 setup.py develop --uninstall --editable --build-directory /home/ros_user/ros2_ws/build/ros2_course/build
[0.812s] Invoking command in '/home/ros_user/ros2_ws/src/ros2_course': PYTHONPATH=/home/ros_user/ros2_ws/build/ros2_course/prefix_override:/home/ros_user/ros2_ws/install/ros2_course/lib/python3.8/site-packages:${PYTHONPATH} /usr/bin/python3 setup.py egg_info --egg-base ../../build/ros2_course build --build-base /home/ros_user/ros2_ws/build/ros2_course/build install --record /home/ros_user/ros2_ws/build/ros2_course/install.log --single-version-externally-managed
[0.906s] running egg_info
[0.906s] writing ../../build/ros2_course/ros2_course.egg-info/PKG-INFO
[0.906s] writing dependency_links to ../../build/ros2_course/ros2_course.egg-info/dependency_links.txt
[0.907s] writing entry points to ../../build/ros2_course/ros2_course.egg-info/entry_points.txt
[0.907s] writing requirements to ../../build/ros2_course/ros2_course.egg-info/requires.txt
[0.907s] writing top-level names to ../../build/ros2_course/ros2_course.egg-info/top_level.txt
[0.922s] reading manifest file '../../build/ros2_course/ros2_course.egg-info/SOURCES.txt'
[0.922s] writing manifest file '../../build/ros2_course/ros2_course.egg-info/SOURCES.txt'
[0.922s] running build
[0.922s] running build_py
[0.922s] running install
[0.923s] running install_lib
[0.923s] running install_data
[0.924s] running install_egg_info
[0.925s] removing '/home/ros_user/ros2_ws/install/ros2_course/lib/python3.8/site-packages/ros2_course-0.0.0-py3.8.egg-info' (and everything under it)
[0.925s] Copying ../../build/ros2_course/ros2_course.egg-info to /home/ros_user/ros2_ws/install/ros2_course/lib/python3.8/site-packages/ros2_course-0.0.0-py3.8.egg-info
[0.925s] running install_scripts
[0.933s] Installing hello script to /home/ros_user/ros2_ws/install/ros2_course/lib/ros2_course
[0.934s] writing list of installed files to '/home/ros_user/ros2_ws/build/ros2_course/install.log'
[0.949s] Invoked command in '/home/ros_user/ros2_ws/src/ros2_course' returned '0': PYTHONPATH=/home/ros_user/ros2_ws/build/ros2_course/prefix_override:/home/ros_user/ros2_ws/install/ros2_course/lib/python3.8/site-packages:${PYTHONPATH} /usr/bin/python3 setup.py egg_info --egg-base ../../build/ros2_course build --build-base /home/ros_user/ros2_ws/build/ros2_course/build install --record /home/ros_user/ros2_ws/build/ros2_course/install.log --single-version-externally-managed
