[0.028s] Invoking command in '/home/ros_user/ros2_ws/build/ros2_control': AMENT_PREFIX_PATH=/home/ros_user/ros2_ws/install/controller_manager:/home/ros_user/ros2_ws/install/transmission_interface:/home/ros_user/ros2_ws/install/test_robot_hardware:/home/ros_user/ros2_ws/install/joint_limits_interface:/home/ros_user/ros2_ws/install/controller_interface:/home/ros_user/ros2_ws/install/hardware_interface:/home/ros_user/ros2_ws/install/controller_manager_msgs:${AMENT_PREFIX_PATH} CMAKE_PREFIX_PATH=/home/ros_user/ros2_ws/install/controller_manager:/home/ros_user/ros2_ws/install/transmission_interface:/home/ros_user/ros2_ws/install/test_robot_hardware:/home/ros_user/ros2_ws/install/joint_limits_interface:/home/ros_user/ros2_ws/install/controller_interface:/home/ros_user/ros2_ws/install/hardware_interface:/home/ros_user/ros2_ws/install/controller_manager_msgs:/home/ros_user/ros2_ws/install/ros2_course:/opt/ros/foxy LD_LIBRARY_PATH=/home/ros_user/ros2_ws/install/controller_manager/lib:/home/ros_user/ros2_ws/install/transmission_interface/lib:/home/ros_user/ros2_ws/install/test_robot_hardware/lib:/home/ros_user/ros2_ws/install/controller_interface/lib:/home/ros_user/ros2_ws/install/hardware_interface/lib:/home/ros_user/ros2_ws/install/controller_manager_msgs/lib:${LD_LIBRARY_PATH} PYTHONPATH=/home/ros_user/ros2_ws/install/controller_manager_msgs/lib/python3.8/site-packages:${PYTHONPATH} /usr/bin/cmake /home/ros_user/ros2_ws/src/ros2_control/ros2_control -DCMAKE_EXPORT_COMPILE_COMMANDS=ON -DAMENT_CMAKE_SYMLINK_INSTALL=1 -DCMAKE_INSTALL_PREFIX=/home/ros_user/ros2_ws/install/ros2_control
[0.073s] -- The C compiler identification is GNU 9.4.0
[0.109s] -- The CXX compiler identification is GNU 9.4.0
[0.109s] -- Check for working C compiler: /usr/bin/cc
[0.152s] -- Check for working C compiler: /usr/bin/cc -- works
[0.152s] -- Detecting C compiler ABI info
[0.198s] -- Detecting C compiler ABI info - done
[0.206s] -- Detecting C compile features
[0.206s] -- Detecting C compile features - done
[0.208s] -- Check for working CXX compiler: /usr/bin/c++
[0.257s] -- Check for working CXX compiler: /usr/bin/c++ -- works
[0.258s] -- Detecting CXX compiler ABI info
[0.316s] -- Detecting CXX compiler ABI info - done
[0.324s] -- Detecting CXX compile features
[0.325s] -- Detecting CXX compile features - done
[0.327s] -- Found ament_cmake: 0.9.11 (/opt/ros/foxy/share/ament_cmake/cmake)
[0.348s] -- Found PythonInterp: /usr/bin/python3 (found suitable version "3.8.10", minimum required is "3") 
[0.349s] -- Using PYTHON_EXECUTABLE: /usr/bin/python3
[0.476s] -- Override CMake install command with custom implementation using symlinks instead of copying resources
[0.539s] -- Configuring done
[0.540s] -- Generating done
[0.541s] -- Build files have been written to: /home/ros_user/ros2_ws/build/ros2_control
[0.545s] Invoked command in '/home/ros_user/ros2_ws/build/ros2_control' returned '0': AMENT_PREFIX_PATH=/home/ros_user/ros2_ws/install/controller_manager:/home/ros_user/ros2_ws/install/transmission_interface:/home/ros_user/ros2_ws/install/test_robot_hardware:/home/ros_user/ros2_ws/install/joint_limits_interface:/home/ros_user/ros2_ws/install/controller_interface:/home/ros_user/ros2_ws/install/hardware_interface:/home/ros_user/ros2_ws/install/controller_manager_msgs:${AMENT_PREFIX_PATH} CMAKE_PREFIX_PATH=/home/ros_user/ros2_ws/install/controller_manager:/home/ros_user/ros2_ws/install/transmission_interface:/home/ros_user/ros2_ws/install/test_robot_hardware:/home/ros_user/ros2_ws/install/joint_limits_interface:/home/ros_user/ros2_ws/install/controller_interface:/home/ros_user/ros2_ws/install/hardware_interface:/home/ros_user/ros2_ws/install/controller_manager_msgs:/home/ros_user/ros2_ws/install/ros2_course:/opt/ros/foxy LD_LIBRARY_PATH=/home/ros_user/ros2_ws/install/controller_manager/lib:/home/ros_user/ros2_ws/install/transmission_interface/lib:/home/ros_user/ros2_ws/install/test_robot_hardware/lib:/home/ros_user/ros2_ws/install/controller_interface/lib:/home/ros_user/ros2_ws/install/hardware_interface/lib:/home/ros_user/ros2_ws/install/controller_manager_msgs/lib:${LD_LIBRARY_PATH} PYTHONPATH=/home/ros_user/ros2_ws/install/controller_manager_msgs/lib/python3.8/site-packages:${PYTHONPATH} /usr/bin/cmake /home/ros_user/ros2_ws/src/ros2_control/ros2_control -DCMAKE_EXPORT_COMPILE_COMMANDS=ON -DAMENT_CMAKE_SYMLINK_INSTALL=1 -DCMAKE_INSTALL_PREFIX=/home/ros_user/ros2_ws/install/ros2_control
[0.546s] Invoking command in '/home/ros_user/ros2_ws/build/ros2_control': AMENT_PREFIX_PATH=/home/ros_user/ros2_ws/install/controller_manager:/home/ros_user/ros2_ws/install/transmission_interface:/home/ros_user/ros2_ws/install/test_robot_hardware:/home/ros_user/ros2_ws/install/joint_limits_interface:/home/ros_user/ros2_ws/install/controller_interface:/home/ros_user/ros2_ws/install/hardware_interface:/home/ros_user/ros2_ws/install/controller_manager_msgs:${AMENT_PREFIX_PATH} CMAKE_PREFIX_PATH=/home/ros_user/ros2_ws/install/controller_manager:/home/ros_user/ros2_ws/install/transmission_interface:/home/ros_user/ros2_ws/install/test_robot_hardware:/home/ros_user/ros2_ws/install/joint_limits_interface:/home/ros_user/ros2_ws/install/controller_interface:/home/ros_user/ros2_ws/install/hardware_interface:/home/ros_user/ros2_ws/install/controller_manager_msgs:/home/ros_user/ros2_ws/install/ros2_course:/opt/ros/foxy LD_LIBRARY_PATH=/home/ros_user/ros2_ws/install/controller_manager/lib:/home/ros_user/ros2_ws/install/transmission_interface/lib:/home/ros_user/ros2_ws/install/test_robot_hardware/lib:/home/ros_user/ros2_ws/install/controller_interface/lib:/home/ros_user/ros2_ws/install/hardware_interface/lib:/home/ros_user/ros2_ws/install/controller_manager_msgs/lib:${LD_LIBRARY_PATH} PYTHONPATH=/home/ros_user/ros2_ws/install/controller_manager_msgs/lib/python3.8/site-packages:${PYTHONPATH} /usr/bin/cmake --build /home/ros_user/ros2_ws/build/ros2_control -- -j4 -l4
[0.575s] Invoked command in '/home/ros_user/ros2_ws/build/ros2_control' returned '0': AMENT_PREFIX_PATH=/home/ros_user/ros2_ws/install/controller_manager:/home/ros_user/ros2_ws/install/transmission_interface:/home/ros_user/ros2_ws/install/test_robot_hardware:/home/ros_user/ros2_ws/install/joint_limits_interface:/home/ros_user/ros2_ws/install/controller_interface:/home/ros_user/ros2_ws/install/hardware_interface:/home/ros_user/ros2_ws/install/controller_manager_msgs:${AMENT_PREFIX_PATH} CMAKE_PREFIX_PATH=/home/ros_user/ros2_ws/install/controller_manager:/home/ros_user/ros2_ws/install/transmission_interface:/home/ros_user/ros2_ws/install/test_robot_hardware:/home/ros_user/ros2_ws/install/joint_limits_interface:/home/ros_user/ros2_ws/install/controller_interface:/home/ros_user/ros2_ws/install/hardware_interface:/home/ros_user/ros2_ws/install/controller_manager_msgs:/home/ros_user/ros2_ws/install/ros2_course:/opt/ros/foxy LD_LIBRARY_PATH=/home/ros_user/ros2_ws/install/controller_manager/lib:/home/ros_user/ros2_ws/install/transmission_interface/lib:/home/ros_user/ros2_ws/install/test_robot_hardware/lib:/home/ros_user/ros2_ws/install/controller_interface/lib:/home/ros_user/ros2_ws/install/hardware_interface/lib:/home/ros_user/ros2_ws/install/controller_manager_msgs/lib:${LD_LIBRARY_PATH} PYTHONPATH=/home/ros_user/ros2_ws/install/controller_manager_msgs/lib/python3.8/site-packages:${PYTHONPATH} /usr/bin/cmake --build /home/ros_user/ros2_ws/build/ros2_control -- -j4 -l4
[0.589s] Invoking command in '/home/ros_user/ros2_ws/build/ros2_control': AMENT_PREFIX_PATH=/home/ros_user/ros2_ws/install/controller_manager:/home/ros_user/ros2_ws/install/transmission_interface:/home/ros_user/ros2_ws/install/test_robot_hardware:/home/ros_user/ros2_ws/install/joint_limits_interface:/home/ros_user/ros2_ws/install/controller_interface:/home/ros_user/ros2_ws/install/hardware_interface:/home/ros_user/ros2_ws/install/controller_manager_msgs:${AMENT_PREFIX_PATH} CMAKE_PREFIX_PATH=/home/ros_user/ros2_ws/install/controller_manager:/home/ros_user/ros2_ws/install/transmission_interface:/home/ros_user/ros2_ws/install/test_robot_hardware:/home/ros_user/ros2_ws/install/joint_limits_interface:/home/ros_user/ros2_ws/install/controller_interface:/home/ros_user/ros2_ws/install/hardware_interface:/home/ros_user/ros2_ws/install/controller_manager_msgs:/home/ros_user/ros2_ws/install/ros2_course:/opt/ros/foxy LD_LIBRARY_PATH=/home/ros_user/ros2_ws/install/controller_manager/lib:/home/ros_user/ros2_ws/install/transmission_interface/lib:/home/ros_user/ros2_ws/install/test_robot_hardware/lib:/home/ros_user/ros2_ws/install/controller_interface/lib:/home/ros_user/ros2_ws/install/hardware_interface/lib:/home/ros_user/ros2_ws/install/controller_manager_msgs/lib:${LD_LIBRARY_PATH} PYTHONPATH=/home/ros_user/ros2_ws/install/controller_manager_msgs/lib/python3.8/site-packages:${PYTHONPATH} /usr/bin/cmake --install /home/ros_user/ros2_ws/build/ros2_control
[0.596s] -- Install configuration: ""
[0.596s] -- Execute custom install script
[0.596s] -- Symlinking: /home/ros_user/ros2_ws/install/ros2_control/share/ament_index/resource_index/package_run_dependencies/ros2_control
[0.601s] -- Symlinking: /home/ros_user/ros2_ws/install/ros2_control/share/ament_index/resource_index/parent_prefix_path/ros2_control
[0.607s] -- Symlinking: /home/ros_user/ros2_ws/install/ros2_control/share/ros2_control/environment/ament_prefix_path.sh
[0.612s] -- Symlinking: /home/ros_user/ros2_ws/install/ros2_control/share/ros2_control/environment/ament_prefix_path.dsv
[0.616s] -- Symlinking: /home/ros_user/ros2_ws/install/ros2_control/share/ros2_control/environment/path.sh
[0.621s] -- Symlinking: /home/ros_user/ros2_ws/install/ros2_control/share/ros2_control/environment/path.dsv
[0.626s] -- Symlinking: /home/ros_user/ros2_ws/install/ros2_control/share/ros2_control/local_setup.bash
[0.631s] -- Symlinking: /home/ros_user/ros2_ws/install/ros2_control/share/ros2_control/local_setup.sh
[0.639s] -- Symlinking: /home/ros_user/ros2_ws/install/ros2_control/share/ros2_control/local_setup.zsh
[0.644s] -- Symlinking: /home/ros_user/ros2_ws/install/ros2_control/share/ros2_control/local_setup.dsv
[0.651s] -- Symlinking: /home/ros_user/ros2_ws/install/ros2_control/share/ros2_control/package.dsv
[0.656s] -- Symlinking: /home/ros_user/ros2_ws/install/ros2_control/share/ament_index/resource_index/packages/ros2_control
[0.661s] -- Symlinking: /home/ros_user/ros2_ws/install/ros2_control/share/ros2_control/cmake/ros2_controlConfig.cmake
[0.666s] -- Symlinking: /home/ros_user/ros2_ws/install/ros2_control/share/ros2_control/cmake/ros2_controlConfig-version.cmake
[0.671s] -- Symlinking: /home/ros_user/ros2_ws/install/ros2_control/share/ros2_control/package.xml
[0.681s] Invoked command in '/home/ros_user/ros2_ws/build/ros2_control' returned '0': AMENT_PREFIX_PATH=/home/ros_user/ros2_ws/install/controller_manager:/home/ros_user/ros2_ws/install/transmission_interface:/home/ros_user/ros2_ws/install/test_robot_hardware:/home/ros_user/ros2_ws/install/joint_limits_interface:/home/ros_user/ros2_ws/install/controller_interface:/home/ros_user/ros2_ws/install/hardware_interface:/home/ros_user/ros2_ws/install/controller_manager_msgs:${AMENT_PREFIX_PATH} CMAKE_PREFIX_PATH=/home/ros_user/ros2_ws/install/controller_manager:/home/ros_user/ros2_ws/install/transmission_interface:/home/ros_user/ros2_ws/install/test_robot_hardware:/home/ros_user/ros2_ws/install/joint_limits_interface:/home/ros_user/ros2_ws/install/controller_interface:/home/ros_user/ros2_ws/install/hardware_interface:/home/ros_user/ros2_ws/install/controller_manager_msgs:/home/ros_user/ros2_ws/install/ros2_course:/opt/ros/foxy LD_LIBRARY_PATH=/home/ros_user/ros2_ws/install/controller_manager/lib:/home/ros_user/ros2_ws/install/transmission_interface/lib:/home/ros_user/ros2_ws/install/test_robot_hardware/lib:/home/ros_user/ros2_ws/install/controller_interface/lib:/home/ros_user/ros2_ws/install/hardware_interface/lib:/home/ros_user/ros2_ws/install/controller_manager_msgs/lib:${LD_LIBRARY_PATH} PYTHONPATH=/home/ros_user/ros2_ws/install/controller_manager_msgs/lib/python3.8/site-packages:${PYTHONPATH} /usr/bin/cmake --install /home/ros_user/ros2_ws/build/ros2_control
