[0.419s] Invoking command in '/home/ros_user/ros2_ws/src/my_teleop': PYTHONPATH=/home/ros_user/ros2_ws/build/my_teleop/prefix_override:/home/ros_user/ros2_ws/install/my_teleop/lib/python3.8/site-packages:${PYTHONPATH} /usr/bin/python3 setup.py egg_info --egg-base ../../build/my_teleop build --build-base /home/ros_user/ros2_ws/build/my_teleop/build install --record /home/ros_user/ros2_ws/build/my_teleop/install.log --install-scripts $base/lib/my_teleop --single-version-externally-managed
[0.502s] running egg_info
[0.503s] creating ../../build/my_teleop/my_teleop.egg-info
[0.503s] writing ../../build/my_teleop/my_teleop.egg-info/PKG-INFO
[0.503s] writing dependency_links to ../../build/my_teleop/my_teleop.egg-info/dependency_links.txt
[0.503s] writing entry points to ../../build/my_teleop/my_teleop.egg-info/entry_points.txt
[0.503s] writing requirements to ../../build/my_teleop/my_teleop.egg-info/requires.txt
[0.503s] writing top-level names to ../../build/my_teleop/my_teleop.egg-info/top_level.txt
[0.505s] writing manifest file '../../build/my_teleop/my_teleop.egg-info/SOURCES.txt'
[0.518s] reading manifest file '../../build/my_teleop/my_teleop.egg-info/SOURCES.txt'
[0.519s] writing manifest file '../../build/my_teleop/my_teleop.egg-info/SOURCES.txt'
[0.519s] running build
[0.519s] running build_py
[0.519s] creating /home/ros_user/ros2_ws/build/my_teleop/build
[0.519s] creating /home/ros_user/ros2_ws/build/my_teleop/build/lib
[0.519s] creating /home/ros_user/ros2_ws/build/my_teleop/build/lib/my_teleop
[0.519s] copying my_teleop/__init__.py -> /home/ros_user/ros2_ws/build/my_teleop/build/lib/my_teleop
[0.519s] copying my_teleop/teleop.py -> /home/ros_user/ros2_ws/build/my_teleop/build/lib/my_teleop
[0.519s] running install
[0.519s] running install_lib
[0.520s] creating /home/ros_user/ros2_ws/install/my_teleop/lib/python3.8/site-packages/my_teleop
[0.520s] copying /home/ros_user/ros2_ws/build/my_teleop/build/lib/my_teleop/__init__.py -> /home/ros_user/ros2_ws/install/my_teleop/lib/python3.8/site-packages/my_teleop
[0.520s] copying /home/ros_user/ros2_ws/build/my_teleop/build/lib/my_teleop/teleop.py -> /home/ros_user/ros2_ws/install/my_teleop/lib/python3.8/site-packages/my_teleop
[0.520s] byte-compiling /home/ros_user/ros2_ws/install/my_teleop/lib/python3.8/site-packages/my_teleop/__init__.py to __init__.cpython-38.pyc
[0.520s] byte-compiling /home/ros_user/ros2_ws/install/my_teleop/lib/python3.8/site-packages/my_teleop/teleop.py to teleop.cpython-38.pyc
[0.521s] running install_data
[0.521s] creating /home/ros_user/ros2_ws/install/my_teleop/share/ament_index
[0.521s] creating /home/ros_user/ros2_ws/install/my_teleop/share/ament_index/resource_index
[0.521s] creating /home/ros_user/ros2_ws/install/my_teleop/share/ament_index/resource_index/packages
[0.521s] copying resource/my_teleop -> /home/ros_user/ros2_ws/install/my_teleop/share/ament_index/resource_index/packages
[0.521s] copying package.xml -> /home/ros_user/ros2_ws/install/my_teleop/share/my_teleop
[0.521s] running install_egg_info
[0.522s] Copying ../../build/my_teleop/my_teleop.egg-info to /home/ros_user/ros2_ws/install/my_teleop/lib/python3.8/site-packages/my_teleop-0.0.0-py3.8.egg-info
[0.522s] running install_scripts
[0.529s] Installing teleop script to /home/ros_user/ros2_ws/install/my_teleop/lib/my_teleop
[0.529s] writing list of installed files to '/home/ros_user/ros2_ws/build/my_teleop/install.log'
[0.537s] Invoked command in '/home/ros_user/ros2_ws/src/my_teleop' returned '0': PYTHONPATH=/home/ros_user/ros2_ws/build/my_teleop/prefix_override:/home/ros_user/ros2_ws/install/my_teleop/lib/python3.8/site-packages:${PYTHONPATH} /usr/bin/python3 setup.py egg_info --egg-base ../../build/my_teleop build --build-base /home/ros_user/ros2_ws/build/my_teleop/build install --record /home/ros_user/ros2_ws/build/my_teleop/install.log --install-scripts $base/lib/my_teleop --single-version-externally-managed
