[0.534s] Invoking command in '/home/ros_user/ros2_ws/src/my_teleop': PYTHONPATH=/home/ros_user/ros2_ws/build/my_teleop/prefix_override:/home/ros_user/ros2_ws/install/my_teleop/lib/python3.8/site-packages:${PYTHONPATH} /usr/bin/python3 setup.py egg_info --egg-base ../../build/my_teleop build --build-base /home/ros_user/ros2_ws/build/my_teleop/build install --record /home/ros_user/ros2_ws/build/my_teleop/install.log --install-scripts $base/lib/my_teleop --single-version-externally-managed
[0.639s] running egg_info
[0.639s] writing ../../build/my_teleop/my_teleop.egg-info/PKG-INFO
[0.639s] writing dependency_links to ../../build/my_teleop/my_teleop.egg-info/dependency_links.txt
[0.640s] writing entry points to ../../build/my_teleop/my_teleop.egg-info/entry_points.txt
[0.640s] writing requirements to ../../build/my_teleop/my_teleop.egg-info/requires.txt
[0.640s] writing top-level names to ../../build/my_teleop/my_teleop.egg-info/top_level.txt
[0.658s] reading manifest file '../../build/my_teleop/my_teleop.egg-info/SOURCES.txt'
[0.658s] writing manifest file '../../build/my_teleop/my_teleop.egg-info/SOURCES.txt'
[0.658s] running build
[0.658s] running build_py
[0.667s] running install
[0.667s] running install_lib
[0.667s] running install_data
[0.667s] running install_egg_info
[0.667s] removing '/home/ros_user/ros2_ws/install/my_teleop/lib/python3.8/site-packages/my_teleop-0.0.0-py3.8.egg-info' (and everything under it)
[0.667s] Copying ../../build/my_teleop/my_teleop.egg-info to /home/ros_user/ros2_ws/install/my_teleop/lib/python3.8/site-packages/my_teleop-0.0.0-py3.8.egg-info
[0.667s] running install_scripts
[0.673s] Installing teleop script to /home/ros_user/ros2_ws/install/my_teleop/lib/my_teleop
[0.673s] writing list of installed files to '/home/ros_user/ros2_ws/build/my_teleop/install.log'
[0.698s] Invoked command in '/home/ros_user/ros2_ws/src/my_teleop' returned '0': PYTHONPATH=/home/ros_user/ros2_ws/build/my_teleop/prefix_override:/home/ros_user/ros2_ws/install/my_teleop/lib/python3.8/site-packages:${PYTHONPATH} /usr/bin/python3 setup.py egg_info --egg-base ../../build/my_teleop build --build-base /home/ros_user/ros2_ws/build/my_teleop/build install --record /home/ros_user/ros2_ws/build/my_teleop/install.log --install-scripts $base/lib/my_teleop --single-version-externally-managed
