[0.154s] DEBUG:colcon:Command line arguments: ['/usr/bin/colcon', 'build']
[0.154s] DEBUG:colcon:Parsed command line arguments: Namespace(allow_overriding=[], ament_cmake_args=None, base_paths=['.'], build_base='build', catkin_cmake_args=None, catkin_skip_building_tests=False, cmake_args=None, cmake_clean_cache=False, cmake_clean_first=False, cmake_force_configure=False, cmake_target=None, cmake_target_skip_unavailable=False, continue_on_error=False, event_handlers=None, executor='parallel', ignore_user_meta=False, install_base='install', log_base=None, log_level=None, main=<bound method BuildVerb.main of <colcon_core.verb.build.BuildVerb object at 0x7f49f2142310>>, merge_install=False, metas=['./colcon.meta'], packages_above=None, packages_above_and_dependencies=None, packages_above_depth=None, packages_end=None, packages_ignore=None, packages_ignore_regex=None, packages_select=None, packages_select_build_failed=False, packages_select_by_dep=None, packages_select_regex=None, packages_select_test_failures=False, packages_skip=None, packages_skip_build_finished=False, packages_skip_by_dep=None, packages_skip_regex=None, packages_skip_test_passed=False, packages_skip_up_to=None, packages_start=None, packages_up_to=None, packages_up_to_regex=None, parallel_workers=4, paths=None, symlink_install=False, test_result_base=None, verb_extension=<colcon_core.verb.build.BuildVerb object at 0x7f49f2142310>, verb_name='build', verb_parser=<colcon_defaults.argument_parser.defaults.DefaultArgumentsDecorator object at 0x7f49f2142850>)
[0.166s] Level 1:colcon.colcon_core.package_discovery:discover_packages(colcon_meta) check parameters
[0.166s] Level 1:colcon.colcon_core.package_discovery:discover_packages(recursive) check parameters
[0.166s] Level 1:colcon.colcon_core.package_discovery:discover_packages(ignore) check parameters
[0.166s] Level 1:colcon.colcon_core.package_discovery:discover_packages(path) check parameters
[0.166s] Level 1:colcon.colcon_core.package_discovery:discover_packages(colcon_meta) discover
[0.166s] Level 1:colcon.colcon_core.package_discovery:discover_packages(recursive) discover
[0.166s] INFO:colcon.colcon_core.package_discovery:Crawling recursively for packages in '/home/ros_user/ros2_ws'
[0.166s] Level 1:colcon.colcon_core.package_identification:_identify(.) by extensions ['ignore', 'ignore_ament_install']
[0.166s] Level 1:colcon.colcon_core.package_identification:_identify(.) by extension 'ignore'
[0.166s] Level 1:colcon.colcon_core.package_identification:_identify(.) by extension 'ignore_ament_install'
[0.166s] Level 1:colcon.colcon_core.package_identification:_identify(.) by extensions ['colcon_pkg']
[0.167s] Level 1:colcon.colcon_core.package_identification:_identify(.) by extension 'colcon_pkg'
[0.167s] Level 1:colcon.colcon_core.package_identification:_identify(.) by extensions ['colcon_meta']
[0.167s] Level 1:colcon.colcon_core.package_identification:_identify(.) by extension 'colcon_meta'
[0.167s] Level 1:colcon.colcon_core.package_identification:_identify(.) by extensions ['ros']
[0.167s] Level 1:colcon.colcon_core.package_identification:_identify(.) by extension 'ros'
[0.180s] Level 1:colcon.colcon_core.package_identification:_identify(.) by extensions ['cmake', 'python']
[0.180s] Level 1:colcon.colcon_core.package_identification:_identify(.) by extension 'cmake'
[0.180s] Level 1:colcon.colcon_core.package_identification:_identify(.) by extension 'python'
[0.180s] Level 1:colcon.colcon_core.package_identification:_identify(.) by extensions ['python_setup_py']
[0.180s] Level 1:colcon.colcon_core.package_identification:_identify(.) by extension 'python_setup_py'
[0.180s] Level 1:colcon.colcon_core.package_identification:_identify(build) by extensions ['ignore', 'ignore_ament_install']
[0.180s] Level 1:colcon.colcon_core.package_identification:_identify(build) by extension 'ignore'
[0.180s] Level 1:colcon.colcon_core.package_identification:_identify(build) ignored
[0.180s] Level 1:colcon.colcon_core.package_identification:_identify(devel) by extensions ['ignore', 'ignore_ament_install']
[0.180s] Level 1:colcon.colcon_core.package_identification:_identify(devel) by extension 'ignore'
[0.180s] Level 1:colcon.colcon_core.package_identification:_identify(devel) by extension 'ignore_ament_install'
[0.180s] Level 1:colcon.colcon_core.package_identification:_identify(devel) by extensions ['colcon_pkg']
[0.180s] Level 1:colcon.colcon_core.package_identification:_identify(devel) by extension 'colcon_pkg'
[0.180s] Level 1:colcon.colcon_core.package_identification:_identify(devel) by extensions ['colcon_meta']
[0.180s] Level 1:colcon.colcon_core.package_identification:_identify(devel) by extension 'colcon_meta'
[0.180s] Level 1:colcon.colcon_core.package_identification:_identify(devel) by extensions ['ros']
[0.180s] Level 1:colcon.colcon_core.package_identification:_identify(devel) by extension 'ros'
[0.180s] Level 1:colcon.colcon_core.package_identification:_identify(devel) by extensions ['cmake', 'python']
[0.180s] Level 1:colcon.colcon_core.package_identification:_identify(devel) by extension 'cmake'
[0.180s] Level 1:colcon.colcon_core.package_identification:_identify(devel) by extension 'python'
[0.180s] Level 1:colcon.colcon_core.package_identification:_identify(devel) by extensions ['python_setup_py']
[0.180s] Level 1:colcon.colcon_core.package_identification:_identify(devel) by extension 'python_setup_py'
[0.180s] Level 1:colcon.colcon_core.package_identification:_identify(install) by extensions ['ignore', 'ignore_ament_install']
[0.180s] Level 1:colcon.colcon_core.package_identification:_identify(install) by extension 'ignore'
[0.180s] Level 1:colcon.colcon_core.package_identification:_identify(install) ignored
[0.180s] Level 1:colcon.colcon_core.package_identification:_identify(log) by extensions ['ignore', 'ignore_ament_install']
[0.180s] Level 1:colcon.colcon_core.package_identification:_identify(log) by extension 'ignore'
[0.180s] Level 1:colcon.colcon_core.package_identification:_identify(log) ignored
[0.180s] Level 1:colcon.colcon_core.package_identification:_identify(logs) by extensions ['ignore', 'ignore_ament_install']
[0.180s] Level 1:colcon.colcon_core.package_identification:_identify(logs) by extension 'ignore'
[0.180s] Level 1:colcon.colcon_core.package_identification:_identify(logs) by extension 'ignore_ament_install'
[0.180s] Level 1:colcon.colcon_core.package_identification:_identify(logs) by extensions ['colcon_pkg']
[0.180s] Level 1:colcon.colcon_core.package_identification:_identify(logs) by extension 'colcon_pkg'
[0.180s] Level 1:colcon.colcon_core.package_identification:_identify(logs) by extensions ['colcon_meta']
[0.180s] Level 1:colcon.colcon_core.package_identification:_identify(logs) by extension 'colcon_meta'
[0.181s] Level 1:colcon.colcon_core.package_identification:_identify(logs) by extensions ['ros']
[0.181s] Level 1:colcon.colcon_core.package_identification:_identify(logs) by extension 'ros'
[0.181s] Level 1:colcon.colcon_core.package_identification:_identify(logs) by extensions ['cmake', 'python']
[0.181s] Level 1:colcon.colcon_core.package_identification:_identify(logs) by extension 'cmake'
[0.181s] Level 1:colcon.colcon_core.package_identification:_identify(logs) by extension 'python'
[0.181s] Level 1:colcon.colcon_core.package_identification:_identify(logs) by extensions ['python_setup_py']
[0.181s] Level 1:colcon.colcon_core.package_identification:_identify(logs) by extension 'python_setup_py'
[0.181s] Level 1:colcon.colcon_core.package_identification:_identify(src) by extensions ['ignore', 'ignore_ament_install']
[0.181s] Level 1:colcon.colcon_core.package_identification:_identify(src) by extension 'ignore'
[0.181s] Level 1:colcon.colcon_core.package_identification:_identify(src) by extension 'ignore_ament_install'
[0.181s] Level 1:colcon.colcon_core.package_identification:_identify(src) by extensions ['colcon_pkg']
[0.181s] Level 1:colcon.colcon_core.package_identification:_identify(src) by extension 'colcon_pkg'
[0.181s] Level 1:colcon.colcon_core.package_identification:_identify(src) by extensions ['colcon_meta']
[0.181s] Level 1:colcon.colcon_core.package_identification:_identify(src) by extension 'colcon_meta'
[0.181s] Level 1:colcon.colcon_core.package_identification:_identify(src) by extensions ['ros']
[0.181s] Level 1:colcon.colcon_core.package_identification:_identify(src) by extension 'ros'
[0.181s] Level 1:colcon.colcon_core.package_identification:_identify(src) by extensions ['cmake', 'python']
[0.181s] Level 1:colcon.colcon_core.package_identification:_identify(src) by extension 'cmake'
[0.181s] Level 1:colcon.colcon_core.package_identification:_identify(src) by extension 'python'
[0.181s] Level 1:colcon.colcon_core.package_identification:_identify(src) by extensions ['python_setup_py']
[0.181s] Level 1:colcon.colcon_core.package_identification:_identify(src) by extension 'python_setup_py'
[0.181s] Level 1:colcon.colcon_core.package_identification:_identify(src/my_teleop) by extensions ['ignore', 'ignore_ament_install']
[0.181s] Level 1:colcon.colcon_core.package_identification:_identify(src/my_teleop) by extension 'ignore'
[0.181s] Level 1:colcon.colcon_core.package_identification:_identify(src/my_teleop) by extension 'ignore_ament_install'
[0.181s] Level 1:colcon.colcon_core.package_identification:_identify(src/my_teleop) by extensions ['colcon_pkg']
[0.181s] Level 1:colcon.colcon_core.package_identification:_identify(src/my_teleop) by extension 'colcon_pkg'
[0.181s] Level 1:colcon.colcon_core.package_identification:_identify(src/my_teleop) by extensions ['colcon_meta']
[0.181s] Level 1:colcon.colcon_core.package_identification:_identify(src/my_teleop) by extension 'colcon_meta'
[0.181s] Level 1:colcon.colcon_core.package_identification:_identify(src/my_teleop) by extensions ['ros']
[0.181s] Level 1:colcon.colcon_core.package_identification:_identify(src/my_teleop) by extension 'ros'
[0.182s] DEBUG:colcon.colcon_core.package_identification:Package 'src/my_teleop' with type 'ros.ament_python' and name 'my_teleop'
[0.182s] Level 1:colcon.colcon_core.package_identification:_identify(src/ros2_course) by extensions ['ignore', 'ignore_ament_install']
[0.182s] Level 1:colcon.colcon_core.package_identification:_identify(src/ros2_course) by extension 'ignore'
[0.182s] Level 1:colcon.colcon_core.package_identification:_identify(src/ros2_course) by extension 'ignore_ament_install'
[0.182s] Level 1:colcon.colcon_core.package_identification:_identify(src/ros2_course) by extensions ['colcon_pkg']
[0.182s] Level 1:colcon.colcon_core.package_identification:_identify(src/ros2_course) by extension 'colcon_pkg'
[0.183s] Level 1:colcon.colcon_core.package_identification:_identify(src/ros2_course) by extensions ['colcon_meta']
[0.183s] Level 1:colcon.colcon_core.package_identification:_identify(src/ros2_course) by extension 'colcon_meta'
[0.183s] Level 1:colcon.colcon_core.package_identification:_identify(src/ros2_course) by extensions ['ros']
[0.183s] Level 1:colcon.colcon_core.package_identification:_identify(src/ros2_course) by extension 'ros'
[0.183s] DEBUG:colcon.colcon_core.package_identification:Package 'src/ros2_course' with type 'ros.ament_python' and name 'ros2_course'
[0.183s] Level 1:colcon.colcon_core.package_identification:_identify(src/sensordatareader) by extensions ['ignore', 'ignore_ament_install']
[0.183s] Level 1:colcon.colcon_core.package_identification:_identify(src/sensordatareader) by extension 'ignore'
[0.183s] Level 1:colcon.colcon_core.package_identification:_identify(src/sensordatareader) by extension 'ignore_ament_install'
[0.183s] Level 1:colcon.colcon_core.package_identification:_identify(src/sensordatareader) by extensions ['colcon_pkg']
[0.183s] Level 1:colcon.colcon_core.package_identification:_identify(src/sensordatareader) by extension 'colcon_pkg'
[0.183s] Level 1:colcon.colcon_core.package_identification:_identify(src/sensordatareader) by extensions ['colcon_meta']
[0.183s] Level 1:colcon.colcon_core.package_identification:_identify(src/sensordatareader) by extension 'colcon_meta'
[0.183s] Level 1:colcon.colcon_core.package_identification:_identify(src/sensordatareader) by extensions ['ros']
[0.183s] Level 1:colcon.colcon_core.package_identification:_identify(src/sensordatareader) by extension 'ros'
[0.183s] DEBUG:colcon.colcon_core.package_identification:Package 'src/sensordatareader' with type 'ros.ament_python' and name 'sensordatareader'
[0.183s] Level 1:colcon.colcon_core.package_discovery:discover_packages(recursive) using defaults
[0.183s] Level 1:colcon.colcon_core.package_discovery:discover_packages(ignore) discover
[0.183s] Level 1:colcon.colcon_core.package_discovery:discover_packages(ignore) using defaults
[0.183s] Level 1:colcon.colcon_core.package_discovery:discover_packages(path) discover
[0.183s] Level 1:colcon.colcon_core.package_discovery:discover_packages(path) using defaults
[0.193s] Level 1:colcon.colcon_core.package_discovery:discover_packages(prefix_path) check parameters
[0.193s] Level 1:colcon.colcon_core.package_discovery:discover_packages(prefix_path) discover
[0.195s] DEBUG:colcon.colcon_installed_package_information.package_discovery:Found 26 installed packages in /home/ros_user/doosan2_ws/install
[0.195s] DEBUG:colcon.colcon_installed_package_information.package_discovery:Found 2 installed packages in /home/ros_user/ros2_ws/install
[0.196s] DEBUG:colcon.colcon_installed_package_information.package_discovery:Found 366 installed packages in /opt/ros/foxy
[0.197s] Level 1:colcon.colcon_core.package_discovery:discover_packages(prefix_path) using defaults
[0.240s] Level 5:colcon.colcon_core.verb:set package 'my_teleop' build argument 'cmake_args' from command line to 'None'
[0.240s] Level 5:colcon.colcon_core.verb:set package 'my_teleop' build argument 'cmake_target' from command line to 'None'
[0.240s] Level 5:colcon.colcon_core.verb:set package 'my_teleop' build argument 'cmake_target_skip_unavailable' from command line to 'False'
[0.240s] Level 5:colcon.colcon_core.verb:set package 'my_teleop' build argument 'cmake_clean_cache' from command line to 'False'
[0.240s] Level 5:colcon.colcon_core.verb:set package 'my_teleop' build argument 'cmake_clean_first' from command line to 'False'
[0.240s] Level 5:colcon.colcon_core.verb:set package 'my_teleop' build argument 'cmake_force_configure' from command line to 'False'
[0.240s] Level 5:colcon.colcon_core.verb:set package 'my_teleop' build argument 'ament_cmake_args' from command line to 'None'
[0.240s] Level 5:colcon.colcon_core.verb:set package 'my_teleop' build argument 'catkin_cmake_args' from command line to 'None'
[0.240s] Level 5:colcon.colcon_core.verb:set package 'my_teleop' build argument 'catkin_skip_building_tests' from command line to 'False'
[0.240s] DEBUG:colcon.colcon_core.verb:Building package 'my_teleop' with the following arguments: {'ament_cmake_args': None, 'build_base': '/home/ros_user/ros2_ws/build/my_teleop', 'catkin_cmake_args': None, 'catkin_skip_building_tests': False, 'cmake_args': None, 'cmake_clean_cache': False, 'cmake_clean_first': False, 'cmake_force_configure': False, 'cmake_target': None, 'cmake_target_skip_unavailable': False, 'install_base': '/home/ros_user/ros2_ws/install/my_teleop', 'merge_install': False, 'path': '/home/ros_user/ros2_ws/src/my_teleop', 'symlink_install': False, 'test_result_base': None}
[0.240s] Level 5:colcon.colcon_core.verb:set package 'ros2_course' build argument 'cmake_args' from command line to 'None'
[0.240s] Level 5:colcon.colcon_core.verb:set package 'ros2_course' build argument 'cmake_target' from command line to 'None'
[0.240s] Level 5:colcon.colcon_core.verb:set package 'ros2_course' build argument 'cmake_target_skip_unavailable' from command line to 'False'
[0.240s] Level 5:colcon.colcon_core.verb:set package 'ros2_course' build argument 'cmake_clean_cache' from command line to 'False'
[0.240s] Level 5:colcon.colcon_core.verb:set package 'ros2_course' build argument 'cmake_clean_first' from command line to 'False'
[0.240s] Level 5:colcon.colcon_core.verb:set package 'ros2_course' build argument 'cmake_force_configure' from command line to 'False'
[0.240s] Level 5:colcon.colcon_core.verb:set package 'ros2_course' build argument 'ament_cmake_args' from command line to 'None'
[0.240s] Level 5:colcon.colcon_core.verb:set package 'ros2_course' build argument 'catkin_cmake_args' from command line to 'None'
[0.240s] Level 5:colcon.colcon_core.verb:set package 'ros2_course' build argument 'catkin_skip_building_tests' from command line to 'False'
[0.240s] DEBUG:colcon.colcon_core.verb:Building package 'ros2_course' with the following arguments: {'ament_cmake_args': None, 'build_base': '/home/ros_user/ros2_ws/build/ros2_course', 'catkin_cmake_args': None, 'catkin_skip_building_tests': False, 'cmake_args': None, 'cmake_clean_cache': False, 'cmake_clean_first': False, 'cmake_force_configure': False, 'cmake_target': None, 'cmake_target_skip_unavailable': False, 'install_base': '/home/ros_user/ros2_ws/install/ros2_course', 'merge_install': False, 'path': '/home/ros_user/ros2_ws/src/ros2_course', 'symlink_install': False, 'test_result_base': None}
[0.241s] Level 5:colcon.colcon_core.verb:set package 'sensordatareader' build argument 'cmake_args' from command line to 'None'
[0.241s] Level 5:colcon.colcon_core.verb:set package 'sensordatareader' build argument 'cmake_target' from command line to 'None'
[0.241s] Level 5:colcon.colcon_core.verb:set package 'sensordatareader' build argument 'cmake_target_skip_unavailable' from command line to 'False'
[0.241s] Level 5:colcon.colcon_core.verb:set package 'sensordatareader' build argument 'cmake_clean_cache' from command line to 'False'
[0.241s] Level 5:colcon.colcon_core.verb:set package 'sensordatareader' build argument 'cmake_clean_first' from command line to 'False'
[0.241s] Level 5:colcon.colcon_core.verb:set package 'sensordatareader' build argument 'cmake_force_configure' from command line to 'False'
[0.241s] Level 5:colcon.colcon_core.verb:set package 'sensordatareader' build argument 'ament_cmake_args' from command line to 'None'
[0.241s] Level 5:colcon.colcon_core.verb:set package 'sensordatareader' build argument 'catkin_cmake_args' from command line to 'None'
[0.241s] Level 5:colcon.colcon_core.verb:set package 'sensordatareader' build argument 'catkin_skip_building_tests' from command line to 'False'
[0.241s] DEBUG:colcon.colcon_core.verb:Building package 'sensordatareader' with the following arguments: {'ament_cmake_args': None, 'build_base': '/home/ros_user/ros2_ws/build/sensordatareader', 'catkin_cmake_args': None, 'catkin_skip_building_tests': False, 'cmake_args': None, 'cmake_clean_cache': False, 'cmake_clean_first': False, 'cmake_force_configure': False, 'cmake_target': None, 'cmake_target_skip_unavailable': False, 'install_base': '/home/ros_user/ros2_ws/install/sensordatareader', 'merge_install': False, 'path': '/home/ros_user/ros2_ws/src/sensordatareader', 'symlink_install': False, 'test_result_base': None}
[0.241s] INFO:colcon.colcon_core.executor:Executing jobs using 'parallel' executor
[0.243s] DEBUG:colcon.colcon_parallel_executor.executor.parallel:run_until_complete
[0.243s] INFO:colcon.colcon_ros.task.ament_python.build:Building ROS package in '/home/ros_user/ros2_ws/src/my_teleop' with build type 'ament_python'
[0.243s] Level 1:colcon.colcon_core.shell:create_environment_hook('my_teleop', 'ament_prefix_path')
[0.245s] INFO:colcon.colcon_core.plugin_system:Skipping extension 'colcon_core.shell.bat': Not used on non-Windows systems
[0.245s] INFO:colcon.colcon_core.shell:Creating environment hook '/home/ros_user/ros2_ws/install/my_teleop/share/my_teleop/hook/ament_prefix_path.ps1'
[0.245s] INFO:colcon.colcon_core.shell:Creating environment descriptor '/home/ros_user/ros2_ws/install/my_teleop/share/my_teleop/hook/ament_prefix_path.dsv'
[0.245s] INFO:colcon.colcon_core.shell:Creating environment hook '/home/ros_user/ros2_ws/install/my_teleop/share/my_teleop/hook/ament_prefix_path.sh'
[0.246s] INFO:colcon.colcon_core.shell:Skip shell extension 'powershell' for command environment: Not usable outside of PowerShell
[0.246s] DEBUG:colcon.colcon_core.shell:Skip shell extension 'dsv' for command environment
[0.250s] INFO:colcon.colcon_ros.task.ament_python.build:Building ROS package in '/home/ros_user/ros2_ws/src/ros2_course' with build type 'ament_python'
[0.250s] Level 1:colcon.colcon_core.shell:create_environment_hook('ros2_course', 'ament_prefix_path')
[0.251s] INFO:colcon.colcon_core.shell:Creating environment hook '/home/ros_user/ros2_ws/install/ros2_course/share/ros2_course/hook/ament_prefix_path.ps1'
[0.251s] INFO:colcon.colcon_core.shell:Creating environment descriptor '/home/ros_user/ros2_ws/install/ros2_course/share/ros2_course/hook/ament_prefix_path.dsv'
[0.251s] INFO:colcon.colcon_core.shell:Creating environment hook '/home/ros_user/ros2_ws/install/ros2_course/share/ros2_course/hook/ament_prefix_path.sh'
[0.252s] INFO:colcon.colcon_core.shell:Skip shell extension 'powershell' for command environment: Not usable outside of PowerShell
[0.252s] DEBUG:colcon.colcon_core.shell:Skip shell extension 'dsv' for command environment
[0.255s] INFO:colcon.colcon_ros.task.ament_python.build:Building ROS package in '/home/ros_user/ros2_ws/src/sensordatareader' with build type 'ament_python'
[0.255s] Level 1:colcon.colcon_core.shell:create_environment_hook('sensordatareader', 'ament_prefix_path')
[0.256s] INFO:colcon.colcon_core.shell:Creating environment hook '/home/ros_user/ros2_ws/install/sensordatareader/share/sensordatareader/hook/ament_prefix_path.ps1'
[0.256s] INFO:colcon.colcon_core.shell:Creating environment descriptor '/home/ros_user/ros2_ws/install/sensordatareader/share/sensordatareader/hook/ament_prefix_path.dsv'
[0.256s] INFO:colcon.colcon_core.shell:Creating environment hook '/home/ros_user/ros2_ws/install/sensordatareader/share/sensordatareader/hook/ament_prefix_path.sh'
[0.257s] INFO:colcon.colcon_core.shell:Skip shell extension 'powershell' for command environment: Not usable outside of PowerShell
[0.257s] DEBUG:colcon.colcon_core.shell:Skip shell extension 'dsv' for command environment
[0.362s] INFO:colcon.colcon_core.task.python.build:Building Python package in '/home/ros_user/ros2_ws/src/my_teleop'
[0.363s] INFO:colcon.colcon_core.shell:Skip shell extension 'powershell' for command environment: Not usable outside of PowerShell
[0.363s] DEBUG:colcon.colcon_core.shell:Skip shell extension 'dsv' for command environment
[0.464s] INFO:colcon.colcon_core.task.python.build:Building Python package in '/home/ros_user/ros2_ws/src/ros2_course'
[0.465s] INFO:colcon.colcon_core.shell:Skip shell extension 'powershell' for command environment: Not usable outside of PowerShell
[0.465s] DEBUG:colcon.colcon_core.shell:Skip shell extension 'dsv' for command environment
[0.572s] INFO:colcon.colcon_core.task.python.build:Building Python package in '/home/ros_user/ros2_ws/src/sensordatareader'
[0.573s] INFO:colcon.colcon_core.shell:Skip shell extension 'powershell' for command environment: Not usable outside of PowerShell
[0.573s] DEBUG:colcon.colcon_core.shell:Skip shell extension 'dsv' for command environment
[0.784s] DEBUG:colcon.colcon_core.event_handler.log_command:Invoking command in '/home/ros_user/ros2_ws/src/my_teleop': PYTHONPATH=/home/ros_user/ros2_ws/build/my_teleop/prefix_override:/home/ros_user/ros2_ws/install/my_teleop/lib/python3.8/site-packages:${PYTHONPATH} /usr/bin/python3 setup.py egg_info --egg-base ../../build/my_teleop build --build-base /home/ros_user/ros2_ws/build/my_teleop/build install --record /home/ros_user/ros2_ws/build/my_teleop/install.log --install-scripts $base/lib/my_teleop --single-version-externally-managed
[0.856s] DEBUG:colcon.colcon_core.event_handler.log_command:Invoking command in '/home/ros_user/ros2_ws/src/sensordatareader': PYTHONPATH=/home/ros_user/ros2_ws/build/sensordatareader/prefix_override:/home/ros_user/ros2_ws/install/sensordatareader/lib/python3.8/site-packages:${PYTHONPATH} /usr/bin/python3 setup.py egg_info --egg-base ../../build/sensordatareader build --build-base /home/ros_user/ros2_ws/build/sensordatareader/build install --record /home/ros_user/ros2_ws/build/sensordatareader/install.log --install-scripts $base/lib/sensordatareader --single-version-externally-managed
[0.911s] DEBUG:colcon.colcon_core.event_handler.log_command:Invoking command in '/home/ros_user/ros2_ws/build/ros2_course': PYTHONPATH=/home/ros_user/ros2_ws/build/ros2_course/prefix_override:/home/ros_user/ros2_ws/install/ros2_course/lib/python3.8/site-packages:${PYTHONPATH} /usr/bin/python3 setup.py develop --uninstall --editable --build-directory /home/ros_user/ros2_ws/build/ros2_course/build
[0.974s] Level 1:colcon.colcon_core.environment:checking '/home/ros_user/ros2_ws/install/my_teleop' for CMake module files
[0.974s] Level 1:colcon.colcon_core.environment:checking '/home/ros_user/ros2_ws/install/my_teleop' for CMake config files
[0.974s] DEBUG:colcon.colcon_core.event_handler.log_command:Invoked command in '/home/ros_user/ros2_ws/src/my_teleop' returned '0': PYTHONPATH=/home/ros_user/ros2_ws/build/my_teleop/prefix_override:/home/ros_user/ros2_ws/install/my_teleop/lib/python3.8/site-packages:${PYTHONPATH} /usr/bin/python3 setup.py egg_info --egg-base ../../build/my_teleop build --build-base /home/ros_user/ros2_ws/build/my_teleop/build install --record /home/ros_user/ros2_ws/build/my_teleop/install.log --install-scripts $base/lib/my_teleop --single-version-externally-managed
[0.975s] Level 1:colcon.colcon_core.environment:checking '/home/ros_user/ros2_ws/install/my_teleop/lib'
[0.976s] Level 1:colcon.colcon_core.environment:checking '/home/ros_user/ros2_ws/install/my_teleop/bin'
[0.976s] Level 1:colcon.colcon_core.environment:checking '/home/ros_user/ros2_ws/install/my_teleop/lib/pkgconfig/my_teleop.pc'
[0.976s] Level 1:colcon.colcon_core.environment:checking '/home/ros_user/ros2_ws/install/my_teleop/lib/python3.8/site-packages'
[0.976s] Level 1:colcon.colcon_core.shell:create_environment_hook('my_teleop', 'pythonpath')
[0.976s] INFO:colcon.colcon_core.shell:Creating environment hook '/home/ros_user/ros2_ws/install/my_teleop/share/my_teleop/hook/pythonpath.ps1'
[0.977s] INFO:colcon.colcon_core.shell:Creating environment descriptor '/home/ros_user/ros2_ws/install/my_teleop/share/my_teleop/hook/pythonpath.dsv'
[0.977s] INFO:colcon.colcon_core.shell:Creating environment hook '/home/ros_user/ros2_ws/install/my_teleop/share/my_teleop/hook/pythonpath.sh'
[0.977s] Level 1:colcon.colcon_core.environment:checking '/home/ros_user/ros2_ws/install/my_teleop/bin'
[0.977s] Level 1:colcon.colcon_core.environment:create_environment_scripts_only(my_teleop)
[0.978s] INFO:colcon.colcon_core.shell:Creating package script '/home/ros_user/ros2_ws/install/my_teleop/share/my_teleop/package.ps1'
[0.980s] INFO:colcon.colcon_core.shell:Creating package descriptor '/home/ros_user/ros2_ws/install/my_teleop/share/my_teleop/package.dsv'
[0.981s] INFO:colcon.colcon_core.shell:Creating package script '/home/ros_user/ros2_ws/install/my_teleop/share/my_teleop/package.sh'
[0.987s] INFO:colcon.colcon_core.shell:Creating package script '/home/ros_user/ros2_ws/install/my_teleop/share/my_teleop/package.bash'
[0.987s] INFO:colcon.colcon_core.shell:Creating package script '/home/ros_user/ros2_ws/install/my_teleop/share/my_teleop/package.zsh'
[0.987s] Level 1:colcon.colcon_core.environment:create_file_with_runtime_dependencies(/home/ros_user/ros2_ws/install/my_teleop/share/colcon-core/packages/my_teleop)
[1.003s] Level 1:colcon.colcon_core.environment:checking '/home/ros_user/ros2_ws/install/sensordatareader' for CMake module files
[1.003s] DEBUG:colcon.colcon_core.event_handler.log_command:Invoked command in '/home/ros_user/ros2_ws/src/sensordatareader' returned '0': PYTHONPATH=/home/ros_user/ros2_ws/build/sensordatareader/prefix_override:/home/ros_user/ros2_ws/install/sensordatareader/lib/python3.8/site-packages:${PYTHONPATH} /usr/bin/python3 setup.py egg_info --egg-base ../../build/sensordatareader build --build-base /home/ros_user/ros2_ws/build/sensordatareader/build install --record /home/ros_user/ros2_ws/build/sensordatareader/install.log --install-scripts $base/lib/sensordatareader --single-version-externally-managed
[1.003s] Level 1:colcon.colcon_core.environment:checking '/home/ros_user/ros2_ws/install/sensordatareader' for CMake config files
[1.004s] Level 1:colcon.colcon_core.environment:checking '/home/ros_user/ros2_ws/install/sensordatareader/lib'
[1.004s] Level 1:colcon.colcon_core.environment:checking '/home/ros_user/ros2_ws/install/sensordatareader/bin'
[1.004s] Level 1:colcon.colcon_core.environment:checking '/home/ros_user/ros2_ws/install/sensordatareader/lib/pkgconfig/sensordatareader.pc'
[1.004s] Level 1:colcon.colcon_core.environment:checking '/home/ros_user/ros2_ws/install/sensordatareader/lib/python3.8/site-packages'
[1.004s] Level 1:colcon.colcon_core.shell:create_environment_hook('sensordatareader', 'pythonpath')
[1.004s] INFO:colcon.colcon_core.shell:Creating environment hook '/home/ros_user/ros2_ws/install/sensordatareader/share/sensordatareader/hook/pythonpath.ps1'
[1.005s] INFO:colcon.colcon_core.shell:Creating environment descriptor '/home/ros_user/ros2_ws/install/sensordatareader/share/sensordatareader/hook/pythonpath.dsv'
[1.005s] INFO:colcon.colcon_core.shell:Creating environment hook '/home/ros_user/ros2_ws/install/sensordatareader/share/sensordatareader/hook/pythonpath.sh'
[1.006s] Level 1:colcon.colcon_core.environment:checking '/home/ros_user/ros2_ws/install/sensordatareader/bin'
[1.006s] Level 1:colcon.colcon_core.environment:create_environment_scripts_only(sensordatareader)
[1.007s] INFO:colcon.colcon_core.shell:Creating package script '/home/ros_user/ros2_ws/install/sensordatareader/share/sensordatareader/package.ps1'
[1.007s] INFO:colcon.colcon_core.shell:Creating package descriptor '/home/ros_user/ros2_ws/install/sensordatareader/share/sensordatareader/package.dsv'
[1.007s] INFO:colcon.colcon_core.shell:Creating package script '/home/ros_user/ros2_ws/install/sensordatareader/share/sensordatareader/package.sh'
[1.007s] INFO:colcon.colcon_core.shell:Creating package script '/home/ros_user/ros2_ws/install/sensordatareader/share/sensordatareader/package.bash'
[1.008s] INFO:colcon.colcon_core.shell:Creating package script '/home/ros_user/ros2_ws/install/sensordatareader/share/sensordatareader/package.zsh'
[1.008s] Level 1:colcon.colcon_core.environment:create_file_with_runtime_dependencies(/home/ros_user/ros2_ws/install/sensordatareader/share/colcon-core/packages/sensordatareader)
[1.121s] DEBUG:colcon.colcon_core.event_handler.log_command:Invoked command in '/home/ros_user/ros2_ws/build/ros2_course' returned '0': PYTHONPATH=/home/ros_user/ros2_ws/build/ros2_course/prefix_override:/home/ros_user/ros2_ws/install/ros2_course/lib/python3.8/site-packages:${PYTHONPATH} /usr/bin/python3 setup.py develop --uninstall --editable --build-directory /home/ros_user/ros2_ws/build/ros2_course/build
[1.121s] DEBUG:colcon.colcon_core.event_handler.log_command:Invoking command in '/home/ros_user/ros2_ws/src/ros2_course': PYTHONPATH=/home/ros_user/ros2_ws/build/ros2_course/prefix_override:/home/ros_user/ros2_ws/install/ros2_course/lib/python3.8/site-packages:${PYTHONPATH} /usr/bin/python3 setup.py egg_info --egg-base ../../build/ros2_course build --build-base /home/ros_user/ros2_ws/build/ros2_course/build install --record /home/ros_user/ros2_ws/build/ros2_course/install.log --single-version-externally-managed
[1.271s] Level 1:colcon.colcon_core.environment:checking '/home/ros_user/ros2_ws/install/ros2_course' for CMake module files
[1.271s] DEBUG:colcon.colcon_core.event_handler.log_command:Invoked command in '/home/ros_user/ros2_ws/src/ros2_course' returned '0': PYTHONPATH=/home/ros_user/ros2_ws/build/ros2_course/prefix_override:/home/ros_user/ros2_ws/install/ros2_course/lib/python3.8/site-packages:${PYTHONPATH} /usr/bin/python3 setup.py egg_info --egg-base ../../build/ros2_course build --build-base /home/ros_user/ros2_ws/build/ros2_course/build install --record /home/ros_user/ros2_ws/build/ros2_course/install.log --single-version-externally-managed
[1.271s] Level 1:colcon.colcon_core.environment:checking '/home/ros_user/ros2_ws/install/ros2_course' for CMake config files
[1.272s] Level 1:colcon.colcon_core.environment:checking '/home/ros_user/ros2_ws/install/ros2_course/lib'
[1.272s] Level 1:colcon.colcon_core.environment:checking '/home/ros_user/ros2_ws/install/ros2_course/bin'
[1.272s] Level 1:colcon.colcon_core.environment:checking '/home/ros_user/ros2_ws/install/ros2_course/lib/pkgconfig/ros2_course.pc'
[1.272s] Level 1:colcon.colcon_core.environment:checking '/home/ros_user/ros2_ws/install/ros2_course/lib/python3.8/site-packages'
[1.272s] Level 1:colcon.colcon_core.shell:create_environment_hook('ros2_course', 'pythonpath')
[1.273s] INFO:colcon.colcon_core.shell:Creating environment hook '/home/ros_user/ros2_ws/install/ros2_course/share/ros2_course/hook/pythonpath.ps1'
[1.273s] INFO:colcon.colcon_core.shell:Creating environment descriptor '/home/ros_user/ros2_ws/install/ros2_course/share/ros2_course/hook/pythonpath.dsv'
[1.273s] INFO:colcon.colcon_core.shell:Creating environment hook '/home/ros_user/ros2_ws/install/ros2_course/share/ros2_course/hook/pythonpath.sh'
[1.274s] Level 1:colcon.colcon_core.environment:checking '/home/ros_user/ros2_ws/install/ros2_course/bin'
[1.274s] Level 1:colcon.colcon_core.environment:create_environment_scripts_only(ros2_course)
[1.274s] INFO:colcon.colcon_core.shell:Creating package script '/home/ros_user/ros2_ws/install/ros2_course/share/ros2_course/package.ps1'
[1.274s] INFO:colcon.colcon_core.shell:Creating package descriptor '/home/ros_user/ros2_ws/install/ros2_course/share/ros2_course/package.dsv'
[1.275s] INFO:colcon.colcon_core.shell:Creating package script '/home/ros_user/ros2_ws/install/ros2_course/share/ros2_course/package.sh'
[1.275s] INFO:colcon.colcon_core.shell:Creating package script '/home/ros_user/ros2_ws/install/ros2_course/share/ros2_course/package.bash'
[1.275s] INFO:colcon.colcon_core.shell:Creating package script '/home/ros_user/ros2_ws/install/ros2_course/share/ros2_course/package.zsh'
[1.275s] Level 1:colcon.colcon_core.environment:create_file_with_runtime_dependencies(/home/ros_user/ros2_ws/install/ros2_course/share/colcon-core/packages/ros2_course)
[1.275s] DEBUG:colcon.colcon_parallel_executor.executor.parallel:closing loop
[1.275s] DEBUG:colcon.colcon_parallel_executor.executor.parallel:loop closed
[1.275s] DEBUG:colcon.colcon_parallel_executor.executor.parallel:run_until_complete finished with '0'
[1.276s] DEBUG:colcon.colcon_core.event_reactor:joining thread
[1.279s] INFO:colcon.colcon_core.plugin_system:Skipping extension 'colcon_notification.desktop_notification.terminal_notifier': Not used on non-Darwin systems
[1.279s] INFO:colcon.colcon_core.plugin_system:Skipping extension 'colcon_notification.desktop_notification.win32': Not used on non-Windows systems
[1.279s] INFO:colcon.colcon_notification.desktop_notification:Sending desktop notification using 'notify2'
[1.287s] DEBUG:colcon.colcon_core.event_reactor:joined thread
[1.288s] INFO:colcon.colcon_core.shell:Creating prefix script '/home/ros_user/ros2_ws/install/local_setup.ps1'
[1.288s] INFO:colcon.colcon_core.shell:Creating prefix util module '/home/ros_user/ros2_ws/install/_local_setup_util_ps1.py'
[1.289s] INFO:colcon.colcon_core.shell:Creating prefix chain script '/home/ros_user/ros2_ws/install/setup.ps1'
[1.290s] INFO:colcon.colcon_core.shell:Creating prefix script '/home/ros_user/ros2_ws/install/local_setup.sh'
[1.290s] INFO:colcon.colcon_core.shell:Creating prefix util module '/home/ros_user/ros2_ws/install/_local_setup_util_sh.py'
[1.291s] INFO:colcon.colcon_core.shell:Creating prefix chain script '/home/ros_user/ros2_ws/install/setup.sh'
[1.292s] INFO:colcon.colcon_core.shell:Creating prefix script '/home/ros_user/ros2_ws/install/local_setup.bash'
[1.292s] INFO:colcon.colcon_core.shell:Creating prefix chain script '/home/ros_user/ros2_ws/install/setup.bash'
[1.293s] INFO:colcon.colcon_core.shell:Creating prefix script '/home/ros_user/ros2_ws/install/local_setup.zsh'
[1.293s] INFO:colcon.colcon_core.shell:Creating prefix chain script '/home/ros_user/ros2_ws/install/setup.zsh'
