-- The C compiler identification is GNU 9.4.0
-- The CXX compiler identification is GNU 9.4.0
-- Check for working C compiler: /usr/bin/cc
-- Check for working C compiler: /usr/bin/cc -- works
-- Detecting C compiler ABI info
-- Detecting C compiler ABI info - done
-- Detecting C compile features
-- Detecting C compile features - done
-- Check for working CXX compiler: /usr/bin/c++
-- Check for working CXX compiler: /usr/bin/c++ -- works
-- Detecting CXX compiler ABI info
-- Detecting CXX compiler ABI info - done
-- Detecting CXX compile features
-- Detecting CXX compile features - done
-- Found ament_cmake: 0.9.11 (/opt/ros/foxy/share/ament_cmake/cmake)
-- Found PythonInterp: /usr/bin/python3 (found suitable version "3.8.10", minimum required is "3") 
-- Using PYTHON_EXECUTABLE: /usr/bin/python3
-- Override CMake install command with custom implementation using symlinks instead of copying resources
-- Found controller_interface: 0.0.0 (/home/ros_user/ros2_ws/install/controller_interface/share/controller_interface/cmake)
-- Using all available rosidl_typesupport_c: rosidl_typesupport_fastrtps_c;rosidl_typesupport_introspection_c
-- Found rosidl_adapter: 1.3.0 (/opt/ros/foxy/share/rosidl_adapter/cmake)
-- Found OpenSSL: /usr/lib/x86_64-linux-gnu/libcrypto.so (found version "1.1.1f")  
-- Found FastRTPS: /opt/ros/foxy/include  
-- Using all available rosidl_typesupport_cpp: rosidl_typesupport_fastrtps_cpp;rosidl_typesupport_introspection_cpp
-- Found rmw_implementation_cmake: 1.0.3 (/opt/ros/foxy/share/rmw_implementation_cmake/cmake)
-- Using RMW implementation 'rmw_fastrtps_cpp' as default
-- Looking for pthread.h
-- Looking for pthread.h - found
-- Performing Test CMAKE_HAVE_LIBC_PTHREAD
-- Performing Test CMAKE_HAVE_LIBC_PTHREAD - Failed
-- Looking for pthread_create in pthreads
-- Looking for pthread_create in pthreads - not found
-- Looking for pthread_create in pthread
-- Looking for pthread_create in pthread - found
-- Found Threads: TRUE  
-- Found nav_msgs: 2.0.5 (/opt/ros/foxy/share/nav_msgs/cmake)
-- Found pluginlib: 2.5.4 (/opt/ros/foxy/share/pluginlib/cmake)
-- Found realtime_tools: 2.2.0 (/opt/ros/foxy/share/realtime_tools/cmake)
-- Found sensor_msgs: 2.0.5 (/opt/ros/foxy/share/sensor_msgs/cmake)
-- Found tf2: 0.13.13 (/opt/ros/foxy/share/tf2/cmake)
-- Found tf2_msgs: 0.13.13 (/opt/ros/foxy/share/tf2_msgs/cmake)
-- Found ament_cmake_gtest: 0.9.11 (/opt/ros/foxy/share/ament_cmake_gtest/cmake)
-- Found ament_lint_auto: 0.9.7 (/opt/ros/foxy/share/ament_lint_auto/cmake)
-- Found controller_manager: 0.0.0 (/home/ros_user/ros2_ws/install/controller_manager/share/controller_manager/cmake)
-- Found test_robot_hardware: 0.0.0 (/home/ros_user/ros2_ws/install/test_robot_hardware/share/test_robot_hardware/cmake)
-- Found gtest sources under '/opt/ros/foxy/src/gtest_vendor': C++ tests using 'Google Test' will be built
-- Check if compiler accepts -pthread
-- Check if compiler accepts -pthread - yes
-- Added test 'copyright' to check source files copyright and LICENSE
-- Added test 'cppcheck' to perform static code analysis on C / C++ code
-- Configured cppcheck include dirs: /home/ros_user/ros2_ws/src/ros2_controllers/diff_drive_controller/include
-- Configured cppcheck exclude dirs and/or files: 
-- Added test 'cpplint' to check C / C++ code against the Google style
-- Configured cpplint exclude dirs and/or files: 
-- Added test 'lint_cmake' to check CMake code style
-- Added test 'uncrustify' to check C / C++ code style
-- Configured uncrustify additional arguments: 
-- Added test 'xmllint' to check XML markup files
-- Configuring done
-- Generating done
-- Build files have been written to: /home/ros_user/ros2_ws/build/diff_drive_controller
[35m[1mScanning dependencies of target gtest[0m
[  7%] [32mBuilding CXX object gtest/CMakeFiles/gtest.dir/src/gtest-all.cc.o[0m
[ 14%] [32m[1mLinking CXX static library libgtest.a[0m
[ 14%] Built target gtest
[35m[1mScanning dependencies of target diff_drive_controller[0m
[ 21%] [32mBuilding CXX object CMakeFiles/diff_drive_controller.dir/src/diff_drive_controller.cpp.o[0m
[ 28%] [32mBuilding CXX object CMakeFiles/diff_drive_controller.dir/src/speed_limiter.cpp.o[0m
[ 35%] [32mBuilding CXX object CMakeFiles/diff_drive_controller.dir/src/odometry.cpp.o[0m
[ 42%] [32m[1mLinking CXX shared library libdiff_drive_controller.so[0m
[ 42%] Built target diff_drive_controller
[35m[1mScanning dependencies of target gtest_main[0m
[ 50%] [32mBuilding CXX object gtest/CMakeFiles/gtest_main.dir/src/gtest_main.cc.o[0m
[ 57%] [32m[1mLinking CXX static library libgtest_main.a[0m
[ 57%] Built target gtest_main
[35m[1mScanning dependencies of target test_accumulator[0m
[ 64%] [32mBuilding CXX object CMakeFiles/test_accumulator.dir/test/test_accumulator.cpp.o[0m
[ 71%] [32m[1mLinking CXX executable test_accumulator[0m
[ 71%] Built target test_accumulator
[35m[1mScanning dependencies of target test_diff_drive_controller[0m
[ 78%] [32mBuilding CXX object CMakeFiles/test_diff_drive_controller.dir/test/test_diff_drive_controller.cpp.o[0m
[ 85%] [32m[1mLinking CXX executable test_diff_drive_controller[0m
[ 85%] Built target test_diff_drive_controller
[35m[1mScanning dependencies of target test_load_diff_drive_controller[0m
[ 92%] [32mBuilding CXX object CMakeFiles/test_load_diff_drive_controller.dir/test/test_load_diff_drive_controller.cpp.o[0m
[100%] [32m[1mLinking CXX executable test_load_diff_drive_controller[0m
[100%] Built target test_load_diff_drive_controller
-- Install configuration: ""
-- Execute custom install script
-- Symlinking: /home/ros_user/ros2_ws/install/diff_drive_controller/share/diff_drive_controller//diff_drive_plugin.xml
-- Symlinking: /home/ros_user/ros2_ws/install/diff_drive_controller/include/diff_drive_controller/diff_drive_controller.hpp
-- Symlinking: /home/ros_user/ros2_ws/install/diff_drive_controller/include/diff_drive_controller/odometry.hpp
-- Symlinking: /home/ros_user/ros2_ws/install/diff_drive_controller/include/diff_drive_controller/rolling_mean_accumulator.hpp
-- Symlinking: /home/ros_user/ros2_ws/install/diff_drive_controller/include/diff_drive_controller/speed_limiter.hpp
-- Symlinking: /home/ros_user/ros2_ws/install/diff_drive_controller/include/diff_drive_controller/visibility_control.h
-- Symlinking: /home/ros_user/ros2_ws/install/diff_drive_controller/lib/libdiff_drive_controller.so
-- Symlinking: /home/ros_user/ros2_ws/install/diff_drive_controller/share/diff_drive_controller/environment/library_path.sh
-- Symlinking: /home/ros_user/ros2_ws/install/diff_drive_controller/share/diff_drive_controller/environment/library_path.dsv
-- Symlinking: /home/ros_user/ros2_ws/install/diff_drive_controller/share/ament_index/resource_index/package_run_dependencies/diff_drive_controller
-- Symlinking: /home/ros_user/ros2_ws/install/diff_drive_controller/share/ament_index/resource_index/parent_prefix_path/diff_drive_controller
-- Symlinking: /home/ros_user/ros2_ws/install/diff_drive_controller/share/diff_drive_controller/environment/ament_prefix_path.sh
-- Symlinking: /home/ros_user/ros2_ws/install/diff_drive_controller/share/diff_drive_controller/environment/ament_prefix_path.dsv
-- Symlinking: /home/ros_user/ros2_ws/install/diff_drive_controller/share/diff_drive_controller/environment/path.sh
-- Symlinking: /home/ros_user/ros2_ws/install/diff_drive_controller/share/diff_drive_controller/environment/path.dsv
-- Symlinking: /home/ros_user/ros2_ws/install/diff_drive_controller/share/diff_drive_controller/local_setup.bash
-- Symlinking: /home/ros_user/ros2_ws/install/diff_drive_controller/share/diff_drive_controller/local_setup.sh
-- Symlinking: /home/ros_user/ros2_ws/install/diff_drive_controller/share/diff_drive_controller/local_setup.zsh
-- Symlinking: /home/ros_user/ros2_ws/install/diff_drive_controller/share/diff_drive_controller/local_setup.dsv
-- Symlinking: /home/ros_user/ros2_ws/install/diff_drive_controller/share/diff_drive_controller/package.dsv
-- Symlinking: /home/ros_user/ros2_ws/install/diff_drive_controller/share/ament_index/resource_index/packages/diff_drive_controller
-- Symlinking: /home/ros_user/ros2_ws/install/diff_drive_controller/share/ament_index/resource_index/controller_interface__pluginlib__plugin/diff_drive_controller
-- Symlinking: /home/ros_user/ros2_ws/install/diff_drive_controller/share/diff_drive_controller/cmake/ament_cmake_export_dependencies-extras.cmake
-- Symlinking: /home/ros_user/ros2_ws/install/diff_drive_controller/share/diff_drive_controller/cmake/ament_cmake_export_include_directories-extras.cmake
-- Symlinking: /home/ros_user/ros2_ws/install/diff_drive_controller/share/diff_drive_controller/cmake/ament_cmake_export_libraries-extras.cmake
-- Symlinking: /home/ros_user/ros2_ws/install/diff_drive_controller/share/diff_drive_controller/cmake/diff_drive_controllerConfig.cmake
-- Symlinking: /home/ros_user/ros2_ws/install/diff_drive_controller/share/diff_drive_controller/cmake/diff_drive_controllerConfig-version.cmake
-- Symlinking: /home/ros_user/ros2_ws/install/diff_drive_controller/share/diff_drive_controller/package.xml
