[0.013s] Invoking command in '/home/ros_user/ros2_ws/build/diff_drive_controller': AMENT_PREFIX_PATH=/home/ros_user/ros2_ws/install/controller_manager:/home/ros_user/ros2_ws/install/test_robot_hardware:/home/ros_user/ros2_ws/install/controller_interface:/home/ros_user/ros2_ws/install/hardware_interface:/home/ros_user/ros2_ws/install/controller_manager_msgs:${AMENT_PREFIX_PATH} CMAKE_PREFIX_PATH=/home/ros_user/ros2_ws/install/controller_manager:/home/ros_user/ros2_ws/install/test_robot_hardware:/home/ros_user/ros2_ws/install/controller_interface:/home/ros_user/ros2_ws/install/hardware_interface:/home/ros_user/ros2_ws/install/controller_manager_msgs:/home/ros_user/ros2_ws/install/ros2_course:/opt/ros/foxy LD_LIBRARY_PATH=/home/ros_user/ros2_ws/install/controller_manager/lib:/home/ros_user/ros2_ws/install/test_robot_hardware/lib:/home/ros_user/ros2_ws/install/controller_interface/lib:/home/ros_user/ros2_ws/install/hardware_interface/lib:/home/ros_user/ros2_ws/install/controller_manager_msgs/lib:${LD_LIBRARY_PATH} PYTHONPATH=/home/ros_user/ros2_ws/install/controller_manager_msgs/lib/python3.8/site-packages:${PYTHONPATH} /usr/bin/cmake /home/ros_user/ros2_ws/src/ros2_controllers/diff_drive_controller -DCMAKE_EXPORT_COMPILE_COMMANDS=ON -DAMENT_CMAKE_SYMLINK_INSTALL=1 -DCMAKE_INSTALL_PREFIX=/home/ros_user/ros2_ws/install/diff_drive_controller
[0.047s] -- The C compiler identification is GNU 9.4.0
[0.079s] -- The CXX compiler identification is GNU 9.4.0
[0.082s] -- Check for working C compiler: /usr/bin/cc
[0.123s] -- Check for working C compiler: /usr/bin/cc -- works
[0.123s] -- Detecting C compiler ABI info
[0.164s] -- Detecting C compiler ABI info - done
[0.172s] -- Detecting C compile features
[0.172s] -- Detecting C compile features - done
[0.174s] -- Check for working CXX compiler: /usr/bin/c++
[0.223s] -- Check for working CXX compiler: /usr/bin/c++ -- works
[0.223s] -- Detecting CXX compiler ABI info
[0.271s] -- Detecting CXX compiler ABI info - done
[0.278s] -- Detecting CXX compile features
[0.279s] -- Detecting CXX compile features - done
[0.281s] -- Found ament_cmake: 0.9.11 (/opt/ros/foxy/share/ament_cmake/cmake)
[0.301s] -- Found PythonInterp: /usr/bin/python3 (found suitable version "3.8.10", minimum required is "3") 
[0.301s] -- Using PYTHON_EXECUTABLE: /usr/bin/python3
[0.428s] -- Override CMake install command with custom implementation using symlinks instead of copying resources
[0.446s] -- Found controller_interface: 0.0.0 (/home/ros_user/ros2_ws/install/controller_interface/share/controller_interface/cmake)
[0.472s] -- Using all available rosidl_typesupport_c: rosidl_typesupport_fastrtps_c;rosidl_typesupport_introspection_c
[0.477s] -- Found rosidl_adapter: 1.3.0 (/opt/ros/foxy/share/rosidl_adapter/cmake)
[0.559s] -- Found OpenSSL: /usr/lib/x86_64-linux-gnu/libcrypto.so (found version "1.1.1f")  
[0.579s] -- Found FastRTPS: /opt/ros/foxy/include  
[0.636s] -- Using all available rosidl_typesupport_cpp: rosidl_typesupport_fastrtps_cpp;rosidl_typesupport_introspection_cpp
[1.067s] -- Found rmw_implementation_cmake: 1.0.3 (/opt/ros/foxy/share/rmw_implementation_cmake/cmake)
[1.068s] -- Using RMW implementation 'rmw_fastrtps_cpp' as default
[1.069s] -- Looking for pthread.h
[1.118s] -- Looking for pthread.h - found
[1.118s] -- Performing Test CMAKE_HAVE_LIBC_PTHREAD
[1.187s] -- Performing Test CMAKE_HAVE_LIBC_PTHREAD - Failed
[1.187s] -- Looking for pthread_create in pthreads
[1.219s] -- Looking for pthread_create in pthreads - not found
[1.220s] -- Looking for pthread_create in pthread
[1.259s] -- Looking for pthread_create in pthread - found
[1.260s] -- Found Threads: TRUE  
[1.388s] -- Found nav_msgs: 2.0.5 (/opt/ros/foxy/share/nav_msgs/cmake)
[1.443s] -- Found pluginlib: 2.5.4 (/opt/ros/foxy/share/pluginlib/cmake)
[1.455s] -- Found realtime_tools: 2.2.0 (/opt/ros/foxy/share/realtime_tools/cmake)
[1.484s] -- Found sensor_msgs: 2.0.5 (/opt/ros/foxy/share/sensor_msgs/cmake)
[1.538s] -- Found tf2: 0.13.13 (/opt/ros/foxy/share/tf2/cmake)
[1.547s] -- Found tf2_msgs: 0.13.13 (/opt/ros/foxy/share/tf2_msgs/cmake)
[1.718s] -- Found ament_cmake_gtest: 0.9.11 (/opt/ros/foxy/share/ament_cmake_gtest/cmake)
[1.719s] -- Found ament_lint_auto: 0.9.7 (/opt/ros/foxy/share/ament_lint_auto/cmake)
[1.720s] -- Found controller_manager: 0.0.0 (/home/ros_user/ros2_ws/install/controller_manager/share/controller_manager/cmake)
[1.744s] -- Found test_robot_hardware: 0.0.0 (/home/ros_user/ros2_ws/install/test_robot_hardware/share/test_robot_hardware/cmake)
[1.828s] -- Found gtest sources under '/opt/ros/foxy/src/gtest_vendor': C++ tests using 'Google Test' will be built
[1.831s] -- Check if compiler accepts -pthread
[1.882s] -- Check if compiler accepts -pthread - yes
[2.004s] -- Added test 'copyright' to check source files copyright and LICENSE
[2.005s] -- Added test 'cppcheck' to perform static code analysis on C / C++ code
[2.005s] -- Configured cppcheck include dirs: /home/ros_user/ros2_ws/src/ros2_controllers/diff_drive_controller/include
[2.005s] -- Configured cppcheck exclude dirs and/or files: 
[2.006s] -- Added test 'cpplint' to check C / C++ code against the Google style
[2.006s] -- Configured cpplint exclude dirs and/or files: 
[2.007s] -- Added test 'lint_cmake' to check CMake code style
[2.008s] -- Added test 'uncrustify' to check C / C++ code style
[2.008s] -- Configured uncrustify additional arguments: 
[2.008s] -- Added test 'xmllint' to check XML markup files
[2.014s] -- Configuring done
[2.059s] -- Generating done
[2.060s] -- Build files have been written to: /home/ros_user/ros2_ws/build/diff_drive_controller
[2.068s] Invoked command in '/home/ros_user/ros2_ws/build/diff_drive_controller' returned '0': AMENT_PREFIX_PATH=/home/ros_user/ros2_ws/install/controller_manager:/home/ros_user/ros2_ws/install/test_robot_hardware:/home/ros_user/ros2_ws/install/controller_interface:/home/ros_user/ros2_ws/install/hardware_interface:/home/ros_user/ros2_ws/install/controller_manager_msgs:${AMENT_PREFIX_PATH} CMAKE_PREFIX_PATH=/home/ros_user/ros2_ws/install/controller_manager:/home/ros_user/ros2_ws/install/test_robot_hardware:/home/ros_user/ros2_ws/install/controller_interface:/home/ros_user/ros2_ws/install/hardware_interface:/home/ros_user/ros2_ws/install/controller_manager_msgs:/home/ros_user/ros2_ws/install/ros2_course:/opt/ros/foxy LD_LIBRARY_PATH=/home/ros_user/ros2_ws/install/controller_manager/lib:/home/ros_user/ros2_ws/install/test_robot_hardware/lib:/home/ros_user/ros2_ws/install/controller_interface/lib:/home/ros_user/ros2_ws/install/hardware_interface/lib:/home/ros_user/ros2_ws/install/controller_manager_msgs/lib:${LD_LIBRARY_PATH} PYTHONPATH=/home/ros_user/ros2_ws/install/controller_manager_msgs/lib/python3.8/site-packages:${PYTHONPATH} /usr/bin/cmake /home/ros_user/ros2_ws/src/ros2_controllers/diff_drive_controller -DCMAKE_EXPORT_COMPILE_COMMANDS=ON -DAMENT_CMAKE_SYMLINK_INSTALL=1 -DCMAKE_INSTALL_PREFIX=/home/ros_user/ros2_ws/install/diff_drive_controller
[2.069s] Invoking command in '/home/ros_user/ros2_ws/build/diff_drive_controller': AMENT_PREFIX_PATH=/home/ros_user/ros2_ws/install/controller_manager:/home/ros_user/ros2_ws/install/test_robot_hardware:/home/ros_user/ros2_ws/install/controller_interface:/home/ros_user/ros2_ws/install/hardware_interface:/home/ros_user/ros2_ws/install/controller_manager_msgs:${AMENT_PREFIX_PATH} CMAKE_PREFIX_PATH=/home/ros_user/ros2_ws/install/controller_manager:/home/ros_user/ros2_ws/install/test_robot_hardware:/home/ros_user/ros2_ws/install/controller_interface:/home/ros_user/ros2_ws/install/hardware_interface:/home/ros_user/ros2_ws/install/controller_manager_msgs:/home/ros_user/ros2_ws/install/ros2_course:/opt/ros/foxy LD_LIBRARY_PATH=/home/ros_user/ros2_ws/install/controller_manager/lib:/home/ros_user/ros2_ws/install/test_robot_hardware/lib:/home/ros_user/ros2_ws/install/controller_interface/lib:/home/ros_user/ros2_ws/install/hardware_interface/lib:/home/ros_user/ros2_ws/install/controller_manager_msgs/lib:${LD_LIBRARY_PATH} PYTHONPATH=/home/ros_user/ros2_ws/install/controller_manager_msgs/lib/python3.8/site-packages:${PYTHONPATH} /usr/bin/cmake --build /home/ros_user/ros2_ws/build/diff_drive_controller -- -j4 -l4
[2.094s] [35m[1mScanning dependencies of target gtest[0m
[2.104s] [  7%] [32mBuilding CXX object gtest/CMakeFiles/gtest.dir/src/gtest-all.cc.o[0m
[4.329s] [ 14%] [32m[1mLinking CXX static library libgtest.a[0m
[4.359s] [ 14%] Built target gtest
[4.365s] [35m[1mScanning dependencies of target diff_drive_controller[0m
[4.401s] [ 21%] [32mBuilding CXX object CMakeFiles/diff_drive_controller.dir/src/diff_drive_controller.cpp.o[0m
[9.585s] [ 28%] [32mBuilding CXX object CMakeFiles/diff_drive_controller.dir/src/speed_limiter.cpp.o[0m
[9.658s] [ 35%] [32mBuilding CXX object CMakeFiles/diff_drive_controller.dir/src/odometry.cpp.o[0m
[9.931s] [ 42%] [32m[1mLinking CXX shared library libdiff_drive_controller.so[0m
[10.174s] [ 42%] Built target diff_drive_controller
[10.180s] [35m[1mScanning dependencies of target gtest_main[0m
[10.188s] [ 50%] [32mBuilding CXX object gtest/CMakeFiles/gtest_main.dir/src/gtest_main.cc.o[0m
[10.687s] [ 57%] [32m[1mLinking CXX static library libgtest_main.a[0m
[10.705s] [ 57%] Built target gtest_main
[10.712s] [35m[1mScanning dependencies of target test_accumulator[0m
[10.720s] [ 64%] [32mBuilding CXX object CMakeFiles/test_accumulator.dir/test/test_accumulator.cpp.o[0m
[11.286s] [ 71%] [32m[1mLinking CXX executable test_accumulator[0m
[11.357s] [ 71%] Built target test_accumulator
[11.362s] [35m[1mScanning dependencies of target test_diff_drive_controller[0m
[11.392s] [ 78%] [32mBuilding CXX object CMakeFiles/test_diff_drive_controller.dir/test/test_diff_drive_controller.cpp.o[0m
[14.901s] [ 85%] [32m[1mLinking CXX executable test_diff_drive_controller[0m
[15.219s] [ 85%] Built target test_diff_drive_controller
[15.225s] [35m[1mScanning dependencies of target test_load_diff_drive_controller[0m
[15.261s] [ 92%] [32mBuilding CXX object CMakeFiles/test_load_diff_drive_controller.dir/test/test_load_diff_drive_controller.cpp.o[0m
[17.632s] [100%] [32m[1mLinking CXX executable test_load_diff_drive_controller[0m
[17.839s] [100%] Built target test_load_diff_drive_controller
[17.847s] Invoked command in '/home/ros_user/ros2_ws/build/diff_drive_controller' returned '0': AMENT_PREFIX_PATH=/home/ros_user/ros2_ws/install/controller_manager:/home/ros_user/ros2_ws/install/test_robot_hardware:/home/ros_user/ros2_ws/install/controller_interface:/home/ros_user/ros2_ws/install/hardware_interface:/home/ros_user/ros2_ws/install/controller_manager_msgs:${AMENT_PREFIX_PATH} CMAKE_PREFIX_PATH=/home/ros_user/ros2_ws/install/controller_manager:/home/ros_user/ros2_ws/install/test_robot_hardware:/home/ros_user/ros2_ws/install/controller_interface:/home/ros_user/ros2_ws/install/hardware_interface:/home/ros_user/ros2_ws/install/controller_manager_msgs:/home/ros_user/ros2_ws/install/ros2_course:/opt/ros/foxy LD_LIBRARY_PATH=/home/ros_user/ros2_ws/install/controller_manager/lib:/home/ros_user/ros2_ws/install/test_robot_hardware/lib:/home/ros_user/ros2_ws/install/controller_interface/lib:/home/ros_user/ros2_ws/install/hardware_interface/lib:/home/ros_user/ros2_ws/install/controller_manager_msgs/lib:${LD_LIBRARY_PATH} PYTHONPATH=/home/ros_user/ros2_ws/install/controller_manager_msgs/lib/python3.8/site-packages:${PYTHONPATH} /usr/bin/cmake --build /home/ros_user/ros2_ws/build/diff_drive_controller -- -j4 -l4
[17.869s] Invoking command in '/home/ros_user/ros2_ws/build/diff_drive_controller': AMENT_PREFIX_PATH=/home/ros_user/ros2_ws/install/controller_manager:/home/ros_user/ros2_ws/install/test_robot_hardware:/home/ros_user/ros2_ws/install/controller_interface:/home/ros_user/ros2_ws/install/hardware_interface:/home/ros_user/ros2_ws/install/controller_manager_msgs:${AMENT_PREFIX_PATH} CMAKE_PREFIX_PATH=/home/ros_user/ros2_ws/install/controller_manager:/home/ros_user/ros2_ws/install/test_robot_hardware:/home/ros_user/ros2_ws/install/controller_interface:/home/ros_user/ros2_ws/install/hardware_interface:/home/ros_user/ros2_ws/install/controller_manager_msgs:/home/ros_user/ros2_ws/install/ros2_course:/opt/ros/foxy LD_LIBRARY_PATH=/home/ros_user/ros2_ws/install/controller_manager/lib:/home/ros_user/ros2_ws/install/test_robot_hardware/lib:/home/ros_user/ros2_ws/install/controller_interface/lib:/home/ros_user/ros2_ws/install/hardware_interface/lib:/home/ros_user/ros2_ws/install/controller_manager_msgs/lib:${LD_LIBRARY_PATH} PYTHONPATH=/home/ros_user/ros2_ws/install/controller_manager_msgs/lib/python3.8/site-packages:${PYTHONPATH} /usr/bin/cmake --install /home/ros_user/ros2_ws/build/diff_drive_controller
[17.877s] -- Install configuration: ""
[17.877s] -- Execute custom install script
[17.877s] -- Symlinking: /home/ros_user/ros2_ws/install/diff_drive_controller/share/diff_drive_controller//diff_drive_plugin.xml
[17.882s] -- Symlinking: /home/ros_user/ros2_ws/install/diff_drive_controller/include/diff_drive_controller/diff_drive_controller.hpp
[17.887s] -- Symlinking: /home/ros_user/ros2_ws/install/diff_drive_controller/include/diff_drive_controller/odometry.hpp
[17.892s] -- Symlinking: /home/ros_user/ros2_ws/install/diff_drive_controller/include/diff_drive_controller/rolling_mean_accumulator.hpp
[17.899s] -- Symlinking: /home/ros_user/ros2_ws/install/diff_drive_controller/include/diff_drive_controller/speed_limiter.hpp
[17.904s] -- Symlinking: /home/ros_user/ros2_ws/install/diff_drive_controller/include/diff_drive_controller/visibility_control.h
[17.910s] -- Symlinking: /home/ros_user/ros2_ws/install/diff_drive_controller/lib/libdiff_drive_controller.so
[17.915s] -- Symlinking: /home/ros_user/ros2_ws/install/diff_drive_controller/share/diff_drive_controller/environment/library_path.sh
[17.920s] -- Symlinking: /home/ros_user/ros2_ws/install/diff_drive_controller/share/diff_drive_controller/environment/library_path.dsv
[17.925s] -- Symlinking: /home/ros_user/ros2_ws/install/diff_drive_controller/share/ament_index/resource_index/package_run_dependencies/diff_drive_controller
[17.931s] -- Symlinking: /home/ros_user/ros2_ws/install/diff_drive_controller/share/ament_index/resource_index/parent_prefix_path/diff_drive_controller
[17.936s] -- Symlinking: /home/ros_user/ros2_ws/install/diff_drive_controller/share/diff_drive_controller/environment/ament_prefix_path.sh
[17.941s] -- Symlinking: /home/ros_user/ros2_ws/install/diff_drive_controller/share/diff_drive_controller/environment/ament_prefix_path.dsv
[17.946s] -- Symlinking: /home/ros_user/ros2_ws/install/diff_drive_controller/share/diff_drive_controller/environment/path.sh
[17.952s] -- Symlinking: /home/ros_user/ros2_ws/install/diff_drive_controller/share/diff_drive_controller/environment/path.dsv
[17.957s] -- Symlinking: /home/ros_user/ros2_ws/install/diff_drive_controller/share/diff_drive_controller/local_setup.bash
[17.963s] -- Symlinking: /home/ros_user/ros2_ws/install/diff_drive_controller/share/diff_drive_controller/local_setup.sh
[17.969s] -- Symlinking: /home/ros_user/ros2_ws/install/diff_drive_controller/share/diff_drive_controller/local_setup.zsh
[17.974s] -- Symlinking: /home/ros_user/ros2_ws/install/diff_drive_controller/share/diff_drive_controller/local_setup.dsv
[17.980s] -- Symlinking: /home/ros_user/ros2_ws/install/diff_drive_controller/share/diff_drive_controller/package.dsv
[17.986s] -- Symlinking: /home/ros_user/ros2_ws/install/diff_drive_controller/share/ament_index/resource_index/packages/diff_drive_controller
[17.992s] -- Symlinking: /home/ros_user/ros2_ws/install/diff_drive_controller/share/ament_index/resource_index/controller_interface__pluginlib__plugin/diff_drive_controller
[17.997s] -- Symlinking: /home/ros_user/ros2_ws/install/diff_drive_controller/share/diff_drive_controller/cmake/ament_cmake_export_dependencies-extras.cmake
[18.003s] -- Symlinking: /home/ros_user/ros2_ws/install/diff_drive_controller/share/diff_drive_controller/cmake/ament_cmake_export_include_directories-extras.cmake
[18.008s] -- Symlinking: /home/ros_user/ros2_ws/install/diff_drive_controller/share/diff_drive_controller/cmake/ament_cmake_export_libraries-extras.cmake
[18.013s] -- Symlinking: /home/ros_user/ros2_ws/install/diff_drive_controller/share/diff_drive_controller/cmake/diff_drive_controllerConfig.cmake
[18.018s] -- Symlinking: /home/ros_user/ros2_ws/install/diff_drive_controller/share/diff_drive_controller/cmake/diff_drive_controllerConfig-version.cmake
[18.023s] -- Symlinking: /home/ros_user/ros2_ws/install/diff_drive_controller/share/diff_drive_controller/package.xml
[18.039s] Invoked command in '/home/ros_user/ros2_ws/build/diff_drive_controller' returned '0': AMENT_PREFIX_PATH=/home/ros_user/ros2_ws/install/controller_manager:/home/ros_user/ros2_ws/install/test_robot_hardware:/home/ros_user/ros2_ws/install/controller_interface:/home/ros_user/ros2_ws/install/hardware_interface:/home/ros_user/ros2_ws/install/controller_manager_msgs:${AMENT_PREFIX_PATH} CMAKE_PREFIX_PATH=/home/ros_user/ros2_ws/install/controller_manager:/home/ros_user/ros2_ws/install/test_robot_hardware:/home/ros_user/ros2_ws/install/controller_interface:/home/ros_user/ros2_ws/install/hardware_interface:/home/ros_user/ros2_ws/install/controller_manager_msgs:/home/ros_user/ros2_ws/install/ros2_course:/opt/ros/foxy LD_LIBRARY_PATH=/home/ros_user/ros2_ws/install/controller_manager/lib:/home/ros_user/ros2_ws/install/test_robot_hardware/lib:/home/ros_user/ros2_ws/install/controller_interface/lib:/home/ros_user/ros2_ws/install/hardware_interface/lib:/home/ros_user/ros2_ws/install/controller_manager_msgs/lib:${LD_LIBRARY_PATH} PYTHONPATH=/home/ros_user/ros2_ws/install/controller_manager_msgs/lib/python3.8/site-packages:${PYTHONPATH} /usr/bin/cmake --install /home/ros_user/ros2_ws/build/diff_drive_controller
