[0.596s] Invoking command in '/home/ros_user/ros2_ws/build/ros2_course': PYTHONPATH=/home/ros_user/ros2_ws/build/ros2_course/prefix_override:/home/ros_user/ros2_ws/install/ros2_course/lib/python3.8/site-packages:${PYTHONPATH} /usr/bin/python3 setup.py develop --uninstall --editable --build-directory /home/ros_user/ros2_ws/build/ros2_course/build
[0.769s] running develop
[0.824s] Invoked command in '/home/ros_user/ros2_ws/build/ros2_course' returned '0': PYTHONPATH=/home/ros_user/ros2_ws/build/ros2_course/prefix_override:/home/ros_user/ros2_ws/install/ros2_course/lib/python3.8/site-packages:${PYTHONPATH} /usr/bin/python3 setup.py develop --uninstall --editable --build-directory /home/ros_user/ros2_ws/build/ros2_course/build
[0.825s] Invoking command in '/home/ros_user/ros2_ws/src/ros2_course': PYTHONPATH=/home/ros_user/ros2_ws/build/ros2_course/prefix_override:/home/ros_user/ros2_ws/install/ros2_course/lib/python3.8/site-packages:${PYTHONPATH} /usr/bin/python3 setup.py egg_info --egg-base ../../build/ros2_course build --build-base /home/ros_user/ros2_ws/build/ros2_course/build install --record /home/ros_user/ros2_ws/build/ros2_course/install.log --single-version-externally-managed
[0.942s] running egg_info
[0.943s] writing ../../build/ros2_course/ros2_course.egg-info/PKG-INFO
[0.943s] writing dependency_links to ../../build/ros2_course/ros2_course.egg-info/dependency_links.txt
[0.943s] writing entry points to ../../build/ros2_course/ros2_course.egg-info/entry_points.txt
[0.943s] writing requirements to ../../build/ros2_course/ros2_course.egg-info/requires.txt
[0.943s] writing top-level names to ../../build/ros2_course/ros2_course.egg-info/top_level.txt
[0.957s] reading manifest file '../../build/ros2_course/ros2_course.egg-info/SOURCES.txt'
[0.958s] writing manifest file '../../build/ros2_course/ros2_course.egg-info/SOURCES.txt'
[0.958s] running build
[0.958s] running build_py
[0.958s] running install
[0.959s] running install_lib
[0.959s] running install_data
[0.959s] running install_egg_info
[0.960s] removing '/home/ros_user/ros2_ws/install/ros2_course/lib/python3.8/site-packages/ros2_course-0.0.0-py3.8.egg-info' (and everything under it)
[0.960s] Copying ../../build/ros2_course/ros2_course.egg-info to /home/ros_user/ros2_ws/install/ros2_course/lib/python3.8/site-packages/ros2_course-0.0.0-py3.8.egg-info
[0.961s] running install_scripts
[0.968s] Installing hello script to /home/ros_user/ros2_ws/install/ros2_course/lib/ros2_course
[0.969s] writing list of installed files to '/home/ros_user/ros2_ws/build/ros2_course/install.log'
[0.978s] Invoked command in '/home/ros_user/ros2_ws/src/ros2_course' returned '0': PYTHONPATH=/home/ros_user/ros2_ws/build/ros2_course/prefix_override:/home/ros_user/ros2_ws/install/ros2_course/lib/python3.8/site-packages:${PYTHONPATH} /usr/bin/python3 setup.py egg_info --egg-base ../../build/ros2_course build --build-base /home/ros_user/ros2_ws/build/ros2_course/build install --record /home/ros_user/ros2_ws/build/ros2_course/install.log --single-version-externally-managed
