running egg_info
creating ../../build/sensordatareader/sensordatareader.egg-info
writing ../../build/sensordatareader/sensordatareader.egg-info/PKG-INFO
writing dependency_links to ../../build/sensordatareader/sensordatareader.egg-info/dependency_links.txt
writing entry points to ../../build/sensordatareader/sensordatareader.egg-info/entry_points.txt
writing requirements to ../../build/sensordatareader/sensordatareader.egg-info/requires.txt
writing top-level names to ../../build/sensordatareader/sensordatareader.egg-info/top_level.txt
writing manifest file '../../build/sensordatareader/sensordatareader.egg-info/SOURCES.txt'
reading manifest file '../../build/sensordatareader/sensordatareader.egg-info/SOURCES.txt'
writing manifest file '../../build/sensordatareader/sensordatareader.egg-info/SOURCES.txt'
running build
running build_py
creating /home/ros_user/ros2_ws/build/sensordatareader/build
creating /home/ros_user/ros2_ws/build/sensordatareader/build/lib
creating /home/ros_user/ros2_ws/build/sensordatareader/build/lib/sensordatareader
copying sensordatareader/__init__.py -> /home/ros_user/ros2_ws/build/sensordatareader/build/lib/sensordatareader
copying sensordatareader/sensordatareader.py -> /home/ros_user/ros2_ws/build/sensordatareader/build/lib/sensordatareader
running install
running install_lib
creating /home/ros_user/ros2_ws/install/sensordatareader/lib/python3.8/site-packages/sensordatareader
copying /home/ros_user/ros2_ws/build/sensordatareader/build/lib/sensordatareader/__init__.py -> /home/ros_user/ros2_ws/install/sensordatareader/lib/python3.8/site-packages/sensordatareader
copying /home/ros_user/ros2_ws/build/sensordatareader/build/lib/sensordatareader/sensordatareader.py -> /home/ros_user/ros2_ws/install/sensordatareader/lib/python3.8/site-packages/sensordatareader
byte-compiling /home/ros_user/ros2_ws/install/sensordatareader/lib/python3.8/site-packages/sensordatareader/__init__.py to __init__.cpython-38.pyc
byte-compiling /home/ros_user/ros2_ws/install/sensordatareader/lib/python3.8/site-packages/sensordatareader/sensordatareader.py to sensordatareader.cpython-38.pyc
running install_data
creating /home/ros_user/ros2_ws/install/sensordatareader/share/ament_index
creating /home/ros_user/ros2_ws/install/sensordatareader/share/ament_index/resource_index
creating /home/ros_user/ros2_ws/install/sensordatareader/share/ament_index/resource_index/packages
copying resource/sensordatareader -> /home/ros_user/ros2_ws/install/sensordatareader/share/ament_index/resource_index/packages
copying package.xml -> /home/ros_user/ros2_ws/install/sensordatareader/share/sensordatareader
running install_egg_info
Copying ../../build/sensordatareader/sensordatareader.egg-info to /home/ros_user/ros2_ws/install/sensordatareader/lib/python3.8/site-packages/sensordatareader-0.0.0-py3.8.egg-info
running install_scripts
Sorry: TabError: inconsistent use of tabs and spaces in indentation (sensordatareader.py, line 17)
Installing sensor_data_reader script to /home/ros_user/ros2_ws/install/sensordatareader/lib/sensordatareader
writing list of installed files to '/home/ros_user/ros2_ws/build/sensordatareader/install.log'
