[0.558s] Invoking command in '/home/ros_user/ros2_ws/build/ros2_course': PYTHONPATH=/home/ros_user/ros2_ws/build/ros2_course/prefix_override:/home/ros_user/ros2_ws/install/ros2_course/lib/python3.8/site-packages:${PYTHONPATH} /usr/bin/python3 setup.py develop --editable --build-directory /home/ros_user/ros2_ws/build/ros2_course/build --no-deps install_data
[0.745s] running develop
[0.840s] running egg_info
[0.840s] creating ros2_course.egg-info
[0.840s] writing ros2_course.egg-info/PKG-INFO
[0.840s] writing dependency_links to ros2_course.egg-info/dependency_links.txt
[0.840s] writing entry points to ros2_course.egg-info/entry_points.txt
[0.840s] writing requirements to ros2_course.egg-info/requires.txt
[0.840s] writing top-level names to ros2_course.egg-info/top_level.txt
[0.842s] writing manifest file 'ros2_course.egg-info/SOURCES.txt'
[0.864s] reading manifest file 'ros2_course.egg-info/SOURCES.txt'
[0.864s] writing manifest file 'ros2_course.egg-info/SOURCES.txt'
[0.888s] running build_ext
[0.888s] Creating /home/ros_user/ros2_ws/install/ros2_course/lib/python3.8/site-packages/site.py
[0.889s] Creating /home/ros_user/ros2_ws/install/ros2_course/lib/python3.8/site-packages/ros2-course.egg-link (link to .)
[0.890s] Installing hello script to /home/ros_user/ros2_ws/install/ros2_course/lib/ros2_course
[0.890s] 
[0.890s] Installed /home/ros_user/ros2_ws/build/ros2_course
[0.890s] running install_data
[0.890s] creating /home/ros_user/ros2_ws/install/ros2_course/share/ament_index
[0.890s] creating /home/ros_user/ros2_ws/install/ros2_course/share/ament_index/resource_index
[0.890s] creating /home/ros_user/ros2_ws/install/ros2_course/share/ament_index/resource_index/packages
[0.890s] copying resource/ros2_course -> /home/ros_user/ros2_ws/install/ros2_course/share/ament_index/resource_index/packages
[0.890s] copying package.xml -> /home/ros_user/ros2_ws/install/ros2_course/share/ros2_course
[0.914s] Invoked command in '/home/ros_user/ros2_ws/build/ros2_course' returned '0': PYTHONPATH=/home/ros_user/ros2_ws/build/ros2_course/prefix_override:/home/ros_user/ros2_ws/install/ros2_course/lib/python3.8/site-packages:${PYTHONPATH} /usr/bin/python3 setup.py develop --editable --build-directory /home/ros_user/ros2_ws/build/ros2_course/build --no-deps install_data
