[0.469s] Invoking command in '/home/ros_user/ros2_ws/build/ros2_course': PYTHONPATH=/home/ros_user/ros2_ws/build/ros2_course/prefix_override:/home/ros_user/ros2_ws/install/ros2_course/lib/python3.8/site-packages:${PYTHONPATH} /usr/bin/python3 setup.py develop --editable --build-directory /home/ros_user/ros2_ws/build/ros2_course/build --no-deps install_data
[0.631s] running develop
[0.721s] running egg_info
[0.721s] creating ros2_course.egg-info
[0.721s] writing ros2_course.egg-info/PKG-INFO
[0.721s] writing dependency_links to ros2_course.egg-info/dependency_links.txt
[0.721s] writing entry points to ros2_course.egg-info/entry_points.txt
[0.721s] writing requirements to ros2_course.egg-info/requires.txt
[0.722s] writing top-level names to ros2_course.egg-info/top_level.txt
[0.724s] writing manifest file 'ros2_course.egg-info/SOURCES.txt'
[0.743s] reading manifest file 'ros2_course.egg-info/SOURCES.txt'
[0.744s] writing manifest file 'ros2_course.egg-info/SOURCES.txt'
[0.763s] running build_ext
[0.764s] Creating /home/ros_user/ros2_ws/install/ros2_course/lib/python3.8/site-packages/site.py
[0.765s] Creating /home/ros_user/ros2_ws/install/ros2_course/lib/python3.8/site-packages/ros2-course.egg-link (link to .)
[0.765s] Installing hello script to /home/ros_user/ros2_ws/install/ros2_course/lib/ros2_course
[0.766s] 
[0.766s] Installed /home/ros_user/ros2_ws/build/ros2_course
[0.766s] running install_data
[0.766s] creating /home/ros_user/ros2_ws/install/ros2_course/share/ament_index
[0.766s] creating /home/ros_user/ros2_ws/install/ros2_course/share/ament_index/resource_index
[0.766s] creating /home/ros_user/ros2_ws/install/ros2_course/share/ament_index/resource_index/packages
[0.766s] copying resource/ros2_course -> /home/ros_user/ros2_ws/install/ros2_course/share/ament_index/resource_index/packages
[0.766s] copying package.xml -> /home/ros_user/ros2_ws/install/ros2_course/share/ros2_course
[0.779s] Invoked command in '/home/ros_user/ros2_ws/build/ros2_course' returned '0': PYTHONPATH=/home/ros_user/ros2_ws/build/ros2_course/prefix_override:/home/ros_user/ros2_ws/install/ros2_course/lib/python3.8/site-packages:${PYTHONPATH} /usr/bin/python3 setup.py develop --editable --build-directory /home/ros_user/ros2_ws/build/ros2_course/build --no-deps install_data
