running egg_info
writing ../../build/sensordatareader/sensordatareader.egg-info/PKG-INFO
writing dependency_links to ../../build/sensordatareader/sensordatareader.egg-info/dependency_links.txt
writing entry points to ../../build/sensordatareader/sensordatareader.egg-info/entry_points.txt
writing requirements to ../../build/sensordatareader/sensordatareader.egg-info/requires.txt
writing top-level names to ../../build/sensordatareader/sensordatareader.egg-info/top_level.txt
reading manifest file '../../build/sensordatareader/sensordatareader.egg-info/SOURCES.txt'
writing manifest file '../../build/sensordatareader/sensordatareader.egg-info/SOURCES.txt'
running build
running build_py
copying sensordatareader/sensordatareader.py -> /home/ros_user/ros2_ws/build/sensordatareader/build/lib/sensordatareader
running install
running install_lib
copying /home/ros_user/ros2_ws/build/sensordatareader/build/lib/sensordatareader/sensordatareader.py -> /home/ros_user/ros2_ws/install/sensordatareader/lib/python3.8/site-packages/sensordatareader
byte-compiling /home/ros_user/ros2_ws/install/sensordatareader/lib/python3.8/site-packages/sensordatareader/sensordatareader.py to sensordatareader.cpython-38.pyc
Sorry: TabError: inconsistent use of tabs and spaces in indentation (sensordatareader.py, line 17)
running install_data
running install_egg_info
removing '/home/ros_user/ros2_ws/install/sensordatareader/lib/python3.8/site-packages/sensordatareader-0.0.0-py3.8.egg-info' (and everything under it)
Copying ../../build/sensordatareader/sensordatareader.egg-info to /home/ros_user/ros2_ws/install/sensordatareader/lib/python3.8/site-packages/sensordatareader-0.0.0-py3.8.egg-info
running install_scripts
Installing sensor_data_reader script to /home/ros_user/ros2_ws/install/sensordatareader/lib/sensordatareader
writing list of installed files to '/home/ros_user/ros2_ws/build/sensordatareader/install.log'
