[0.321s] DEBUG:colcon:Command line arguments: ['/usr/bin/colcon', 'build', '--symlink-install']
[0.321s] DEBUG:colcon:Parsed command line arguments: Namespace(allow_overriding=[], ament_cmake_args=None, base_paths=['.'], build_base='build', catkin_cmake_args=None, catkin_skip_building_tests=False, cmake_args=None, cmake_clean_cache=False, cmake_clean_first=False, cmake_force_configure=False, cmake_target=None, cmake_target_skip_unavailable=False, continue_on_error=False, event_handlers=None, executor='parallel', ignore_user_meta=False, install_base='install', log_base=None, log_level=None, main=<bound method BuildVerb.main of <colcon_core.verb.build.BuildVerb object at 0x7fe94f9bc520>>, merge_install=False, metas=['./colcon.meta'], packages_above=None, packages_above_and_dependencies=None, packages_above_depth=None, packages_end=None, packages_ignore=None, packages_ignore_regex=None, packages_select=None, packages_select_build_failed=False, packages_select_by_dep=None, packages_select_regex=None, packages_select_test_failures=False, packages_skip=None, packages_skip_build_finished=False, packages_skip_by_dep=None, packages_skip_regex=None, packages_skip_test_passed=False, packages_skip_up_to=None, packages_start=None, packages_up_to=None, packages_up_to_regex=None, parallel_workers=4, paths=None, symlink_install=True, test_result_base=None, verb_extension=<colcon_core.verb.build.BuildVerb object at 0x7fe94f9bc520>, verb_name='build', verb_parser=<colcon_defaults.argument_parser.defaults.DefaultArgumentsDecorator object at 0x7fe94f9bca60>)
[0.357s] Level 1:colcon.colcon_core.package_discovery:discover_packages(colcon_meta) check parameters
[0.357s] Level 1:colcon.colcon_core.package_discovery:discover_packages(recursive) check parameters
[0.357s] Level 1:colcon.colcon_core.package_discovery:discover_packages(ignore) check parameters
[0.357s] Level 1:colcon.colcon_core.package_discovery:discover_packages(path) check parameters
[0.357s] Level 1:colcon.colcon_core.package_discovery:discover_packages(colcon_meta) discover
[0.357s] Level 1:colcon.colcon_core.package_discovery:discover_packages(recursive) discover
[0.357s] INFO:colcon.colcon_core.package_discovery:Crawling recursively for packages in '/home/ros_user/ros_repository/ROSProject'
[0.357s] Level 1:colcon.colcon_core.package_identification:_identify(.) by extensions ['ignore', 'ignore_ament_install']
[0.357s] Level 1:colcon.colcon_core.package_identification:_identify(.) by extension 'ignore'
[0.357s] Level 1:colcon.colcon_core.package_identification:_identify(.) by extension 'ignore_ament_install'
[0.357s] Level 1:colcon.colcon_core.package_identification:_identify(.) by extensions ['colcon_pkg']
[0.358s] Level 1:colcon.colcon_core.package_identification:_identify(.) by extension 'colcon_pkg'
[0.358s] Level 1:colcon.colcon_core.package_identification:_identify(.) by extensions ['colcon_meta']
[0.358s] Level 1:colcon.colcon_core.package_identification:_identify(.) by extension 'colcon_meta'
[0.358s] Level 1:colcon.colcon_core.package_identification:_identify(.) by extensions ['ros']
[0.358s] Level 1:colcon.colcon_core.package_identification:_identify(.) by extension 'ros'
[0.374s] Level 1:colcon.colcon_core.package_identification:_identify(.) by extensions ['cmake', 'python']
[0.374s] Level 1:colcon.colcon_core.package_identification:_identify(.) by extension 'cmake'
[0.374s] Level 1:colcon.colcon_core.package_identification:_identify(.) by extension 'python'
[0.374s] Level 1:colcon.colcon_core.package_identification:_identify(.) by extensions ['python_setup_py']
[0.374s] Level 1:colcon.colcon_core.package_identification:_identify(.) by extension 'python_setup_py'
[0.374s] Level 1:colcon.colcon_core.package_identification:_identify(build) by extensions ['ignore', 'ignore_ament_install']
[0.374s] Level 1:colcon.colcon_core.package_identification:_identify(build) by extension 'ignore'
[0.375s] Level 1:colcon.colcon_core.package_identification:_identify(build) ignored
[0.375s] Level 1:colcon.colcon_core.package_identification:_identify(devel) by extensions ['ignore', 'ignore_ament_install']
[0.375s] Level 1:colcon.colcon_core.package_identification:_identify(devel) by extension 'ignore'
[0.375s] Level 1:colcon.colcon_core.package_identification:_identify(devel) by extension 'ignore_ament_install'
[0.375s] Level 1:colcon.colcon_core.package_identification:_identify(devel) by extensions ['colcon_pkg']
[0.375s] Level 1:colcon.colcon_core.package_identification:_identify(devel) by extension 'colcon_pkg'
[0.375s] Level 1:colcon.colcon_core.package_identification:_identify(devel) by extensions ['colcon_meta']
[0.375s] Level 1:colcon.colcon_core.package_identification:_identify(devel) by extension 'colcon_meta'
[0.375s] Level 1:colcon.colcon_core.package_identification:_identify(devel) by extensions ['ros']
[0.375s] Level 1:colcon.colcon_core.package_identification:_identify(devel) by extension 'ros'
[0.375s] Level 1:colcon.colcon_core.package_identification:_identify(devel) by extensions ['cmake', 'python']
[0.375s] Level 1:colcon.colcon_core.package_identification:_identify(devel) by extension 'cmake'
[0.375s] Level 1:colcon.colcon_core.package_identification:_identify(devel) by extension 'python'
[0.375s] Level 1:colcon.colcon_core.package_identification:_identify(devel) by extensions ['python_setup_py']
[0.375s] Level 1:colcon.colcon_core.package_identification:_identify(devel) by extension 'python_setup_py'
[0.375s] Level 1:colcon.colcon_core.package_identification:_identify(install) by extensions ['ignore', 'ignore_ament_install']
[0.375s] Level 1:colcon.colcon_core.package_identification:_identify(install) by extension 'ignore'
[0.375s] Level 1:colcon.colcon_core.package_identification:_identify(install) ignored
[0.375s] Level 1:colcon.colcon_core.package_identification:_identify(log) by extensions ['ignore', 'ignore_ament_install']
[0.375s] Level 1:colcon.colcon_core.package_identification:_identify(log) by extension 'ignore'
[0.375s] Level 1:colcon.colcon_core.package_identification:_identify(log) ignored
[0.375s] Level 1:colcon.colcon_core.package_identification:_identify(logs) by extensions ['ignore', 'ignore_ament_install']
[0.375s] Level 1:colcon.colcon_core.package_identification:_identify(logs) by extension 'ignore'
[0.375s] Level 1:colcon.colcon_core.package_identification:_identify(logs) by extension 'ignore_ament_install'
[0.375s] Level 1:colcon.colcon_core.package_identification:_identify(logs) by extensions ['colcon_pkg']
[0.375s] Level 1:colcon.colcon_core.package_identification:_identify(logs) by extension 'colcon_pkg'
[0.375s] Level 1:colcon.colcon_core.package_identification:_identify(logs) by extensions ['colcon_meta']
[0.375s] Level 1:colcon.colcon_core.package_identification:_identify(logs) by extension 'colcon_meta'
[0.375s] Level 1:colcon.colcon_core.package_identification:_identify(logs) by extensions ['ros']
[0.375s] Level 1:colcon.colcon_core.package_identification:_identify(logs) by extension 'ros'
[0.375s] Level 1:colcon.colcon_core.package_identification:_identify(logs) by extensions ['cmake', 'python']
[0.375s] Level 1:colcon.colcon_core.package_identification:_identify(logs) by extension 'cmake'
[0.376s] Level 1:colcon.colcon_core.package_identification:_identify(logs) by extension 'python'
[0.376s] Level 1:colcon.colcon_core.package_identification:_identify(logs) by extensions ['python_setup_py']
[0.376s] Level 1:colcon.colcon_core.package_identification:_identify(logs) by extension 'python_setup_py'
[0.376s] Level 1:colcon.colcon_core.package_identification:_identify(src) by extensions ['ignore', 'ignore_ament_install']
[0.376s] Level 1:colcon.colcon_core.package_identification:_identify(src) by extension 'ignore'
[0.376s] Level 1:colcon.colcon_core.package_identification:_identify(src) by extension 'ignore_ament_install'
[0.376s] Level 1:colcon.colcon_core.package_identification:_identify(src) by extensions ['colcon_pkg']
[0.376s] Level 1:colcon.colcon_core.package_identification:_identify(src) by extension 'colcon_pkg'
[0.376s] Level 1:colcon.colcon_core.package_identification:_identify(src) by extensions ['colcon_meta']
[0.376s] Level 1:colcon.colcon_core.package_identification:_identify(src) by extension 'colcon_meta'
[0.376s] Level 1:colcon.colcon_core.package_identification:_identify(src) by extensions ['ros']
[0.376s] Level 1:colcon.colcon_core.package_identification:_identify(src) by extension 'ros'
[0.376s] Level 1:colcon.colcon_core.package_identification:_identify(src) by extensions ['cmake', 'python']
[0.376s] Level 1:colcon.colcon_core.package_identification:_identify(src) by extension 'cmake'
[0.376s] Level 1:colcon.colcon_core.package_identification:_identify(src) by extension 'python'
[0.376s] Level 1:colcon.colcon_core.package_identification:_identify(src) by extensions ['python_setup_py']
[0.376s] Level 1:colcon.colcon_core.package_identification:_identify(src) by extension 'python_setup_py'
[0.376s] Level 1:colcon.colcon_core.package_identification:_identify(src/build) by extensions ['ignore', 'ignore_ament_install']
[0.376s] Level 1:colcon.colcon_core.package_identification:_identify(src/build) by extension 'ignore'
[0.376s] Level 1:colcon.colcon_core.package_identification:_identify(src/build) ignored
[0.376s] Level 1:colcon.colcon_core.package_identification:_identify(src/install) by extensions ['ignore', 'ignore_ament_install']
[0.376s] Level 1:colcon.colcon_core.package_identification:_identify(src/install) by extension 'ignore'
[0.376s] Level 1:colcon.colcon_core.package_identification:_identify(src/install) ignored
[0.376s] Level 1:colcon.colcon_core.package_identification:_identify(src/log) by extensions ['ignore', 'ignore_ament_install']
[0.376s] Level 1:colcon.colcon_core.package_identification:_identify(src/log) by extension 'ignore'
[0.376s] Level 1:colcon.colcon_core.package_identification:_identify(src/log) ignored
[0.376s] Level 1:colcon.colcon_core.package_identification:_identify(src/my_teleop) by extensions ['ignore', 'ignore_ament_install']
[0.376s] Level 1:colcon.colcon_core.package_identification:_identify(src/my_teleop) by extension 'ignore'
[0.376s] Level 1:colcon.colcon_core.package_identification:_identify(src/my_teleop) by extension 'ignore_ament_install'
[0.376s] Level 1:colcon.colcon_core.package_identification:_identify(src/my_teleop) by extensions ['colcon_pkg']
[0.376s] Level 1:colcon.colcon_core.package_identification:_identify(src/my_teleop) by extension 'colcon_pkg'
[0.376s] Level 1:colcon.colcon_core.package_identification:_identify(src/my_teleop) by extensions ['colcon_meta']
[0.376s] Level 1:colcon.colcon_core.package_identification:_identify(src/my_teleop) by extension 'colcon_meta'
[0.376s] Level 1:colcon.colcon_core.package_identification:_identify(src/my_teleop) by extensions ['ros']
[0.376s] Level 1:colcon.colcon_core.package_identification:_identify(src/my_teleop) by extension 'ros'
[0.379s] DEBUG:colcon.colcon_core.package_identification:Package 'src/my_teleop' with type 'ros.ament_python' and name 'my_teleop'
[0.379s] Level 1:colcon.colcon_core.package_identification:_identify(src/mylaunch) by extensions ['ignore', 'ignore_ament_install']
[0.379s] Level 1:colcon.colcon_core.package_identification:_identify(src/mylaunch) by extension 'ignore'
[0.379s] Level 1:colcon.colcon_core.package_identification:_identify(src/mylaunch) by extension 'ignore_ament_install'
[0.380s] Level 1:colcon.colcon_core.package_identification:_identify(src/mylaunch) by extensions ['colcon_pkg']
[0.380s] Level 1:colcon.colcon_core.package_identification:_identify(src/mylaunch) by extension 'colcon_pkg'
[0.380s] Level 1:colcon.colcon_core.package_identification:_identify(src/mylaunch) by extensions ['colcon_meta']
[0.380s] Level 1:colcon.colcon_core.package_identification:_identify(src/mylaunch) by extension 'colcon_meta'
[0.380s] Level 1:colcon.colcon_core.package_identification:_identify(src/mylaunch) by extensions ['ros']
[0.380s] Level 1:colcon.colcon_core.package_identification:_identify(src/mylaunch) by extension 'ros'
[0.380s] DEBUG:colcon.colcon_core.package_identification:Package 'src/mylaunch' with type 'ros.ament_python' and name 'mylaunch'
[0.380s] Level 1:colcon.colcon_core.package_identification:_identify(src/ros2_course) by extensions ['ignore', 'ignore_ament_install']
[0.380s] Level 1:colcon.colcon_core.package_identification:_identify(src/ros2_course) by extension 'ignore'
[0.380s] Level 1:colcon.colcon_core.package_identification:_identify(src/ros2_course) by extension 'ignore_ament_install'
[0.380s] Level 1:colcon.colcon_core.package_identification:_identify(src/ros2_course) by extensions ['colcon_pkg']
[0.380s] Level 1:colcon.colcon_core.package_identification:_identify(src/ros2_course) by extension 'colcon_pkg'
[0.380s] Level 1:colcon.colcon_core.package_identification:_identify(src/ros2_course) by extensions ['colcon_meta']
[0.380s] Level 1:colcon.colcon_core.package_identification:_identify(src/ros2_course) by extension 'colcon_meta'
[0.380s] Level 1:colcon.colcon_core.package_identification:_identify(src/ros2_course) by extensions ['ros']
[0.380s] Level 1:colcon.colcon_core.package_identification:_identify(src/ros2_course) by extension 'ros'
[0.380s] DEBUG:colcon.colcon_core.package_identification:Package 'src/ros2_course' with type 'ros.ament_python' and name 'ros2_course'
[0.380s] Level 1:colcon.colcon_core.package_identification:_identify(src/sensordatareader) by extensions ['ignore', 'ignore_ament_install']
[0.380s] Level 1:colcon.colcon_core.package_identification:_identify(src/sensordatareader) by extension 'ignore'
[0.380s] Level 1:colcon.colcon_core.package_identification:_identify(src/sensordatareader) by extension 'ignore_ament_install'
[0.381s] Level 1:colcon.colcon_core.package_identification:_identify(src/sensordatareader) by extensions ['colcon_pkg']
[0.381s] Level 1:colcon.colcon_core.package_identification:_identify(src/sensordatareader) by extension 'colcon_pkg'
[0.381s] Level 1:colcon.colcon_core.package_identification:_identify(src/sensordatareader) by extensions ['colcon_meta']
[0.381s] Level 1:colcon.colcon_core.package_identification:_identify(src/sensordatareader) by extension 'colcon_meta'
[0.381s] Level 1:colcon.colcon_core.package_identification:_identify(src/sensordatareader) by extensions ['ros']
[0.381s] Level 1:colcon.colcon_core.package_identification:_identify(src/sensordatareader) by extension 'ros'
[0.381s] DEBUG:colcon.colcon_core.package_identification:Package 'src/sensordatareader' with type 'ros.ament_python' and name 'sensordatareader'
[0.381s] Level 1:colcon.colcon_core.package_discovery:discover_packages(recursive) using defaults
[0.381s] Level 1:colcon.colcon_core.package_discovery:discover_packages(ignore) discover
[0.381s] Level 1:colcon.colcon_core.package_discovery:discover_packages(ignore) using defaults
[0.381s] Level 1:colcon.colcon_core.package_discovery:discover_packages(path) discover
[0.381s] Level 1:colcon.colcon_core.package_discovery:discover_packages(path) using defaults
[0.405s] Level 1:colcon.colcon_core.package_discovery:discover_packages(prefix_path) check parameters
[0.405s] Level 1:colcon.colcon_core.package_discovery:discover_packages(prefix_path) discover
[0.411s] DEBUG:colcon.colcon_installed_package_information.package_discovery:Found 26 installed packages in /home/ros_user/doosan2_ws/install
[0.412s] DEBUG:colcon.colcon_installed_package_information.package_discovery:Found 5 installed packages in /home/ros_user/ros2_ws/install
[0.413s] DEBUG:colcon.colcon_installed_package_information.package_discovery:Found 366 installed packages in /opt/ros/foxy
[0.414s] Level 1:colcon.colcon_core.package_discovery:discover_packages(prefix_path) using defaults
[0.500s] Level 5:colcon.colcon_core.verb:set package 'my_teleop' build argument 'cmake_args' from command line to 'None'
[0.500s] Level 5:colcon.colcon_core.verb:set package 'my_teleop' build argument 'cmake_target' from command line to 'None'
[0.500s] Level 5:colcon.colcon_core.verb:set package 'my_teleop' build argument 'cmake_target_skip_unavailable' from command line to 'False'
[0.500s] Level 5:colcon.colcon_core.verb:set package 'my_teleop' build argument 'cmake_clean_cache' from command line to 'False'
[0.500s] Level 5:colcon.colcon_core.verb:set package 'my_teleop' build argument 'cmake_clean_first' from command line to 'False'
[0.500s] Level 5:colcon.colcon_core.verb:set package 'my_teleop' build argument 'cmake_force_configure' from command line to 'False'
[0.500s] Level 5:colcon.colcon_core.verb:set package 'my_teleop' build argument 'ament_cmake_args' from command line to 'None'
[0.500s] Level 5:colcon.colcon_core.verb:set package 'my_teleop' build argument 'catkin_cmake_args' from command line to 'None'
[0.500s] Level 5:colcon.colcon_core.verb:set package 'my_teleop' build argument 'catkin_skip_building_tests' from command line to 'False'
[0.500s] DEBUG:colcon.colcon_core.verb:Building package 'my_teleop' with the following arguments: {'ament_cmake_args': None, 'build_base': '/home/ros_user/ros_repository/ROSProject/build/my_teleop', 'catkin_cmake_args': None, 'catkin_skip_building_tests': False, 'cmake_args': None, 'cmake_clean_cache': False, 'cmake_clean_first': False, 'cmake_force_configure': False, 'cmake_target': None, 'cmake_target_skip_unavailable': False, 'install_base': '/home/ros_user/ros_repository/ROSProject/install/my_teleop', 'merge_install': False, 'path': '/home/ros_user/ros_repository/ROSProject/src/my_teleop', 'symlink_install': True, 'test_result_base': None}
[0.501s] Level 5:colcon.colcon_core.verb:set package 'mylaunch' build argument 'cmake_args' from command line to 'None'
[0.501s] Level 5:colcon.colcon_core.verb:set package 'mylaunch' build argument 'cmake_target' from command line to 'None'
[0.501s] Level 5:colcon.colcon_core.verb:set package 'mylaunch' build argument 'cmake_target_skip_unavailable' from command line to 'False'
[0.501s] Level 5:colcon.colcon_core.verb:set package 'mylaunch' build argument 'cmake_clean_cache' from command line to 'False'
[0.501s] Level 5:colcon.colcon_core.verb:set package 'mylaunch' build argument 'cmake_clean_first' from command line to 'False'
[0.501s] Level 5:colcon.colcon_core.verb:set package 'mylaunch' build argument 'cmake_force_configure' from command line to 'False'
[0.501s] Level 5:colcon.colcon_core.verb:set package 'mylaunch' build argument 'ament_cmake_args' from command line to 'None'
[0.501s] Level 5:colcon.colcon_core.verb:set package 'mylaunch' build argument 'catkin_cmake_args' from command line to 'None'
[0.501s] Level 5:colcon.colcon_core.verb:set package 'mylaunch' build argument 'catkin_skip_building_tests' from command line to 'False'
[0.501s] DEBUG:colcon.colcon_core.verb:Building package 'mylaunch' with the following arguments: {'ament_cmake_args': None, 'build_base': '/home/ros_user/ros_repository/ROSProject/build/mylaunch', 'catkin_cmake_args': None, 'catkin_skip_building_tests': False, 'cmake_args': None, 'cmake_clean_cache': False, 'cmake_clean_first': False, 'cmake_force_configure': False, 'cmake_target': None, 'cmake_target_skip_unavailable': False, 'install_base': '/home/ros_user/ros_repository/ROSProject/install/mylaunch', 'merge_install': False, 'path': '/home/ros_user/ros_repository/ROSProject/src/mylaunch', 'symlink_install': True, 'test_result_base': None}
[0.501s] Level 5:colcon.colcon_core.verb:set package 'ros2_course' build argument 'cmake_args' from command line to 'None'
[0.501s] Level 5:colcon.colcon_core.verb:set package 'ros2_course' build argument 'cmake_target' from command line to 'None'
[0.501s] Level 5:colcon.colcon_core.verb:set package 'ros2_course' build argument 'cmake_target_skip_unavailable' from command line to 'False'
[0.501s] Level 5:colcon.colcon_core.verb:set package 'ros2_course' build argument 'cmake_clean_cache' from command line to 'False'
[0.501s] Level 5:colcon.colcon_core.verb:set package 'ros2_course' build argument 'cmake_clean_first' from command line to 'False'
[0.501s] Level 5:colcon.colcon_core.verb:set package 'ros2_course' build argument 'cmake_force_configure' from command line to 'False'
[0.501s] Level 5:colcon.colcon_core.verb:set package 'ros2_course' build argument 'ament_cmake_args' from command line to 'None'
[0.501s] Level 5:colcon.colcon_core.verb:set package 'ros2_course' build argument 'catkin_cmake_args' from command line to 'None'
[0.501s] Level 5:colcon.colcon_core.verb:set package 'ros2_course' build argument 'catkin_skip_building_tests' from command line to 'False'
[0.501s] DEBUG:colcon.colcon_core.verb:Building package 'ros2_course' with the following arguments: {'ament_cmake_args': None, 'build_base': '/home/ros_user/ros_repository/ROSProject/build/ros2_course', 'catkin_cmake_args': None, 'catkin_skip_building_tests': False, 'cmake_args': None, 'cmake_clean_cache': False, 'cmake_clean_first': False, 'cmake_force_configure': False, 'cmake_target': None, 'cmake_target_skip_unavailable': False, 'install_base': '/home/ros_user/ros_repository/ROSProject/install/ros2_course', 'merge_install': False, 'path': '/home/ros_user/ros_repository/ROSProject/src/ros2_course', 'symlink_install': True, 'test_result_base': None}
[0.502s] Level 5:colcon.colcon_core.verb:set package 'sensordatareader' build argument 'cmake_args' from command line to 'None'
[0.502s] Level 5:colcon.colcon_core.verb:set package 'sensordatareader' build argument 'cmake_target' from command line to 'None'
[0.502s] Level 5:colcon.colcon_core.verb:set package 'sensordatareader' build argument 'cmake_target_skip_unavailable' from command line to 'False'
[0.502s] Level 5:colcon.colcon_core.verb:set package 'sensordatareader' build argument 'cmake_clean_cache' from command line to 'False'
[0.502s] Level 5:colcon.colcon_core.verb:set package 'sensordatareader' build argument 'cmake_clean_first' from command line to 'False'
[0.502s] Level 5:colcon.colcon_core.verb:set package 'sensordatareader' build argument 'cmake_force_configure' from command line to 'False'
[0.502s] Level 5:colcon.colcon_core.verb:set package 'sensordatareader' build argument 'ament_cmake_args' from command line to 'None'
[0.502s] Level 5:colcon.colcon_core.verb:set package 'sensordatareader' build argument 'catkin_cmake_args' from command line to 'None'
[0.502s] Level 5:colcon.colcon_core.verb:set package 'sensordatareader' build argument 'catkin_skip_building_tests' from command line to 'False'
[0.502s] DEBUG:colcon.colcon_core.verb:Building package 'sensordatareader' with the following arguments: {'ament_cmake_args': None, 'build_base': '/home/ros_user/ros_repository/ROSProject/build/sensordatareader', 'catkin_cmake_args': None, 'catkin_skip_building_tests': False, 'cmake_args': None, 'cmake_clean_cache': False, 'cmake_clean_first': False, 'cmake_force_configure': False, 'cmake_target': None, 'cmake_target_skip_unavailable': False, 'install_base': '/home/ros_user/ros_repository/ROSProject/install/sensordatareader', 'merge_install': False, 'path': '/home/ros_user/ros_repository/ROSProject/src/sensordatareader', 'symlink_install': True, 'test_result_base': None}
[0.502s] INFO:colcon.colcon_core.executor:Executing jobs using 'parallel' executor
[0.504s] DEBUG:colcon.colcon_parallel_executor.executor.parallel:run_until_complete
[0.504s] INFO:colcon.colcon_ros.task.ament_python.build:Building ROS package in '/home/ros_user/ros_repository/ROSProject/src/my_teleop' with build type 'ament_python'
[0.504s] Level 1:colcon.colcon_core.shell:create_environment_hook('my_teleop', 'ament_prefix_path')
[0.509s] INFO:colcon.colcon_core.plugin_system:Skipping extension 'colcon_core.shell.bat': Not used on non-Windows systems
[0.509s] INFO:colcon.colcon_core.shell:Creating environment hook '/home/ros_user/ros_repository/ROSProject/install/my_teleop/share/my_teleop/hook/ament_prefix_path.ps1'
[0.509s] INFO:colcon.colcon_core.shell:Creating environment descriptor '/home/ros_user/ros_repository/ROSProject/install/my_teleop/share/my_teleop/hook/ament_prefix_path.dsv'
[0.510s] INFO:colcon.colcon_core.shell:Creating environment hook '/home/ros_user/ros_repository/ROSProject/install/my_teleop/share/my_teleop/hook/ament_prefix_path.sh'
[0.511s] INFO:colcon.colcon_core.shell:Skip shell extension 'powershell' for command environment: Not usable outside of PowerShell
[0.511s] DEBUG:colcon.colcon_core.shell:Skip shell extension 'dsv' for command environment
[0.515s] INFO:colcon.colcon_ros.task.ament_python.build:Building ROS package in '/home/ros_user/ros_repository/ROSProject/src/mylaunch' with build type 'ament_python'
[0.515s] Level 1:colcon.colcon_core.shell:create_environment_hook('mylaunch', 'ament_prefix_path')
[0.516s] INFO:colcon.colcon_core.shell:Creating environment hook '/home/ros_user/ros_repository/ROSProject/install/mylaunch/share/mylaunch/hook/ament_prefix_path.ps1'
[0.517s] INFO:colcon.colcon_core.shell:Creating environment descriptor '/home/ros_user/ros_repository/ROSProject/install/mylaunch/share/mylaunch/hook/ament_prefix_path.dsv'
[0.517s] INFO:colcon.colcon_core.shell:Creating environment hook '/home/ros_user/ros_repository/ROSProject/install/mylaunch/share/mylaunch/hook/ament_prefix_path.sh'
[0.518s] INFO:colcon.colcon_core.shell:Skip shell extension 'powershell' for command environment: Not usable outside of PowerShell
[0.518s] DEBUG:colcon.colcon_core.shell:Skip shell extension 'dsv' for command environment
[0.522s] INFO:colcon.colcon_ros.task.ament_python.build:Building ROS package in '/home/ros_user/ros_repository/ROSProject/src/ros2_course' with build type 'ament_python'
[0.522s] Level 1:colcon.colcon_core.shell:create_environment_hook('ros2_course', 'ament_prefix_path')
[0.523s] INFO:colcon.colcon_core.shell:Creating environment hook '/home/ros_user/ros_repository/ROSProject/install/ros2_course/share/ros2_course/hook/ament_prefix_path.ps1'
[0.523s] INFO:colcon.colcon_core.shell:Creating environment descriptor '/home/ros_user/ros_repository/ROSProject/install/ros2_course/share/ros2_course/hook/ament_prefix_path.dsv'
[0.523s] INFO:colcon.colcon_core.shell:Creating environment hook '/home/ros_user/ros_repository/ROSProject/install/ros2_course/share/ros2_course/hook/ament_prefix_path.sh'
[0.524s] INFO:colcon.colcon_core.shell:Skip shell extension 'powershell' for command environment: Not usable outside of PowerShell
[0.524s] DEBUG:colcon.colcon_core.shell:Skip shell extension 'dsv' for command environment
[0.528s] INFO:colcon.colcon_ros.task.ament_python.build:Building ROS package in '/home/ros_user/ros_repository/ROSProject/src/sensordatareader' with build type 'ament_python'
[0.528s] Level 1:colcon.colcon_core.shell:create_environment_hook('sensordatareader', 'ament_prefix_path')
[0.529s] INFO:colcon.colcon_core.shell:Creating environment hook '/home/ros_user/ros_repository/ROSProject/install/sensordatareader/share/sensordatareader/hook/ament_prefix_path.ps1'
[0.529s] INFO:colcon.colcon_core.shell:Creating environment descriptor '/home/ros_user/ros_repository/ROSProject/install/sensordatareader/share/sensordatareader/hook/ament_prefix_path.dsv'
[0.529s] INFO:colcon.colcon_core.shell:Creating environment hook '/home/ros_user/ros_repository/ROSProject/install/sensordatareader/share/sensordatareader/hook/ament_prefix_path.sh'
[0.531s] INFO:colcon.colcon_core.shell:Skip shell extension 'powershell' for command environment: Not usable outside of PowerShell
[0.531s] DEBUG:colcon.colcon_core.shell:Skip shell extension 'dsv' for command environment
[0.652s] INFO:colcon.colcon_core.task.python.build:Building Python package in '/home/ros_user/ros_repository/ROSProject/src/my_teleop'
[0.653s] INFO:colcon.colcon_core.shell:Skip shell extension 'powershell' for command environment: Not usable outside of PowerShell
[0.653s] DEBUG:colcon.colcon_core.shell:Skip shell extension 'dsv' for command environment
[0.779s] INFO:colcon.colcon_core.task.python.build:Building Python package in '/home/ros_user/ros_repository/ROSProject/src/mylaunch'
[0.780s] INFO:colcon.colcon_core.shell:Skip shell extension 'powershell' for command environment: Not usable outside of PowerShell
[0.780s] DEBUG:colcon.colcon_core.shell:Skip shell extension 'dsv' for command environment
[0.895s] INFO:colcon.colcon_core.task.python.build:Building Python package in '/home/ros_user/ros_repository/ROSProject/src/ros2_course'
[0.896s] INFO:colcon.colcon_core.shell:Skip shell extension 'powershell' for command environment: Not usable outside of PowerShell
[0.896s] DEBUG:colcon.colcon_core.shell:Skip shell extension 'dsv' for command environment
[1.012s] INFO:colcon.colcon_core.task.python.build:Building Python package in '/home/ros_user/ros_repository/ROSProject/src/sensordatareader'
[1.014s] INFO:colcon.colcon_core.shell:Skip shell extension 'powershell' for command environment: Not usable outside of PowerShell
[1.014s] DEBUG:colcon.colcon_core.shell:Skip shell extension 'dsv' for command environment
[1.315s] DEBUG:colcon.colcon_core.event_handler.log_command:Invoking command in '/home/ros_user/ros_repository/ROSProject/build/my_teleop': PYTHONPATH=/home/ros_user/ros_repository/ROSProject/build/my_teleop/prefix_override:/home/ros_user/ros_repository/ROSProject/install/my_teleop/lib/python3.8/site-packages:${PYTHONPATH} /usr/bin/python3 setup.py develop --editable --build-directory /home/ros_user/ros_repository/ROSProject/build/my_teleop/build --no-deps install_data
[1.321s] DEBUG:colcon.colcon_core.event_handler.log_command:Invoking command in '/home/ros_user/ros_repository/ROSProject/build/mylaunch': PYTHONPATH=/home/ros_user/ros_repository/ROSProject/build/mylaunch/prefix_override:/home/ros_user/ros_repository/ROSProject/install/mylaunch/lib/python3.8/site-packages:${PYTHONPATH} /usr/bin/python3 setup.py develop --editable --build-directory /home/ros_user/ros_repository/ROSProject/build/mylaunch/build --no-deps install_data
[1.323s] DEBUG:colcon.colcon_core.event_handler.log_command:Invoking command in '/home/ros_user/ros_repository/ROSProject/build/ros2_course': PYTHONPATH=/home/ros_user/ros_repository/ROSProject/build/ros2_course/prefix_override:/home/ros_user/ros_repository/ROSProject/install/ros2_course/lib/python3.8/site-packages:${PYTHONPATH} /usr/bin/python3 setup.py develop --editable --build-directory /home/ros_user/ros_repository/ROSProject/build/ros2_course/build --no-deps install_data
[1.335s] DEBUG:colcon.colcon_core.event_handler.log_command:Invoking command in '/home/ros_user/ros_repository/ROSProject/build/sensordatareader': PYTHONPATH=/home/ros_user/ros_repository/ROSProject/build/sensordatareader/prefix_override:/home/ros_user/ros_repository/ROSProject/install/sensordatareader/lib/python3.8/site-packages:${PYTHONPATH} /usr/bin/python3 setup.py develop --editable --build-directory /home/ros_user/ros_repository/ROSProject/build/sensordatareader/build --no-deps install_data
[1.534s] Level 1:colcon.colcon_core.shell:create_environment_hook('my_teleop', 'pythonpath_develop')
[1.536s] INFO:colcon.colcon_core.shell:Creating environment hook '/home/ros_user/ros_repository/ROSProject/build/my_teleop/share/my_teleop/hook/pythonpath_develop.ps1'
[1.537s] DEBUG:colcon.colcon_core.event_handler.log_command:Invoked command in '/home/ros_user/ros_repository/ROSProject/build/my_teleop' returned '0': PYTHONPATH=/home/ros_user/ros_repository/ROSProject/build/my_teleop/prefix_override:/home/ros_user/ros_repository/ROSProject/install/my_teleop/lib/python3.8/site-packages:${PYTHONPATH} /usr/bin/python3 setup.py develop --editable --build-directory /home/ros_user/ros_repository/ROSProject/build/my_teleop/build --no-deps install_data
[1.537s] INFO:colcon.colcon_core.shell:Creating environment descriptor '/home/ros_user/ros_repository/ROSProject/build/my_teleop/share/my_teleop/hook/pythonpath_develop.dsv'
[1.537s] INFO:colcon.colcon_core.shell:Creating environment hook '/home/ros_user/ros_repository/ROSProject/build/my_teleop/share/my_teleop/hook/pythonpath_develop.sh'
[1.545s] Level 1:colcon.colcon_core.environment:checking '/home/ros_user/ros_repository/ROSProject/install/my_teleop' for CMake module files
[1.545s] Level 1:colcon.colcon_core.environment:checking '/home/ros_user/ros_repository/ROSProject/install/my_teleop' for CMake config files
[1.546s] Level 1:colcon.colcon_core.environment:checking '/home/ros_user/ros_repository/ROSProject/install/my_teleop/lib'
[1.546s] Level 1:colcon.colcon_core.environment:checking '/home/ros_user/ros_repository/ROSProject/install/my_teleop/bin'
[1.546s] Level 1:colcon.colcon_core.environment:checking '/home/ros_user/ros_repository/ROSProject/install/my_teleop/lib/pkgconfig/my_teleop.pc'
[1.546s] Level 1:colcon.colcon_core.environment:checking '/home/ros_user/ros_repository/ROSProject/install/my_teleop/lib/python3.8/site-packages'
[1.546s] Level 1:colcon.colcon_core.shell:create_environment_hook('my_teleop', 'pythonpath')
[1.547s] INFO:colcon.colcon_core.shell:Creating environment hook '/home/ros_user/ros_repository/ROSProject/install/my_teleop/share/my_teleop/hook/pythonpath.ps1'
[1.547s] INFO:colcon.colcon_core.shell:Creating environment descriptor '/home/ros_user/ros_repository/ROSProject/install/my_teleop/share/my_teleop/hook/pythonpath.dsv'
[1.547s] INFO:colcon.colcon_core.shell:Creating environment hook '/home/ros_user/ros_repository/ROSProject/install/my_teleop/share/my_teleop/hook/pythonpath.sh'
[1.547s] Level 1:colcon.colcon_core.environment:checking '/home/ros_user/ros_repository/ROSProject/install/my_teleop/bin'
[1.547s] Level 1:colcon.colcon_core.environment:create_environment_scripts_only(my_teleop)
[1.548s] INFO:colcon.colcon_core.shell:Creating package script '/home/ros_user/ros_repository/ROSProject/install/my_teleop/share/my_teleop/package.ps1'
[1.549s] INFO:colcon.colcon_core.shell:Creating package descriptor '/home/ros_user/ros_repository/ROSProject/install/my_teleop/share/my_teleop/package.dsv'
[1.549s] INFO:colcon.colcon_core.shell:Creating package script '/home/ros_user/ros_repository/ROSProject/install/my_teleop/share/my_teleop/package.sh'
[1.550s] INFO:colcon.colcon_core.shell:Creating package script '/home/ros_user/ros_repository/ROSProject/install/my_teleop/share/my_teleop/package.bash'
[1.551s] INFO:colcon.colcon_core.shell:Creating package script '/home/ros_user/ros_repository/ROSProject/install/my_teleop/share/my_teleop/package.zsh'
[1.552s] Level 1:colcon.colcon_core.environment:create_file_with_runtime_dependencies(/home/ros_user/ros_repository/ROSProject/install/my_teleop/share/colcon-core/packages/my_teleop)
[1.553s] Level 1:colcon.colcon_core.shell:create_environment_hook('mylaunch', 'pythonpath_develop')
[1.554s] INFO:colcon.colcon_core.shell:Creating environment hook '/home/ros_user/ros_repository/ROSProject/build/mylaunch/share/mylaunch/hook/pythonpath_develop.ps1'
[1.554s] DEBUG:colcon.colcon_core.event_handler.log_command:Invoked command in '/home/ros_user/ros_repository/ROSProject/build/mylaunch' returned '0': PYTHONPATH=/home/ros_user/ros_repository/ROSProject/build/mylaunch/prefix_override:/home/ros_user/ros_repository/ROSProject/install/mylaunch/lib/python3.8/site-packages:${PYTHONPATH} /usr/bin/python3 setup.py develop --editable --build-directory /home/ros_user/ros_repository/ROSProject/build/mylaunch/build --no-deps install_data
[1.554s] INFO:colcon.colcon_core.shell:Creating environment descriptor '/home/ros_user/ros_repository/ROSProject/build/mylaunch/share/mylaunch/hook/pythonpath_develop.dsv'
[1.555s] INFO:colcon.colcon_core.shell:Creating environment hook '/home/ros_user/ros_repository/ROSProject/build/mylaunch/share/mylaunch/hook/pythonpath_develop.sh'
[1.556s] Level 1:colcon.colcon_core.environment:checking '/home/ros_user/ros_repository/ROSProject/install/mylaunch' for CMake module files
[1.556s] Level 1:colcon.colcon_core.environment:checking '/home/ros_user/ros_repository/ROSProject/install/mylaunch' for CMake config files
[1.556s] Level 1:colcon.colcon_core.environment:checking '/home/ros_user/ros_repository/ROSProject/install/mylaunch/lib'
[1.556s] Level 1:colcon.colcon_core.environment:checking '/home/ros_user/ros_repository/ROSProject/install/mylaunch/bin'
[1.556s] Level 1:colcon.colcon_core.environment:checking '/home/ros_user/ros_repository/ROSProject/install/mylaunch/lib/pkgconfig/mylaunch.pc'
[1.556s] Level 1:colcon.colcon_core.environment:checking '/home/ros_user/ros_repository/ROSProject/install/mylaunch/lib/python3.8/site-packages'
[1.556s] Level 1:colcon.colcon_core.shell:create_environment_hook('mylaunch', 'pythonpath')
[1.557s] INFO:colcon.colcon_core.shell:Creating environment hook '/home/ros_user/ros_repository/ROSProject/install/mylaunch/share/mylaunch/hook/pythonpath.ps1'
[1.557s] INFO:colcon.colcon_core.shell:Creating environment descriptor '/home/ros_user/ros_repository/ROSProject/install/mylaunch/share/mylaunch/hook/pythonpath.dsv'
[1.558s] INFO:colcon.colcon_core.shell:Creating environment hook '/home/ros_user/ros_repository/ROSProject/install/mylaunch/share/mylaunch/hook/pythonpath.sh'
[1.558s] Level 1:colcon.colcon_core.environment:checking '/home/ros_user/ros_repository/ROSProject/install/mylaunch/bin'
[1.558s] Level 1:colcon.colcon_core.environment:create_environment_scripts_only(mylaunch)
[1.558s] INFO:colcon.colcon_core.shell:Creating package script '/home/ros_user/ros_repository/ROSProject/install/mylaunch/share/mylaunch/package.ps1'
[1.559s] INFO:colcon.colcon_core.shell:Creating package descriptor '/home/ros_user/ros_repository/ROSProject/install/mylaunch/share/mylaunch/package.dsv'
[1.559s] INFO:colcon.colcon_core.shell:Creating package script '/home/ros_user/ros_repository/ROSProject/install/mylaunch/share/mylaunch/package.sh'
[1.559s] INFO:colcon.colcon_core.shell:Creating package script '/home/ros_user/ros_repository/ROSProject/install/mylaunch/share/mylaunch/package.bash'
[1.559s] INFO:colcon.colcon_core.shell:Creating package script '/home/ros_user/ros_repository/ROSProject/install/mylaunch/share/mylaunch/package.zsh'
[1.560s] Level 1:colcon.colcon_core.environment:create_file_with_runtime_dependencies(/home/ros_user/ros_repository/ROSProject/install/mylaunch/share/colcon-core/packages/mylaunch)
[1.560s] Level 1:colcon.colcon_core.shell:create_environment_hook('ros2_course', 'pythonpath_develop')
[1.561s] INFO:colcon.colcon_core.shell:Creating environment hook '/home/ros_user/ros_repository/ROSProject/build/ros2_course/share/ros2_course/hook/pythonpath_develop.ps1'
[1.562s] INFO:colcon.colcon_core.shell:Creating environment descriptor '/home/ros_user/ros_repository/ROSProject/build/ros2_course/share/ros2_course/hook/pythonpath_develop.dsv'
[1.562s] DEBUG:colcon.colcon_core.event_handler.log_command:Invoked command in '/home/ros_user/ros_repository/ROSProject/build/ros2_course' returned '0': PYTHONPATH=/home/ros_user/ros_repository/ROSProject/build/ros2_course/prefix_override:/home/ros_user/ros_repository/ROSProject/install/ros2_course/lib/python3.8/site-packages:${PYTHONPATH} /usr/bin/python3 setup.py develop --editable --build-directory /home/ros_user/ros_repository/ROSProject/build/ros2_course/build --no-deps install_data
[1.562s] INFO:colcon.colcon_core.shell:Creating environment hook '/home/ros_user/ros_repository/ROSProject/build/ros2_course/share/ros2_course/hook/pythonpath_develop.sh'
[1.563s] Level 1:colcon.colcon_core.environment:checking '/home/ros_user/ros_repository/ROSProject/install/ros2_course' for CMake module files
[1.563s] Level 1:colcon.colcon_core.environment:checking '/home/ros_user/ros_repository/ROSProject/install/ros2_course' for CMake config files
[1.563s] Level 1:colcon.colcon_core.environment:checking '/home/ros_user/ros_repository/ROSProject/install/ros2_course/lib'
[1.563s] Level 1:colcon.colcon_core.environment:checking '/home/ros_user/ros_repository/ROSProject/install/ros2_course/bin'
[1.563s] Level 1:colcon.colcon_core.environment:checking '/home/ros_user/ros_repository/ROSProject/install/ros2_course/lib/pkgconfig/ros2_course.pc'
[1.564s] Level 1:colcon.colcon_core.environment:checking '/home/ros_user/ros_repository/ROSProject/install/ros2_course/lib/python3.8/site-packages'
[1.564s] Level 1:colcon.colcon_core.shell:create_environment_hook('ros2_course', 'pythonpath')
[1.564s] INFO:colcon.colcon_core.shell:Creating environment hook '/home/ros_user/ros_repository/ROSProject/install/ros2_course/share/ros2_course/hook/pythonpath.ps1'
[1.564s] INFO:colcon.colcon_core.shell:Creating environment descriptor '/home/ros_user/ros_repository/ROSProject/install/ros2_course/share/ros2_course/hook/pythonpath.dsv'
[1.565s] INFO:colcon.colcon_core.shell:Creating environment hook '/home/ros_user/ros_repository/ROSProject/install/ros2_course/share/ros2_course/hook/pythonpath.sh'
[1.565s] Level 1:colcon.colcon_core.environment:checking '/home/ros_user/ros_repository/ROSProject/install/ros2_course/bin'
[1.565s] Level 1:colcon.colcon_core.environment:create_environment_scripts_only(ros2_course)
[1.566s] INFO:colcon.colcon_core.shell:Creating package script '/home/ros_user/ros_repository/ROSProject/install/ros2_course/share/ros2_course/package.ps1'
[1.566s] INFO:colcon.colcon_core.shell:Creating package descriptor '/home/ros_user/ros_repository/ROSProject/install/ros2_course/share/ros2_course/package.dsv'
[1.567s] INFO:colcon.colcon_core.shell:Creating package script '/home/ros_user/ros_repository/ROSProject/install/ros2_course/share/ros2_course/package.sh'
[1.568s] INFO:colcon.colcon_core.shell:Creating package script '/home/ros_user/ros_repository/ROSProject/install/ros2_course/share/ros2_course/package.bash'
[1.568s] INFO:colcon.colcon_core.shell:Creating package script '/home/ros_user/ros_repository/ROSProject/install/ros2_course/share/ros2_course/package.zsh'
[1.568s] Level 1:colcon.colcon_core.environment:create_file_with_runtime_dependencies(/home/ros_user/ros_repository/ROSProject/install/ros2_course/share/colcon-core/packages/ros2_course)
[1.569s] Level 1:colcon.colcon_core.shell:create_environment_hook('sensordatareader', 'pythonpath_develop')
[1.570s] INFO:colcon.colcon_core.shell:Creating environment hook '/home/ros_user/ros_repository/ROSProject/build/sensordatareader/share/sensordatareader/hook/pythonpath_develop.ps1'
[1.570s] DEBUG:colcon.colcon_core.event_handler.log_command:Invoked command in '/home/ros_user/ros_repository/ROSProject/build/sensordatareader' returned '0': PYTHONPATH=/home/ros_user/ros_repository/ROSProject/build/sensordatareader/prefix_override:/home/ros_user/ros_repository/ROSProject/install/sensordatareader/lib/python3.8/site-packages:${PYTHONPATH} /usr/bin/python3 setup.py develop --editable --build-directory /home/ros_user/ros_repository/ROSProject/build/sensordatareader/build --no-deps install_data
[1.570s] INFO:colcon.colcon_core.shell:Creating environment descriptor '/home/ros_user/ros_repository/ROSProject/build/sensordatareader/share/sensordatareader/hook/pythonpath_develop.dsv'
[1.570s] INFO:colcon.colcon_core.shell:Creating environment hook '/home/ros_user/ros_repository/ROSProject/build/sensordatareader/share/sensordatareader/hook/pythonpath_develop.sh'
[1.571s] Level 1:colcon.colcon_core.environment:checking '/home/ros_user/ros_repository/ROSProject/install/sensordatareader' for CMake module files
[1.572s] Level 1:colcon.colcon_core.environment:checking '/home/ros_user/ros_repository/ROSProject/install/sensordatareader' for CMake config files
[1.572s] Level 1:colcon.colcon_core.environment:checking '/home/ros_user/ros_repository/ROSProject/install/sensordatareader/lib'
[1.572s] Level 1:colcon.colcon_core.environment:checking '/home/ros_user/ros_repository/ROSProject/install/sensordatareader/bin'
[1.572s] Level 1:colcon.colcon_core.environment:checking '/home/ros_user/ros_repository/ROSProject/install/sensordatareader/lib/pkgconfig/sensordatareader.pc'
[1.572s] Level 1:colcon.colcon_core.environment:checking '/home/ros_user/ros_repository/ROSProject/install/sensordatareader/lib/python3.8/site-packages'
[1.572s] Level 1:colcon.colcon_core.shell:create_environment_hook('sensordatareader', 'pythonpath')
[1.573s] INFO:colcon.colcon_core.shell:Creating environment hook '/home/ros_user/ros_repository/ROSProject/install/sensordatareader/share/sensordatareader/hook/pythonpath.ps1'
[1.573s] INFO:colcon.colcon_core.shell:Creating environment descriptor '/home/ros_user/ros_repository/ROSProject/install/sensordatareader/share/sensordatareader/hook/pythonpath.dsv'
[1.573s] INFO:colcon.colcon_core.shell:Creating environment hook '/home/ros_user/ros_repository/ROSProject/install/sensordatareader/share/sensordatareader/hook/pythonpath.sh'
[1.573s] Level 1:colcon.colcon_core.environment:checking '/home/ros_user/ros_repository/ROSProject/install/sensordatareader/bin'
[1.573s] Level 1:colcon.colcon_core.environment:create_environment_scripts_only(sensordatareader)
[1.574s] INFO:colcon.colcon_core.shell:Creating package script '/home/ros_user/ros_repository/ROSProject/install/sensordatareader/share/sensordatareader/package.ps1'
[1.574s] INFO:colcon.colcon_core.shell:Creating package descriptor '/home/ros_user/ros_repository/ROSProject/install/sensordatareader/share/sensordatareader/package.dsv'
[1.574s] INFO:colcon.colcon_core.shell:Creating package script '/home/ros_user/ros_repository/ROSProject/install/sensordatareader/share/sensordatareader/package.sh'
[1.575s] INFO:colcon.colcon_core.shell:Creating package script '/home/ros_user/ros_repository/ROSProject/install/sensordatareader/share/sensordatareader/package.bash'
[1.575s] INFO:colcon.colcon_core.shell:Creating package script '/home/ros_user/ros_repository/ROSProject/install/sensordatareader/share/sensordatareader/package.zsh'
[1.575s] Level 1:colcon.colcon_core.environment:create_file_with_runtime_dependencies(/home/ros_user/ros_repository/ROSProject/install/sensordatareader/share/colcon-core/packages/sensordatareader)
[1.576s] DEBUG:colcon.colcon_parallel_executor.executor.parallel:closing loop
[1.576s] DEBUG:colcon.colcon_parallel_executor.executor.parallel:loop closed
[1.576s] DEBUG:colcon.colcon_parallel_executor.executor.parallel:run_until_complete finished with '0'
[1.576s] DEBUG:colcon.colcon_core.event_reactor:joining thread
[1.580s] INFO:colcon.colcon_core.plugin_system:Skipping extension 'colcon_notification.desktop_notification.terminal_notifier': Not used on non-Darwin systems
[1.580s] INFO:colcon.colcon_core.plugin_system:Skipping extension 'colcon_notification.desktop_notification.win32': Not used on non-Windows systems
[1.580s] INFO:colcon.colcon_notification.desktop_notification:Sending desktop notification using 'notify2'
[1.589s] DEBUG:colcon.colcon_core.event_reactor:joined thread
[1.590s] INFO:colcon.colcon_core.shell:Creating prefix script '/home/ros_user/ros_repository/ROSProject/install/local_setup.ps1'
[1.591s] INFO:colcon.colcon_core.shell:Creating prefix util module '/home/ros_user/ros_repository/ROSProject/install/_local_setup_util_ps1.py'
[1.597s] INFO:colcon.colcon_core.shell:Creating prefix chain script '/home/ros_user/ros_repository/ROSProject/install/setup.ps1'
[1.599s] INFO:colcon.colcon_core.shell:Creating prefix script '/home/ros_user/ros_repository/ROSProject/install/local_setup.sh'
[1.600s] INFO:colcon.colcon_core.shell:Creating prefix util module '/home/ros_user/ros_repository/ROSProject/install/_local_setup_util_sh.py'
[1.600s] INFO:colcon.colcon_core.shell:Creating prefix chain script '/home/ros_user/ros_repository/ROSProject/install/setup.sh'
[1.601s] INFO:colcon.colcon_core.shell:Creating prefix script '/home/ros_user/ros_repository/ROSProject/install/local_setup.bash'
[1.603s] INFO:colcon.colcon_core.shell:Creating prefix chain script '/home/ros_user/ros_repository/ROSProject/install/setup.bash'
[1.604s] INFO:colcon.colcon_core.shell:Creating prefix script '/home/ros_user/ros_repository/ROSProject/install/local_setup.zsh'
[1.605s] INFO:colcon.colcon_core.shell:Creating prefix chain script '/home/ros_user/ros_repository/ROSProject/install/setup.zsh'
