-- The C compiler identification is GNU 9.4.0
-- The CXX compiler identification is GNU 9.4.0
-- Check for working C compiler: /usr/bin/cc
-- Check for working C compiler: /usr/bin/cc -- works
-- Detecting C compiler ABI info
-- Detecting C compiler ABI info - done
-- Detecting C compile features
-- Detecting C compile features - done
-- Check for working CXX compiler: /usr/bin/c++
-- Check for working CXX compiler: /usr/bin/c++ -- works
-- Detecting CXX compiler ABI info
-- Detecting CXX compiler ABI info - done
-- Detecting CXX compile features
-- Detecting CXX compile features - done
-- Found ament_cmake: 0.9.11 (/opt/ros/foxy/share/ament_cmake/cmake)
-- Found PythonInterp: /usr/bin/python3 (found suitable version "3.8.10", minimum required is "3") 
-- Using PYTHON_EXECUTABLE: /usr/bin/python3
-- Override CMake install command with custom implementation using symlinks instead of copying resources
-- Configuring done
-- Generating done
-- Build files have been written to: /home/ros_user/ros2_ws/build/common2
-- Install configuration: ""
-- Execute custom install script
-- Symlinking: /home/ros_user/ros2_ws/install/common2/share/ament_index/resource_index/package_run_dependencies/common2
-- Symlinking: /home/ros_user/ros2_ws/install/common2/share/ament_index/resource_index/parent_prefix_path/common2
-- Symlinking: /home/ros_user/ros2_ws/install/common2/share/common2/environment/ament_prefix_path.sh
-- Symlinking: /home/ros_user/ros2_ws/install/common2/share/common2/environment/ament_prefix_path.dsv
-- Symlinking: /home/ros_user/ros2_ws/install/common2/share/common2/environment/path.sh
-- Symlinking: /home/ros_user/ros2_ws/install/common2/share/common2/environment/path.dsv
-- Symlinking: /home/ros_user/ros2_ws/install/common2/share/common2/local_setup.bash
-- Symlinking: /home/ros_user/ros2_ws/install/common2/share/common2/local_setup.sh
-- Symlinking: /home/ros_user/ros2_ws/install/common2/share/common2/local_setup.zsh
-- Symlinking: /home/ros_user/ros2_ws/install/common2/share/common2/local_setup.dsv
-- Symlinking: /home/ros_user/ros2_ws/install/common2/share/common2/package.dsv
-- Symlinking: /home/ros_user/ros2_ws/install/common2/share/ament_index/resource_index/packages/common2
-- Symlinking: /home/ros_user/ros2_ws/install/common2/share/common2/cmake/common2Config.cmake
-- Symlinking: /home/ros_user/ros2_ws/install/common2/share/common2/cmake/common2Config-version.cmake
-- Symlinking: /home/ros_user/ros2_ws/install/common2/share/common2/package.xml
-- Symlinking: /home/ros_user/ros2_ws/install/common2/bin/common2/imp/DRFC.py
-- Symlinking: /home/ros_user/ros2_ws/install/common2/bin/common2/imp/DR_common2.py
-- Symlinking: /home/ros_user/ros2_ws/install/common2/bin/common2/imp/DR_error2.py
-- Symlinking: /home/ros_user/ros2_ws/install/common2/bin/common2/imp/DR_init.py
-- Symlinking: /home/ros_user/ros2_ws/install/common2/bin/common2/imp/DR_tcp_client2.py
-- Symlinking: /home/ros_user/ros2_ws/install/common2/bin/common2/imp/DR_tcp_server2.py
-- Symlinking: /home/ros_user/ros2_ws/install/common2/bin/common2/imp/DSR_ROBOT2.py
-- Symlinking: /home/ros_user/ros2_ws/install/common2/bin/common2/imp/DSR_util2.py
-- Symlinking: /home/ros_user/ros2_ws/install/common2/bin/common2/imp/__init__.py
-- Symlinking: /home/ros_user/ros2_ws/install/common2/bin/common2/config/BV/M3_M0906.xml
-- Symlinking: /home/ros_user/ros2_ws/install/common2/bin/common2/config/BV/M3_M0915.xml
-- Symlinking: /home/ros_user/ros2_ws/install/common2/bin/common2/config/BV/M3_M1310.xml
-- Symlinking: /home/ros_user/ros2_ws/install/common2/bin/common2/config/BV/M3_M1706.xml
-- Symlinking: /home/ros_user/ros2_ws/install/common2/bin/common2/config/BV/MF_A0509.xml
-- Symlinking: /home/ros_user/ros2_ws/install/common2/bin/common2/config/BV/MF_A0912.xml
-- Symlinking: /home/ros_user/ros2_ws/install/common2/bin/common2/config/BV/MF_H2017.xml
-- Symlinking: /home/ros_user/ros2_ws/install/common2/bin/common2/config/BV/MF_H2515.xml
-- Symlinking: /home/ros_user/ros2_ws/install/common2/bin/common2/config/BV/MF_M0609.xml
-- Symlinking: /home/ros_user/ros2_ws/install/common2/bin/common2/config/BV/MF_M0617.xml
-- Symlinking: /home/ros_user/ros2_ws/install/common2/bin/common2/config/BV/MF_M1013.xml
-- Symlinking: /home/ros_user/ros2_ws/install/common2/bin/common2/config/BV/MF_M1509.xml
-- Symlinking: /home/ros_user/ros2_ws/install/common2/bin/common2/config/CommandDefine.org
-- Symlinking: /home/ros_user/ros2_ws/install/common2/bin/common2/config/CommandDefine.xml
-- Symlinking: /home/ros_user/ros2_ws/install/common2/bin/common2/config/MF/Group/m0609/DV3060900.xml
-- Symlinking: /home/ros_user/ros2_ws/install/common2/bin/common2/config/MF/Group/m0617/DV3061700.xml
-- Symlinking: /home/ros_user/ros2_ws/install/common2/bin/common2/config/MF/Group/m1013/DV3101300.xml
-- Symlinking: /home/ros_user/ros2_ws/install/common2/bin/common2/config/MF/Group/m1509/DV3150900.xml
-- Symlinking: /home/ros_user/ros2_ws/install/common2/bin/common2/config/MF/Group/vdi/vdi.xml
-- Symlinking: /home/ros_user/ros2_ws/install/common2/bin/common2/config/MF/a0307.xml
-- Symlinking: /home/ros_user/ros2_ws/install/common2/bin/common2/config/MF/a0509.xml
-- Symlinking: /home/ros_user/ros2_ws/install/common2/bin/common2/config/MF/a0509s.xml
-- Symlinking: /home/ros_user/ros2_ws/install/common2/bin/common2/config/MF/a0912.xml
-- Symlinking: /home/ros_user/ros2_ws/install/common2/bin/common2/config/MF/a0912s.xml
-- Symlinking: /home/ros_user/ros2_ws/install/common2/bin/common2/config/MF/h2017.xml
-- Symlinking: /home/ros_user/ros2_ws/install/common2/bin/common2/config/MF/h2515.xml
-- Symlinking: /home/ros_user/ros2_ws/install/common2/bin/common2/config/MF/m0609.xml
-- Symlinking: /home/ros_user/ros2_ws/install/common2/bin/common2/config/MF/m0609a.xml
-- Symlinking: /home/ros_user/ros2_ws/install/common2/bin/common2/config/MF/m0617.xml
-- Symlinking: /home/ros_user/ros2_ws/install/common2/bin/common2/config/MF/m0617a.xml
-- Symlinking: /home/ros_user/ros2_ws/install/common2/bin/common2/config/MF/m1013.xml
-- Symlinking: /home/ros_user/ros2_ws/install/common2/bin/common2/config/MF/m1013a.xml
-- Symlinking: /home/ros_user/ros2_ws/install/common2/bin/common2/config/MF/m1509.xml
-- Symlinking: /home/ros_user/ros2_ws/install/common2/bin/common2/config/MF/m1509a.xml
-- Symlinking: /home/ros_user/ros2_ws/install/common2/bin/common2/config/config.xml
-- Symlinking: /home/ros_user/ros2_ws/install/common2/bin/common2/config/config_a0307.xml
-- Symlinking: /home/ros_user/ros2_ws/install/common2/bin/common2/config/config_a0509.xml
-- Symlinking: /home/ros_user/ros2_ws/install/common2/bin/common2/config/config_m0609.xml
-- Symlinking: /home/ros_user/ros2_ws/install/common2/bin/common2/config/config_m0617.xml
-- Symlinking: /home/ros_user/ros2_ws/install/common2/bin/common2/config/config_m1013.xml
-- Symlinking: /home/ros_user/ros2_ws/install/common2/bin/common2/config/config_m1509.xml
-- Symlinking: /home/ros_user/ros2_ws/install/common2/share/common2/bin/DRCF/DRCF64
-- Symlinking: /home/ros_user/ros2_ws/install/common2/share/common2/bin/DRCF/config/BV/M3_M0906.xml
-- Symlinking: /home/ros_user/ros2_ws/install/common2/share/common2/bin/DRCF/config/BV/M3_M0915.xml
-- Symlinking: /home/ros_user/ros2_ws/install/common2/share/common2/bin/DRCF/config/BV/M3_M1310.xml
-- Symlinking: /home/ros_user/ros2_ws/install/common2/share/common2/bin/DRCF/config/BV/M3_M1706.xml
-- Symlinking: /home/ros_user/ros2_ws/install/common2/share/common2/bin/DRCF/config/BV/MF_A0509.xml
-- Symlinking: /home/ros_user/ros2_ws/install/common2/share/common2/bin/DRCF/config/BV/MF_A0912.xml
-- Symlinking: /home/ros_user/ros2_ws/install/common2/share/common2/bin/DRCF/config/BV/MF_H2017.xml
-- Symlinking: /home/ros_user/ros2_ws/install/common2/share/common2/bin/DRCF/config/BV/MF_H2515.xml
-- Symlinking: /home/ros_user/ros2_ws/install/common2/share/common2/bin/DRCF/config/BV/MF_M0609.xml
-- Symlinking: /home/ros_user/ros2_ws/install/common2/share/common2/bin/DRCF/config/BV/MF_M0617.xml
-- Symlinking: /home/ros_user/ros2_ws/install/common2/share/common2/bin/DRCF/config/BV/MF_M1013.xml
-- Symlinking: /home/ros_user/ros2_ws/install/common2/share/common2/bin/DRCF/config/BV/MF_M1509.xml
-- Symlinking: /home/ros_user/ros2_ws/install/common2/share/common2/bin/DRCF/config/CommandDefine.org
-- Symlinking: /home/ros_user/ros2_ws/install/common2/share/common2/bin/DRCF/config/CommandDefine.xml
-- Symlinking: /home/ros_user/ros2_ws/install/common2/share/common2/bin/DRCF/config/MF/Group/m0609/DV3060900.xml
-- Symlinking: /home/ros_user/ros2_ws/install/common2/share/common2/bin/DRCF/config/MF/Group/m0617/DV3061700.xml
-- Symlinking: /home/ros_user/ros2_ws/install/common2/share/common2/bin/DRCF/config/MF/Group/m1013/DV3101300.xml
-- Symlinking: /home/ros_user/ros2_ws/install/common2/share/common2/bin/DRCF/config/MF/Group/m1509/DV3150900.xml
-- Symlinking: /home/ros_user/ros2_ws/install/common2/share/common2/bin/DRCF/config/MF/Group/vdi/vdi.xml
-- Symlinking: /home/ros_user/ros2_ws/install/common2/share/common2/bin/DRCF/config/MF/a0307.xml
-- Symlinking: /home/ros_user/ros2_ws/install/common2/share/common2/bin/DRCF/config/MF/a0509.xml
-- Symlinking: /home/ros_user/ros2_ws/install/common2/share/common2/bin/DRCF/config/MF/a0509s.xml
-- Symlinking: /home/ros_user/ros2_ws/install/common2/share/common2/bin/DRCF/config/MF/a0912.xml
-- Symlinking: /home/ros_user/ros2_ws/install/common2/share/common2/bin/DRCF/config/MF/a0912s.xml
-- Symlinking: /home/ros_user/ros2_ws/install/common2/share/common2/bin/DRCF/config/MF/h2017.xml
-- Symlinking: /home/ros_user/ros2_ws/install/common2/share/common2/bin/DRCF/config/MF/h2515.xml
-- Symlinking: /home/ros_user/ros2_ws/install/common2/share/common2/bin/DRCF/config/MF/m0609.xml
-- Symlinking: /home/ros_user/ros2_ws/install/common2/share/common2/bin/DRCF/config/MF/m0609a.xml
-- Symlinking: /home/ros_user/ros2_ws/install/common2/share/common2/bin/DRCF/config/MF/m0617.xml
-- Symlinking: /home/ros_user/ros2_ws/install/common2/share/common2/bin/DRCF/config/MF/m0617a.xml
-- Symlinking: /home/ros_user/ros2_ws/install/common2/share/common2/bin/DRCF/config/MF/m1013.xml
-- Symlinking: /home/ros_user/ros2_ws/install/common2/share/common2/bin/DRCF/config/MF/m1013a.xml
-- Symlinking: /home/ros_user/ros2_ws/install/common2/share/common2/bin/DRCF/config/MF/m1509.xml
-- Symlinking: /home/ros_user/ros2_ws/install/common2/share/common2/bin/DRCF/config/MF/m1509a.xml
-- Symlinking: /home/ros_user/ros2_ws/install/common2/share/common2/bin/DRCF/config/config.xml
-- Symlinking: /home/ros_user/ros2_ws/install/common2/share/common2/bin/DRCF/config/config_a0307.xml
-- Symlinking: /home/ros_user/ros2_ws/install/common2/share/common2/bin/DRCF/config/config_a0509.xml
-- Symlinking: /home/ros_user/ros2_ws/install/common2/share/common2/bin/DRCF/config/config_m0609.xml
-- Symlinking: /home/ros_user/ros2_ws/install/common2/share/common2/bin/DRCF/config/config_m0617.xml
-- Symlinking: /home/ros_user/ros2_ws/install/common2/share/common2/bin/DRCF/config/config_m1013.xml
-- Symlinking: /home/ros_user/ros2_ws/install/common2/share/common2/bin/DRCF/config/config_m1509.xml
-- Symlinking: /home/ros_user/ros2_ws/install/common2/share/common2/bin/DRCF/run_drcf.sh
