[0.126s] DEBUG:colcon:Command line arguments: ['/usr/bin/colcon', 'build', '--symlink-install']
[0.126s] DEBUG:colcon:Parsed command line arguments: Namespace(allow_overriding=[], ament_cmake_args=None, base_paths=['.'], build_base='build', catkin_cmake_args=None, catkin_skip_building_tests=False, cmake_args=None, cmake_clean_cache=False, cmake_clean_first=False, cmake_force_configure=False, cmake_target=None, cmake_target_skip_unavailable=False, continue_on_error=False, event_handlers=None, executor='parallel', ignore_user_meta=False, install_base='install', log_base=None, log_level=None, main=<bound method BuildVerb.main of <colcon_core.verb.build.BuildVerb object at 0x7efe11e435b0>>, merge_install=False, metas=['./colcon.meta'], packages_above=None, packages_above_and_dependencies=None, packages_above_depth=None, packages_end=None, packages_ignore=None, packages_ignore_regex=None, packages_select=None, packages_select_build_failed=False, packages_select_by_dep=None, packages_select_regex=None, packages_select_test_failures=False, packages_skip=None, packages_skip_build_finished=False, packages_skip_by_dep=None, packages_skip_regex=None, packages_skip_test_passed=False, packages_skip_up_to=None, packages_start=None, packages_up_to=None, packages_up_to_regex=None, parallel_workers=4, paths=None, symlink_install=True, test_result_base=None, verb_extension=<colcon_core.verb.build.BuildVerb object at 0x7efe11e435b0>, verb_name='build', verb_parser=<colcon_defaults.argument_parser.defaults.DefaultArgumentsDecorator object at 0x7efe11e43af0>)
[0.139s] Level 1:colcon.colcon_core.package_discovery:discover_packages(colcon_meta) check parameters
[0.139s] Level 1:colcon.colcon_core.package_discovery:discover_packages(recursive) check parameters
[0.139s] Level 1:colcon.colcon_core.package_discovery:discover_packages(ignore) check parameters
[0.139s] Level 1:colcon.colcon_core.package_discovery:discover_packages(path) check parameters
[0.139s] Level 1:colcon.colcon_core.package_discovery:discover_packages(colcon_meta) discover
[0.139s] Level 1:colcon.colcon_core.package_discovery:discover_packages(recursive) discover
[0.139s] INFO:colcon.colcon_core.package_discovery:Crawling recursively for packages in '/home/ros_user/ros2_ws'
[0.139s] Level 1:colcon.colcon_core.package_identification:_identify(.) by extensions ['ignore', 'ignore_ament_install']
[0.139s] Level 1:colcon.colcon_core.package_identification:_identify(.) by extension 'ignore'
[0.139s] Level 1:colcon.colcon_core.package_identification:_identify(.) by extension 'ignore_ament_install'
[0.139s] Level 1:colcon.colcon_core.package_identification:_identify(.) by extensions ['colcon_pkg']
[0.139s] Level 1:colcon.colcon_core.package_identification:_identify(.) by extension 'colcon_pkg'
[0.139s] Level 1:colcon.colcon_core.package_identification:_identify(.) by extensions ['colcon_meta']
[0.139s] Level 1:colcon.colcon_core.package_identification:_identify(.) by extension 'colcon_meta'
[0.139s] Level 1:colcon.colcon_core.package_identification:_identify(.) by extensions ['ros']
[0.139s] Level 1:colcon.colcon_core.package_identification:_identify(.) by extension 'ros'
[0.150s] Level 1:colcon.colcon_core.package_identification:_identify(.) by extensions ['cmake', 'python']
[0.150s] Level 1:colcon.colcon_core.package_identification:_identify(.) by extension 'cmake'
[0.150s] Level 1:colcon.colcon_core.package_identification:_identify(.) by extension 'python'
[0.150s] Level 1:colcon.colcon_core.package_identification:_identify(.) by extensions ['python_setup_py']
[0.150s] Level 1:colcon.colcon_core.package_identification:_identify(.) by extension 'python_setup_py'
[0.150s] Level 1:colcon.colcon_core.package_identification:_identify(build) by extensions ['ignore', 'ignore_ament_install']
[0.150s] Level 1:colcon.colcon_core.package_identification:_identify(build) by extension 'ignore'
[0.150s] Level 1:colcon.colcon_core.package_identification:_identify(build) ignored
[0.150s] Level 1:colcon.colcon_core.package_identification:_identify(devel) by extensions ['ignore', 'ignore_ament_install']
[0.150s] Level 1:colcon.colcon_core.package_identification:_identify(devel) by extension 'ignore'
[0.150s] Level 1:colcon.colcon_core.package_identification:_identify(devel) by extension 'ignore_ament_install'
[0.150s] Level 1:colcon.colcon_core.package_identification:_identify(devel) by extensions ['colcon_pkg']
[0.150s] Level 1:colcon.colcon_core.package_identification:_identify(devel) by extension 'colcon_pkg'
[0.150s] Level 1:colcon.colcon_core.package_identification:_identify(devel) by extensions ['colcon_meta']
[0.150s] Level 1:colcon.colcon_core.package_identification:_identify(devel) by extension 'colcon_meta'
[0.150s] Level 1:colcon.colcon_core.package_identification:_identify(devel) by extensions ['ros']
[0.150s] Level 1:colcon.colcon_core.package_identification:_identify(devel) by extension 'ros'
[0.150s] Level 1:colcon.colcon_core.package_identification:_identify(devel) by extensions ['cmake', 'python']
[0.150s] Level 1:colcon.colcon_core.package_identification:_identify(devel) by extension 'cmake'
[0.150s] Level 1:colcon.colcon_core.package_identification:_identify(devel) by extension 'python'
[0.150s] Level 1:colcon.colcon_core.package_identification:_identify(devel) by extensions ['python_setup_py']
[0.150s] Level 1:colcon.colcon_core.package_identification:_identify(devel) by extension 'python_setup_py'
[0.150s] Level 1:colcon.colcon_core.package_identification:_identify(install) by extensions ['ignore', 'ignore_ament_install']
[0.150s] Level 1:colcon.colcon_core.package_identification:_identify(install) by extension 'ignore'
[0.150s] Level 1:colcon.colcon_core.package_identification:_identify(install) ignored
[0.150s] Level 1:colcon.colcon_core.package_identification:_identify(log) by extensions ['ignore', 'ignore_ament_install']
[0.150s] Level 1:colcon.colcon_core.package_identification:_identify(log) by extension 'ignore'
[0.150s] Level 1:colcon.colcon_core.package_identification:_identify(log) ignored
[0.150s] Level 1:colcon.colcon_core.package_identification:_identify(logs) by extensions ['ignore', 'ignore_ament_install']
[0.150s] Level 1:colcon.colcon_core.package_identification:_identify(logs) by extension 'ignore'
[0.150s] Level 1:colcon.colcon_core.package_identification:_identify(logs) by extension 'ignore_ament_install'
[0.150s] Level 1:colcon.colcon_core.package_identification:_identify(logs) by extensions ['colcon_pkg']
[0.150s] Level 1:colcon.colcon_core.package_identification:_identify(logs) by extension 'colcon_pkg'
[0.150s] Level 1:colcon.colcon_core.package_identification:_identify(logs) by extensions ['colcon_meta']
[0.150s] Level 1:colcon.colcon_core.package_identification:_identify(logs) by extension 'colcon_meta'
[0.150s] Level 1:colcon.colcon_core.package_identification:_identify(logs) by extensions ['ros']
[0.150s] Level 1:colcon.colcon_core.package_identification:_identify(logs) by extension 'ros'
[0.150s] Level 1:colcon.colcon_core.package_identification:_identify(logs) by extensions ['cmake', 'python']
[0.150s] Level 1:colcon.colcon_core.package_identification:_identify(logs) by extension 'cmake'
[0.150s] Level 1:colcon.colcon_core.package_identification:_identify(logs) by extension 'python'
[0.150s] Level 1:colcon.colcon_core.package_identification:_identify(logs) by extensions ['python_setup_py']
[0.150s] Level 1:colcon.colcon_core.package_identification:_identify(logs) by extension 'python_setup_py'
[0.150s] Level 1:colcon.colcon_core.package_identification:_identify(src) by extensions ['ignore', 'ignore_ament_install']
[0.150s] Level 1:colcon.colcon_core.package_identification:_identify(src) by extension 'ignore'
[0.150s] Level 1:colcon.colcon_core.package_identification:_identify(src) by extension 'ignore_ament_install'
[0.151s] Level 1:colcon.colcon_core.package_identification:_identify(src) by extensions ['colcon_pkg']
[0.151s] Level 1:colcon.colcon_core.package_identification:_identify(src) by extension 'colcon_pkg'
[0.151s] Level 1:colcon.colcon_core.package_identification:_identify(src) by extensions ['colcon_meta']
[0.151s] Level 1:colcon.colcon_core.package_identification:_identify(src) by extension 'colcon_meta'
[0.151s] Level 1:colcon.colcon_core.package_identification:_identify(src) by extensions ['ros']
[0.151s] Level 1:colcon.colcon_core.package_identification:_identify(src) by extension 'ros'
[0.151s] Level 1:colcon.colcon_core.package_identification:_identify(src) by extensions ['cmake', 'python']
[0.151s] Level 1:colcon.colcon_core.package_identification:_identify(src) by extension 'cmake'
[0.151s] Level 1:colcon.colcon_core.package_identification:_identify(src) by extension 'python'
[0.151s] Level 1:colcon.colcon_core.package_identification:_identify(src) by extensions ['python_setup_py']
[0.151s] Level 1:colcon.colcon_core.package_identification:_identify(src) by extension 'python_setup_py'
[0.151s] Level 1:colcon.colcon_core.package_identification:_identify(src/build) by extensions ['ignore', 'ignore_ament_install']
[0.151s] Level 1:colcon.colcon_core.package_identification:_identify(src/build) by extension 'ignore'
[0.151s] Level 1:colcon.colcon_core.package_identification:_identify(src/build) ignored
[0.151s] Level 1:colcon.colcon_core.package_identification:_identify(src/install) by extensions ['ignore', 'ignore_ament_install']
[0.151s] Level 1:colcon.colcon_core.package_identification:_identify(src/install) by extension 'ignore'
[0.151s] Level 1:colcon.colcon_core.package_identification:_identify(src/install) ignored
[0.151s] Level 1:colcon.colcon_core.package_identification:_identify(src/log) by extensions ['ignore', 'ignore_ament_install']
[0.151s] Level 1:colcon.colcon_core.package_identification:_identify(src/log) by extension 'ignore'
[0.151s] Level 1:colcon.colcon_core.package_identification:_identify(src/log) ignored
[0.151s] Level 1:colcon.colcon_core.package_identification:_identify(src/my_launch) by extensions ['ignore', 'ignore_ament_install']
[0.151s] Level 1:colcon.colcon_core.package_identification:_identify(src/my_launch) by extension 'ignore'
[0.151s] Level 1:colcon.colcon_core.package_identification:_identify(src/my_launch) by extension 'ignore_ament_install'
[0.151s] Level 1:colcon.colcon_core.package_identification:_identify(src/my_launch) by extensions ['colcon_pkg']
[0.151s] Level 1:colcon.colcon_core.package_identification:_identify(src/my_launch) by extension 'colcon_pkg'
[0.151s] Level 1:colcon.colcon_core.package_identification:_identify(src/my_launch) by extensions ['colcon_meta']
[0.151s] Level 1:colcon.colcon_core.package_identification:_identify(src/my_launch) by extension 'colcon_meta'
[0.151s] Level 1:colcon.colcon_core.package_identification:_identify(src/my_launch) by extensions ['ros']
[0.151s] Level 1:colcon.colcon_core.package_identification:_identify(src/my_launch) by extension 'ros'
[0.152s] DEBUG:colcon.colcon_core.package_identification:Package 'src/my_launch' with type 'ros.ament_cmake' and name 'my_launch'
[0.152s] Level 1:colcon.colcon_core.package_identification:_identify(src/my_teleop) by extensions ['ignore', 'ignore_ament_install']
[0.152s] Level 1:colcon.colcon_core.package_identification:_identify(src/my_teleop) by extension 'ignore'
[0.152s] Level 1:colcon.colcon_core.package_identification:_identify(src/my_teleop) by extension 'ignore_ament_install'
[0.152s] Level 1:colcon.colcon_core.package_identification:_identify(src/my_teleop) by extensions ['colcon_pkg']
[0.152s] Level 1:colcon.colcon_core.package_identification:_identify(src/my_teleop) by extension 'colcon_pkg'
[0.152s] Level 1:colcon.colcon_core.package_identification:_identify(src/my_teleop) by extensions ['colcon_meta']
[0.152s] Level 1:colcon.colcon_core.package_identification:_identify(src/my_teleop) by extension 'colcon_meta'
[0.152s] Level 1:colcon.colcon_core.package_identification:_identify(src/my_teleop) by extensions ['ros']
[0.152s] Level 1:colcon.colcon_core.package_identification:_identify(src/my_teleop) by extension 'ros'
[0.153s] DEBUG:colcon.colcon_core.package_identification:Package 'src/my_teleop' with type 'ros.ament_python' and name 'my_teleop'
[0.153s] Level 1:colcon.colcon_core.package_identification:_identify(src/ros2_course) by extensions ['ignore', 'ignore_ament_install']
[0.153s] Level 1:colcon.colcon_core.package_identification:_identify(src/ros2_course) by extension 'ignore'
[0.153s] Level 1:colcon.colcon_core.package_identification:_identify(src/ros2_course) by extension 'ignore_ament_install'
[0.153s] Level 1:colcon.colcon_core.package_identification:_identify(src/ros2_course) by extensions ['colcon_pkg']
[0.153s] Level 1:colcon.colcon_core.package_identification:_identify(src/ros2_course) by extension 'colcon_pkg'
[0.153s] Level 1:colcon.colcon_core.package_identification:_identify(src/ros2_course) by extensions ['colcon_meta']
[0.153s] Level 1:colcon.colcon_core.package_identification:_identify(src/ros2_course) by extension 'colcon_meta'
[0.153s] Level 1:colcon.colcon_core.package_identification:_identify(src/ros2_course) by extensions ['ros']
[0.153s] Level 1:colcon.colcon_core.package_identification:_identify(src/ros2_course) by extension 'ros'
[0.153s] DEBUG:colcon.colcon_core.package_identification:Package 'src/ros2_course' with type 'ros.ament_python' and name 'ros2_course'
[0.153s] Level 1:colcon.colcon_core.package_identification:_identify(src/sensordatareader) by extensions ['ignore', 'ignore_ament_install']
[0.153s] Level 1:colcon.colcon_core.package_identification:_identify(src/sensordatareader) by extension 'ignore'
[0.153s] Level 1:colcon.colcon_core.package_identification:_identify(src/sensordatareader) by extension 'ignore_ament_install'
[0.153s] Level 1:colcon.colcon_core.package_identification:_identify(src/sensordatareader) by extensions ['colcon_pkg']
[0.153s] Level 1:colcon.colcon_core.package_identification:_identify(src/sensordatareader) by extension 'colcon_pkg'
[0.153s] Level 1:colcon.colcon_core.package_identification:_identify(src/sensordatareader) by extensions ['colcon_meta']
[0.153s] Level 1:colcon.colcon_core.package_identification:_identify(src/sensordatareader) by extension 'colcon_meta'
[0.153s] Level 1:colcon.colcon_core.package_identification:_identify(src/sensordatareader) by extensions ['ros']
[0.153s] Level 1:colcon.colcon_core.package_identification:_identify(src/sensordatareader) by extension 'ros'
[0.153s] DEBUG:colcon.colcon_core.package_identification:Package 'src/sensordatareader' with type 'ros.ament_python' and name 'sensordatareader'
[0.153s] Level 1:colcon.colcon_core.package_discovery:discover_packages(recursive) using defaults
[0.154s] Level 1:colcon.colcon_core.package_discovery:discover_packages(ignore) discover
[0.154s] Level 1:colcon.colcon_core.package_discovery:discover_packages(ignore) using defaults
[0.154s] Level 1:colcon.colcon_core.package_discovery:discover_packages(path) discover
[0.154s] Level 1:colcon.colcon_core.package_discovery:discover_packages(path) using defaults
[0.162s] Level 1:colcon.colcon_core.package_discovery:discover_packages(prefix_path) check parameters
[0.162s] Level 1:colcon.colcon_core.package_discovery:discover_packages(prefix_path) discover
[0.163s] DEBUG:colcon.colcon_installed_package_information.package_discovery:Found 4 installed packages in /home/ros_user/ros2_ws/install
[0.164s] DEBUG:colcon.colcon_installed_package_information.package_discovery:Found 26 installed packages in /home/ros_user/doosan2_ws/install
[0.165s] DEBUG:colcon.colcon_installed_package_information.package_discovery:Found 366 installed packages in /opt/ros/foxy
[0.166s] Level 1:colcon.colcon_core.package_discovery:discover_packages(prefix_path) using defaults
[0.195s] Level 5:colcon.colcon_core.verb:set package 'my_launch' build argument 'cmake_args' from command line to 'None'
[0.195s] Level 5:colcon.colcon_core.verb:set package 'my_launch' build argument 'cmake_target' from command line to 'None'
[0.195s] Level 5:colcon.colcon_core.verb:set package 'my_launch' build argument 'cmake_target_skip_unavailable' from command line to 'False'
[0.195s] Level 5:colcon.colcon_core.verb:set package 'my_launch' build argument 'cmake_clean_cache' from command line to 'False'
[0.195s] Level 5:colcon.colcon_core.verb:set package 'my_launch' build argument 'cmake_clean_first' from command line to 'False'
[0.195s] Level 5:colcon.colcon_core.verb:set package 'my_launch' build argument 'cmake_force_configure' from command line to 'False'
[0.195s] Level 5:colcon.colcon_core.verb:set package 'my_launch' build argument 'ament_cmake_args' from command line to 'None'
[0.195s] Level 5:colcon.colcon_core.verb:set package 'my_launch' build argument 'catkin_cmake_args' from command line to 'None'
[0.195s] Level 5:colcon.colcon_core.verb:set package 'my_launch' build argument 'catkin_skip_building_tests' from command line to 'False'
[0.195s] DEBUG:colcon.colcon_core.verb:Building package 'my_launch' with the following arguments: {'ament_cmake_args': None, 'build_base': '/home/ros_user/ros2_ws/build/my_launch', 'catkin_cmake_args': None, 'catkin_skip_building_tests': False, 'cmake_args': None, 'cmake_clean_cache': False, 'cmake_clean_first': False, 'cmake_force_configure': False, 'cmake_target': None, 'cmake_target_skip_unavailable': False, 'install_base': '/home/ros_user/ros2_ws/install/my_launch', 'merge_install': False, 'path': '/home/ros_user/ros2_ws/src/my_launch', 'symlink_install': True, 'test_result_base': None}
[0.195s] Level 5:colcon.colcon_core.verb:set package 'my_teleop' build argument 'cmake_args' from command line to 'None'
[0.195s] Level 5:colcon.colcon_core.verb:set package 'my_teleop' build argument 'cmake_target' from command line to 'None'
[0.195s] Level 5:colcon.colcon_core.verb:set package 'my_teleop' build argument 'cmake_target_skip_unavailable' from command line to 'False'
[0.195s] Level 5:colcon.colcon_core.verb:set package 'my_teleop' build argument 'cmake_clean_cache' from command line to 'False'
[0.195s] Level 5:colcon.colcon_core.verb:set package 'my_teleop' build argument 'cmake_clean_first' from command line to 'False'
[0.195s] Level 5:colcon.colcon_core.verb:set package 'my_teleop' build argument 'cmake_force_configure' from command line to 'False'
[0.195s] Level 5:colcon.colcon_core.verb:set package 'my_teleop' build argument 'ament_cmake_args' from command line to 'None'
[0.195s] Level 5:colcon.colcon_core.verb:set package 'my_teleop' build argument 'catkin_cmake_args' from command line to 'None'
[0.195s] Level 5:colcon.colcon_core.verb:set package 'my_teleop' build argument 'catkin_skip_building_tests' from command line to 'False'
[0.195s] DEBUG:colcon.colcon_core.verb:Building package 'my_teleop' with the following arguments: {'ament_cmake_args': None, 'build_base': '/home/ros_user/ros2_ws/build/my_teleop', 'catkin_cmake_args': None, 'catkin_skip_building_tests': False, 'cmake_args': None, 'cmake_clean_cache': False, 'cmake_clean_first': False, 'cmake_force_configure': False, 'cmake_target': None, 'cmake_target_skip_unavailable': False, 'install_base': '/home/ros_user/ros2_ws/install/my_teleop', 'merge_install': False, 'path': '/home/ros_user/ros2_ws/src/my_teleop', 'symlink_install': True, 'test_result_base': None}
[0.196s] Level 5:colcon.colcon_core.verb:set package 'ros2_course' build argument 'cmake_args' from command line to 'None'
[0.196s] Level 5:colcon.colcon_core.verb:set package 'ros2_course' build argument 'cmake_target' from command line to 'None'
[0.196s] Level 5:colcon.colcon_core.verb:set package 'ros2_course' build argument 'cmake_target_skip_unavailable' from command line to 'False'
[0.196s] Level 5:colcon.colcon_core.verb:set package 'ros2_course' build argument 'cmake_clean_cache' from command line to 'False'
[0.196s] Level 5:colcon.colcon_core.verb:set package 'ros2_course' build argument 'cmake_clean_first' from command line to 'False'
[0.196s] Level 5:colcon.colcon_core.verb:set package 'ros2_course' build argument 'cmake_force_configure' from command line to 'False'
[0.196s] Level 5:colcon.colcon_core.verb:set package 'ros2_course' build argument 'ament_cmake_args' from command line to 'None'
[0.196s] Level 5:colcon.colcon_core.verb:set package 'ros2_course' build argument 'catkin_cmake_args' from command line to 'None'
[0.196s] Level 5:colcon.colcon_core.verb:set package 'ros2_course' build argument 'catkin_skip_building_tests' from command line to 'False'
[0.196s] DEBUG:colcon.colcon_core.verb:Building package 'ros2_course' with the following arguments: {'ament_cmake_args': None, 'build_base': '/home/ros_user/ros2_ws/build/ros2_course', 'catkin_cmake_args': None, 'catkin_skip_building_tests': False, 'cmake_args': None, 'cmake_clean_cache': False, 'cmake_clean_first': False, 'cmake_force_configure': False, 'cmake_target': None, 'cmake_target_skip_unavailable': False, 'install_base': '/home/ros_user/ros2_ws/install/ros2_course', 'merge_install': False, 'path': '/home/ros_user/ros2_ws/src/ros2_course', 'symlink_install': True, 'test_result_base': None}
[0.196s] Level 5:colcon.colcon_core.verb:set package 'sensordatareader' build argument 'cmake_args' from command line to 'None'
[0.196s] Level 5:colcon.colcon_core.verb:set package 'sensordatareader' build argument 'cmake_target' from command line to 'None'
[0.196s] Level 5:colcon.colcon_core.verb:set package 'sensordatareader' build argument 'cmake_target_skip_unavailable' from command line to 'False'
[0.196s] Level 5:colcon.colcon_core.verb:set package 'sensordatareader' build argument 'cmake_clean_cache' from command line to 'False'
[0.196s] Level 5:colcon.colcon_core.verb:set package 'sensordatareader' build argument 'cmake_clean_first' from command line to 'False'
[0.196s] Level 5:colcon.colcon_core.verb:set package 'sensordatareader' build argument 'cmake_force_configure' from command line to 'False'
[0.196s] Level 5:colcon.colcon_core.verb:set package 'sensordatareader' build argument 'ament_cmake_args' from command line to 'None'
[0.196s] Level 5:colcon.colcon_core.verb:set package 'sensordatareader' build argument 'catkin_cmake_args' from command line to 'None'
[0.196s] Level 5:colcon.colcon_core.verb:set package 'sensordatareader' build argument 'catkin_skip_building_tests' from command line to 'False'
[0.196s] DEBUG:colcon.colcon_core.verb:Building package 'sensordatareader' with the following arguments: {'ament_cmake_args': None, 'build_base': '/home/ros_user/ros2_ws/build/sensordatareader', 'catkin_cmake_args': None, 'catkin_skip_building_tests': False, 'cmake_args': None, 'cmake_clean_cache': False, 'cmake_clean_first': False, 'cmake_force_configure': False, 'cmake_target': None, 'cmake_target_skip_unavailable': False, 'install_base': '/home/ros_user/ros2_ws/install/sensordatareader', 'merge_install': False, 'path': '/home/ros_user/ros2_ws/src/sensordatareader', 'symlink_install': True, 'test_result_base': None}
[0.196s] INFO:colcon.colcon_core.executor:Executing jobs using 'parallel' executor
[0.198s] DEBUG:colcon.colcon_parallel_executor.executor.parallel:run_until_complete
[0.198s] INFO:colcon.colcon_ros.task.ament_cmake.build:Building ROS package in '/home/ros_user/ros2_ws/src/my_launch' with build type 'ament_cmake'
[0.198s] INFO:colcon.colcon_cmake.task.cmake.build:Building CMake package in '/home/ros_user/ros2_ws/src/my_launch'
[0.200s] INFO:colcon.colcon_core.plugin_system:Skipping extension 'colcon_core.shell.bat': Not used on non-Windows systems
[0.200s] INFO:colcon.colcon_core.shell:Skip shell extension 'powershell' for command environment: Not usable outside of PowerShell
[0.200s] DEBUG:colcon.colcon_core.shell:Skip shell extension 'dsv' for command environment
[0.204s] INFO:colcon.colcon_ros.task.ament_python.build:Building ROS package in '/home/ros_user/ros2_ws/src/my_teleop' with build type 'ament_python'
[0.204s] Level 1:colcon.colcon_core.shell:create_environment_hook('my_teleop', 'ament_prefix_path')
[0.205s] INFO:colcon.colcon_core.shell:Creating environment hook '/home/ros_user/ros2_ws/install/my_teleop/share/my_teleop/hook/ament_prefix_path.ps1'
[0.205s] INFO:colcon.colcon_core.shell:Creating environment descriptor '/home/ros_user/ros2_ws/install/my_teleop/share/my_teleop/hook/ament_prefix_path.dsv'
[0.206s] INFO:colcon.colcon_core.shell:Creating environment hook '/home/ros_user/ros2_ws/install/my_teleop/share/my_teleop/hook/ament_prefix_path.sh'
[0.206s] INFO:colcon.colcon_core.shell:Skip shell extension 'powershell' for command environment: Not usable outside of PowerShell
[0.206s] DEBUG:colcon.colcon_core.shell:Skip shell extension 'dsv' for command environment
[0.210s] INFO:colcon.colcon_ros.task.ament_python.build:Building ROS package in '/home/ros_user/ros2_ws/src/ros2_course' with build type 'ament_python'
[0.210s] Level 1:colcon.colcon_core.shell:create_environment_hook('ros2_course', 'ament_prefix_path')
[0.211s] INFO:colcon.colcon_core.shell:Creating environment hook '/home/ros_user/ros2_ws/install/ros2_course/share/ros2_course/hook/ament_prefix_path.ps1'
[0.211s] INFO:colcon.colcon_core.shell:Creating environment descriptor '/home/ros_user/ros2_ws/install/ros2_course/share/ros2_course/hook/ament_prefix_path.dsv'
[0.211s] INFO:colcon.colcon_core.shell:Creating environment hook '/home/ros_user/ros2_ws/install/ros2_course/share/ros2_course/hook/ament_prefix_path.sh'
[0.212s] INFO:colcon.colcon_core.shell:Skip shell extension 'powershell' for command environment: Not usable outside of PowerShell
[0.212s] DEBUG:colcon.colcon_core.shell:Skip shell extension 'dsv' for command environment
[0.215s] INFO:colcon.colcon_ros.task.ament_python.build:Building ROS package in '/home/ros_user/ros2_ws/src/sensordatareader' with build type 'ament_python'
[0.215s] Level 1:colcon.colcon_core.shell:create_environment_hook('sensordatareader', 'ament_prefix_path')
[0.216s] INFO:colcon.colcon_core.shell:Creating environment hook '/home/ros_user/ros2_ws/install/sensordatareader/share/sensordatareader/hook/ament_prefix_path.ps1'
[0.217s] INFO:colcon.colcon_core.shell:Creating environment descriptor '/home/ros_user/ros2_ws/install/sensordatareader/share/sensordatareader/hook/ament_prefix_path.dsv'
[0.217s] INFO:colcon.colcon_core.shell:Creating environment hook '/home/ros_user/ros2_ws/install/sensordatareader/share/sensordatareader/hook/ament_prefix_path.sh'
[0.217s] INFO:colcon.colcon_core.shell:Skip shell extension 'powershell' for command environment: Not usable outside of PowerShell
[0.217s] DEBUG:colcon.colcon_core.shell:Skip shell extension 'dsv' for command environment
[0.223s] DEBUG:colcon.colcon_core.event_handler.log_command:Invoking command in '/home/ros_user/ros2_ws/build/my_launch': CMAKE_PREFIX_PATH=${CMAKE_PREFIX_PATH}:/home/ros_user/ros2_ws/install/sensordatareader:/home/ros_user/ros2_ws/install/ros2_course:/home/ros_user/ros2_ws/install/my_teleop:/home/ros_user/doosan2_ws/install/dsr_example2_py:/opt/ros/foxy /usr/bin/cmake /home/ros_user/ros2_ws/src/my_launch -DAMENT_CMAKE_SYMLINK_INSTALL=1 -DCMAKE_INSTALL_PREFIX=/home/ros_user/ros2_ws/install/my_launch
[0.315s] INFO:colcon.colcon_core.task.python.build:Building Python package in '/home/ros_user/ros2_ws/src/my_teleop'
[0.316s] INFO:colcon.colcon_core.shell:Skip shell extension 'powershell' for command environment: Not usable outside of PowerShell
[0.316s] DEBUG:colcon.colcon_core.shell:Skip shell extension 'dsv' for command environment
[0.410s] INFO:colcon.colcon_core.task.python.build:Building Python package in '/home/ros_user/ros2_ws/src/ros2_course'
[0.411s] INFO:colcon.colcon_core.shell:Skip shell extension 'powershell' for command environment: Not usable outside of PowerShell
[0.411s] DEBUG:colcon.colcon_core.shell:Skip shell extension 'dsv' for command environment
[0.508s] INFO:colcon.colcon_core.task.python.build:Building Python package in '/home/ros_user/ros2_ws/src/sensordatareader'
[0.509s] INFO:colcon.colcon_core.shell:Skip shell extension 'powershell' for command environment: Not usable outside of PowerShell
[0.509s] DEBUG:colcon.colcon_core.shell:Skip shell extension 'dsv' for command environment
[0.514s] DEBUG:colcon.colcon_core.event_handler.log_command:Invoked command in '/home/ros_user/ros2_ws/build/my_launch' returned '0': CMAKE_PREFIX_PATH=${CMAKE_PREFIX_PATH}:/home/ros_user/ros2_ws/install/sensordatareader:/home/ros_user/ros2_ws/install/ros2_course:/home/ros_user/ros2_ws/install/my_teleop:/home/ros_user/doosan2_ws/install/dsr_example2_py:/opt/ros/foxy /usr/bin/cmake /home/ros_user/ros2_ws/src/my_launch -DAMENT_CMAKE_SYMLINK_INSTALL=1 -DCMAKE_INSTALL_PREFIX=/home/ros_user/ros2_ws/install/my_launch
[0.515s] DEBUG:colcon.colcon_core.event_handler.log_command:Invoking command in '/home/ros_user/ros2_ws/build/my_launch': CMAKE_PREFIX_PATH=${CMAKE_PREFIX_PATH}:/home/ros_user/ros2_ws/install/sensordatareader:/home/ros_user/ros2_ws/install/ros2_course:/home/ros_user/ros2_ws/install/my_teleop:/home/ros_user/doosan2_ws/install/dsr_example2_py:/opt/ros/foxy /usr/bin/cmake --build /home/ros_user/ros2_ws/build/my_launch -- -j4 -l4
[0.546s] DEBUG:colcon.colcon_core.event_handler.log_command:Invoked command in '/home/ros_user/ros2_ws/build/my_launch' returned '0': CMAKE_PREFIX_PATH=${CMAKE_PREFIX_PATH}:/home/ros_user/ros2_ws/install/sensordatareader:/home/ros_user/ros2_ws/install/ros2_course:/home/ros_user/ros2_ws/install/my_teleop:/home/ros_user/doosan2_ws/install/dsr_example2_py:/opt/ros/foxy /usr/bin/cmake --build /home/ros_user/ros2_ws/build/my_launch -- -j4 -l4
[0.568s] DEBUG:colcon.colcon_core.event_handler.log_command:Invoking command in '/home/ros_user/ros2_ws/build/my_launch': CMAKE_PREFIX_PATH=${CMAKE_PREFIX_PATH}:/home/ros_user/ros2_ws/install/sensordatareader:/home/ros_user/ros2_ws/install/ros2_course:/home/ros_user/ros2_ws/install/my_teleop:/home/ros_user/doosan2_ws/install/dsr_example2_py:/opt/ros/foxy /usr/bin/cmake --install /home/ros_user/ros2_ws/build/my_launch
[0.579s] Level 1:colcon.colcon_core.environment:create_environment_scripts_only(my_launch)
[0.579s] DEBUG:colcon.colcon_core.event_handler.log_command:Invoked command in '/home/ros_user/ros2_ws/build/my_launch' returned '0': CMAKE_PREFIX_PATH=${CMAKE_PREFIX_PATH}:/home/ros_user/ros2_ws/install/sensordatareader:/home/ros_user/ros2_ws/install/ros2_course:/home/ros_user/ros2_ws/install/my_teleop:/home/ros_user/doosan2_ws/install/dsr_example2_py:/opt/ros/foxy /usr/bin/cmake --install /home/ros_user/ros2_ws/build/my_launch
[0.581s] Level 1:colcon.colcon_core.environment:checking '/home/ros_user/ros2_ws/install/my_launch' for CMake module files
[0.582s] Level 1:colcon.colcon_core.environment:checking '/home/ros_user/ros2_ws/install/my_launch' for CMake config files
[0.582s] Level 1:colcon.colcon_core.shell:create_environment_hook('my_launch', 'cmake_prefix_path')
[0.582s] INFO:colcon.colcon_core.shell:Creating environment hook '/home/ros_user/ros2_ws/install/my_launch/share/my_launch/hook/cmake_prefix_path.ps1'
[0.582s] INFO:colcon.colcon_core.shell:Creating environment descriptor '/home/ros_user/ros2_ws/install/my_launch/share/my_launch/hook/cmake_prefix_path.dsv'
[0.583s] INFO:colcon.colcon_core.shell:Creating environment hook '/home/ros_user/ros2_ws/install/my_launch/share/my_launch/hook/cmake_prefix_path.sh'
[0.583s] Level 1:colcon.colcon_core.environment:checking '/home/ros_user/ros2_ws/install/my_launch/bin'
[0.583s] Level 1:colcon.colcon_core.environment:checking '/home/ros_user/ros2_ws/install/my_launch/lib/pkgconfig/my_launch.pc'
[0.583s] Level 1:colcon.colcon_core.environment:checking '/home/ros_user/ros2_ws/install/my_launch/lib/python3.8/site-packages'
[0.583s] Level 1:colcon.colcon_core.environment:checking '/home/ros_user/ros2_ws/install/my_launch/bin'
[0.584s] INFO:colcon.colcon_core.shell:Creating package script '/home/ros_user/ros2_ws/install/my_launch/share/my_launch/package.ps1'
[0.584s] INFO:colcon.colcon_core.shell:Creating package descriptor '/home/ros_user/ros2_ws/install/my_launch/share/my_launch/package.dsv'
[0.584s] INFO:colcon.colcon_core.shell:Creating package script '/home/ros_user/ros2_ws/install/my_launch/share/my_launch/package.sh'
[0.584s] INFO:colcon.colcon_core.shell:Creating package script '/home/ros_user/ros2_ws/install/my_launch/share/my_launch/package.bash'
[0.585s] INFO:colcon.colcon_core.shell:Creating package script '/home/ros_user/ros2_ws/install/my_launch/share/my_launch/package.zsh'
[0.585s] Level 1:colcon.colcon_core.environment:create_file_with_runtime_dependencies(/home/ros_user/ros2_ws/install/my_launch/share/colcon-core/packages/my_launch)
[0.605s] Level 1:colcon.colcon_core.environment:create_environment_scripts_only(my_launch)
[0.606s] Level 1:colcon.colcon_core.environment:checking '/home/ros_user/ros2_ws/install/my_launch' for CMake module files
[0.606s] Level 1:colcon.colcon_core.environment:checking '/home/ros_user/ros2_ws/install/my_launch' for CMake config files
[0.606s] Level 1:colcon.colcon_core.shell:create_environment_hook('my_launch', 'cmake_prefix_path')
[0.606s] INFO:colcon.colcon_core.shell:Creating environment hook '/home/ros_user/ros2_ws/install/my_launch/share/my_launch/hook/cmake_prefix_path.ps1'
[0.607s] INFO:colcon.colcon_core.shell:Creating environment descriptor '/home/ros_user/ros2_ws/install/my_launch/share/my_launch/hook/cmake_prefix_path.dsv'
[0.607s] INFO:colcon.colcon_core.shell:Creating environment hook '/home/ros_user/ros2_ws/install/my_launch/share/my_launch/hook/cmake_prefix_path.sh'
[0.608s] Level 1:colcon.colcon_core.environment:checking '/home/ros_user/ros2_ws/install/my_launch/bin'
[0.608s] Level 1:colcon.colcon_core.environment:checking '/home/ros_user/ros2_ws/install/my_launch/lib/pkgconfig/my_launch.pc'
[0.608s] Level 1:colcon.colcon_core.environment:checking '/home/ros_user/ros2_ws/install/my_launch/lib/python3.8/site-packages'
[0.608s] Level 1:colcon.colcon_core.environment:checking '/home/ros_user/ros2_ws/install/my_launch/bin'
[0.609s] INFO:colcon.colcon_core.shell:Creating package script '/home/ros_user/ros2_ws/install/my_launch/share/my_launch/package.ps1'
[0.609s] INFO:colcon.colcon_core.shell:Creating package descriptor '/home/ros_user/ros2_ws/install/my_launch/share/my_launch/package.dsv'
[0.609s] INFO:colcon.colcon_core.shell:Creating package script '/home/ros_user/ros2_ws/install/my_launch/share/my_launch/package.sh'
[0.609s] INFO:colcon.colcon_core.shell:Creating package script '/home/ros_user/ros2_ws/install/my_launch/share/my_launch/package.bash'
[0.609s] INFO:colcon.colcon_core.shell:Creating package script '/home/ros_user/ros2_ws/install/my_launch/share/my_launch/package.zsh'
[0.610s] Level 1:colcon.colcon_core.environment:create_file_with_runtime_dependencies(/home/ros_user/ros2_ws/install/my_launch/share/colcon-core/packages/my_launch)
[0.689s] DEBUG:colcon.colcon_core.event_handler.log_command:Invoking command in '/home/ros_user/ros2_ws/build/my_teleop': PYTHONPATH=/home/ros_user/ros2_ws/build/my_teleop/prefix_override:/home/ros_user/ros2_ws/install/my_teleop/lib/python3.8/site-packages:${PYTHONPATH} /usr/bin/python3 setup.py develop --editable --build-directory /home/ros_user/ros2_ws/build/my_teleop/build --no-deps install_data
[0.692s] DEBUG:colcon.colcon_core.event_handler.log_command:Invoking command in '/home/ros_user/ros2_ws/build/ros2_course': PYTHONPATH=/home/ros_user/ros2_ws/build/ros2_course/prefix_override:/home/ros_user/ros2_ws/install/ros2_course/lib/python3.8/site-packages:${PYTHONPATH} /usr/bin/python3 setup.py develop --editable --build-directory /home/ros_user/ros2_ws/build/ros2_course/build --no-deps install_data
[0.700s] DEBUG:colcon.colcon_core.event_handler.log_command:Invoking command in '/home/ros_user/ros2_ws/build/sensordatareader': PYTHONPATH=/home/ros_user/ros2_ws/build/sensordatareader/prefix_override:/home/ros_user/ros2_ws/install/sensordatareader/lib/python3.8/site-packages:${PYTHONPATH} /usr/bin/python3 setup.py develop --editable --build-directory /home/ros_user/ros2_ws/build/sensordatareader/build --no-deps install_data
[0.873s] Level 1:colcon.colcon_core.shell:create_environment_hook('my_teleop', 'pythonpath_develop')
[0.874s] INFO:colcon.colcon_core.shell:Creating environment hook '/home/ros_user/ros2_ws/build/my_teleop/share/my_teleop/hook/pythonpath_develop.ps1'
[0.874s] INFO:colcon.colcon_core.shell:Creating environment descriptor '/home/ros_user/ros2_ws/build/my_teleop/share/my_teleop/hook/pythonpath_develop.dsv'
[0.874s] INFO:colcon.colcon_core.shell:Creating environment hook '/home/ros_user/ros2_ws/build/my_teleop/share/my_teleop/hook/pythonpath_develop.sh'
[0.875s] Level 1:colcon.colcon_core.environment:checking '/home/ros_user/ros2_ws/install/my_teleop' for CMake module files
[0.875s] Level 1:colcon.colcon_core.environment:checking '/home/ros_user/ros2_ws/install/my_teleop' for CMake config files
[0.875s] Level 1:colcon.colcon_core.environment:checking '/home/ros_user/ros2_ws/install/my_teleop/lib'
[0.876s] Level 1:colcon.colcon_core.environment:checking '/home/ros_user/ros2_ws/install/my_teleop/bin'
[0.876s] Level 1:colcon.colcon_core.environment:checking '/home/ros_user/ros2_ws/install/my_teleop/lib/pkgconfig/my_teleop.pc'
[0.876s] Level 1:colcon.colcon_core.environment:checking '/home/ros_user/ros2_ws/install/my_teleop/lib/python3.8/site-packages'
[0.876s] Level 1:colcon.colcon_core.shell:create_environment_hook('my_teleop', 'pythonpath')
[0.877s] INFO:colcon.colcon_core.shell:Creating environment hook '/home/ros_user/ros2_ws/install/my_teleop/share/my_teleop/hook/pythonpath.ps1'
[0.877s] INFO:colcon.colcon_core.shell:Creating environment descriptor '/home/ros_user/ros2_ws/install/my_teleop/share/my_teleop/hook/pythonpath.dsv'
[0.877s] INFO:colcon.colcon_core.shell:Creating environment hook '/home/ros_user/ros2_ws/install/my_teleop/share/my_teleop/hook/pythonpath.sh'
[0.878s] Level 1:colcon.colcon_core.environment:checking '/home/ros_user/ros2_ws/install/my_teleop/bin'
[0.878s] Level 1:colcon.colcon_core.environment:create_environment_scripts_only(my_teleop)
[0.878s] INFO:colcon.colcon_core.shell:Creating package script '/home/ros_user/ros2_ws/install/my_teleop/share/my_teleop/package.ps1'
[0.878s] INFO:colcon.colcon_core.shell:Creating package descriptor '/home/ros_user/ros2_ws/install/my_teleop/share/my_teleop/package.dsv'
[0.879s] INFO:colcon.colcon_core.shell:Creating package script '/home/ros_user/ros2_ws/install/my_teleop/share/my_teleop/package.sh'
[0.879s] INFO:colcon.colcon_core.shell:Creating package script '/home/ros_user/ros2_ws/install/my_teleop/share/my_teleop/package.bash'
[0.879s] INFO:colcon.colcon_core.shell:Creating package script '/home/ros_user/ros2_ws/install/my_teleop/share/my_teleop/package.zsh'
[0.879s] Level 1:colcon.colcon_core.environment:create_file_with_runtime_dependencies(/home/ros_user/ros2_ws/install/my_teleop/share/colcon-core/packages/my_teleop)
[0.879s] DEBUG:colcon.colcon_core.event_handler.log_command:Invoked command in '/home/ros_user/ros2_ws/build/my_teleop' returned '0': PYTHONPATH=/home/ros_user/ros2_ws/build/my_teleop/prefix_override:/home/ros_user/ros2_ws/install/my_teleop/lib/python3.8/site-packages:${PYTHONPATH} /usr/bin/python3 setup.py develop --editable --build-directory /home/ros_user/ros2_ws/build/my_teleop/build --no-deps install_data
[0.880s] Level 1:colcon.colcon_core.shell:create_environment_hook('ros2_course', 'pythonpath_develop')
[0.880s] DEBUG:colcon.colcon_core.event_handler.log_command:Invoked command in '/home/ros_user/ros2_ws/build/ros2_course' returned '0': PYTHONPATH=/home/ros_user/ros2_ws/build/ros2_course/prefix_override:/home/ros_user/ros2_ws/install/ros2_course/lib/python3.8/site-packages:${PYTHONPATH} /usr/bin/python3 setup.py develop --editable --build-directory /home/ros_user/ros2_ws/build/ros2_course/build --no-deps install_data
[0.881s] INFO:colcon.colcon_core.shell:Creating environment hook '/home/ros_user/ros2_ws/build/ros2_course/share/ros2_course/hook/pythonpath_develop.ps1'
[0.881s] INFO:colcon.colcon_core.shell:Creating environment descriptor '/home/ros_user/ros2_ws/build/ros2_course/share/ros2_course/hook/pythonpath_develop.dsv'
[0.881s] INFO:colcon.colcon_core.shell:Creating environment hook '/home/ros_user/ros2_ws/build/ros2_course/share/ros2_course/hook/pythonpath_develop.sh'
[0.882s] Level 1:colcon.colcon_core.environment:checking '/home/ros_user/ros2_ws/install/ros2_course' for CMake module files
[0.882s] Level 1:colcon.colcon_core.environment:checking '/home/ros_user/ros2_ws/install/ros2_course' for CMake config files
[0.882s] Level 1:colcon.colcon_core.environment:checking '/home/ros_user/ros2_ws/install/ros2_course/lib'
[0.882s] Level 1:colcon.colcon_core.environment:checking '/home/ros_user/ros2_ws/install/ros2_course/bin'
[0.882s] Level 1:colcon.colcon_core.environment:checking '/home/ros_user/ros2_ws/install/ros2_course/lib/pkgconfig/ros2_course.pc'
[0.882s] Level 1:colcon.colcon_core.environment:checking '/home/ros_user/ros2_ws/install/ros2_course/lib/python3.8/site-packages'
[0.882s] Level 1:colcon.colcon_core.shell:create_environment_hook('ros2_course', 'pythonpath')
[0.883s] INFO:colcon.colcon_core.shell:Creating environment hook '/home/ros_user/ros2_ws/install/ros2_course/share/ros2_course/hook/pythonpath.ps1'
[0.883s] INFO:colcon.colcon_core.shell:Creating environment descriptor '/home/ros_user/ros2_ws/install/ros2_course/share/ros2_course/hook/pythonpath.dsv'
[0.883s] INFO:colcon.colcon_core.shell:Creating environment hook '/home/ros_user/ros2_ws/install/ros2_course/share/ros2_course/hook/pythonpath.sh'
[0.883s] Level 1:colcon.colcon_core.environment:checking '/home/ros_user/ros2_ws/install/ros2_course/bin'
[0.883s] Level 1:colcon.colcon_core.environment:create_environment_scripts_only(ros2_course)
[0.884s] INFO:colcon.colcon_core.shell:Creating package script '/home/ros_user/ros2_ws/install/ros2_course/share/ros2_course/package.ps1'
[0.884s] INFO:colcon.colcon_core.shell:Creating package descriptor '/home/ros_user/ros2_ws/install/ros2_course/share/ros2_course/package.dsv'
[0.884s] INFO:colcon.colcon_core.shell:Creating package script '/home/ros_user/ros2_ws/install/ros2_course/share/ros2_course/package.sh'
[0.885s] INFO:colcon.colcon_core.shell:Creating package script '/home/ros_user/ros2_ws/install/ros2_course/share/ros2_course/package.bash'
[0.885s] INFO:colcon.colcon_core.shell:Creating package script '/home/ros_user/ros2_ws/install/ros2_course/share/ros2_course/package.zsh'
[0.885s] Level 1:colcon.colcon_core.environment:create_file_with_runtime_dependencies(/home/ros_user/ros2_ws/install/ros2_course/share/colcon-core/packages/ros2_course)
[0.885s] Level 1:colcon.colcon_core.shell:create_environment_hook('sensordatareader', 'pythonpath_develop')
[0.885s] DEBUG:colcon.colcon_core.event_handler.log_command:Invoked command in '/home/ros_user/ros2_ws/build/sensordatareader' returned '0': PYTHONPATH=/home/ros_user/ros2_ws/build/sensordatareader/prefix_override:/home/ros_user/ros2_ws/install/sensordatareader/lib/python3.8/site-packages:${PYTHONPATH} /usr/bin/python3 setup.py develop --editable --build-directory /home/ros_user/ros2_ws/build/sensordatareader/build --no-deps install_data
[0.886s] INFO:colcon.colcon_core.shell:Creating environment hook '/home/ros_user/ros2_ws/build/sensordatareader/share/sensordatareader/hook/pythonpath_develop.ps1'
[0.886s] INFO:colcon.colcon_core.shell:Creating environment descriptor '/home/ros_user/ros2_ws/build/sensordatareader/share/sensordatareader/hook/pythonpath_develop.dsv'
[0.886s] INFO:colcon.colcon_core.shell:Creating environment hook '/home/ros_user/ros2_ws/build/sensordatareader/share/sensordatareader/hook/pythonpath_develop.sh'
[0.887s] Level 1:colcon.colcon_core.environment:checking '/home/ros_user/ros2_ws/install/sensordatareader' for CMake module files
[0.887s] Level 1:colcon.colcon_core.environment:checking '/home/ros_user/ros2_ws/install/sensordatareader' for CMake config files
[0.887s] Level 1:colcon.colcon_core.environment:checking '/home/ros_user/ros2_ws/install/sensordatareader/lib'
[0.887s] Level 1:colcon.colcon_core.environment:checking '/home/ros_user/ros2_ws/install/sensordatareader/bin'
[0.887s] Level 1:colcon.colcon_core.environment:checking '/home/ros_user/ros2_ws/install/sensordatareader/lib/pkgconfig/sensordatareader.pc'
[0.888s] Level 1:colcon.colcon_core.environment:checking '/home/ros_user/ros2_ws/install/sensordatareader/lib/python3.8/site-packages'
[0.888s] Level 1:colcon.colcon_core.shell:create_environment_hook('sensordatareader', 'pythonpath')
[0.888s] INFO:colcon.colcon_core.shell:Creating environment hook '/home/ros_user/ros2_ws/install/sensordatareader/share/sensordatareader/hook/pythonpath.ps1'
[0.888s] INFO:colcon.colcon_core.shell:Creating environment descriptor '/home/ros_user/ros2_ws/install/sensordatareader/share/sensordatareader/hook/pythonpath.dsv'
[0.888s] INFO:colcon.colcon_core.shell:Creating environment hook '/home/ros_user/ros2_ws/install/sensordatareader/share/sensordatareader/hook/pythonpath.sh'
[0.889s] Level 1:colcon.colcon_core.environment:checking '/home/ros_user/ros2_ws/install/sensordatareader/bin'
[0.889s] Level 1:colcon.colcon_core.environment:create_environment_scripts_only(sensordatareader)
[0.889s] INFO:colcon.colcon_core.shell:Creating package script '/home/ros_user/ros2_ws/install/sensordatareader/share/sensordatareader/package.ps1'
[0.889s] INFO:colcon.colcon_core.shell:Creating package descriptor '/home/ros_user/ros2_ws/install/sensordatareader/share/sensordatareader/package.dsv'
[0.890s] INFO:colcon.colcon_core.shell:Creating package script '/home/ros_user/ros2_ws/install/sensordatareader/share/sensordatareader/package.sh'
[0.890s] INFO:colcon.colcon_core.shell:Creating package script '/home/ros_user/ros2_ws/install/sensordatareader/share/sensordatareader/package.bash'
[0.890s] INFO:colcon.colcon_core.shell:Creating package script '/home/ros_user/ros2_ws/install/sensordatareader/share/sensordatareader/package.zsh'
[0.890s] Level 1:colcon.colcon_core.environment:create_file_with_runtime_dependencies(/home/ros_user/ros2_ws/install/sensordatareader/share/colcon-core/packages/sensordatareader)
[0.891s] DEBUG:colcon.colcon_parallel_executor.executor.parallel:closing loop
[0.891s] DEBUG:colcon.colcon_parallel_executor.executor.parallel:loop closed
[0.891s] DEBUG:colcon.colcon_parallel_executor.executor.parallel:run_until_complete finished with '0'
[0.891s] DEBUG:colcon.colcon_core.event_reactor:joining thread
[0.895s] INFO:colcon.colcon_core.plugin_system:Skipping extension 'colcon_notification.desktop_notification.terminal_notifier': Not used on non-Darwin systems
[0.895s] INFO:colcon.colcon_core.plugin_system:Skipping extension 'colcon_notification.desktop_notification.win32': Not used on non-Windows systems
[0.895s] INFO:colcon.colcon_notification.desktop_notification:Sending desktop notification using 'notify2'
[0.901s] DEBUG:colcon.colcon_core.event_reactor:joined thread
[0.902s] INFO:colcon.colcon_core.shell:Creating prefix script '/home/ros_user/ros2_ws/install/local_setup.ps1'
[0.903s] INFO:colcon.colcon_core.shell:Creating prefix util module '/home/ros_user/ros2_ws/install/_local_setup_util_ps1.py'
[0.903s] INFO:colcon.colcon_core.shell:Creating prefix chain script '/home/ros_user/ros2_ws/install/setup.ps1'
[0.904s] INFO:colcon.colcon_core.shell:Creating prefix script '/home/ros_user/ros2_ws/install/local_setup.sh'
[0.904s] INFO:colcon.colcon_core.shell:Creating prefix util module '/home/ros_user/ros2_ws/install/_local_setup_util_sh.py'
[0.904s] INFO:colcon.colcon_core.shell:Creating prefix chain script '/home/ros_user/ros2_ws/install/setup.sh'
[0.905s] INFO:colcon.colcon_core.shell:Creating prefix script '/home/ros_user/ros2_ws/install/local_setup.bash'
[0.905s] INFO:colcon.colcon_core.shell:Creating prefix chain script '/home/ros_user/ros2_ws/install/setup.bash'
[0.906s] INFO:colcon.colcon_core.shell:Creating prefix script '/home/ros_user/ros2_ws/install/local_setup.zsh'
[0.907s] INFO:colcon.colcon_core.shell:Creating prefix chain script '/home/ros_user/ros2_ws/install/setup.zsh'
