[0.024s] Invoking command in '/home/ros_user/ros2_ws/build/my_launch': CMAKE_PREFIX_PATH=${CMAKE_PREFIX_PATH}:/home/ros_user/ros2_ws/install/sensordatareader:/home/ros_user/ros2_ws/install/ros2_course:/home/ros_user/ros2_ws/install/my_teleop:/home/ros_user/doosan2_ws/install/dsr_example2_py:/opt/ros/foxy /usr/bin/cmake /home/ros_user/ros2_ws/src/my_launch -DAMENT_CMAKE_SYMLINK_INSTALL=1 -DCMAKE_INSTALL_PREFIX=/home/ros_user/ros2_ws/install/my_launch
[0.217s] -- Found ament_cmake: 0.9.11 (/opt/ros/foxy/share/ament_cmake/cmake)
[0.217s] -- Using PYTHON_EXECUTABLE: /usr/bin/python3
[0.217s] -- Override CMake install command with custom implementation using symlinks instead of copying resources
[0.217s] -- Found ament_lint_auto: 0.9.7 (/opt/ros/foxy/share/ament_lint_auto/cmake)
[0.217s] -- Added test 'copyright' to check source files copyright and LICENSE
[0.217s] -- Added test 'flake8' to check Python code syntax and style conventions
[0.217s] -- Added test 'lint_cmake' to check CMake code style
[0.217s] -- Added test 'pep257' to check Python code against some of the style conventions in PEP 257
[0.217s] -- Added test 'xmllint' to check XML markup files
[0.217s] -- Configuring done
[0.217s] -- Generating done
[0.217s] -- Build files have been written to: /home/ros_user/ros2_ws/build/my_launch
[0.315s] Invoked command in '/home/ros_user/ros2_ws/build/my_launch' returned '0': CMAKE_PREFIX_PATH=${CMAKE_PREFIX_PATH}:/home/ros_user/ros2_ws/install/sensordatareader:/home/ros_user/ros2_ws/install/ros2_course:/home/ros_user/ros2_ws/install/my_teleop:/home/ros_user/doosan2_ws/install/dsr_example2_py:/opt/ros/foxy /usr/bin/cmake /home/ros_user/ros2_ws/src/my_launch -DAMENT_CMAKE_SYMLINK_INSTALL=1 -DCMAKE_INSTALL_PREFIX=/home/ros_user/ros2_ws/install/my_launch
[0.316s] Invoking command in '/home/ros_user/ros2_ws/build/my_launch': CMAKE_PREFIX_PATH=${CMAKE_PREFIX_PATH}:/home/ros_user/ros2_ws/install/sensordatareader:/home/ros_user/ros2_ws/install/ros2_course:/home/ros_user/ros2_ws/install/my_teleop:/home/ros_user/doosan2_ws/install/dsr_example2_py:/opt/ros/foxy /usr/bin/cmake --build /home/ros_user/ros2_ws/build/my_launch -- -j4 -l4
[0.347s] Invoked command in '/home/ros_user/ros2_ws/build/my_launch' returned '0': CMAKE_PREFIX_PATH=${CMAKE_PREFIX_PATH}:/home/ros_user/ros2_ws/install/sensordatareader:/home/ros_user/ros2_ws/install/ros2_course:/home/ros_user/ros2_ws/install/my_teleop:/home/ros_user/doosan2_ws/install/dsr_example2_py:/opt/ros/foxy /usr/bin/cmake --build /home/ros_user/ros2_ws/build/my_launch -- -j4 -l4
[0.369s] Invoking command in '/home/ros_user/ros2_ws/build/my_launch': CMAKE_PREFIX_PATH=${CMAKE_PREFIX_PATH}:/home/ros_user/ros2_ws/install/sensordatareader:/home/ros_user/ros2_ws/install/ros2_course:/home/ros_user/ros2_ws/install/my_teleop:/home/ros_user/doosan2_ws/install/dsr_example2_py:/opt/ros/foxy /usr/bin/cmake --install /home/ros_user/ros2_ws/build/my_launch
[0.374s] -- Install configuration: ""
[0.374s] -- Execute custom install script
[0.375s] -- Up-to-date symlink: /home/ros_user/ros2_ws/install/my_launch/share/ament_index/resource_index/package_run_dependencies/my_launch
[0.375s] -- Up-to-date symlink: /home/ros_user/ros2_ws/install/my_launch/share/ament_index/resource_index/parent_prefix_path/my_launch
[0.375s] -- Up-to-date symlink: /home/ros_user/ros2_ws/install/my_launch/share/my_launch/environment/ament_prefix_path.sh
[0.375s] -- Up-to-date symlink: /home/ros_user/ros2_ws/install/my_launch/share/my_launch/environment/ament_prefix_path.dsv
[0.375s] -- Up-to-date symlink: /home/ros_user/ros2_ws/install/my_launch/share/my_launch/environment/path.sh
[0.375s] -- Up-to-date symlink: /home/ros_user/ros2_ws/install/my_launch/share/my_launch/environment/path.dsv
[0.375s] -- Up-to-date symlink: /home/ros_user/ros2_ws/install/my_launch/share/my_launch/local_setup.bash
[0.375s] -- Up-to-date symlink: /home/ros_user/ros2_ws/install/my_launch/share/my_launch/local_setup.sh
[0.375s] -- Up-to-date symlink: /home/ros_user/ros2_ws/install/my_launch/share/my_launch/local_setup.zsh
[0.375s] -- Up-to-date symlink: /home/ros_user/ros2_ws/install/my_launch/share/my_launch/local_setup.dsv
[0.375s] -- Symlinking: /home/ros_user/ros2_ws/install/my_launch/share/my_launch/package.dsv
[0.379s] -- Up-to-date symlink: /home/ros_user/ros2_ws/install/my_launch/share/ament_index/resource_index/packages/my_launch
[0.379s] -- Up-to-date symlink: /home/ros_user/ros2_ws/install/my_launch/share/my_launch/cmake/my_launchConfig.cmake
[0.379s] -- Up-to-date symlink: /home/ros_user/ros2_ws/install/my_launch/share/my_launch/cmake/my_launchConfig-version.cmake
[0.379s] -- Up-to-date symlink: /home/ros_user/ros2_ws/install/my_launch/share/my_launch/package.xml
[0.380s] Invoked command in '/home/ros_user/ros2_ws/build/my_launch' returned '0': CMAKE_PREFIX_PATH=${CMAKE_PREFIX_PATH}:/home/ros_user/ros2_ws/install/sensordatareader:/home/ros_user/ros2_ws/install/ros2_course:/home/ros_user/ros2_ws/install/my_teleop:/home/ros_user/doosan2_ws/install/dsr_example2_py:/opt/ros/foxy /usr/bin/cmake --install /home/ros_user/ros2_ws/build/my_launch
