[2.134s] Invoking command in '/home/ros_user/ros2_ws/build/ros2_course': PYTHONPATH=/home/ros_user/ros2_ws/build/ros2_course/prefix_override:/home/ros_user/ros2_ws/install/ros2_course/lib/python3.8/site-packages:${PYTHONPATH} /usr/bin/python3 setup.py develop --editable --build-directory /home/ros_user/ros2_ws/build/ros2_course/build --no-deps install_data
[2.355s] running develop
[2.468s] running egg_info
[2.468s] creating ros2_course.egg-info
[2.476s] writing ros2_course.egg-info/PKG-INFO
[2.476s] writing dependency_links to ros2_course.egg-info/dependency_links.txt
[2.476s] writing entry points to ros2_course.egg-info/entry_points.txt
[2.476s] writing requirements to ros2_course.egg-info/requires.txt
[2.477s] writing top-level names to ros2_course.egg-info/top_level.txt
[2.478s] writing manifest file 'ros2_course.egg-info/SOURCES.txt'
[2.617s] reading manifest file 'ros2_course.egg-info/SOURCES.txt'
[2.617s] writing manifest file 'ros2_course.egg-info/SOURCES.txt'
[2.660s] running build_ext
[2.666s] Creating /home/ros_user/ros2_ws/install/ros2_course/lib/python3.8/site-packages/site.py
[2.668s] Creating /home/ros_user/ros2_ws/install/ros2_course/lib/python3.8/site-packages/ros2-course.egg-link (link to .)
[2.669s] Installing hello script to /home/ros_user/ros2_ws/install/ros2_course/lib/ros2_course
[2.669s] 
[2.669s] Installed /home/ros_user/ros2_ws/build/ros2_course
[2.669s] running install_data
[2.669s] creating /home/ros_user/ros2_ws/install/ros2_course/share/ament_index
[2.669s] creating /home/ros_user/ros2_ws/install/ros2_course/share/ament_index/resource_index
[2.669s] creating /home/ros_user/ros2_ws/install/ros2_course/share/ament_index/resource_index/packages
[2.669s] copying resource/ros2_course -> /home/ros_user/ros2_ws/install/ros2_course/share/ament_index/resource_index/packages
[2.669s] copying package.xml -> /home/ros_user/ros2_ws/install/ros2_course/share/ros2_course
[2.712s] Invoked command in '/home/ros_user/ros2_ws/build/ros2_course' returned '0': PYTHONPATH=/home/ros_user/ros2_ws/build/ros2_course/prefix_override:/home/ros_user/ros2_ws/install/ros2_course/lib/python3.8/site-packages:${PYTHONPATH} /usr/bin/python3 setup.py develop --editable --build-directory /home/ros_user/ros2_ws/build/ros2_course/build --no-deps install_data
