running egg_info
writing ../../build/my_teleop/my_teleop.egg-info/PKG-INFO
writing dependency_links to ../../build/my_teleop/my_teleop.egg-info/dependency_links.txt
writing entry points to ../../build/my_teleop/my_teleop.egg-info/entry_points.txt
writing requirements to ../../build/my_teleop/my_teleop.egg-info/requires.txt
writing top-level names to ../../build/my_teleop/my_teleop.egg-info/top_level.txt
reading manifest file '../../build/my_teleop/my_teleop.egg-info/SOURCES.txt'
writing manifest file '../../build/my_teleop/my_teleop.egg-info/SOURCES.txt'
running build
running build_py
copying my_teleop/teleop.py -> /home/ros_user/ros2_ws/build/my_teleop/build/lib/my_teleop
running install
running install_lib
copying /home/ros_user/ros2_ws/build/my_teleop/build/lib/my_teleop/teleop.py -> /home/ros_user/ros2_ws/install/my_teleop/lib/python3.8/site-packages/my_teleop
byte-compiling /home/ros_user/ros2_ws/install/my_teleop/lib/python3.8/site-packages/my_teleop/teleop.py to teleop.cpython-38.pyc
running install_data
running install_egg_info
removing '/home/ros_user/ros2_ws/install/my_teleop/lib/python3.8/site-packages/my_teleop-0.0.0-py3.8.egg-info' (and everything under it)
Copying ../../build/my_teleop/my_teleop.egg-info to /home/ros_user/ros2_ws/install/my_teleop/lib/python3.8/site-packages/my_teleop-0.0.0-py3.8.egg-info
running install_scripts
Installing teleop script to /home/ros_user/ros2_ws/install/my_teleop/lib/my_teleop
writing list of installed files to '/home/ros_user/ros2_ws/build/my_teleop/install.log'
