-- The C compiler identification is GNU 9.4.0
-- The CXX compiler identification is GNU 9.4.0
-- Check for working C compiler: /usr/bin/cc
-- Check for working C compiler: /usr/bin/cc -- works
-- Detecting C compiler ABI info
-- Detecting C compiler ABI info - done
-- Detecting C compile features
-- Detecting C compile features - done
-- Check for working CXX compiler: /usr/bin/c++
-- Check for working CXX compiler: /usr/bin/c++ -- works
-- Detecting CXX compiler ABI info
-- Detecting CXX compiler ABI info - done
-- Detecting CXX compile features
-- Detecting CXX compile features - done
-- Found ament_cmake: 0.9.11 (/opt/ros/foxy/share/ament_cmake/cmake)
-- Found PythonInterp: /usr/bin/python3 (found suitable version "3.8.10", minimum required is "3") 
-- Using PYTHON_EXECUTABLE: /usr/bin/python3
-- Override CMake install command with custom implementation using symlinks instead of copying resources
-- Found control_msgs: 2.5.1 (/opt/ros/foxy/share/control_msgs/cmake)
-- Using all available rosidl_typesupport_c: rosidl_typesupport_fastrtps_c;rosidl_typesupport_introspection_c
-- Found rosidl_adapter: 1.3.0 (/opt/ros/foxy/share/rosidl_adapter/cmake)
-- Found OpenSSL: /usr/lib/x86_64-linux-gnu/libcrypto.so (found version "1.1.1f")  
-- Found FastRTPS: /opt/ros/foxy/include  
-- Using all available rosidl_typesupport_cpp: rosidl_typesupport_fastrtps_cpp;rosidl_typesupport_introspection_cpp
-- Found tinyxml2_vendor: 0.7.4 (/opt/ros/foxy/share/tinyxml2_vendor/cmake)
-- Found TinyXML2: /usr/lib/x86_64-linux-gnu/libtinyxml2.so  
-- Found ament_lint_auto: 0.9.7 (/opt/ros/foxy/share/ament_lint_auto/cmake)
-- Found gmock sources under '/opt/ros/foxy/src/gmock_vendor': C++ tests using 'Google Mock' will be built
-- Found ament_cmake_gtest: 0.9.11 (/opt/ros/foxy/share/ament_cmake_gtest/cmake)
-- Found gtest sources under '/opt/ros/foxy/src/gtest_vendor': C++ tests using 'Google Test' will be built
-- Added test 'copyright' to check source files copyright and LICENSE
-- Added test 'cppcheck' to perform static code analysis on C / C++ code
-- Configured cppcheck include dirs: /home/ros_user/ros2_ws/src/ros2_control/hardware_interface/include
-- Configured cppcheck exclude dirs and/or files: 
-- Added test 'cpplint' to check C / C++ code against the Google style
-- Configured cpplint exclude dirs and/or files: 
-- Added test 'lint_cmake' to check CMake code style
-- Added test 'uncrustify' to check C / C++ code style
-- Configured uncrustify additional arguments: 
-- Added test 'xmllint' to check XML markup files
-- Configuring done
-- Generating done
-- Build files have been written to: /home/ros_user/ros2_ws/build/hardware_interface
[35m[1mScanning dependencies of target hardware_interface[0m
[35m[1mScanning dependencies of target gmock[0m
[35m[1mScanning dependencies of target gmock_main[0m
[35m[1mScanning dependencies of target component_parser[0m
[  3%] [32mBuilding CXX object gmock/CMakeFiles/gmock.dir/opt/ros/foxy/src/gtest_vendor/src/gtest-all.cc.o[0m
[  6%] [32mBuilding CXX object CMakeFiles/hardware_interface.dir/src/components/actuator.cpp.o[0m
[ 10%] [32mBuilding CXX object gmock/CMakeFiles/gmock_main.dir/src/gmock_main.cc.o[0m
[ 13%] [32mBuilding CXX object CMakeFiles/component_parser.dir/src/component_parser.cpp.o[0m
[ 17%] [32mBuilding CXX object CMakeFiles/hardware_interface.dir/src/components/sensor.cpp.o[0m
[ 20%] [32mBuilding CXX object CMakeFiles/hardware_interface.dir/src/components/system.cpp.o[0m
[ 24%] [32m[1mLinking CXX static library libcomponent_parser.a[0m
[ 24%] Built target component_parser
[ 27%] [32mBuilding CXX object CMakeFiles/hardware_interface.dir/src/operation_mode_handle.cpp.o[0m
[ 31%] [32mBuilding CXX object CMakeFiles/hardware_interface.dir/src/robot_hardware.cpp.o[0m
[ 34%] [32mBuilding CXX object gmock/CMakeFiles/gmock.dir/src/gmock-all.cc.o[0m
[ 37%] [32m[1mLinking CXX static library libgmock_main.a[0m
[ 37%] Built target gmock_main
[ 41%] [32m[1mLinking CXX shared library libhardware_interface.so[0m
[ 41%] Built target hardware_interface
[ 44%] [32m[1mLinking CXX static library libgmock.a[0m
[ 44%] Built target gmock
[35m[1mScanning dependencies of target test_register_actuators[0m
[35m[1mScanning dependencies of target test_macros[0m
[35m[1mScanning dependencies of target test_robot_hardware_interfaces[0m
[ 48%] [32mBuilding CXX object CMakeFiles/test_register_actuators.dir/test/test_register_actuators.cpp.o[0m
[ 51%] [32mBuilding CXX object CMakeFiles/test_macros.dir/test/test_macros.cpp.o[0m
[35m[1mScanning dependencies of target test_actuator_handle[0m
[ 55%] [32mBuilding CXX object CMakeFiles/test_robot_hardware_interfaces.dir/test/test_robot_hardware_interface.cpp.o[0m
[ 58%] [32mBuilding CXX object CMakeFiles/test_actuator_handle.dir/test/test_actuator_handle.cpp.o[0m
[ 62%] [32m[1mLinking CXX executable test_macros[0m
[ 65%] [32m[1mLinking CXX executable test_actuator_handle[0m
[ 65%] Built target test_macros
[35m[1mScanning dependencies of target test_component_interfaces[0m
[ 65%] Built target test_actuator_handle
[ 68%] [32mBuilding CXX object CMakeFiles/test_component_interfaces.dir/test/test_component_interfaces.cpp.o[0m
[35m[1mScanning dependencies of target test_register_joints[0m
[ 72%] [32mBuilding CXX object CMakeFiles/test_register_joints.dir/test/test_register_joints.cpp.o[0m
[ 75%] [32m[1mLinking CXX executable test_robot_hardware_interfaces[0m
[ 75%] Built target test_robot_hardware_interfaces
[35m[1mScanning dependencies of target test_joint_handle[0m
[ 79%] [32mBuilding CXX object CMakeFiles/test_joint_handle.dir/test/test_joint_handle.cpp.o[0m
[ 82%] [32m[1mLinking CXX executable test_register_actuators[0m
[ 82%] Built target test_register_actuators
[35m[1mScanning dependencies of target test_component_parser[0m
[ 86%] [32mBuilding CXX object CMakeFiles/test_component_parser.dir/test/test_component_parser.cpp.o[0m
[ 89%] [32m[1mLinking CXX executable test_joint_handle[0m
[ 93%] [32m[1mLinking CXX executable test_component_interfaces[0m
[ 96%] [32m[1mLinking CXX executable test_register_joints[0m
[ 96%] Built target test_joint_handle
[ 96%] Built target test_component_interfaces
[ 96%] Built target test_register_joints
[100%] [32m[1mLinking CXX executable test_component_parser[0m
[100%] Built target test_component_parser
-- Install configuration: ""
-- Execute custom install script
-- Symlinking: /home/ros_user/ros2_ws/install/hardware_interface/include/hardware_interface/actuator_handle.hpp
-- Symlinking: /home/ros_user/ros2_ws/install/hardware_interface/include/hardware_interface/component_info.hpp
-- Symlinking: /home/ros_user/ros2_ws/install/hardware_interface/include/hardware_interface/component_parser.hpp
-- Symlinking: /home/ros_user/ros2_ws/install/hardware_interface/include/hardware_interface/components/actuator.hpp
-- Symlinking: /home/ros_user/ros2_ws/install/hardware_interface/include/hardware_interface/components/actuator_interface.hpp
-- Symlinking: /home/ros_user/ros2_ws/install/hardware_interface/include/hardware_interface/components/sensor.hpp
-- Symlinking: /home/ros_user/ros2_ws/install/hardware_interface/include/hardware_interface/components/sensor_interface.hpp
-- Symlinking: /home/ros_user/ros2_ws/install/hardware_interface/include/hardware_interface/components/system.hpp
-- Symlinking: /home/ros_user/ros2_ws/install/hardware_interface/include/hardware_interface/components/system_interface.hpp
-- Symlinking: /home/ros_user/ros2_ws/install/hardware_interface/include/hardware_interface/control_type.hpp
-- Symlinking: /home/ros_user/ros2_ws/install/hardware_interface/include/hardware_interface/controller_info.hpp
-- Symlinking: /home/ros_user/ros2_ws/install/hardware_interface/include/hardware_interface/handle.hpp
-- Symlinking: /home/ros_user/ros2_ws/install/hardware_interface/include/hardware_interface/hardware_info.hpp
-- Symlinking: /home/ros_user/ros2_ws/install/hardware_interface/include/hardware_interface/joint_handle.hpp
-- Symlinking: /home/ros_user/ros2_ws/install/hardware_interface/include/hardware_interface/macros.hpp
-- Symlinking: /home/ros_user/ros2_ws/install/hardware_interface/include/hardware_interface/operation_mode_handle.hpp
-- Symlinking: /home/ros_user/ros2_ws/install/hardware_interface/include/hardware_interface/robot_hardware.hpp
-- Symlinking: /home/ros_user/ros2_ws/install/hardware_interface/include/hardware_interface/robot_hardware_interface.hpp
-- Symlinking: /home/ros_user/ros2_ws/install/hardware_interface/include/hardware_interface/types/hardware_interface_return_values.hpp
-- Symlinking: /home/ros_user/ros2_ws/install/hardware_interface/include/hardware_interface/types/hardware_interface_status_values.hpp
-- Symlinking: /home/ros_user/ros2_ws/install/hardware_interface/include/hardware_interface/types/hardware_interface_type_values.hpp
-- Symlinking: /home/ros_user/ros2_ws/install/hardware_interface/include/hardware_interface/visibility_control.h
-- Symlinking: /home/ros_user/ros2_ws/install/hardware_interface/lib/libcomponent_parser.a
-- Symlinking: /home/ros_user/ros2_ws/install/hardware_interface/lib/libhardware_interface.so
-- Symlinking: /home/ros_user/ros2_ws/install/hardware_interface/share/hardware_interface/environment/library_path.sh
-- Symlinking: /home/ros_user/ros2_ws/install/hardware_interface/share/hardware_interface/environment/library_path.dsv
-- Symlinking: /home/ros_user/ros2_ws/install/hardware_interface/share/ament_index/resource_index/package_run_dependencies/hardware_interface
-- Symlinking: /home/ros_user/ros2_ws/install/hardware_interface/share/ament_index/resource_index/parent_prefix_path/hardware_interface
-- Symlinking: /home/ros_user/ros2_ws/install/hardware_interface/share/hardware_interface/environment/ament_prefix_path.sh
-- Symlinking: /home/ros_user/ros2_ws/install/hardware_interface/share/hardware_interface/environment/ament_prefix_path.dsv
-- Symlinking: /home/ros_user/ros2_ws/install/hardware_interface/share/hardware_interface/environment/path.sh
-- Symlinking: /home/ros_user/ros2_ws/install/hardware_interface/share/hardware_interface/environment/path.dsv
-- Symlinking: /home/ros_user/ros2_ws/install/hardware_interface/share/hardware_interface/local_setup.bash
-- Symlinking: /home/ros_user/ros2_ws/install/hardware_interface/share/hardware_interface/local_setup.sh
-- Symlinking: /home/ros_user/ros2_ws/install/hardware_interface/share/hardware_interface/local_setup.zsh
-- Symlinking: /home/ros_user/ros2_ws/install/hardware_interface/share/hardware_interface/local_setup.dsv
-- Symlinking: /home/ros_user/ros2_ws/install/hardware_interface/share/hardware_interface/package.dsv
-- Symlinking: /home/ros_user/ros2_ws/install/hardware_interface/share/ament_index/resource_index/packages/hardware_interface
-- Symlinking: /home/ros_user/ros2_ws/install/hardware_interface/share/hardware_interface/cmake/ament_cmake_export_include_directories-extras.cmake
-- Symlinking: /home/ros_user/ros2_ws/install/hardware_interface/share/hardware_interface/cmake/ament_cmake_export_libraries-extras.cmake
-- Symlinking: /home/ros_user/ros2_ws/install/hardware_interface/share/hardware_interface/cmake/ament_cmake_export_dependencies-extras.cmake
-- Symlinking: /home/ros_user/ros2_ws/install/hardware_interface/share/hardware_interface/cmake/hardware_interfaceConfig.cmake
-- Symlinking: /home/ros_user/ros2_ws/install/hardware_interface/share/hardware_interface/cmake/hardware_interfaceConfig-version.cmake
-- Symlinking: /home/ros_user/ros2_ws/install/hardware_interface/share/hardware_interface/package.xml
