[0.027s] Invoking command in '/home/ros_user/ros2_ws/build/hardware_interface': CMAKE_PREFIX_PATH=/home/ros_user/ros2_ws/install/ros2_course:/opt/ros/foxy /usr/bin/cmake /home/ros_user/ros2_ws/src/ros2_control/hardware_interface -DCMAKE_EXPORT_COMPILE_COMMANDS=ON -DAMENT_CMAKE_SYMLINK_INSTALL=1 -DCMAKE_INSTALL_PREFIX=/home/ros_user/ros2_ws/install/hardware_interface
[0.170s] -- The C compiler identification is GNU 9.4.0
[0.263s] -- The CXX compiler identification is GNU 9.4.0
[0.271s] -- Check for working C compiler: /usr/bin/cc
[0.325s] -- Check for working C compiler: /usr/bin/cc -- works
[0.326s] -- Detecting C compiler ABI info
[0.371s] -- Detecting C compiler ABI info - done
[0.378s] -- Detecting C compile features
[0.379s] -- Detecting C compile features - done
[0.380s] -- Check for working CXX compiler: /usr/bin/c++
[0.442s] -- Check for working CXX compiler: /usr/bin/c++ -- works
[0.443s] -- Detecting CXX compiler ABI info
[0.488s] -- Detecting CXX compiler ABI info - done
[0.496s] -- Detecting CXX compile features
[0.496s] -- Detecting CXX compile features - done
[0.498s] -- Found ament_cmake: 0.9.11 (/opt/ros/foxy/share/ament_cmake/cmake)
[0.513s] -- Found PythonInterp: /usr/bin/python3 (found suitable version "3.8.10", minimum required is "3") 
[0.513s] -- Using PYTHON_EXECUTABLE: /usr/bin/python3
[0.630s] -- Override CMake install command with custom implementation using symlinks instead of copying resources
[0.647s] -- Found control_msgs: 2.5.1 (/opt/ros/foxy/share/control_msgs/cmake)
[0.667s] -- Using all available rosidl_typesupport_c: rosidl_typesupport_fastrtps_c;rosidl_typesupport_introspection_c
[0.672s] -- Found rosidl_adapter: 1.3.0 (/opt/ros/foxy/share/rosidl_adapter/cmake)
[0.715s] -- Found OpenSSL: /usr/lib/x86_64-linux-gnu/libcrypto.so (found version "1.1.1f")  
[0.734s] -- Found FastRTPS: /opt/ros/foxy/include  
[0.785s] -- Using all available rosidl_typesupport_cpp: rosidl_typesupport_fastrtps_cpp;rosidl_typesupport_introspection_cpp
[1.102s] -- Found tinyxml2_vendor: 0.7.4 (/opt/ros/foxy/share/tinyxml2_vendor/cmake)
[1.110s] -- Found TinyXML2: /usr/lib/x86_64-linux-gnu/libtinyxml2.so  
[1.113s] -- Found ament_lint_auto: 0.9.7 (/opt/ros/foxy/share/ament_lint_auto/cmake)
[1.164s] -- Found gmock sources under '/opt/ros/foxy/src/gmock_vendor': C++ tests using 'Google Mock' will be built
[1.167s] -- Found ament_cmake_gtest: 0.9.11 (/opt/ros/foxy/share/ament_cmake_gtest/cmake)
[1.167s] -- Found gtest sources under '/opt/ros/foxy/src/gtest_vendor': C++ tests using 'Google Test' will be built
[1.176s] -- Added test 'copyright' to check source files copyright and LICENSE
[1.177s] -- Added test 'cppcheck' to perform static code analysis on C / C++ code
[1.178s] -- Configured cppcheck include dirs: /home/ros_user/ros2_ws/src/ros2_control/hardware_interface/include
[1.178s] -- Configured cppcheck exclude dirs and/or files: 
[1.179s] -- Added test 'cpplint' to check C / C++ code against the Google style
[1.179s] -- Configured cpplint exclude dirs and/or files: 
[1.179s] -- Added test 'lint_cmake' to check CMake code style
[1.181s] -- Added test 'uncrustify' to check C / C++ code style
[1.181s] -- Configured uncrustify additional arguments: 
[1.181s] -- Added test 'xmllint' to check XML markup files
[1.185s] -- Configuring done
[1.208s] -- Generating done
[1.210s] -- Build files have been written to: /home/ros_user/ros2_ws/build/hardware_interface
[1.218s] Invoked command in '/home/ros_user/ros2_ws/build/hardware_interface' returned '0': CMAKE_PREFIX_PATH=/home/ros_user/ros2_ws/install/ros2_course:/opt/ros/foxy /usr/bin/cmake /home/ros_user/ros2_ws/src/ros2_control/hardware_interface -DCMAKE_EXPORT_COMPILE_COMMANDS=ON -DAMENT_CMAKE_SYMLINK_INSTALL=1 -DCMAKE_INSTALL_PREFIX=/home/ros_user/ros2_ws/install/hardware_interface
[1.218s] Invoking command in '/home/ros_user/ros2_ws/build/hardware_interface': CMAKE_PREFIX_PATH=/home/ros_user/ros2_ws/install/ros2_course:/opt/ros/foxy /usr/bin/cmake --build /home/ros_user/ros2_ws/build/hardware_interface -- -j4 -l4
[1.259s] [35m[1mScanning dependencies of target hardware_interface[0m
[1.266s] [35m[1mScanning dependencies of target gmock[0m
[1.278s] [35m[1mScanning dependencies of target gmock_main[0m
[1.290s] [35m[1mScanning dependencies of target component_parser[0m
[1.307s] [  3%] [32mBuilding CXX object gmock/CMakeFiles/gmock.dir/opt/ros/foxy/src/gtest_vendor/src/gtest-all.cc.o[0m
[1.322s] [  6%] [32mBuilding CXX object CMakeFiles/hardware_interface.dir/src/components/actuator.cpp.o[0m
[1.338s] [ 10%] [32mBuilding CXX object gmock/CMakeFiles/gmock_main.dir/src/gmock_main.cc.o[0m
[1.339s] [ 13%] [32mBuilding CXX object CMakeFiles/component_parser.dir/src/component_parser.cpp.o[0m
[1.707s] [ 17%] [32mBuilding CXX object CMakeFiles/hardware_interface.dir/src/components/sensor.cpp.o[0m
[2.182s] [ 20%] [32mBuilding CXX object CMakeFiles/hardware_interface.dir/src/components/system.cpp.o[0m
[2.191s] [ 24%] [32m[1mLinking CXX static library libcomponent_parser.a[0m
[2.261s] [ 24%] Built target component_parser
[2.281s] [ 27%] [32mBuilding CXX object CMakeFiles/hardware_interface.dir/src/operation_mode_handle.cpp.o[0m
[2.619s] [ 31%] [32mBuilding CXX object CMakeFiles/hardware_interface.dir/src/robot_hardware.cpp.o[0m
[2.781s] [ 34%] [32mBuilding CXX object gmock/CMakeFiles/gmock.dir/src/gmock-all.cc.o[0m
[2.869s] [ 37%] [32m[1mLinking CXX static library libgmock_main.a[0m
[3.011s] [ 37%] Built target gmock_main
[3.913s] [ 41%] [32m[1mLinking CXX shared library libhardware_interface.so[0m
[4.136s] [ 41%] Built target hardware_interface
[5.857s] [ 44%] [32m[1mLinking CXX static library libgmock.a[0m
[6.022s] [ 44%] Built target gmock
[6.055s] [35m[1mScanning dependencies of target test_register_actuators[0m
[6.089s] [35m[1mScanning dependencies of target test_macros[0m
[6.099s] [35m[1mScanning dependencies of target test_robot_hardware_interfaces[0m
[6.128s] [ 48%] [32mBuilding CXX object CMakeFiles/test_register_actuators.dir/test/test_register_actuators.cpp.o[0m
[6.141s] [ 51%] [32mBuilding CXX object CMakeFiles/test_macros.dir/test/test_macros.cpp.o[0m
[6.153s] [35m[1mScanning dependencies of target test_actuator_handle[0m
[6.157s] [ 55%] [32mBuilding CXX object CMakeFiles/test_robot_hardware_interfaces.dir/test/test_robot_hardware_interface.cpp.o[0m
[6.229s] [ 58%] [32mBuilding CXX object CMakeFiles/test_actuator_handle.dir/test/test_actuator_handle.cpp.o[0m
[8.111s] [ 62%] [32m[1mLinking CXX executable test_macros[0m
[8.285s] [ 65%] [32m[1mLinking CXX executable test_actuator_handle[0m
[8.405s] [ 65%] Built target test_macros
[8.466s] [35m[1mScanning dependencies of target test_component_interfaces[0m
[8.530s] [ 65%] Built target test_actuator_handle
[8.533s] [ 68%] [32mBuilding CXX object CMakeFiles/test_component_interfaces.dir/test/test_component_interfaces.cpp.o[0m
[8.595s] [35m[1mScanning dependencies of target test_register_joints[0m
[8.654s] [ 72%] [32mBuilding CXX object CMakeFiles/test_register_joints.dir/test/test_register_joints.cpp.o[0m
[8.714s] [ 75%] [32m[1mLinking CXX executable test_robot_hardware_interfaces[0m
[9.018s] [ 75%] Built target test_robot_hardware_interfaces
[9.058s] [35m[1mScanning dependencies of target test_joint_handle[0m
[9.118s] [ 79%] [32mBuilding CXX object CMakeFiles/test_joint_handle.dir/test/test_joint_handle.cpp.o[0m
[9.722s] [ 82%] [32m[1mLinking CXX executable test_register_actuators[0m
[10.155s] [ 82%] Built target test_register_actuators
[10.234s] [35m[1mScanning dependencies of target test_component_parser[0m
[10.314s] [ 86%] [32mBuilding CXX object CMakeFiles/test_component_parser.dir/test/test_component_parser.cpp.o[0m
[11.237s] [ 89%] [32m[1mLinking CXX executable test_joint_handle[0m
[11.267s] [ 93%] [32m[1mLinking CXX executable test_component_interfaces[0m
[11.413s] [ 96%] [32m[1mLinking CXX executable test_register_joints[0m
[11.505s] [ 96%] Built target test_joint_handle
[11.543s] [ 96%] Built target test_component_interfaces
[11.618s] [ 96%] Built target test_register_joints
[12.829s] [100%] [32m[1mLinking CXX executable test_component_parser[0m
[13.062s] [100%] Built target test_component_parser
[13.084s] Invoked command in '/home/ros_user/ros2_ws/build/hardware_interface' returned '0': CMAKE_PREFIX_PATH=/home/ros_user/ros2_ws/install/ros2_course:/opt/ros/foxy /usr/bin/cmake --build /home/ros_user/ros2_ws/build/hardware_interface -- -j4 -l4
[13.148s] Invoking command in '/home/ros_user/ros2_ws/build/hardware_interface': CMAKE_PREFIX_PATH=/home/ros_user/ros2_ws/install/ros2_course:/opt/ros/foxy /usr/bin/cmake --install /home/ros_user/ros2_ws/build/hardware_interface
[13.166s] -- Install configuration: ""
[13.166s] -- Execute custom install script
[13.166s] -- Symlinking: /home/ros_user/ros2_ws/install/hardware_interface/include/hardware_interface/actuator_handle.hpp
[13.182s] -- Symlinking: /home/ros_user/ros2_ws/install/hardware_interface/include/hardware_interface/component_info.hpp
[13.198s] -- Symlinking: /home/ros_user/ros2_ws/install/hardware_interface/include/hardware_interface/component_parser.hpp
[13.218s] -- Symlinking: /home/ros_user/ros2_ws/install/hardware_interface/include/hardware_interface/components/actuator.hpp
[13.234s] -- Symlinking: /home/ros_user/ros2_ws/install/hardware_interface/include/hardware_interface/components/actuator_interface.hpp
[13.248s] -- Symlinking: /home/ros_user/ros2_ws/install/hardware_interface/include/hardware_interface/components/sensor.hpp
[13.262s] -- Symlinking: /home/ros_user/ros2_ws/install/hardware_interface/include/hardware_interface/components/sensor_interface.hpp
[13.279s] -- Symlinking: /home/ros_user/ros2_ws/install/hardware_interface/include/hardware_interface/components/system.hpp
[13.294s] -- Symlinking: /home/ros_user/ros2_ws/install/hardware_interface/include/hardware_interface/components/system_interface.hpp
[13.300s] -- Symlinking: /home/ros_user/ros2_ws/install/hardware_interface/include/hardware_interface/control_type.hpp
[13.312s] -- Symlinking: /home/ros_user/ros2_ws/install/hardware_interface/include/hardware_interface/controller_info.hpp
[13.324s] -- Symlinking: /home/ros_user/ros2_ws/install/hardware_interface/include/hardware_interface/handle.hpp
[13.335s] -- Symlinking: /home/ros_user/ros2_ws/install/hardware_interface/include/hardware_interface/hardware_info.hpp
[13.347s] -- Symlinking: /home/ros_user/ros2_ws/install/hardware_interface/include/hardware_interface/joint_handle.hpp
[13.357s] -- Symlinking: /home/ros_user/ros2_ws/install/hardware_interface/include/hardware_interface/macros.hpp
[13.371s] -- Symlinking: /home/ros_user/ros2_ws/install/hardware_interface/include/hardware_interface/operation_mode_handle.hpp
[13.393s] -- Symlinking: /home/ros_user/ros2_ws/install/hardware_interface/include/hardware_interface/robot_hardware.hpp
[13.410s] -- Symlinking: /home/ros_user/ros2_ws/install/hardware_interface/include/hardware_interface/robot_hardware_interface.hpp
[13.421s] -- Symlinking: /home/ros_user/ros2_ws/install/hardware_interface/include/hardware_interface/types/hardware_interface_return_values.hpp
[13.445s] -- Symlinking: /home/ros_user/ros2_ws/install/hardware_interface/include/hardware_interface/types/hardware_interface_status_values.hpp
[13.468s] -- Symlinking: /home/ros_user/ros2_ws/install/hardware_interface/include/hardware_interface/types/hardware_interface_type_values.hpp
[13.485s] -- Symlinking: /home/ros_user/ros2_ws/install/hardware_interface/include/hardware_interface/visibility_control.h
[13.498s] -- Symlinking: /home/ros_user/ros2_ws/install/hardware_interface/lib/libcomponent_parser.a
[13.508s] -- Symlinking: /home/ros_user/ros2_ws/install/hardware_interface/lib/libhardware_interface.so
[13.514s] -- Symlinking: /home/ros_user/ros2_ws/install/hardware_interface/share/hardware_interface/environment/library_path.sh
[13.529s] -- Symlinking: /home/ros_user/ros2_ws/install/hardware_interface/share/hardware_interface/environment/library_path.dsv
[13.548s] -- Symlinking: /home/ros_user/ros2_ws/install/hardware_interface/share/ament_index/resource_index/package_run_dependencies/hardware_interface
[13.564s] -- Symlinking: /home/ros_user/ros2_ws/install/hardware_interface/share/ament_index/resource_index/parent_prefix_path/hardware_interface
[13.594s] -- Symlinking: /home/ros_user/ros2_ws/install/hardware_interface/share/hardware_interface/environment/ament_prefix_path.sh
[13.628s] -- Symlinking: /home/ros_user/ros2_ws/install/hardware_interface/share/hardware_interface/environment/ament_prefix_path.dsv
[13.651s] -- Symlinking: /home/ros_user/ros2_ws/install/hardware_interface/share/hardware_interface/environment/path.sh
[13.666s] -- Symlinking: /home/ros_user/ros2_ws/install/hardware_interface/share/hardware_interface/environment/path.dsv
[13.686s] -- Symlinking: /home/ros_user/ros2_ws/install/hardware_interface/share/hardware_interface/local_setup.bash
[13.723s] -- Symlinking: /home/ros_user/ros2_ws/install/hardware_interface/share/hardware_interface/local_setup.sh
[13.740s] -- Symlinking: /home/ros_user/ros2_ws/install/hardware_interface/share/hardware_interface/local_setup.zsh
[13.763s] -- Symlinking: /home/ros_user/ros2_ws/install/hardware_interface/share/hardware_interface/local_setup.dsv
[13.783s] -- Symlinking: /home/ros_user/ros2_ws/install/hardware_interface/share/hardware_interface/package.dsv
[13.805s] -- Symlinking: /home/ros_user/ros2_ws/install/hardware_interface/share/ament_index/resource_index/packages/hardware_interface
[13.810s] -- Symlinking: /home/ros_user/ros2_ws/install/hardware_interface/share/hardware_interface/cmake/ament_cmake_export_include_directories-extras.cmake
[13.815s] -- Symlinking: /home/ros_user/ros2_ws/install/hardware_interface/share/hardware_interface/cmake/ament_cmake_export_libraries-extras.cmake
[13.820s] -- Symlinking: /home/ros_user/ros2_ws/install/hardware_interface/share/hardware_interface/cmake/ament_cmake_export_dependencies-extras.cmake
[13.825s] -- Symlinking: /home/ros_user/ros2_ws/install/hardware_interface/share/hardware_interface/cmake/hardware_interfaceConfig.cmake
[13.831s] -- Symlinking: /home/ros_user/ros2_ws/install/hardware_interface/share/hardware_interface/cmake/hardware_interfaceConfig-version.cmake
[13.835s] -- Symlinking: /home/ros_user/ros2_ws/install/hardware_interface/share/hardware_interface/package.xml
[13.842s] Invoked command in '/home/ros_user/ros2_ws/build/hardware_interface' returned '0': CMAKE_PREFIX_PATH=/home/ros_user/ros2_ws/install/ros2_course:/opt/ros/foxy /usr/bin/cmake --install /home/ros_user/ros2_ws/build/hardware_interface
